<?xml version="1.0" encoding="UTF-8"?>
<testsuite name="TestSuite" time="14.605" tests="46" errors="0" skipped="45" failures="1">
  <properties>
    <property name="java.runtime.name" value="Java(TM) SE Runtime Environment"/>
    <property name="sun.boot.library.path" value="C:\Program Files\Java\jdk1.8.0_40\jre\bin"/>
    <property name="java.vm.version" value="25.40-b25"/>
    <property name="java.vm.vendor" value="Oracle Corporation"/>
    <property name="maven.multiModuleProjectDirectory" value="D:\Recovery_Auto_Workspace\Recovery_Automation"/>
    <property name="java.vendor.url" value="http://java.oracle.com/"/>
    <property name="path.separator" value=";"/>
    <property name="guice.disable.misplaced.annotation.check" value="true"/>
    <property name="java.vm.name" value="Java HotSpot(TM) 64-Bit Server VM"/>
    <property name="file.encoding.pkg" value="sun.io"/>
    <property name="user.script" value=""/>
    <property name="user.country" value="IN"/>
    <property name="sun.java.launcher" value="SUN_STANDARD"/>
    <property name="sun.os.patch.level" value="Service Pack 1"/>
    <property name="java.vm.specification.name" value="Java Virtual Machine Specification"/>
    <property name="user.dir" value="D:\Recovery_Auto_Workspace\Recovery_Automation"/>
    <property name="java.runtime.version" value="1.8.0_40-b26"/>
    <property name="java.awt.graphicsenv" value="sun.awt.Win32GraphicsEnvironment"/>
    <property name="java.endorsed.dirs" value="C:\Program Files\Java\jdk1.8.0_40\jre\lib\endorsed"/>
    <property name="os.arch" value="amd64"/>
    <property name="java.io.tmpdir" value="C:\Users\TALLUR~1.SRI\AppData\Local\Temp\"/>
    <property name="line.separator" value="&#10;"/>
    <property name="java.vm.specification.vendor" value="Oracle Corporation"/>
    <property name="user.variant" value=""/>
    <property name="os.name" value="Windows 7"/>
    <property name="classworlds.conf" value="D:\Recovery_Auto_Workspace\.metadata\.plugins\org.eclipse.m2e.launching\launches\m2conf4927806896922257619.tmp"/>
    <property name="sun.jnu.encoding" value="Cp1252"/>
    <property name="java.library.path" value="C:\Program Files\Java\jdk1.8.0_40\bin;C:\Windows\Sun\Java\bin;C:\Windows\system32;C:\Windows;C:/Program Files/Java/jdk1.8.0_40/bin/../jre/bin/server;C:/Program Files/Java/jdk1.8.0_40/bin/../jre/bin;C:/Program Files/Java/jdk1.8.0_40/bin/../jre/lib/amd64;C:\Program Files\Java\jdk1.8.0_40\bin;C:\Program Files\Java\jdk1.8.0_40\jre\bin;C:\ProgramData\Oracle\Java\javapath;C:\Program Files (x86)\Intel\iCLS Client\;C:\Program Files\Intel\iCLS Client\;C:\Windows\system32;C:\Windows;C:\Windows\System32\Wbem;C:\Windows\System32\WindowsPowerShell\v1.0\;C:\Program Files\Intel\WiFi\bin\;C:\Program Files\Common Files\Intel\WirelessCommon\;C:\Program Files\Intel\Intel(R) Management Engine Components\DAL;C:\Program Files (x86)\Intel\Intel(R) Management Engine Components\DAL;C:\Program Files\Intel\Intel(R) Management Engine Components\IPT;C:\Program Files (x86)\Intel\Intel(R) Management Engine Components\IPT;C:\Program Files\TortoiseSVN\bin;D:\Softwares\maven\apache-maven-3.0.4-bin\apache-maven-3.0.4\bin;C:\Program Files (x86)\Skype\Phone\;D:\Selenium_Softwares\eclipse-mars\eclipse-java-mars-R-win32-x86_64;;."/>
    <property name="java.specification.name" value="Java Platform API Specification"/>
    <property name="java.class.version" value="52.0"/>
    <property name="sun.management.compiler" value="HotSpot 64-Bit Tiered Compilers"/>
    <property name="os.version" value="6.1"/>
    <property name="user.home" value="C:\Users\tallury.srikanth"/>
    <property name="user.timezone" value="Asia/Calcutta"/>
    <property name="java.awt.printerjob" value="sun.awt.windows.WPrinterJob"/>
    <property name="java.specification.version" value="1.8"/>
    <property name="file.encoding" value="Cp1252"/>
    <property name="user.name" value="tallury.srikanth"/>
    <property name="java.class.path" value="/D:/Selenium_Softwares/eclipse-mars/eclipse-java-mars-R-win32-x86_64/plugins/org.eclipse.m2e.maven.runtime_1.6.2.20150902-0001/jars/plexus-classworlds-2.5.2.jar"/>
    <property name="java.vm.specification.version" value="1.8"/>
    <property name="sun.arch.data.model" value="64"/>
    <property name="java.home" value="C:\Program Files\Java\jdk1.8.0_40\jre"/>
    <property name="sun.java.command" value="org.codehaus.plexus.classworlds.launcher.Launcher -B test"/>
    <property name="java.specification.vendor" value="Oracle Corporation"/>
    <property name="user.language" value="en"/>
    <property name="awt.toolkit" value="sun.awt.windows.WToolkit"/>
    <property name="java.vm.info" value="mixed mode"/>
    <property name="java.version" value="1.8.0_40"/>
    <property name="java.ext.dirs" value="C:\Program Files\Java\jdk1.8.0_40\jre\lib\ext;C:\Windows\Sun\Java\lib\ext"/>
    <property name="sun.boot.class.path" value="C:\Program Files\Java\jdk1.8.0_40\jre\lib\resources.jar;C:\Program Files\Java\jdk1.8.0_40\jre\lib\rt.jar;C:\Program Files\Java\jdk1.8.0_40\jre\lib\sunrsasign.jar;C:\Program Files\Java\jdk1.8.0_40\jre\lib\jsse.jar;C:\Program Files\Java\jdk1.8.0_40\jre\lib\jce.jar;C:\Program Files\Java\jdk1.8.0_40\jre\lib\charsets.jar;C:\Program Files\Java\jdk1.8.0_40\jre\lib\jfr.jar;C:\Program Files\Java\jdk1.8.0_40\jre\classes"/>
    <property name="java.vendor" value="Oracle Corporation"/>
    <property name="maven.home" value="D:\Recovery_Auto_Workspace\Recovery_Automation\EMBEDDED"/>
    <property name="file.separator" value="\"/>
    <property name="java.vendor.url.bug" value="http://bugreport.sun.com/bugreport/"/>
    <property name="sun.cpu.endian" value="little"/>
    <property name="sun.io.unicode.encoding" value="UnicodeLittle"/>
    <property name="sun.desktop" value="windows"/>
    <property name="sun.cpu.isalist" value="amd64"/>
  </properties>
  <testcase name="preCondition" classname="lavante.recovery.testsuites.SanityTestSuite" time="14.605">
    <failure message="Error communicating with the remote browser. It may have died.&#10;Build info: version: &apos;2.52.0&apos;, revision: &apos;4c2593cfc3689a7fcd7be52549167e5ccc93ad28&apos;, time: &apos;2016-02-11 11:22:43&apos;&#10;System info: host: &apos;WLW7-TALLURYS&apos;, ip: &apos;192.168.21.55&apos;, os.name: &apos;Windows 7&apos;, os.arch: &apos;amd64&apos;, os.version: &apos;6.1&apos;, java.version: &apos;1.8.0_40&apos;&#10;Driver info: driver.version: RemoteWebDriver&#10;Capabilities [{applicationCacheEnabled=true, rotatable=false, handlesAlerts=true, databaseEnabled=true, version=43.0.1, platform=WINDOWS, nativeEvents=false, acceptSslCerts=true, webStorageEnabled=true, locationContextEnabled=true, browserName=firefox, takesScreenshot=true, javascriptEnabled=true, cssSelectorsEnabled=true}]&#10;Session ID: 791814b1-c70c-413d-8eb5-02587b77743c" type="org.openqa.selenium.remote.UnreachableBrowserException">org.openqa.selenium.remote.UnreachableBrowserException: Error communicating with the remote browser. It may have died.
Build info: version: '2.52.0', revision: '4c2593cfc3689a7fcd7be52549167e5ccc93ad28', time: '2016-02-11 11:22:43'
System info: host: 'WLW7-TALLURYS', ip: '192.168.21.55', os.name: 'Windows 7', os.arch: 'amd64', os.version: '6.1', java.version: '1.8.0_40'
Driver info: driver.version: RemoteWebDriver
Capabilities [{applicationCacheEnabled=true, rotatable=false, handlesAlerts=true, databaseEnabled=true, version=43.0.1, platform=WINDOWS, nativeEvents=false, acceptSslCerts=true, webStorageEnabled=true, locationContextEnabled=true, browserName=firefox, takesScreenshot=true, javascriptEnabled=true, cssSelectorsEnabled=true}]
Session ID: 791814b1-c70c-413d-8eb5-02587b77743c
	at java.net.DualStackPlainSocketImpl.waitForConnect(Native Method)
	at java.net.DualStackPlainSocketImpl.socketConnect(DualStackPlainSocketImpl.java:85)
	at java.net.AbstractPlainSocketImpl.doConnect(AbstractPlainSocketImpl.java:345)
	at java.net.AbstractPlainSocketImpl.connectToAddress(AbstractPlainSocketImpl.java:206)
	at java.net.AbstractPlainSocketImpl.connect(AbstractPlainSocketImpl.java:188)
	at java.net.PlainSocketImpl.connect(PlainSocketImpl.java:172)
	at java.net.SocksSocketImpl.connect(SocksSocketImpl.java:392)
	at java.net.Socket.connect(Socket.java:589)
	at org.apache.http.conn.socket.PlainConnectionSocketFactory.connectSocket(PlainConnectionSocketFactory.java:74)
	at org.apache.http.impl.conn.DefaultHttpClientConnectionOperator.connect(DefaultHttpClientConnectionOperator.java:134)
	at org.apache.http.impl.conn.PoolingHttpClientConnectionManager.connect(PoolingHttpClientConnectionManager.java:353)
	at org.apache.http.impl.execchain.MainClientExec.establishRoute(MainClientExec.java:380)
	at org.apache.http.impl.execchain.MainClientExec.execute(MainClientExec.java:236)
	at org.apache.http.impl.execchain.ProtocolExec.execute(ProtocolExec.java:184)
	at org.apache.http.impl.execchain.RetryExec.execute(RetryExec.java:88)
	at org.apache.http.impl.execchain.RedirectExec.execute(RedirectExec.java:110)
	at org.apache.http.impl.client.InternalHttpClient.doExecute(InternalHttpClient.java:184)
	at org.apache.http.impl.client.CloseableHttpClient.execute(CloseableHttpClient.java:71)
	at org.apache.http.impl.client.CloseableHttpClient.execute(CloseableHttpClient.java:55)
	at org.openqa.selenium.remote.internal.ApacheHttpClient.fallBackExecute(ApacheHttpClient.java:144)
	at org.openqa.selenium.remote.internal.ApacheHttpClient.execute(ApacheHttpClient.java:90)
	at org.openqa.selenium.remote.HttpCommandExecutor.execute(HttpCommandExecutor.java:142)
	at org.openqa.selenium.firefox.internal.NewProfileExtensionConnection.execute(NewProfileExtensionConnection.java:160)
	at org.openqa.selenium.firefox.FirefoxDriver$LazyCommandExecutor.execute(FirefoxDriver.java:380)
	at org.openqa.selenium.remote.RemoteWebDriver.execute(RemoteWebDriver.java:644)
	at org.openqa.selenium.remote.RemoteWebDriver.execute(RemoteWebDriver.java:701)
	at org.openqa.selenium.remote.RemoteWebDriver.getCurrentUrl(RemoteWebDriver.java:326)
	at lavante.recovery.utilities.seleniumBaseClass.getCurrentURL(seleniumBaseClass.java:461)
	at lavante.recovery.utilities.seleniumBaseClass.getHttpResponse(seleniumBaseClass.java:468)
	at lavante.recovery.utilities.seleniumBaseClass.click(seleniumBaseClass.java:220)
	at lavante.recovery.pageobjects.LoginPage.clickLoginButton(LoginPage.java:29)
	at lavante.recovery.testsuites.SanityTestSuite.preCondition(SanityTestSuite.java:43)
</failure>
    <system-out><![CDATA[Pass: Confiig filejava.io.FileInputStream@5034c75afound
Pass: Browser is launched successfully
Pass: Application is launched successfully.
Pass: Confiig filejava.io.FileInputStream@49f59a29found
Pass: Confiig filejava.io.FileInputStream@4039ec39found
Pass: Confiig filejava.io.FileInputStream@559ebd67found
Pass: Confiig filejava.io.FileInputStream@7b01bb72found
Pass: Confiig filejava.io.FileInputStream@438b8d1efound
Pass: Confiig filejava.io.FileInputStream@78c20b2dfound
Pass: Confiig filejava.io.FileInputStream@69745570found
Pass: Confiig filejava.io.FileInputStream@12671dbafound
Pass: Confiig filejava.io.FileInputStream@7bd94d77found
Pass: Confiig filejava.io.FileInputStream@c650adffound
Pass: Confiig filejava.io.FileInputStream@67ff1cccfound
Pass: Confiig filejava.io.FileInputStream@4fea1bd8found
Pass: Confiig filejava.io.FileInputStream@6428c1b8found
Pass: Confiig filejava.io.FileInputStream@7ec7f88efound
Pass: Confiig filejava.io.FileInputStream@52bb6b56found
Pass: Confiig filejava.io.FileInputStream@1249cacdfound
Pass: Confiig filejava.io.FileInputStream@900d07dfound
Pass: Confiig filejava.io.FileInputStream@5c9ca198found
Pass: Confiig filejava.io.FileInputStream@14e82fcdfound
Pass: Confiig filejava.io.FileInputStream@5501853cfound
Pass: Confiig filejava.io.FileInputStream@3fa6bf89found
Pass: Confiig filejava.io.FileInputStream@491aec80found
Pass: Confiig filejava.io.FileInputStream@2742d8dfound
Pass: Confiig filejava.io.FileInputStream@512c4001found
Pass: Confiig filejava.io.FileInputStream@5e900a87found
Pass: Confiig filejava.io.FileInputStream@44b68016found
Pass: Confiig filejava.io.FileInputStream@3de796b8found
Pass: Confiig filejava.io.FileInputStream@75655196found
Pass: Confiig filejava.io.FileInputStream@7ca02674found
Pass: Confiig filejava.io.FileInputStream@3816c110found
Pass: Confiig filejava.io.FileInputStream@21865f44found
Pass: Confiig filejava.io.FileInputStream@4efbdd66found
Pass: Confiig filejava.io.FileInputStream@43eb2530found
Pass: Confiig filejava.io.FileInputStream@4fcdbbdffound
Pass: Confiig filejava.io.FileInputStream@2480c297found
Pass: Confiig filejava.io.FileInputStream@332411b1found
Pass: Confiig filejava.io.FileInputStream@6aa7c419found
Pass: Confiig filejava.io.FileInputStream@422b55e3found
Pass: Confiig filejava.io.FileInputStream@57375b2afound
Pass: Confiig filejava.io.FileInputStream@151f408cfound
Pass: Confiig filejava.io.FileInputStream@5d5f0f0efound
Info: ------------Test ' loginWithValidCredentials ' Started------------
FirefoxDriver: firefox on WINDOWS (791814b1-c70c-413d-8eb5-02587b77743c)adminuser1[[FirefoxDriver: firefox on WINDOWS (791814b1-c70c-413d-8eb5-02587b77743c)] -> id: username]userName_txtField
Pass: 'adminuser1' is entered in userName_txtField
FirefoxDriver: firefox on WINDOWS (791814b1-c70c-413d-8eb5-02587b77743c)lavante@123[[FirefoxDriver: firefox on WINDOWS (791814b1-c70c-413d-8eb5-02587b77743c)] -> id: password]password_TextField
Pass: 'lavante@123' is entered in password_TextField
]]></system-out>
  </testcase>
  <testcase name="verifyDashBoardLink" classname="lavante.recovery.testsuites.SanityTestSuite" time="0">
    <skipped/>
  </testcase>
  <testcase name="verifyAuditLink" classname="lavante.recovery.testsuites.SanityTestSuite" time="0">
    <skipped/>
  </testcase>
  <testcase name="verifyClaimsPage" classname="lavante.recovery.testsuites.SanityTestSuite" time="0">
    <skipped/>
  </testcase>
  <testcase name="verifyInvoicesPage" classname="lavante.recovery.testsuites.SanityTestSuite" time="0">
    <skipped/>
  </testcase>
  <testcase name="verifyConfigTab" classname="lavante.recovery.testsuites.SanityTestSuite" time="0">
    <skipped/>
  </testcase>
  <testcase name="verifyAssignmentsPage" classname="lavante.recovery.testsuites.SanityTestSuite" time="0">
    <skipped/>
  </testcase>
  <testcase name="verifyDashBoardClaims" classname="lavante.recovery.testsuites.SanityTestSuite" time="0">
    <skipped/>
  </testcase>
  <testcase name="verifyDashBoardSupplier" classname="lavante.recovery.testsuites.SanityTestSuite" time="0">
    <skipped/>
  </testcase>
  <testcase name="verifyDashBoardCompliance" classname="lavante.recovery.testsuites.SanityTestSuite" time="0">
    <skipped/>
  </testcase>
  <testcase name="verifyauditOutboundPage" classname="lavante.recovery.testsuites.SanityTestSuite" time="0">
    <skipped/>
  </testcase>
  <testcase name="verifyauditInboundPage" classname="lavante.recovery.testsuites.SanityTestSuite" time="0">
    <skipped/>
  </testcase>
  <testcase name="verifycontactEntryPage" classname="lavante.recovery.testsuites.SanityTestSuite" time="0">
    <skipped/>
  </testcase>
  <testcase name="verifyBatchingPage" classname="lavante.recovery.testsuites.SanityTestSuite" time="0">
    <skipped/>
  </testcase>
  <testcase name="verifyInvoicePage" classname="lavante.recovery.testsuites.SanityTestSuite" time="0">
    <skipped/>
  </testcase>
  <testcase name="verifyPossibleDupesPage" classname="lavante.recovery.testsuites.SanityTestSuite" time="0">
    <skipped/>
  </testcase>
  <testcase name="verifySummaryPage" classname="lavante.recovery.testsuites.SanityTestSuite" time="0">
    <skipped/>
  </testcase>
  <testcase name="verifyCheckRegistryPage" classname="lavante.recovery.testsuites.SanityTestSuite" time="0">
    <skipped/>
  </testcase>
  <testcase name="verifySetupPage" classname="lavante.recovery.testsuites.SanityTestSuite" time="0">
    <skipped/>
  </testcase>
  <testcase name="verifyFaxJobsPage" classname="lavante.recovery.testsuites.SanityTestSuite" time="0">
    <skipped/>
  </testcase>
  <testcase name="verifyAccountPage" classname="lavante.recovery.testsuites.SanityTestSuite" time="0">
    <skipped/>
  </testcase>
  <testcase name="verifyFinancePage" classname="lavante.recovery.testsuites.SanityTestSuite" time="0">
    <skipped/>
  </testcase>
  <testcase name="verifyUploadsPage" classname="lavante.recovery.testsuites.SanityTestSuite" time="0">
    <skipped/>
  </testcase>
  <testcase name="verifyOthersPage" classname="lavante.recovery.testsuites.SanityTestSuite" time="0">
    <skipped/>
  </testcase>
  <testcase name="verifyMailerRegistryPage" classname="lavante.recovery.testsuites.SanityTestSuite" time="0">
    <skipped/>
  </testcase>
  <testcase name="verifyauditStatisticsAssignmentsPage" classname="lavante.recovery.testsuites.SanityTestSuite" time="0">
    <skipped/>
  </testcase>
  <testcase name="verifyHoldsAssignmentsPage" classname="lavante.recovery.testsuites.SanityTestSuite" time="0">
    <skipped/>
  </testcase>
  <testcase name="verifyCreditsAssignmentsPage" classname="lavante.recovery.testsuites.SanityTestSuite" time="0">
    <skipped/>
  </testcase>
  <testcase name="verifyStatementsAssignmentsPage" classname="lavante.recovery.testsuites.SanityTestSuite" time="0">
    <skipped/>
  </testcase>
  <testcase name="verifySetupAuditPage" classname="lavante.recovery.testsuites.SanityTestSuite" time="0">
    <skipped/>
  </testcase>
  <testcase name="verifySetupClientPage" classname="lavante.recovery.testsuites.SanityTestSuite" time="0">
    <skipped/>
  </testcase>
  <testcase name="verifySetupBUPage" classname="lavante.recovery.testsuites.SanityTestSuite" time="0">
    <skipped/>
  </testcase>
  <testcase name="verifySetupPreferencesPage" classname="lavante.recovery.testsuites.SanityTestSuite" time="0">
    <skipped/>
  </testcase>
  <testcase name="verifySetupReqLetterPage" classname="lavante.recovery.testsuites.SanityTestSuite" time="0">
    <skipped/>
  </testcase>
  <testcase name="verifySetupManageCurrencyPage" classname="lavante.recovery.testsuites.SanityTestSuite" time="0">
    <skipped/>
  </testcase>
  <testcase name="verifyBackGroundJobsPage" classname="lavante.recovery.testsuites.SanityTestSuite" time="0">
    <skipped/>
  </testcase>
  <testcase name="verifyAccountUsersPage" classname="lavante.recovery.testsuites.SanityTestSuite" time="0">
    <skipped/>
  </testcase>
  <testcase name="verifyAccountUserGroupsPage" classname="lavante.recovery.testsuites.SanityTestSuite" time="0">
    <skipped/>
  </testcase>
  <testcase name="verifyAccountAuditGroupsPage" classname="lavante.recovery.testsuites.SanityTestSuite" time="0">
    <skipped/>
  </testcase>
  <testcase name="verifyAccountNotificationPage" classname="lavante.recovery.testsuites.SanityTestSuite" time="0">
    <skipped/>
  </testcase>
  <testcase name="verifyFinInvoicesPage" classname="lavante.recovery.testsuites.SanityTestSuite" time="0">
    <skipped/>
  </testcase>
  <testcase name="verifyFinContractDetailsPage" classname="lavante.recovery.testsuites.SanityTestSuite" time="0">
    <skipped/>
  </testcase>
  <testcase name="verifyOthersFaxCommentsPage" classname="lavante.recovery.testsuites.SanityTestSuite" time="0">
    <skipped/>
  </testcase>
  <testcase name="verifyCreditrejectionPage" classname="lavante.recovery.testsuites.SanityTestSuite" time="0">
    <skipped/>
  </testcase>
  <testcase name="verifyPhoneExtensionPage" classname="lavante.recovery.testsuites.SanityTestSuite" time="0">
    <skipped/>
  </testcase>
  <testcase name="clean" classname="lavante.recovery.testsuites.SanityTestSuite" time="0">
    <skipped/>
  </testcase>
</testsuite>