<?xml version="1.0" encoding="utf-8" ?>
<!DOCTYPE html PUBLIC "-//W3C//DTD XHTML 1.0 Strict//EN"
        "http://www.w3.org/TR/xhtml1/DTD/xhtml1-strict.dtd">
<html xmlns="http://www.w3.org/1999/xhtml" xml:lang="" lang="">
<head>
  <title>Test Results Report - Lavante - Recovery - Running on Firefox v44</title>
  <meta http-equiv="Content-Type" content="text/html;charset=utf-8" />
  <meta name="description" content="TestNG unit test results." />
  <link href="reportng.css" rel="stylesheet" type="text/css" />
    <script type="text/javascript" src="reportng.js"></script>
</head>
<body>
<h1>Lavante - Recovery - Running on Firefox v44</h1>
<p>
  Test duration: 501.697s
</p>



  <table class="resultsTable">
    <tr><th colspan="3" class="header failed">Failed Tests</th></tr>
          <tr>
        <td colspan="3" class="group">lavante.recovery.testsuites.SanityTestSuite</td>
      </tr>
            
<tr>
  <td class="method">
                  verifyAccountPage
      </td>
  <td class="duration">
    14.804s
  </td>
  <td class="result">
        
    
            <div class="testOutput">
                        Pass: https://recoveryqa39.lavante.com/recovery/holdAssignments.lvp Page is working fine
                                Fail: 'accountLink' is not displayed
                                To View Screenshot <a href="file:///D:\Recovery_Auto_Workspace\Recovery_Automation/TestResults/Screenshots/2016_29_Jun_14_26_36.png">Click Here</a>
                  </div>
    

        <a href="javascript:toggleElement('exception-0', 'block')" title="Click to expand/collapse"><b>java.lang.AssertionError: Fail: &apos;accountLink&apos; is not displayed</b></a><br />
    <div class="stackTrace" id="exception-0">
              org.testng.Assert.fail(Assert.java:94)<br />
              lavante.recovery.utilities.Report.fail(Report.java:23)<br />
              lavante.recovery.utilities.seleniumBaseClass.click(seleniumBaseClass.java:221)<br />
              lavante.recovery.pageobjects.Configuration.Account.UsersPage.verifyAccountLink(UsersPage.java:19)<br />
              lavante.recovery.testsuites.SanityTestSuite.verifyAccountPage(SanityTestSuite.java:503)<br />
              sun.reflect.NativeMethodAccessorImpl.invoke0(Native Method)<br />
              sun.reflect.NativeMethodAccessorImpl.invoke(NativeMethodAccessorImpl.java:62)<br />
              sun.reflect.DelegatingMethodAccessorImpl.invoke(DelegatingMethodAccessorImpl.java:43)<br />
              java.lang.reflect.Method.invoke(Method.java:497)<br />
              org.testng.internal.MethodInvocationHelper.invokeMethod(MethodInvocationHelper.java:84)<br />
              org.testng.internal.Invoker.invokeMethod(Invoker.java:714)<br />
              org.testng.internal.Invoker.invokeTestMethod(Invoker.java:901)<br />
              org.testng.internal.Invoker.invokeTestMethods(Invoker.java:1231)<br />
              org.testng.internal.TestMethodWorker.invokeTestMethods(TestMethodWorker.java:127)<br />
              org.testng.internal.TestMethodWorker.run(TestMethodWorker.java:111)<br />
              org.testng.TestRunner.privateRun(TestRunner.java:767)<br />
              org.testng.TestRunner.run(TestRunner.java:617)<br />
              org.testng.SuiteRunner.runTest(SuiteRunner.java:348)<br />
              org.testng.SuiteRunner.access$000(SuiteRunner.java:38)<br />
              org.testng.SuiteRunner$SuiteWorker.run(SuiteRunner.java:382)<br />
              org.testng.internal.thread.ThreadUtil$2.call(ThreadUtil.java:64)<br />
              java.util.concurrent.FutureTask.run(FutureTask.java:266)<br />
              java.util.concurrent.ThreadPoolExecutor.runWorker(ThreadPoolExecutor.java:1142)<br />
              java.util.concurrent.ThreadPoolExecutor$Worker.run(ThreadPoolExecutor.java:617)<br />
              java.lang.Thread.run(Thread.java:745)<br />
                </div>
      </td>
</tr>
<tr>
  <td class="method">
                  verifyBatchingPage
      </td>
  <td class="duration">
    16.832s
  </td>
  <td class="result">
        
    
            <div class="testOutput">
                        Pass: https://recoveryqa39.lavante.com/recovery/holdAssignments.lvp Page is working fine
                                Fail: 'batchingLink' is not displayed
                                To View Screenshot <a href="file:///D:\Recovery_Auto_Workspace\Recovery_Automation/TestResults/Screenshots/2016_29_Jun_14_24_45.png">Click Here</a>
                  </div>
    

        <a href="javascript:toggleElement('exception-1', 'block')" title="Click to expand/collapse"><b>java.lang.AssertionError: Fail: &apos;batchingLink&apos; is not displayed</b></a><br />
    <div class="stackTrace" id="exception-1">
              org.testng.Assert.fail(Assert.java:94)<br />
              lavante.recovery.utilities.Report.fail(Report.java:23)<br />
              lavante.recovery.utilities.seleniumBaseClass.click(seleniumBaseClass.java:221)<br />
              lavante.recovery.pageobjects.Audit.AuditBatchingPage.verifybatchingLink(AuditBatchingPage.java:21)<br />
              lavante.recovery.testsuites.SanityTestSuite.verifyBatchingPage(SanityTestSuite.java:262)<br />
              sun.reflect.NativeMethodAccessorImpl.invoke0(Native Method)<br />
              sun.reflect.NativeMethodAccessorImpl.invoke(NativeMethodAccessorImpl.java:62)<br />
              sun.reflect.DelegatingMethodAccessorImpl.invoke(DelegatingMethodAccessorImpl.java:43)<br />
              java.lang.reflect.Method.invoke(Method.java:497)<br />
              org.testng.internal.MethodInvocationHelper.invokeMethod(MethodInvocationHelper.java:84)<br />
              org.testng.internal.Invoker.invokeMethod(Invoker.java:714)<br />
              org.testng.internal.Invoker.invokeTestMethod(Invoker.java:901)<br />
              org.testng.internal.Invoker.invokeTestMethods(Invoker.java:1231)<br />
              org.testng.internal.TestMethodWorker.invokeTestMethods(TestMethodWorker.java:127)<br />
              org.testng.internal.TestMethodWorker.run(TestMethodWorker.java:111)<br />
              org.testng.TestRunner.privateRun(TestRunner.java:767)<br />
              org.testng.TestRunner.run(TestRunner.java:617)<br />
              org.testng.SuiteRunner.runTest(SuiteRunner.java:348)<br />
              org.testng.SuiteRunner.access$000(SuiteRunner.java:38)<br />
              org.testng.SuiteRunner$SuiteWorker.run(SuiteRunner.java:382)<br />
              org.testng.internal.thread.ThreadUtil$2.call(ThreadUtil.java:64)<br />
              java.util.concurrent.FutureTask.run(FutureTask.java:266)<br />
              java.util.concurrent.ThreadPoolExecutor.runWorker(ThreadPoolExecutor.java:1142)<br />
              java.util.concurrent.ThreadPoolExecutor$Worker.run(ThreadPoolExecutor.java:617)<br />
              java.lang.Thread.run(Thread.java:745)<br />
                </div>
      </td>
</tr>
<tr>
  <td class="method">
                  verifyCheckRegistryPage
      </td>
  <td class="duration">
    23.814s
  </td>
  <td class="result">
        
    
            <div class="testOutput">
                        Pass: https://recoveryqa39.lavante.com/recovery/holdAssignments.lvp Page is working fine
                                Fail: 'chkRegLink' is not displayed
                                To View Screenshot <a href="file:///D:\Recovery_Auto_Workspace\Recovery_Automation/TestResults/Screenshots/2016_29_Jun_14_25_55.png">Click Here</a>
                  </div>
    

        <a href="javascript:toggleElement('exception-2', 'block')" title="Click to expand/collapse"><b>java.lang.AssertionError: Fail: &apos;chkRegLink&apos; is not displayed</b></a><br />
    <div class="stackTrace" id="exception-2">
              org.testng.Assert.fail(Assert.java:94)<br />
              lavante.recovery.utilities.Report.fail(Report.java:23)<br />
              lavante.recovery.utilities.seleniumBaseClass.click(seleniumBaseClass.java:221)<br />
              lavante.recovery.pageobjects.Audit.AuditCheckRegistryPage.verifychkRegLink(AuditCheckRegistryPage.java:19)<br />
              lavante.recovery.testsuites.SanityTestSuite.verifyCheckRegistryPage(SanityTestSuite.java:357)<br />
              sun.reflect.NativeMethodAccessorImpl.invoke0(Native Method)<br />
              sun.reflect.NativeMethodAccessorImpl.invoke(NativeMethodAccessorImpl.java:62)<br />
              sun.reflect.DelegatingMethodAccessorImpl.invoke(DelegatingMethodAccessorImpl.java:43)<br />
              java.lang.reflect.Method.invoke(Method.java:497)<br />
              org.testng.internal.MethodInvocationHelper.invokeMethod(MethodInvocationHelper.java:84)<br />
              org.testng.internal.Invoker.invokeMethod(Invoker.java:714)<br />
              org.testng.internal.Invoker.invokeTestMethod(Invoker.java:901)<br />
              org.testng.internal.Invoker.invokeTestMethods(Invoker.java:1231)<br />
              org.testng.internal.TestMethodWorker.invokeTestMethods(TestMethodWorker.java:127)<br />
              org.testng.internal.TestMethodWorker.run(TestMethodWorker.java:111)<br />
              org.testng.TestRunner.privateRun(TestRunner.java:767)<br />
              org.testng.TestRunner.run(TestRunner.java:617)<br />
              org.testng.SuiteRunner.runTest(SuiteRunner.java:348)<br />
              org.testng.SuiteRunner.access$000(SuiteRunner.java:38)<br />
              org.testng.SuiteRunner$SuiteWorker.run(SuiteRunner.java:382)<br />
              org.testng.internal.thread.ThreadUtil$2.call(ThreadUtil.java:64)<br />
              java.util.concurrent.FutureTask.run(FutureTask.java:266)<br />
              java.util.concurrent.ThreadPoolExecutor.runWorker(ThreadPoolExecutor.java:1142)<br />
              java.util.concurrent.ThreadPoolExecutor$Worker.run(ThreadPoolExecutor.java:617)<br />
              java.lang.Thread.run(Thread.java:745)<br />
                </div>
      </td>
</tr>
<tr>
  <td class="method">
                  verifyCreditsAssignmentsPage
      </td>
  <td class="duration">
    19.654s
  </td>
  <td class="result">
        
    
            <div class="testOutput">
                        Pass: https://recoveryqa39.lavante.com/cas/login?service=https%3A%2F%2Frecoveryqa39.lavante.com%2Frecovery%2FholdAssignments.lvp Page is working fine
                                Fail: 'creditsLink' is not displayed
                                To View Screenshot <a href="file:///D:\Recovery_Auto_Workspace\Recovery_Automation/TestResults/Screenshots/2016_29_Jun_14_28_50.png">Click Here</a>
                  </div>
    

        <a href="javascript:toggleElement('exception-3', 'block')" title="Click to expand/collapse"><b>java.lang.AssertionError: Fail: &apos;creditsLink&apos; is not displayed</b></a><br />
    <div class="stackTrace" id="exception-3">
              org.testng.Assert.fail(Assert.java:94)<br />
              lavante.recovery.utilities.Report.fail(Report.java:23)<br />
              lavante.recovery.utilities.seleniumBaseClass.click(seleniumBaseClass.java:221)<br />
              lavante.recovery.pageobjects.Assignments.CreditsPage.verifycreditsLink(CreditsPage.java:19)<br />
              lavante.recovery.testsuites.SanityTestSuite.verifyCreditsAssignmentsPage(SanityTestSuite.java:671)<br />
              sun.reflect.NativeMethodAccessorImpl.invoke0(Native Method)<br />
              sun.reflect.NativeMethodAccessorImpl.invoke(NativeMethodAccessorImpl.java:62)<br />
              sun.reflect.DelegatingMethodAccessorImpl.invoke(DelegatingMethodAccessorImpl.java:43)<br />
              java.lang.reflect.Method.invoke(Method.java:497)<br />
              org.testng.internal.MethodInvocationHelper.invokeMethod(MethodInvocationHelper.java:84)<br />
              org.testng.internal.Invoker.invokeMethod(Invoker.java:714)<br />
              org.testng.internal.Invoker.invokeTestMethod(Invoker.java:901)<br />
              org.testng.internal.Invoker.invokeTestMethods(Invoker.java:1231)<br />
              org.testng.internal.TestMethodWorker.invokeTestMethods(TestMethodWorker.java:127)<br />
              org.testng.internal.TestMethodWorker.run(TestMethodWorker.java:111)<br />
              org.testng.TestRunner.privateRun(TestRunner.java:767)<br />
              org.testng.TestRunner.run(TestRunner.java:617)<br />
              org.testng.SuiteRunner.runTest(SuiteRunner.java:348)<br />
              org.testng.SuiteRunner.access$000(SuiteRunner.java:38)<br />
              org.testng.SuiteRunner$SuiteWorker.run(SuiteRunner.java:382)<br />
              org.testng.internal.thread.ThreadUtil$2.call(ThreadUtil.java:64)<br />
              java.util.concurrent.FutureTask.run(FutureTask.java:266)<br />
              java.util.concurrent.ThreadPoolExecutor.runWorker(ThreadPoolExecutor.java:1142)<br />
              java.util.concurrent.ThreadPoolExecutor$Worker.run(ThreadPoolExecutor.java:617)<br />
              java.lang.Thread.run(Thread.java:745)<br />
                </div>
      </td>
</tr>
<tr>
  <td class="method">
                  verifyDashBoardClaims
      </td>
  <td class="duration">
    11.972s
  </td>
  <td class="result">
        
    
            <div class="testOutput">
                        Fail: 'openClaims' is not displayedUnable to locate element: {"method":"css selector","selector":"#open-claims td a"}
Command duration or timeout: 10.08 seconds
For documentation on this error, please visit: http://seleniumhq.org/exceptions/no_such_element.html
Build info: version: '2.52.0', revision: '4c2593cfc3689a7fcd7be52549167e5ccc93ad28', time: '2016-02-11 11:22:43'
System info: host: 'WLW7-TALLURYS', ip: '192.168.21.55', os.name: 'Windows 7', os.arch: 'amd64', os.version: '6.1', java.version: '1.8.0_40'
Driver info: org.openqa.selenium.firefox.FirefoxDriver
Capabilities [{applicationCacheEnabled=true, rotatable=false, handlesAlerts=true, databaseEnabled=true, version=43.0.1, platform=WINDOWS, nativeEvents=false, acceptSslCerts=true, webStorageEnabled=true, locationContextEnabled=true, browserName=firefox, takesScreenshot=true, javascriptEnabled=true, cssSelectorsEnabled=true}]
Session ID: f95c0ad4-e4f3-48c2-9d0f-d08a643dcfcc
*** Element info: {Using=css selector, value=#open-claims td a}
                                To View Screenshot <a href="file:///D:\Recovery_Auto_Workspace\Recovery_Automation/TestResults/Screenshots/2016_29_Jun_14_23_08.png">Click Here</a>
                  </div>
    

        <a href="javascript:toggleElement('exception-4', 'block')" title="Click to expand/collapse"><b>java.lang.AssertionError: Fail: &apos;openClaims&apos; is not displayedUnable to locate element: {&quot;method&quot;:&quot;css selector&quot;,&quot;selector&quot;:&quot;#open-claims td a&quot;}<br/>
Command duration or timeout: 10.08 seconds<br/>
For documentation on this error, please visit: http://seleniumhq.org/exceptions/no_such_element.html<br/>
Build info: version: &apos;2.52.0&apos;, revision: &apos;4c2593cfc3689a7fcd7be52549167e5ccc93ad28&apos;, time: &apos;2016-02-11 11:22:43&apos;<br/>
System info: host: &apos;WLW7-TALLURYS&apos;, ip: &apos;192.168.21.55&apos;, os.name: &apos;Windows 7&apos;, os.arch: &apos;amd64&apos;, os.version: &apos;6.1&apos;, java.version: &apos;1.8.0_40&apos;<br/>
Driver info: org.openqa.selenium.firefox.FirefoxDriver<br/>
Capabilities [{applicationCacheEnabled=true, rotatable=false, handlesAlerts=true, databaseEnabled=true, version=43.0.1, platform=WINDOWS, nativeEvents=false, acceptSslCerts=true, webStorageEnabled=true, locationContextEnabled=true, browserName=firefox, takesScreenshot=true, javascriptEnabled=true, cssSelectorsEnabled=true}]<br/>
Session ID: f95c0ad4-e4f3-48c2-9d0f-d08a643dcfcc<br/>
*** Element info: {Using=css selector, value=#open-claims td a}</b></a><br />
    <div class="stackTrace" id="exception-4">
              org.testng.Assert.fail(Assert.java:94)<br />
              lavante.recovery.utilities.Report.fail(Report.java:23)<br />
              lavante.recovery.utilities.seleniumBaseClass.isDisplayed(seleniumBaseClass.java:241)<br />
              lavante.recovery.pageobjects.DashBoard.ClaimsPage.verifyItemsForMySection(ClaimsPage.java:36)<br />
              lavante.recovery.testsuites.SanityTestSuite.verifyDashBoardClaims(SanityTestSuite.java:72)<br />
              sun.reflect.NativeMethodAccessorImpl.invoke0(Native Method)<br />
              sun.reflect.NativeMethodAccessorImpl.invoke(NativeMethodAccessorImpl.java:62)<br />
              sun.reflect.DelegatingMethodAccessorImpl.invoke(DelegatingMethodAccessorImpl.java:43)<br />
              java.lang.reflect.Method.invoke(Method.java:497)<br />
              org.testng.internal.MethodInvocationHelper.invokeMethod(MethodInvocationHelper.java:84)<br />
              org.testng.internal.Invoker.invokeMethod(Invoker.java:714)<br />
              org.testng.internal.Invoker.invokeTestMethod(Invoker.java:901)<br />
              org.testng.internal.Invoker.invokeTestMethods(Invoker.java:1231)<br />
              org.testng.internal.TestMethodWorker.invokeTestMethods(TestMethodWorker.java:127)<br />
              org.testng.internal.TestMethodWorker.run(TestMethodWorker.java:111)<br />
              org.testng.TestRunner.privateRun(TestRunner.java:767)<br />
              org.testng.TestRunner.run(TestRunner.java:617)<br />
              org.testng.SuiteRunner.runTest(SuiteRunner.java:348)<br />
              org.testng.SuiteRunner.access$000(SuiteRunner.java:38)<br />
              org.testng.SuiteRunner$SuiteWorker.run(SuiteRunner.java:382)<br />
              org.testng.internal.thread.ThreadUtil$2.call(ThreadUtil.java:64)<br />
              java.util.concurrent.FutureTask.run(FutureTask.java:266)<br />
              java.util.concurrent.ThreadPoolExecutor.runWorker(ThreadPoolExecutor.java:1142)<br />
              java.util.concurrent.ThreadPoolExecutor$Worker.run(ThreadPoolExecutor.java:617)<br />
              java.lang.Thread.run(Thread.java:745)<br />
                </div>
      </td>
</tr>
<tr>
  <td class="method">
                  verifyDashBoardCompliance
      </td>
  <td class="duration">
    19.802s
  </td>
  <td class="result">
        
    
            <div class="testOutput">
                        Pass: https://recoveryqa39.lavante.com/recovery/holdAssignments.lvp Page is working fine
                                Fail: 'complainceLink' is not displayed
                                To View Screenshot <a href="file:///D:\Recovery_Auto_Workspace\Recovery_Automation/TestResults/Screenshots/2016_29_Jun_14_23_39.png">Click Here</a>
                  </div>
    

        <a href="javascript:toggleElement('exception-5', 'block')" title="Click to expand/collapse"><b>java.lang.AssertionError: Fail: &apos;complainceLink&apos; is not displayed</b></a><br />
    <div class="stackTrace" id="exception-5">
              org.testng.Assert.fail(Assert.java:94)<br />
              lavante.recovery.utilities.Report.fail(Report.java:23)<br />
              lavante.recovery.utilities.seleniumBaseClass.click(seleniumBaseClass.java:221)<br />
              lavante.recovery.pageobjects.DashBoard.CompliancePage.verifycomplainceLink(CompliancePage.java:19)<br />
              lavante.recovery.testsuites.SanityTestSuite.verifyDashBoardCompliance(SanityTestSuite.java:122)<br />
              sun.reflect.NativeMethodAccessorImpl.invoke0(Native Method)<br />
              sun.reflect.NativeMethodAccessorImpl.invoke(NativeMethodAccessorImpl.java:62)<br />
              sun.reflect.DelegatingMethodAccessorImpl.invoke(DelegatingMethodAccessorImpl.java:43)<br />
              java.lang.reflect.Method.invoke(Method.java:497)<br />
              org.testng.internal.MethodInvocationHelper.invokeMethod(MethodInvocationHelper.java:84)<br />
              org.testng.internal.Invoker.invokeMethod(Invoker.java:714)<br />
              org.testng.internal.Invoker.invokeTestMethod(Invoker.java:901)<br />
              org.testng.internal.Invoker.invokeTestMethods(Invoker.java:1231)<br />
              org.testng.internal.TestMethodWorker.invokeTestMethods(TestMethodWorker.java:127)<br />
              org.testng.internal.TestMethodWorker.run(TestMethodWorker.java:111)<br />
              org.testng.TestRunner.privateRun(TestRunner.java:767)<br />
              org.testng.TestRunner.run(TestRunner.java:617)<br />
              org.testng.SuiteRunner.runTest(SuiteRunner.java:348)<br />
              org.testng.SuiteRunner.access$000(SuiteRunner.java:38)<br />
              org.testng.SuiteRunner$SuiteWorker.run(SuiteRunner.java:382)<br />
              org.testng.internal.thread.ThreadUtil$2.call(ThreadUtil.java:64)<br />
              java.util.concurrent.FutureTask.run(FutureTask.java:266)<br />
              java.util.concurrent.ThreadPoolExecutor.runWorker(ThreadPoolExecutor.java:1142)<br />
              java.util.concurrent.ThreadPoolExecutor$Worker.run(ThreadPoolExecutor.java:617)<br />
              java.lang.Thread.run(Thread.java:745)<br />
                </div>
      </td>
</tr>
<tr>
  <td class="method">
                  verifyDashBoardSupplier
      </td>
  <td class="duration">
    11.845s
  </td>
  <td class="result">
        
    
            <div class="testOutput">
                        Pass: https://recoveryqa39.lavante.com/recovery/holdAssignments.lvp Page is working fine
                                Fail: 'supplierLink' is not displayed
                                To View Screenshot <a href="file:///D:\Recovery_Auto_Workspace\Recovery_Automation/TestResults/Screenshots/2016_29_Jun_14_23_20.png">Click Here</a>
                  </div>
    

        <a href="javascript:toggleElement('exception-6', 'block')" title="Click to expand/collapse"><b>java.lang.AssertionError: Fail: &apos;supplierLink&apos; is not displayed</b></a><br />
    <div class="stackTrace" id="exception-6">
              org.testng.Assert.fail(Assert.java:94)<br />
              lavante.recovery.utilities.Report.fail(Report.java:23)<br />
              lavante.recovery.utilities.seleniumBaseClass.click(seleniumBaseClass.java:221)<br />
              lavante.recovery.pageobjects.DashBoard.SupplierPage.verifySupplierLink(SupplierPage.java:19)<br />
              lavante.recovery.testsuites.SanityTestSuite.verifyDashBoardSupplier(SanityTestSuite.java:90)<br />
              sun.reflect.NativeMethodAccessorImpl.invoke0(Native Method)<br />
              sun.reflect.NativeMethodAccessorImpl.invoke(NativeMethodAccessorImpl.java:62)<br />
              sun.reflect.DelegatingMethodAccessorImpl.invoke(DelegatingMethodAccessorImpl.java:43)<br />
              java.lang.reflect.Method.invoke(Method.java:497)<br />
              org.testng.internal.MethodInvocationHelper.invokeMethod(MethodInvocationHelper.java:84)<br />
              org.testng.internal.Invoker.invokeMethod(Invoker.java:714)<br />
              org.testng.internal.Invoker.invokeTestMethod(Invoker.java:901)<br />
              org.testng.internal.Invoker.invokeTestMethods(Invoker.java:1231)<br />
              org.testng.internal.TestMethodWorker.invokeTestMethods(TestMethodWorker.java:127)<br />
              org.testng.internal.TestMethodWorker.run(TestMethodWorker.java:111)<br />
              org.testng.TestRunner.privateRun(TestRunner.java:767)<br />
              org.testng.TestRunner.run(TestRunner.java:617)<br />
              org.testng.SuiteRunner.runTest(SuiteRunner.java:348)<br />
              org.testng.SuiteRunner.access$000(SuiteRunner.java:38)<br />
              org.testng.SuiteRunner$SuiteWorker.run(SuiteRunner.java:382)<br />
              org.testng.internal.thread.ThreadUtil$2.call(ThreadUtil.java:64)<br />
              java.util.concurrent.FutureTask.run(FutureTask.java:266)<br />
              java.util.concurrent.ThreadPoolExecutor.runWorker(ThreadPoolExecutor.java:1142)<br />
              java.util.concurrent.ThreadPoolExecutor$Worker.run(ThreadPoolExecutor.java:617)<br />
              java.lang.Thread.run(Thread.java:745)<br />
                </div>
      </td>
</tr>
<tr>
  <td class="method">
                  verifyFaxJobsPage
      </td>
  <td class="duration">
    11.829s
  </td>
  <td class="result">
        
    
            <div class="testOutput">
                        Pass: https://recoveryqa39.lavante.com/recovery/holdAssignments.lvp Page is working fine
                                Fail: 'configurationJobsLink' is not displayed
                                To View Screenshot <a href="file:///D:\Recovery_Auto_Workspace\Recovery_Automation/TestResults/Screenshots/2016_29_Jun_14_26_22.png">Click Here</a>
                  </div>
    

        <a href="javascript:toggleElement('exception-7', 'block')" title="Click to expand/collapse"><b>java.lang.AssertionError: Fail: &apos;configurationJobsLink&apos; is not displayed</b></a><br />
    <div class="stackTrace" id="exception-7">
              org.testng.Assert.fail(Assert.java:94)<br />
              lavante.recovery.utilities.Report.fail(Report.java:23)<br />
              lavante.recovery.utilities.seleniumBaseClass.click(seleniumBaseClass.java:221)<br />
              lavante.recovery.pageobjects.Configuration.Jobs.FaxJobPage.verifyConfigurationJobsLink(FaxJobPage.java:19)<br />
              lavante.recovery.testsuites.SanityTestSuite.verifyFaxJobsPage(SanityTestSuite.java:485)<br />
              sun.reflect.NativeMethodAccessorImpl.invoke0(Native Method)<br />
              sun.reflect.NativeMethodAccessorImpl.invoke(NativeMethodAccessorImpl.java:62)<br />
              sun.reflect.DelegatingMethodAccessorImpl.invoke(DelegatingMethodAccessorImpl.java:43)<br />
              java.lang.reflect.Method.invoke(Method.java:497)<br />
              org.testng.internal.MethodInvocationHelper.invokeMethod(MethodInvocationHelper.java:84)<br />
              org.testng.internal.Invoker.invokeMethod(Invoker.java:714)<br />
              org.testng.internal.Invoker.invokeTestMethod(Invoker.java:901)<br />
              org.testng.internal.Invoker.invokeTestMethods(Invoker.java:1231)<br />
              org.testng.internal.TestMethodWorker.invokeTestMethods(TestMethodWorker.java:127)<br />
              org.testng.internal.TestMethodWorker.run(TestMethodWorker.java:111)<br />
              org.testng.TestRunner.privateRun(TestRunner.java:767)<br />
              org.testng.TestRunner.run(TestRunner.java:617)<br />
              org.testng.SuiteRunner.runTest(SuiteRunner.java:348)<br />
              org.testng.SuiteRunner.access$000(SuiteRunner.java:38)<br />
              org.testng.SuiteRunner$SuiteWorker.run(SuiteRunner.java:382)<br />
              org.testng.internal.thread.ThreadUtil$2.call(ThreadUtil.java:64)<br />
              java.util.concurrent.FutureTask.run(FutureTask.java:266)<br />
              java.util.concurrent.ThreadPoolExecutor.runWorker(ThreadPoolExecutor.java:1142)<br />
              java.util.concurrent.ThreadPoolExecutor$Worker.run(ThreadPoolExecutor.java:617)<br />
              java.lang.Thread.run(Thread.java:745)<br />
                </div>
      </td>
</tr>
<tr>
  <td class="method">
                  verifyFinancePage
      </td>
  <td class="duration">
    14.810s
  </td>
  <td class="result">
        
    
            <div class="testOutput">
                        Pass: https://recoveryqa39.lavante.com/recovery/holdAssignments.lvp Page is working fine
                                Fail: 'financeLink' is not displayed
                                To View Screenshot <a href="file:///D:\Recovery_Auto_Workspace\Recovery_Automation/TestResults/Screenshots/2016_29_Jun_14_26_51.png">Click Here</a>
                  </div>
    

        <a href="javascript:toggleElement('exception-8', 'block')" title="Click to expand/collapse"><b>java.lang.AssertionError: Fail: &apos;financeLink&apos; is not displayed</b></a><br />
    <div class="stackTrace" id="exception-8">
              org.testng.Assert.fail(Assert.java:94)<br />
              lavante.recovery.utilities.Report.fail(Report.java:23)<br />
              lavante.recovery.utilities.seleniumBaseClass.click(seleniumBaseClass.java:221)<br />
              lavante.recovery.pageobjects.Configuration.Finance.FinanceInvoicesPage.verifyFinanceLink(FinanceInvoicesPage.java:19)<br />
              lavante.recovery.testsuites.SanityTestSuite.verifyFinancePage(SanityTestSuite.java:546)<br />
              sun.reflect.NativeMethodAccessorImpl.invoke0(Native Method)<br />
              sun.reflect.NativeMethodAccessorImpl.invoke(NativeMethodAccessorImpl.java:62)<br />
              sun.reflect.DelegatingMethodAccessorImpl.invoke(DelegatingMethodAccessorImpl.java:43)<br />
              java.lang.reflect.Method.invoke(Method.java:497)<br />
              org.testng.internal.MethodInvocationHelper.invokeMethod(MethodInvocationHelper.java:84)<br />
              org.testng.internal.Invoker.invokeMethod(Invoker.java:714)<br />
              org.testng.internal.Invoker.invokeTestMethod(Invoker.java:901)<br />
              org.testng.internal.Invoker.invokeTestMethods(Invoker.java:1231)<br />
              org.testng.internal.TestMethodWorker.invokeTestMethods(TestMethodWorker.java:127)<br />
              org.testng.internal.TestMethodWorker.run(TestMethodWorker.java:111)<br />
              org.testng.TestRunner.privateRun(TestRunner.java:767)<br />
              org.testng.TestRunner.run(TestRunner.java:617)<br />
              org.testng.SuiteRunner.runTest(SuiteRunner.java:348)<br />
              org.testng.SuiteRunner.access$000(SuiteRunner.java:38)<br />
              org.testng.SuiteRunner$SuiteWorker.run(SuiteRunner.java:382)<br />
              org.testng.internal.thread.ThreadUtil$2.call(ThreadUtil.java:64)<br />
              java.util.concurrent.FutureTask.run(FutureTask.java:266)<br />
              java.util.concurrent.ThreadPoolExecutor.runWorker(ThreadPoolExecutor.java:1142)<br />
              java.util.concurrent.ThreadPoolExecutor$Worker.run(ThreadPoolExecutor.java:617)<br />
              java.lang.Thread.run(Thread.java:745)<br />
                </div>
      </td>
</tr>
<tr>
  <td class="method">
                  verifyHoldsAssignmentsPage
      </td>
  <td class="duration">
    27.922s
  </td>
  <td class="result">
        
    
            <div class="testOutput">
                        Pass: 'holdsLink' is clicked
                                Pass: https://recoveryqa39.lavante.com/cas/login?service=https%3A%2F%2Frecoveryqa39.lavante.com%2Frecovery%2FholdAssignments.lvp Page is working fine
                                Fail: 'holdsTable' is not displayedUnable to locate element: {"method":"css selector","selector":".table_ab .table_ab_b"}
Command duration or timeout: 10.07 seconds
For documentation on this error, please visit: http://seleniumhq.org/exceptions/no_such_element.html
Build info: version: '2.52.0', revision: '4c2593cfc3689a7fcd7be52549167e5ccc93ad28', time: '2016-02-11 11:22:43'
System info: host: 'WLW7-TALLURYS', ip: '192.168.21.55', os.name: 'Windows 7', os.arch: 'amd64', os.version: '6.1', java.version: '1.8.0_40'
Driver info: org.openqa.selenium.firefox.FirefoxDriver
Capabilities [{applicationCacheEnabled=true, rotatable=false, handlesAlerts=true, databaseEnabled=true, version=43.0.1, platform=WINDOWS, nativeEvents=false, acceptSslCerts=true, webStorageEnabled=true, locationContextEnabled=true, browserName=firefox, takesScreenshot=true, javascriptEnabled=true, cssSelectorsEnabled=true}]
Session ID: f95c0ad4-e4f3-48c2-9d0f-d08a643dcfcc
*** Element info: {Using=css selector, value=.table_ab .table_ab_b}
                                To View Screenshot <a href="file:///D:\Recovery_Auto_Workspace\Recovery_Automation/TestResults/Screenshots/2016_29_Jun_14_28_31.png">Click Here</a>
                  </div>
    

        <a href="javascript:toggleElement('exception-9', 'block')" title="Click to expand/collapse"><b>java.lang.AssertionError: Fail: &apos;holdsTable&apos; is not displayedUnable to locate element: {&quot;method&quot;:&quot;css selector&quot;,&quot;selector&quot;:&quot;.table_ab .table_ab_b&quot;}<br/>
Command duration or timeout: 10.07 seconds<br/>
For documentation on this error, please visit: http://seleniumhq.org/exceptions/no_such_element.html<br/>
Build info: version: &apos;2.52.0&apos;, revision: &apos;4c2593cfc3689a7fcd7be52549167e5ccc93ad28&apos;, time: &apos;2016-02-11 11:22:43&apos;<br/>
System info: host: &apos;WLW7-TALLURYS&apos;, ip: &apos;192.168.21.55&apos;, os.name: &apos;Windows 7&apos;, os.arch: &apos;amd64&apos;, os.version: &apos;6.1&apos;, java.version: &apos;1.8.0_40&apos;<br/>
Driver info: org.openqa.selenium.firefox.FirefoxDriver<br/>
Capabilities [{applicationCacheEnabled=true, rotatable=false, handlesAlerts=true, databaseEnabled=true, version=43.0.1, platform=WINDOWS, nativeEvents=false, acceptSslCerts=true, webStorageEnabled=true, locationContextEnabled=true, browserName=firefox, takesScreenshot=true, javascriptEnabled=true, cssSelectorsEnabled=true}]<br/>
Session ID: f95c0ad4-e4f3-48c2-9d0f-d08a643dcfcc<br/>
*** Element info: {Using=css selector, value=.table_ab .table_ab_b}</b></a><br />
    <div class="stackTrace" id="exception-9">
              org.testng.Assert.fail(Assert.java:94)<br />
              lavante.recovery.utilities.Report.fail(Report.java:23)<br />
              lavante.recovery.utilities.seleniumBaseClass.isDisplayed(seleniumBaseClass.java:241)<br />
              lavante.recovery.pageobjects.Assignments.HoldsPage.verifyHoldsTable(HoldsPage.java:47)<br />
              lavante.recovery.testsuites.SanityTestSuite.verifyHoldsAssignmentsPage(SanityTestSuite.java:663)<br />
              sun.reflect.NativeMethodAccessorImpl.invoke0(Native Method)<br />
              sun.reflect.NativeMethodAccessorImpl.invoke(NativeMethodAccessorImpl.java:62)<br />
              sun.reflect.DelegatingMethodAccessorImpl.invoke(DelegatingMethodAccessorImpl.java:43)<br />
              java.lang.reflect.Method.invoke(Method.java:497)<br />
              org.testng.internal.MethodInvocationHelper.invokeMethod(MethodInvocationHelper.java:84)<br />
              org.testng.internal.Invoker.invokeMethod(Invoker.java:714)<br />
              org.testng.internal.Invoker.invokeTestMethod(Invoker.java:901)<br />
              org.testng.internal.Invoker.invokeTestMethods(Invoker.java:1231)<br />
              org.testng.internal.TestMethodWorker.invokeTestMethods(TestMethodWorker.java:127)<br />
              org.testng.internal.TestMethodWorker.run(TestMethodWorker.java:111)<br />
              org.testng.TestRunner.privateRun(TestRunner.java:767)<br />
              org.testng.TestRunner.run(TestRunner.java:617)<br />
              org.testng.SuiteRunner.runTest(SuiteRunner.java:348)<br />
              org.testng.SuiteRunner.access$000(SuiteRunner.java:38)<br />
              org.testng.SuiteRunner$SuiteWorker.run(SuiteRunner.java:382)<br />
              org.testng.internal.thread.ThreadUtil$2.call(ThreadUtil.java:64)<br />
              java.util.concurrent.FutureTask.run(FutureTask.java:266)<br />
              java.util.concurrent.ThreadPoolExecutor.runWorker(ThreadPoolExecutor.java:1142)<br />
              java.util.concurrent.ThreadPoolExecutor$Worker.run(ThreadPoolExecutor.java:617)<br />
              java.lang.Thread.run(Thread.java:745)<br />
                </div>
      </td>
</tr>
<tr>
  <td class="method">
                  verifyInvoicePage
      </td>
  <td class="duration">
    14.818s
  </td>
  <td class="result">
        
    
            <div class="testOutput">
                        Pass: https://recoveryqa39.lavante.com/recovery/holdAssignments.lvp Page is working fine
                                Fail: 'invoiceLink' is not displayed
                                To View Screenshot <a href="file:///D:\Recovery_Auto_Workspace\Recovery_Automation/TestResults/Screenshots/2016_29_Jun_14_25_00.png">Click Here</a>
                  </div>
    

        <a href="javascript:toggleElement('exception-10', 'block')" title="Click to expand/collapse"><b>java.lang.AssertionError: Fail: &apos;invoiceLink&apos; is not displayed</b></a><br />
    <div class="stackTrace" id="exception-10">
              org.testng.Assert.fail(Assert.java:94)<br />
              lavante.recovery.utilities.Report.fail(Report.java:23)<br />
              lavante.recovery.utilities.seleniumBaseClass.click(seleniumBaseClass.java:221)<br />
              lavante.recovery.pageobjects.Audit.AuditInvoicePage.verifyinvoiceLink(AuditInvoicePage.java:19)<br />
              lavante.recovery.testsuites.SanityTestSuite.verifyInvoicePage(SanityTestSuite.java:287)<br />
              sun.reflect.NativeMethodAccessorImpl.invoke0(Native Method)<br />
              sun.reflect.NativeMethodAccessorImpl.invoke(NativeMethodAccessorImpl.java:62)<br />
              sun.reflect.DelegatingMethodAccessorImpl.invoke(DelegatingMethodAccessorImpl.java:43)<br />
              java.lang.reflect.Method.invoke(Method.java:497)<br />
              org.testng.internal.MethodInvocationHelper.invokeMethod(MethodInvocationHelper.java:84)<br />
              org.testng.internal.Invoker.invokeMethod(Invoker.java:714)<br />
              org.testng.internal.Invoker.invokeTestMethod(Invoker.java:901)<br />
              org.testng.internal.Invoker.invokeTestMethods(Invoker.java:1231)<br />
              org.testng.internal.TestMethodWorker.invokeTestMethods(TestMethodWorker.java:127)<br />
              org.testng.internal.TestMethodWorker.run(TestMethodWorker.java:111)<br />
              org.testng.TestRunner.privateRun(TestRunner.java:767)<br />
              org.testng.TestRunner.run(TestRunner.java:617)<br />
              org.testng.SuiteRunner.runTest(SuiteRunner.java:348)<br />
              org.testng.SuiteRunner.access$000(SuiteRunner.java:38)<br />
              org.testng.SuiteRunner$SuiteWorker.run(SuiteRunner.java:382)<br />
              org.testng.internal.thread.ThreadUtil$2.call(ThreadUtil.java:64)<br />
              java.util.concurrent.FutureTask.run(FutureTask.java:266)<br />
              java.util.concurrent.ThreadPoolExecutor.runWorker(ThreadPoolExecutor.java:1142)<br />
              java.util.concurrent.ThreadPoolExecutor$Worker.run(ThreadPoolExecutor.java:617)<br />
              java.lang.Thread.run(Thread.java:745)<br />
                </div>
      </td>
</tr>
<tr>
  <td class="method">
                  verifyMailerRegistryPage
      </td>
  <td class="duration">
    14.791s
  </td>
  <td class="result">
        
    
            <div class="testOutput">
                        Pass: https://recoveryqa39.lavante.com/recovery/holdAssignments.lvp Page is working fine
                                Fail: 'mailerRegistryLink' is not displayed
                                To View Screenshot <a href="file:///D:\Recovery_Auto_Workspace\Recovery_Automation/TestResults/Screenshots/2016_29_Jun_14_27_36.png">Click Here</a>
                  </div>
    

        <a href="javascript:toggleElement('exception-11', 'block')" title="Click to expand/collapse"><b>java.lang.AssertionError: Fail: &apos;mailerRegistryLink&apos; is not displayed</b></a><br />
    <div class="stackTrace" id="exception-11">
              org.testng.Assert.fail(Assert.java:94)<br />
              lavante.recovery.utilities.Report.fail(Report.java:23)<br />
              lavante.recovery.utilities.seleniumBaseClass.click(seleniumBaseClass.java:221)<br />
              lavante.recovery.pageobjects.Configuration.MailerRegistry.MailerRegistryPage.verifyMailerRegistryLink(MailerRegistryPage.java:19)<br />
              lavante.recovery.testsuites.SanityTestSuite.verifyMailerRegistryPage(SanityTestSuite.java:633)<br />
              sun.reflect.NativeMethodAccessorImpl.invoke0(Native Method)<br />
              sun.reflect.NativeMethodAccessorImpl.invoke(NativeMethodAccessorImpl.java:62)<br />
              sun.reflect.DelegatingMethodAccessorImpl.invoke(DelegatingMethodAccessorImpl.java:43)<br />
              java.lang.reflect.Method.invoke(Method.java:497)<br />
              org.testng.internal.MethodInvocationHelper.invokeMethod(MethodInvocationHelper.java:84)<br />
              org.testng.internal.Invoker.invokeMethod(Invoker.java:714)<br />
              org.testng.internal.Invoker.invokeTestMethod(Invoker.java:901)<br />
              org.testng.internal.Invoker.invokeTestMethods(Invoker.java:1231)<br />
              org.testng.internal.TestMethodWorker.invokeTestMethods(TestMethodWorker.java:127)<br />
              org.testng.internal.TestMethodWorker.run(TestMethodWorker.java:111)<br />
              org.testng.TestRunner.privateRun(TestRunner.java:767)<br />
              org.testng.TestRunner.run(TestRunner.java:617)<br />
              org.testng.SuiteRunner.runTest(SuiteRunner.java:348)<br />
              org.testng.SuiteRunner.access$000(SuiteRunner.java:38)<br />
              org.testng.SuiteRunner$SuiteWorker.run(SuiteRunner.java:382)<br />
              org.testng.internal.thread.ThreadUtil$2.call(ThreadUtil.java:64)<br />
              java.util.concurrent.FutureTask.run(FutureTask.java:266)<br />
              java.util.concurrent.ThreadPoolExecutor.runWorker(ThreadPoolExecutor.java:1142)<br />
              java.util.concurrent.ThreadPoolExecutor$Worker.run(ThreadPoolExecutor.java:617)<br />
              java.lang.Thread.run(Thread.java:745)<br />
                </div>
      </td>
</tr>
<tr>
  <td class="method">
                  verifyOthersPage
      </td>
  <td class="duration">
    14.836s
  </td>
  <td class="result">
        
    
            <div class="testOutput">
                        Pass: https://recoveryqa39.lavante.com/recovery/holdAssignments.lvp Page is working fine
                                Fail: 'othersLink' is not displayed
                                To View Screenshot <a href="file:///D:\Recovery_Auto_Workspace\Recovery_Automation/TestResults/Screenshots/2016_29_Jun_14_27_21.png">Click Here</a>
                  </div>
    

        <a href="javascript:toggleElement('exception-12', 'block')" title="Click to expand/collapse"><b>java.lang.AssertionError: Fail: &apos;othersLink&apos; is not displayed</b></a><br />
    <div class="stackTrace" id="exception-12">
              org.testng.Assert.fail(Assert.java:94)<br />
              lavante.recovery.utilities.Report.fail(Report.java:23)<br />
              lavante.recovery.utilities.seleniumBaseClass.click(seleniumBaseClass.java:221)<br />
              lavante.recovery.pageobjects.Configuration.Others.FaxCommentsPage.verifyOthersLink(FaxCommentsPage.java:19)<br />
              lavante.recovery.testsuites.SanityTestSuite.verifyOthersPage(SanityTestSuite.java:595)<br />
              sun.reflect.NativeMethodAccessorImpl.invoke0(Native Method)<br />
              sun.reflect.NativeMethodAccessorImpl.invoke(NativeMethodAccessorImpl.java:62)<br />
              sun.reflect.DelegatingMethodAccessorImpl.invoke(DelegatingMethodAccessorImpl.java:43)<br />
              java.lang.reflect.Method.invoke(Method.java:497)<br />
              org.testng.internal.MethodInvocationHelper.invokeMethod(MethodInvocationHelper.java:84)<br />
              org.testng.internal.Invoker.invokeMethod(Invoker.java:714)<br />
              org.testng.internal.Invoker.invokeTestMethod(Invoker.java:901)<br />
              org.testng.internal.Invoker.invokeTestMethods(Invoker.java:1231)<br />
              org.testng.internal.TestMethodWorker.invokeTestMethods(TestMethodWorker.java:127)<br />
              org.testng.internal.TestMethodWorker.run(TestMethodWorker.java:111)<br />
              org.testng.TestRunner.privateRun(TestRunner.java:767)<br />
              org.testng.TestRunner.run(TestRunner.java:617)<br />
              org.testng.SuiteRunner.runTest(SuiteRunner.java:348)<br />
              org.testng.SuiteRunner.access$000(SuiteRunner.java:38)<br />
              org.testng.SuiteRunner$SuiteWorker.run(SuiteRunner.java:382)<br />
              org.testng.internal.thread.ThreadUtil$2.call(ThreadUtil.java:64)<br />
              java.util.concurrent.FutureTask.run(FutureTask.java:266)<br />
              java.util.concurrent.ThreadPoolExecutor.runWorker(ThreadPoolExecutor.java:1142)<br />
              java.util.concurrent.ThreadPoolExecutor$Worker.run(ThreadPoolExecutor.java:617)<br />
              java.lang.Thread.run(Thread.java:745)<br />
                </div>
      </td>
</tr>
<tr>
  <td class="method">
                  verifyPossibleDupesPage
      </td>
  <td class="duration">
    16.784s
  </td>
  <td class="result">
        
    
            <div class="testOutput">
                        Pass: https://recoveryqa39.lavante.com/recovery/holdAssignments.lvp Page is working fine
                                Fail: 'possibleDupesLink' is not displayed
                                To View Screenshot <a href="file:///D:\Recovery_Auto_Workspace\Recovery_Automation/TestResults/Screenshots/2016_29_Jun_14_25_16.png">Click Here</a>
                  </div>
    

        <a href="javascript:toggleElement('exception-13', 'block')" title="Click to expand/collapse"><b>java.lang.AssertionError: Fail: &apos;possibleDupesLink&apos; is not displayed</b></a><br />
    <div class="stackTrace" id="exception-13">
              org.testng.Assert.fail(Assert.java:94)<br />
              lavante.recovery.utilities.Report.fail(Report.java:23)<br />
              lavante.recovery.utilities.seleniumBaseClass.click(seleniumBaseClass.java:221)<br />
              lavante.recovery.pageobjects.Audit.AuditPossibleDupesPage.verifypossibleDupesLink(AuditPossibleDupesPage.java:19)<br />
              lavante.recovery.testsuites.SanityTestSuite.verifyPossibleDupesPage(SanityTestSuite.java:318)<br />
              sun.reflect.NativeMethodAccessorImpl.invoke0(Native Method)<br />
              sun.reflect.NativeMethodAccessorImpl.invoke(NativeMethodAccessorImpl.java:62)<br />
              sun.reflect.DelegatingMethodAccessorImpl.invoke(DelegatingMethodAccessorImpl.java:43)<br />
              java.lang.reflect.Method.invoke(Method.java:497)<br />
              org.testng.internal.MethodInvocationHelper.invokeMethod(MethodInvocationHelper.java:84)<br />
              org.testng.internal.Invoker.invokeMethod(Invoker.java:714)<br />
              org.testng.internal.Invoker.invokeTestMethod(Invoker.java:901)<br />
              org.testng.internal.Invoker.invokeTestMethods(Invoker.java:1231)<br />
              org.testng.internal.TestMethodWorker.invokeTestMethods(TestMethodWorker.java:127)<br />
              org.testng.internal.TestMethodWorker.run(TestMethodWorker.java:111)<br />
              org.testng.TestRunner.privateRun(TestRunner.java:767)<br />
              org.testng.TestRunner.run(TestRunner.java:617)<br />
              org.testng.SuiteRunner.runTest(SuiteRunner.java:348)<br />
              org.testng.SuiteRunner.access$000(SuiteRunner.java:38)<br />
              org.testng.SuiteRunner$SuiteWorker.run(SuiteRunner.java:382)<br />
              org.testng.internal.thread.ThreadUtil$2.call(ThreadUtil.java:64)<br />
              java.util.concurrent.FutureTask.run(FutureTask.java:266)<br />
              java.util.concurrent.ThreadPoolExecutor.runWorker(ThreadPoolExecutor.java:1142)<br />
              java.util.concurrent.ThreadPoolExecutor$Worker.run(ThreadPoolExecutor.java:617)<br />
              java.lang.Thread.run(Thread.java:745)<br />
                </div>
      </td>
</tr>
<tr>
  <td class="method">
                  verifySetupPage
      </td>
  <td class="duration">
    14.756s
  </td>
  <td class="result">
        
    
            <div class="testOutput">
                        Pass: https://recoveryqa39.lavante.com/recovery/holdAssignments.lvp Page is working fine
                                Fail: 'setUpLink' is not displayed
                                To View Screenshot <a href="file:///D:\Recovery_Auto_Workspace\Recovery_Automation/TestResults/Screenshots/2016_29_Jun_14_26_10.png">Click Here</a>
                  </div>
    

        <a href="javascript:toggleElement('exception-14', 'block')" title="Click to expand/collapse"><b>java.lang.AssertionError: Fail: &apos;setUpLink&apos; is not displayed</b></a><br />
    <div class="stackTrace" id="exception-14">
              org.testng.Assert.fail(Assert.java:94)<br />
              lavante.recovery.utilities.Report.fail(Report.java:23)<br />
              lavante.recovery.utilities.seleniumBaseClass.click(seleniumBaseClass.java:221)<br />
              lavante.recovery.pageobjects.Configuration.Setup.AuditPage.verifySetUpLink(AuditPage.java:29)<br />
              lavante.recovery.testsuites.SanityTestSuite.verifySetupPage(SanityTestSuite.java:422)<br />
              sun.reflect.NativeMethodAccessorImpl.invoke0(Native Method)<br />
              sun.reflect.NativeMethodAccessorImpl.invoke(NativeMethodAccessorImpl.java:62)<br />
              sun.reflect.DelegatingMethodAccessorImpl.invoke(DelegatingMethodAccessorImpl.java:43)<br />
              java.lang.reflect.Method.invoke(Method.java:497)<br />
              org.testng.internal.MethodInvocationHelper.invokeMethod(MethodInvocationHelper.java:84)<br />
              org.testng.internal.Invoker.invokeMethod(Invoker.java:714)<br />
              org.testng.internal.Invoker.invokeTestMethod(Invoker.java:901)<br />
              org.testng.internal.Invoker.invokeTestMethods(Invoker.java:1231)<br />
              org.testng.internal.TestMethodWorker.invokeTestMethods(TestMethodWorker.java:127)<br />
              org.testng.internal.TestMethodWorker.run(TestMethodWorker.java:111)<br />
              org.testng.TestRunner.privateRun(TestRunner.java:767)<br />
              org.testng.TestRunner.run(TestRunner.java:617)<br />
              org.testng.SuiteRunner.runTest(SuiteRunner.java:348)<br />
              org.testng.SuiteRunner.access$000(SuiteRunner.java:38)<br />
              org.testng.SuiteRunner$SuiteWorker.run(SuiteRunner.java:382)<br />
              org.testng.internal.thread.ThreadUtil$2.call(ThreadUtil.java:64)<br />
              java.util.concurrent.FutureTask.run(FutureTask.java:266)<br />
              java.util.concurrent.ThreadPoolExecutor.runWorker(ThreadPoolExecutor.java:1142)<br />
              java.util.concurrent.ThreadPoolExecutor$Worker.run(ThreadPoolExecutor.java:617)<br />
              java.lang.Thread.run(Thread.java:745)<br />
                </div>
      </td>
</tr>
<tr>
  <td class="method">
                  verifyStatementsAssignmentsPage
      </td>
  <td class="duration">
    31.727s
  </td>
  <td class="result">
        
    
            <div class="testOutput">
                        Pass: https://recoveryqa39.lavante.com/cas/login?service=https%3A%2F%2Frecoveryqa39.lavante.com%2Frecovery%2FholdAssignments.lvp Page is working fine
                                Fail: 'statementsLink' is not displayed
                                To View Screenshot <a href="file:///D:\Recovery_Auto_Workspace\Recovery_Automation/TestResults/Screenshots/2016_29_Jun_14_29_22.png">Click Here</a>
                  </div>
    

        <a href="javascript:toggleElement('exception-15', 'block')" title="Click to expand/collapse"><b>java.lang.AssertionError: Fail: &apos;statementsLink&apos; is not displayed</b></a><br />
    <div class="stackTrace" id="exception-15">
              org.testng.Assert.fail(Assert.java:94)<br />
              lavante.recovery.utilities.Report.fail(Report.java:23)<br />
              lavante.recovery.utilities.seleniumBaseClass.click(seleniumBaseClass.java:221)<br />
              lavante.recovery.pageobjects.Assignments.StatementsPage.verifyStatementsLink(StatementsPage.java:19)<br />
              lavante.recovery.testsuites.SanityTestSuite.verifyStatementsAssignmentsPage(SanityTestSuite.java:683)<br />
              sun.reflect.NativeMethodAccessorImpl.invoke0(Native Method)<br />
              sun.reflect.NativeMethodAccessorImpl.invoke(NativeMethodAccessorImpl.java:62)<br />
              sun.reflect.DelegatingMethodAccessorImpl.invoke(DelegatingMethodAccessorImpl.java:43)<br />
              java.lang.reflect.Method.invoke(Method.java:497)<br />
              org.testng.internal.MethodInvocationHelper.invokeMethod(MethodInvocationHelper.java:84)<br />
              org.testng.internal.Invoker.invokeMethod(Invoker.java:714)<br />
              org.testng.internal.Invoker.invokeTestMethod(Invoker.java:901)<br />
              org.testng.internal.Invoker.invokeTestMethods(Invoker.java:1231)<br />
              org.testng.internal.TestMethodWorker.invokeTestMethods(TestMethodWorker.java:127)<br />
              org.testng.internal.TestMethodWorker.run(TestMethodWorker.java:111)<br />
              org.testng.TestRunner.privateRun(TestRunner.java:767)<br />
              org.testng.TestRunner.run(TestRunner.java:617)<br />
              org.testng.SuiteRunner.runTest(SuiteRunner.java:348)<br />
              org.testng.SuiteRunner.access$000(SuiteRunner.java:38)<br />
              org.testng.SuiteRunner$SuiteWorker.run(SuiteRunner.java:382)<br />
              org.testng.internal.thread.ThreadUtil$2.call(ThreadUtil.java:64)<br />
              java.util.concurrent.FutureTask.run(FutureTask.java:266)<br />
              java.util.concurrent.ThreadPoolExecutor.runWorker(ThreadPoolExecutor.java:1142)<br />
              java.util.concurrent.ThreadPoolExecutor$Worker.run(ThreadPoolExecutor.java:617)<br />
              java.lang.Thread.run(Thread.java:745)<br />
                </div>
      </td>
</tr>
<tr>
  <td class="method">
                  verifySummaryPage
      </td>
  <td class="duration">
    14.893s
  </td>
  <td class="result">
        
    
            <div class="testOutput">
                        Pass: https://recoveryqa39.lavante.com/recovery/holdAssignments.lvp Page is working fine
                                Fail: 'summaryLink' is not displayed
                                To View Screenshot <a href="file:///D:\Recovery_Auto_Workspace\Recovery_Automation/TestResults/Screenshots/2016_29_Jun_14_25_31.png">Click Here</a>
                  </div>
    

        <a href="javascript:toggleElement('exception-16', 'block')" title="Click to expand/collapse"><b>java.lang.AssertionError: Fail: &apos;summaryLink&apos; is not displayed</b></a><br />
    <div class="stackTrace" id="exception-16">
              org.testng.Assert.fail(Assert.java:94)<br />
              lavante.recovery.utilities.Report.fail(Report.java:23)<br />
              lavante.recovery.utilities.seleniumBaseClass.click(seleniumBaseClass.java:221)<br />
              lavante.recovery.pageobjects.Audit.AuditSummaryPage.verifysummaryLink(AuditSummaryPage.java:19)<br />
              lavante.recovery.testsuites.SanityTestSuite.verifySummaryPage(SanityTestSuite.java:341)<br />
              sun.reflect.NativeMethodAccessorImpl.invoke0(Native Method)<br />
              sun.reflect.NativeMethodAccessorImpl.invoke(NativeMethodAccessorImpl.java:62)<br />
              sun.reflect.DelegatingMethodAccessorImpl.invoke(DelegatingMethodAccessorImpl.java:43)<br />
              java.lang.reflect.Method.invoke(Method.java:497)<br />
              org.testng.internal.MethodInvocationHelper.invokeMethod(MethodInvocationHelper.java:84)<br />
              org.testng.internal.Invoker.invokeMethod(Invoker.java:714)<br />
              org.testng.internal.Invoker.invokeTestMethod(Invoker.java:901)<br />
              org.testng.internal.Invoker.invokeTestMethods(Invoker.java:1231)<br />
              org.testng.internal.TestMethodWorker.invokeTestMethods(TestMethodWorker.java:127)<br />
              org.testng.internal.TestMethodWorker.run(TestMethodWorker.java:111)<br />
              org.testng.TestRunner.privateRun(TestRunner.java:767)<br />
              org.testng.TestRunner.run(TestRunner.java:617)<br />
              org.testng.SuiteRunner.runTest(SuiteRunner.java:348)<br />
              org.testng.SuiteRunner.access$000(SuiteRunner.java:38)<br />
              org.testng.SuiteRunner$SuiteWorker.run(SuiteRunner.java:382)<br />
              org.testng.internal.thread.ThreadUtil$2.call(ThreadUtil.java:64)<br />
              java.util.concurrent.FutureTask.run(FutureTask.java:266)<br />
              java.util.concurrent.ThreadPoolExecutor.runWorker(ThreadPoolExecutor.java:1142)<br />
              java.util.concurrent.ThreadPoolExecutor$Worker.run(ThreadPoolExecutor.java:617)<br />
              java.lang.Thread.run(Thread.java:745)<br />
                </div>
      </td>
</tr>
<tr>
  <td class="method">
                  verifyUploadsPage
      </td>
  <td class="duration">
    14.877s
  </td>
  <td class="result">
        
    
            <div class="testOutput">
                        Pass: https://recoveryqa39.lavante.com/recovery/holdAssignments.lvp Page is working fine
                                Fail: 'uploadsLink' is not displayed
                                To View Screenshot <a href="file:///D:\Recovery_Auto_Workspace\Recovery_Automation/TestResults/Screenshots/2016_29_Jun_14_27_06.png">Click Here</a>
                  </div>
    

        <a href="javascript:toggleElement('exception-17', 'block')" title="Click to expand/collapse"><b>java.lang.AssertionError: Fail: &apos;uploadsLink&apos; is not displayed</b></a><br />
    <div class="stackTrace" id="exception-17">
              org.testng.Assert.fail(Assert.java:94)<br />
              lavante.recovery.utilities.Report.fail(Report.java:23)<br />
              lavante.recovery.utilities.seleniumBaseClass.click(seleniumBaseClass.java:221)<br />
              lavante.recovery.pageobjects.Configuration.Uploads.UploadsPage.verifyUploadsLink(UploadsPage.java:19)<br />
              lavante.recovery.testsuites.SanityTestSuite.verifyUploadsPage(SanityTestSuite.java:570)<br />
              sun.reflect.NativeMethodAccessorImpl.invoke0(Native Method)<br />
              sun.reflect.NativeMethodAccessorImpl.invoke(NativeMethodAccessorImpl.java:62)<br />
              sun.reflect.DelegatingMethodAccessorImpl.invoke(DelegatingMethodAccessorImpl.java:43)<br />
              java.lang.reflect.Method.invoke(Method.java:497)<br />
              org.testng.internal.MethodInvocationHelper.invokeMethod(MethodInvocationHelper.java:84)<br />
              org.testng.internal.Invoker.invokeMethod(Invoker.java:714)<br />
              org.testng.internal.Invoker.invokeTestMethod(Invoker.java:901)<br />
              org.testng.internal.Invoker.invokeTestMethods(Invoker.java:1231)<br />
              org.testng.internal.TestMethodWorker.invokeTestMethods(TestMethodWorker.java:127)<br />
              org.testng.internal.TestMethodWorker.run(TestMethodWorker.java:111)<br />
              org.testng.TestRunner.privateRun(TestRunner.java:767)<br />
              org.testng.TestRunner.run(TestRunner.java:617)<br />
              org.testng.SuiteRunner.runTest(SuiteRunner.java:348)<br />
              org.testng.SuiteRunner.access$000(SuiteRunner.java:38)<br />
              org.testng.SuiteRunner$SuiteWorker.run(SuiteRunner.java:382)<br />
              org.testng.internal.thread.ThreadUtil$2.call(ThreadUtil.java:64)<br />
              java.util.concurrent.FutureTask.run(FutureTask.java:266)<br />
              java.util.concurrent.ThreadPoolExecutor.runWorker(ThreadPoolExecutor.java:1142)<br />
              java.util.concurrent.ThreadPoolExecutor$Worker.run(ThreadPoolExecutor.java:617)<br />
              java.lang.Thread.run(Thread.java:745)<br />
                </div>
      </td>
</tr>
<tr>
  <td class="method">
                  verifyauditInboundPage
      </td>
  <td class="duration">
    11.898s
  </td>
  <td class="result">
        
    
            <div class="testOutput">
                        Pass: https://recoveryqa39.lavante.com/recovery/holdAssignments.lvp Page is working fine
                                Fail: 'inboundLink' is not displayed
                                To View Screenshot <a href="file:///D:\Recovery_Auto_Workspace\Recovery_Automation/TestResults/Screenshots/2016_29_Jun_14_24_11.png">Click Here</a>
                  </div>
    

        <a href="javascript:toggleElement('exception-18', 'block')" title="Click to expand/collapse"><b>java.lang.AssertionError: Fail: &apos;inboundLink&apos; is not displayed</b></a><br />
    <div class="stackTrace" id="exception-18">
              org.testng.Assert.fail(Assert.java:94)<br />
              lavante.recovery.utilities.Report.fail(Report.java:23)<br />
              lavante.recovery.utilities.seleniumBaseClass.click(seleniumBaseClass.java:221)<br />
              lavante.recovery.pageobjects.Audit.AuditInboundPage.verifyinboundLink(AuditInboundPage.java:19)<br />
              lavante.recovery.testsuites.SanityTestSuite.verifyauditInboundPage(SanityTestSuite.java:163)<br />
              sun.reflect.NativeMethodAccessorImpl.invoke0(Native Method)<br />
              sun.reflect.NativeMethodAccessorImpl.invoke(NativeMethodAccessorImpl.java:62)<br />
              sun.reflect.DelegatingMethodAccessorImpl.invoke(DelegatingMethodAccessorImpl.java:43)<br />
              java.lang.reflect.Method.invoke(Method.java:497)<br />
              org.testng.internal.MethodInvocationHelper.invokeMethod(MethodInvocationHelper.java:84)<br />
              org.testng.internal.Invoker.invokeMethod(Invoker.java:714)<br />
              org.testng.internal.Invoker.invokeTestMethod(Invoker.java:901)<br />
              org.testng.internal.Invoker.invokeTestMethods(Invoker.java:1231)<br />
              org.testng.internal.TestMethodWorker.invokeTestMethods(TestMethodWorker.java:127)<br />
              org.testng.internal.TestMethodWorker.run(TestMethodWorker.java:111)<br />
              org.testng.TestRunner.privateRun(TestRunner.java:767)<br />
              org.testng.TestRunner.run(TestRunner.java:617)<br />
              org.testng.SuiteRunner.runTest(SuiteRunner.java:348)<br />
              org.testng.SuiteRunner.access$000(SuiteRunner.java:38)<br />
              org.testng.SuiteRunner$SuiteWorker.run(SuiteRunner.java:382)<br />
              org.testng.internal.thread.ThreadUtil$2.call(ThreadUtil.java:64)<br />
              java.util.concurrent.FutureTask.run(FutureTask.java:266)<br />
              java.util.concurrent.ThreadPoolExecutor.runWorker(ThreadPoolExecutor.java:1142)<br />
              java.util.concurrent.ThreadPoolExecutor$Worker.run(ThreadPoolExecutor.java:617)<br />
              java.lang.Thread.run(Thread.java:745)<br />
                </div>
      </td>
</tr>
<tr>
  <td class="method">
                  verifyauditOutboundPage
      </td>
  <td class="duration">
    19.768s
  </td>
  <td class="result">
        
    
            <div class="testOutput">
                        Fail: 'currentMonCredits' is not displayedUnable to locate element: {"method":"css selector","selector":"a[href*='CurrentMonthCredits']"}
Command duration or timeout: 10.06 seconds
For documentation on this error, please visit: http://seleniumhq.org/exceptions/no_such_element.html
Build info: version: '2.52.0', revision: '4c2593cfc3689a7fcd7be52549167e5ccc93ad28', time: '2016-02-11 11:22:43'
System info: host: 'WLW7-TALLURYS', ip: '192.168.21.55', os.name: 'Windows 7', os.arch: 'amd64', os.version: '6.1', java.version: '1.8.0_40'
Driver info: org.openqa.selenium.firefox.FirefoxDriver
Capabilities [{applicationCacheEnabled=true, rotatable=false, handlesAlerts=true, databaseEnabled=true, version=43.0.1, platform=WINDOWS, nativeEvents=false, acceptSslCerts=true, webStorageEnabled=true, locationContextEnabled=true, browserName=firefox, takesScreenshot=true, javascriptEnabled=true, cssSelectorsEnabled=true}]
Session ID: f95c0ad4-e4f3-48c2-9d0f-d08a643dcfcc
*** Element info: {Using=css selector, value=a[href*='CurrentMonthCredits']}
                                To View Screenshot <a href="file:///D:\Recovery_Auto_Workspace\Recovery_Automation/TestResults/Screenshots/2016_29_Jun_14_23_59.png">Click Here</a>
                  </div>
    

        <a href="javascript:toggleElement('exception-19', 'block')" title="Click to expand/collapse"><b>java.lang.AssertionError: Fail: &apos;currentMonCredits&apos; is not displayedUnable to locate element: {&quot;method&quot;:&quot;css selector&quot;,&quot;selector&quot;:&quot;a[href*=&apos;CurrentMonthCredits&apos;]&quot;}<br/>
Command duration or timeout: 10.06 seconds<br/>
For documentation on this error, please visit: http://seleniumhq.org/exceptions/no_such_element.html<br/>
Build info: version: &apos;2.52.0&apos;, revision: &apos;4c2593cfc3689a7fcd7be52549167e5ccc93ad28&apos;, time: &apos;2016-02-11 11:22:43&apos;<br/>
System info: host: &apos;WLW7-TALLURYS&apos;, ip: &apos;192.168.21.55&apos;, os.name: &apos;Windows 7&apos;, os.arch: &apos;amd64&apos;, os.version: &apos;6.1&apos;, java.version: &apos;1.8.0_40&apos;<br/>
Driver info: org.openqa.selenium.firefox.FirefoxDriver<br/>
Capabilities [{applicationCacheEnabled=true, rotatable=false, handlesAlerts=true, databaseEnabled=true, version=43.0.1, platform=WINDOWS, nativeEvents=false, acceptSslCerts=true, webStorageEnabled=true, locationContextEnabled=true, browserName=firefox, takesScreenshot=true, javascriptEnabled=true, cssSelectorsEnabled=true}]<br/>
Session ID: f95c0ad4-e4f3-48c2-9d0f-d08a643dcfcc<br/>
*** Element info: {Using=css selector, value=a[href*=&apos;CurrentMonthCredits&apos;]}</b></a><br />
    <div class="stackTrace" id="exception-19">
              org.testng.Assert.fail(Assert.java:94)<br />
              lavante.recovery.utilities.Report.fail(Report.java:23)<br />
              lavante.recovery.utilities.seleniumBaseClass.isDisplayed(seleniumBaseClass.java:241)<br />
              lavante.recovery.pageobjects.Audit.AuditOutboundPage.verifycurrentMonCredits(AuditOutboundPage.java:43)<br />
              lavante.recovery.testsuites.SanityTestSuite.verifyauditOutboundPage(SanityTestSuite.java:150)<br />
              sun.reflect.NativeMethodAccessorImpl.invoke0(Native Method)<br />
              sun.reflect.NativeMethodAccessorImpl.invoke(NativeMethodAccessorImpl.java:62)<br />
              sun.reflect.DelegatingMethodAccessorImpl.invoke(DelegatingMethodAccessorImpl.java:43)<br />
              java.lang.reflect.Method.invoke(Method.java:497)<br />
              org.testng.internal.MethodInvocationHelper.invokeMethod(MethodInvocationHelper.java:84)<br />
              org.testng.internal.Invoker.invokeMethod(Invoker.java:714)<br />
              org.testng.internal.Invoker.invokeTestMethod(Invoker.java:901)<br />
              org.testng.internal.Invoker.invokeTestMethods(Invoker.java:1231)<br />
              org.testng.internal.TestMethodWorker.invokeTestMethods(TestMethodWorker.java:127)<br />
              org.testng.internal.TestMethodWorker.run(TestMethodWorker.java:111)<br />
              org.testng.TestRunner.privateRun(TestRunner.java:767)<br />
              org.testng.TestRunner.run(TestRunner.java:617)<br />
              org.testng.SuiteRunner.runTest(SuiteRunner.java:348)<br />
              org.testng.SuiteRunner.access$000(SuiteRunner.java:38)<br />
              org.testng.SuiteRunner$SuiteWorker.run(SuiteRunner.java:382)<br />
              org.testng.internal.thread.ThreadUtil$2.call(ThreadUtil.java:64)<br />
              java.util.concurrent.FutureTask.run(FutureTask.java:266)<br />
              java.util.concurrent.ThreadPoolExecutor.runWorker(ThreadPoolExecutor.java:1142)<br />
              java.util.concurrent.ThreadPoolExecutor$Worker.run(ThreadPoolExecutor.java:617)<br />
              java.lang.Thread.run(Thread.java:745)<br />
                </div>
      </td>
</tr>
<tr>
  <td class="method">
                  verifyauditStatisticsAssignmentsPage
      </td>
  <td class="duration">
    26.779s
  </td>
  <td class="result">
        
    
            <div class="testOutput">
                        Fail: 'auditStatsTable' is not displayedUnable to locate element: {"method":"css selector","selector":"#auditStatistics tr"}
Command duration or timeout: 10.06 seconds
For documentation on this error, please visit: http://seleniumhq.org/exceptions/no_such_element.html
Build info: version: '2.52.0', revision: '4c2593cfc3689a7fcd7be52549167e5ccc93ad28', time: '2016-02-11 11:22:43'
System info: host: 'WLW7-TALLURYS', ip: '192.168.21.55', os.name: 'Windows 7', os.arch: 'amd64', os.version: '6.1', java.version: '1.8.0_40'
Driver info: org.openqa.selenium.firefox.FirefoxDriver
Capabilities [{applicationCacheEnabled=true, rotatable=false, handlesAlerts=true, databaseEnabled=true, version=43.0.1, platform=WINDOWS, nativeEvents=false, acceptSslCerts=true, webStorageEnabled=true, locationContextEnabled=true, browserName=firefox, takesScreenshot=true, javascriptEnabled=true, cssSelectorsEnabled=true}]
Session ID: f95c0ad4-e4f3-48c2-9d0f-d08a643dcfcc
*** Element info: {Using=css selector, value=#auditStatistics tr}
                                To View Screenshot <a href="file:///D:\Recovery_Auto_Workspace\Recovery_Automation/TestResults/Screenshots/2016_29_Jun_14_28_03.png">Click Here</a>
                  </div>
    

        <a href="javascript:toggleElement('exception-20', 'block')" title="Click to expand/collapse"><b>java.lang.AssertionError: Fail: &apos;auditStatsTable&apos; is not displayedUnable to locate element: {&quot;method&quot;:&quot;css selector&quot;,&quot;selector&quot;:&quot;#auditStatistics tr&quot;}<br/>
Command duration or timeout: 10.06 seconds<br/>
For documentation on this error, please visit: http://seleniumhq.org/exceptions/no_such_element.html<br/>
Build info: version: &apos;2.52.0&apos;, revision: &apos;4c2593cfc3689a7fcd7be52549167e5ccc93ad28&apos;, time: &apos;2016-02-11 11:22:43&apos;<br/>
System info: host: &apos;WLW7-TALLURYS&apos;, ip: &apos;192.168.21.55&apos;, os.name: &apos;Windows 7&apos;, os.arch: &apos;amd64&apos;, os.version: &apos;6.1&apos;, java.version: &apos;1.8.0_40&apos;<br/>
Driver info: org.openqa.selenium.firefox.FirefoxDriver<br/>
Capabilities [{applicationCacheEnabled=true, rotatable=false, handlesAlerts=true, databaseEnabled=true, version=43.0.1, platform=WINDOWS, nativeEvents=false, acceptSslCerts=true, webStorageEnabled=true, locationContextEnabled=true, browserName=firefox, takesScreenshot=true, javascriptEnabled=true, cssSelectorsEnabled=true}]<br/>
Session ID: f95c0ad4-e4f3-48c2-9d0f-d08a643dcfcc<br/>
*** Element info: {Using=css selector, value=#auditStatistics tr}</b></a><br />
    <div class="stackTrace" id="exception-20">
              org.testng.Assert.fail(Assert.java:94)<br />
              lavante.recovery.utilities.Report.fail(Report.java:23)<br />
              lavante.recovery.utilities.seleniumBaseClass.isDisplayed(seleniumBaseClass.java:241)<br />
              lavante.recovery.pageobjects.Assignments.AuditStatisticsPage.verifyauditStatsTable(AuditStatisticsPage.java:31)<br />
              lavante.recovery.testsuites.SanityTestSuite.verifyauditStatisticsAssignmentsPage(SanityTestSuite.java:653)<br />
              sun.reflect.NativeMethodAccessorImpl.invoke0(Native Method)<br />
              sun.reflect.NativeMethodAccessorImpl.invoke(NativeMethodAccessorImpl.java:62)<br />
              sun.reflect.DelegatingMethodAccessorImpl.invoke(DelegatingMethodAccessorImpl.java:43)<br />
              java.lang.reflect.Method.invoke(Method.java:497)<br />
              org.testng.internal.MethodInvocationHelper.invokeMethod(MethodInvocationHelper.java:84)<br />
              org.testng.internal.Invoker.invokeMethod(Invoker.java:714)<br />
              org.testng.internal.Invoker.invokeTestMethod(Invoker.java:901)<br />
              org.testng.internal.Invoker.invokeTestMethods(Invoker.java:1231)<br />
              org.testng.internal.TestMethodWorker.invokeTestMethods(TestMethodWorker.java:127)<br />
              org.testng.internal.TestMethodWorker.run(TestMethodWorker.java:111)<br />
              org.testng.TestRunner.privateRun(TestRunner.java:767)<br />
              org.testng.TestRunner.run(TestRunner.java:617)<br />
              org.testng.SuiteRunner.runTest(SuiteRunner.java:348)<br />
              org.testng.SuiteRunner.access$000(SuiteRunner.java:38)<br />
              org.testng.SuiteRunner$SuiteWorker.run(SuiteRunner.java:382)<br />
              org.testng.internal.thread.ThreadUtil$2.call(ThreadUtil.java:64)<br />
              java.util.concurrent.FutureTask.run(FutureTask.java:266)<br />
              java.util.concurrent.ThreadPoolExecutor.runWorker(ThreadPoolExecutor.java:1142)<br />
              java.util.concurrent.ThreadPoolExecutor$Worker.run(ThreadPoolExecutor.java:617)<br />
              java.lang.Thread.run(Thread.java:745)<br />
                </div>
      </td>
</tr>
<tr>
  <td class="method">
                  verifycontactEntryPage
      </td>
  <td class="duration">
    16.875s
  </td>
  <td class="result">
        
    
            <div class="testOutput">
                        Pass: https://recoveryqa39.lavante.com/recovery/holdAssignments.lvp Page is working fine
                                Fail: 'contactEntry' is not displayed
                                To View Screenshot <a href="file:///D:\Recovery_Auto_Workspace\Recovery_Automation/TestResults/Screenshots/2016_29_Jun_14_24_28.png">Click Here</a>
                  </div>
    

        <a href="javascript:toggleElement('exception-21', 'block')" title="Click to expand/collapse"><b>java.lang.AssertionError: Fail: &apos;contactEntry&apos; is not displayed</b></a><br />
    <div class="stackTrace" id="exception-21">
              org.testng.Assert.fail(Assert.java:94)<br />
              lavante.recovery.utilities.Report.fail(Report.java:23)<br />
              lavante.recovery.utilities.seleniumBaseClass.click(seleniumBaseClass.java:221)<br />
              lavante.recovery.pageobjects.Audit.AuditContactEntryPage.verifycontactEntryLink(AuditContactEntryPage.java:19)<br />
              lavante.recovery.testsuites.SanityTestSuite.verifycontactEntryPage(SanityTestSuite.java:248)<br />
              sun.reflect.NativeMethodAccessorImpl.invoke0(Native Method)<br />
              sun.reflect.NativeMethodAccessorImpl.invoke(NativeMethodAccessorImpl.java:62)<br />
              sun.reflect.DelegatingMethodAccessorImpl.invoke(DelegatingMethodAccessorImpl.java:43)<br />
              java.lang.reflect.Method.invoke(Method.java:497)<br />
              org.testng.internal.MethodInvocationHelper.invokeMethod(MethodInvocationHelper.java:84)<br />
              org.testng.internal.Invoker.invokeMethod(Invoker.java:714)<br />
              org.testng.internal.Invoker.invokeTestMethod(Invoker.java:901)<br />
              org.testng.internal.Invoker.invokeTestMethods(Invoker.java:1231)<br />
              org.testng.internal.TestMethodWorker.invokeTestMethods(TestMethodWorker.java:127)<br />
              org.testng.internal.TestMethodWorker.run(TestMethodWorker.java:111)<br />
              org.testng.TestRunner.privateRun(TestRunner.java:767)<br />
              org.testng.TestRunner.run(TestRunner.java:617)<br />
              org.testng.SuiteRunner.runTest(SuiteRunner.java:348)<br />
              org.testng.SuiteRunner.access$000(SuiteRunner.java:38)<br />
              org.testng.SuiteRunner$SuiteWorker.run(SuiteRunner.java:382)<br />
              org.testng.internal.thread.ThreadUtil$2.call(ThreadUtil.java:64)<br />
              java.util.concurrent.FutureTask.run(FutureTask.java:266)<br />
              java.util.concurrent.ThreadPoolExecutor.runWorker(ThreadPoolExecutor.java:1142)<br />
              java.util.concurrent.ThreadPoolExecutor$Worker.run(ThreadPoolExecutor.java:617)<br />
              java.lang.Thread.run(Thread.java:745)<br />
                </div>
      </td>
</tr>
      </table>

  <table class="resultsTable" width="100%">
    <tr><th colspan="3" class="header skipped">Skipped Tests</th></tr>
          <tr>
        <td colspan="3" class="group">lavante.recovery.testsuites.SanityTestSuite</td>
      </tr>
            
<tr>
  <td class="method">
                  verifyAccountAuditGroupsPage
      </td>
  <td class="duration">
    0.000s
  </td>
  <td class="result">
                             <i>Depends on method(s): </i>
        <span class="dependency">lavante.recovery.testsuites.SanityTestSuite.verifyAccountPage</span>
                
    
        

      </td>
</tr>
<tr>
  <td class="method">
                  verifyAccountNotificationPage
      </td>
  <td class="duration">
    0.000s
  </td>
  <td class="result">
                             <i>Depends on method(s): </i>
        <span class="dependency">lavante.recovery.testsuites.SanityTestSuite.verifyAccountPage</span>
                
    
        

      </td>
</tr>
<tr>
  <td class="method">
                  verifyAccountUserGroupsPage
      </td>
  <td class="duration">
    0.000s
  </td>
  <td class="result">
                             <i>Depends on method(s): </i>
        <span class="dependency">lavante.recovery.testsuites.SanityTestSuite.verifyAccountPage</span>
                
    
        

      </td>
</tr>
<tr>
  <td class="method">
                  verifyAccountUsersPage
      </td>
  <td class="duration">
    0.000s
  </td>
  <td class="result">
                             <i>Depends on method(s): </i>
        <span class="dependency">lavante.recovery.testsuites.SanityTestSuite.verifyAccountPage</span>
                
    
        

      </td>
</tr>
<tr>
  <td class="method">
                  verifyBackGroundJobsPage
      </td>
  <td class="duration">
    0.000s
  </td>
  <td class="result">
                             <i>Depends on method(s): </i>
        <span class="dependency">lavante.recovery.testsuites.SanityTestSuite.verifyFaxJobsPage</span>
                
    
        

      </td>
</tr>
<tr>
  <td class="method">
                  verifyCreditrejectionPage
      </td>
  <td class="duration">
    0.000s
  </td>
  <td class="result">
                             <i>Depends on method(s): </i>
        <span class="dependency">lavante.recovery.testsuites.SanityTestSuite.verifyOthersPage</span>
                
    
        

      </td>
</tr>
<tr>
  <td class="method">
                  verifyFinContractDetailsPage
      </td>
  <td class="duration">
    0.000s
  </td>
  <td class="result">
                             <i>Depends on method(s): </i>
        <span class="dependency">lavante.recovery.testsuites.SanityTestSuite.verifyFinancePage</span>
                
    
        

      </td>
</tr>
<tr>
  <td class="method">
                  verifyFinInvoicesPage
      </td>
  <td class="duration">
    0.000s
  </td>
  <td class="result">
                             <i>Depends on method(s): </i>
        <span class="dependency">lavante.recovery.testsuites.SanityTestSuite.verifyFinancePage</span>
                
    
        

      </td>
</tr>
<tr>
  <td class="method">
                  verifyOthersFaxCommentsPage
      </td>
  <td class="duration">
    0.000s
  </td>
  <td class="result">
                             <i>Depends on method(s): </i>
        <span class="dependency">lavante.recovery.testsuites.SanityTestSuite.verifyOthersPage</span>
                
    
        

      </td>
</tr>
<tr>
  <td class="method">
                  verifyPhoneExtensionPage
      </td>
  <td class="duration">
    0.000s
  </td>
  <td class="result">
                             <i>Depends on method(s): </i>
        <span class="dependency">lavante.recovery.testsuites.SanityTestSuite.verifyOthersPage</span>
                
    
        

      </td>
</tr>
<tr>
  <td class="method">
                  verifySetupAuditPage
      </td>
  <td class="duration">
    0.000s
  </td>
  <td class="result">
                             <i>Depends on method(s): </i>
        <span class="dependency">lavante.recovery.testsuites.SanityTestSuite.verifySetupPage</span>
                
    
        

      </td>
</tr>
<tr>
  <td class="method">
                  verifySetupBUPage
      </td>
  <td class="duration">
    0.000s
  </td>
  <td class="result">
                             <i>Depends on method(s): </i>
        <span class="dependency">lavante.recovery.testsuites.SanityTestSuite.verifySetupPage</span>
                
    
        

      </td>
</tr>
<tr>
  <td class="method">
                  verifySetupClientPage
      </td>
  <td class="duration">
    0.000s
  </td>
  <td class="result">
                             <i>Depends on method(s): </i>
        <span class="dependency">lavante.recovery.testsuites.SanityTestSuite.verifySetupPage</span>
                
    
        

      </td>
</tr>
<tr>
  <td class="method">
                  verifySetupManageCurrencyPage
      </td>
  <td class="duration">
    0.000s
  </td>
  <td class="result">
                             <i>Depends on method(s): </i>
        <span class="dependency">lavante.recovery.testsuites.SanityTestSuite.verifySetupPage</span>
                
    
        

      </td>
</tr>
<tr>
  <td class="method">
                  verifySetupPreferencesPage
      </td>
  <td class="duration">
    0.000s
  </td>
  <td class="result">
                             <i>Depends on method(s): </i>
        <span class="dependency">lavante.recovery.testsuites.SanityTestSuite.verifySetupPage</span>
                
    
        

      </td>
</tr>
<tr>
  <td class="method">
                  verifySetupReqLetterPage
      </td>
  <td class="duration">
    0.000s
  </td>
  <td class="result">
                             <i>Depends on method(s): </i>
        <span class="dependency">lavante.recovery.testsuites.SanityTestSuite.verifySetupPage</span>
                
    
        

      </td>
</tr>
      </table>

  <table class="resultsTable">
    <tr><th colspan="3" class="header passed">Passed Tests</th></tr>
          <tr>
        <td colspan="3" class="group">lavante.recovery.testsuites.SanityTestSuite</td>
      </tr>
            
<tr>
  <td class="method">
                  verifyAssignmentsPage
      </td>
  <td class="duration">
    11.626s
  </td>
  <td class="result">
        
    
            <div class="testOutput">
                        Pass: 'assignmentsLink' is clicked
                                Pass: https://recoveryqa39.lavante.com/recovery/holdAssignments.lvp Page is working fine
                  </div>
    

      </td>
</tr>
<tr>
  <td class="method">
                  verifyAuditLink
      </td>
  <td class="duration">
    38.680s
  </td>
  <td class="result">
        
    
            <div class="testOutput">
                        Pass: 'auditLink' is clicked
                                Pass: https://recoveryqa39.lavante.com/recovery/outbound.lvp Page is working fine
                                Pass: 'auditLink' is displayed
                  </div>
    

      </td>
</tr>
<tr>
  <td class="method">
                  verifyClaimsPage
      </td>
  <td class="duration">
    7.461s
  </td>
  <td class="result">
        
    
            <div class="testOutput">
                        Pass: 'claimsLink' is clicked
                                Pass: https://recoveryqa39.lavante.com/recovery/claim.lvp Page is working fine
                                Pass: 'totalClaimsTable' is displayed
                                Pass: 'claimsListTable' is displayed
                  </div>
    

      </td>
</tr>
<tr>
  <td class="method">
                  verifyConfigTab
      </td>
  <td class="duration">
    3.831s
  </td>
  <td class="result">
        
    
            <div class="testOutput">
                        Pass: 'configurationLink' is clicked
                                Pass: https://recoveryqa39.lavante.com/recovery/configuration.lvp Page is working fine
                  </div>
    

      </td>
</tr>
<tr>
  <td class="method">
                  verifyDashBoardLink
      </td>
  <td class="duration">
    15.749s
  </td>
  <td class="result">
        
    
            <div class="testOutput">
                        Pass: 'dashBoardLink' is displayed
                  </div>
    

      </td>
</tr>
<tr>
  <td class="method">
                  verifyInvoicesPage
      </td>
  <td class="duration">
    11.313s
  </td>
  <td class="result">
        
    
            <div class="testOutput">
                        Pass: 'invoicesLink' is clicked
                                Pass: 'invoiceSummaryTable' is displayed
                                Pass: 'invoiceSummaryDetailsTable' is displayed
                                Pass: 'invoicesCreditLink' is clicked
                                Pass: 'invoicesCreditTable' is displayed
                                Pass: 'invoicesVoidLink' is clicked
                                Pass: https://recoveryqa39.lavante.com/recovery/invoice.lvp#void Page is working fine
                                Pass: 'invoicesVoidTable' is displayed
                                Pass: 'invoicesRefundLink' is clicked
                                Pass: https://recoveryqa39.lavante.com/recovery/invoice.lvp#refund Page is working fine
                  </div>
    

      </td>
</tr>
      </table>
  
</body>
</html>
