<?xml version="1.0" encoding="UTF-8"?>
<!-- Generated by org.testng.reporters.JUnitReportReporter -->
<testsuite skipped="12" hostname="WLW7-PRIYANKAM" name="com.lavante.configurator.TestScripts.ConfigSanity" tests="13" failures="0" timestamp="22 Sep 2017 10:37:57 GMT" time="1269.815" errors="1">
  <testcase name="preCondition" time="1269.815" classname="com.lavante.configurator.TestScripts.ConfigSanity">
    <error type="org.openqa.selenium.WebDriverException" message="connection refused
Build info: version: &#039;3.4.0&#039;, revision: &#039;unknown&#039;, time: &#039;unknown&#039;
System info: host: &#039;WLW7-PRIYANKAM&#039;, ip: &#039;192.168.21.82&#039;, os.name: &#039;Windows 7&#039;, os.arch: &#039;amd64&#039;, os.version: &#039;6.1&#039;, java.version: &#039;1.8.0_40&#039;
Driver info: driver.version: FirefoxDriver
remote stacktrace: stack backtrace:
   0:           0x61f07f - &lt;no info&gt;
   1:           0x61fe59 - &lt;no info&gt;
   2:           0x435ea4 - &lt;no info&gt;
   3:           0x41e5cc - &lt;no info&gt;
   4:           0x408307 - &lt;no info&gt;
   5:           0x6750f9 - &lt;no info&gt;
   6:           0x416877 - &lt;no info&gt;
   7:           0x66ed53 - &lt;no info&gt;
   8:         0x76e959cd - BaseThreadInitThunk">
      <![CDATA[org.openqa.selenium.WebDriverException: connection refused
Build info: version: '3.4.0', revision: 'unknown', time: 'unknown'
System info: host: 'WLW7-PRIYANKAM', ip: '192.168.21.82', os.name: 'Windows 7', os.arch: 'amd64', os.version: '6.1', java.version: '1.8.0_40'
Driver info: driver.version: FirefoxDriver
remote stacktrace: stack backtrace:
   0:           0x61f07f - <no info>
   1:           0x61fe59 - <no info>
   2:           0x435ea4 - <no info>
   3:           0x41e5cc - <no info>
   4:           0x408307 - <no info>
   5:           0x6750f9 - <no info>
   6:           0x416877 - <no info>
   7:           0x66ed53 - <no info>
   8:         0x76e959cd - BaseThreadInitThunk
	at sun.reflect.NativeConstructorAccessorImpl.newInstance0(Native Method)
	at sun.reflect.NativeConstructorAccessorImpl.newInstance(Unknown Source)
	at sun.reflect.DelegatingConstructorAccessorImpl.newInstance(Unknown Source)
	at java.lang.reflect.Constructor.newInstance(Unknown Source)
	at org.openqa.selenium.remote.W3CHandshakeResponse.lambda$new$0(W3CHandshakeResponse.java:57)
	at org.openqa.selenium.remote.W3CHandshakeResponse$$Lambda$94/114414807.apply(Unknown Source)
	at org.openqa.selenium.remote.W3CHandshakeResponse.lambda$getResponseFunction$2(W3CHandshakeResponse.java:104)
	at org.openqa.selenium.remote.W3CHandshakeResponse$$Lambda$96/1751500625.apply(Unknown Source)
	at org.openqa.selenium.remote.ProtocolHandshake.lambda$createSession$22(ProtocolHandshake.java:365)
	at org.openqa.selenium.remote.ProtocolHandshake$$Lambda$97/1650955365.apply(Unknown Source)
	at java.util.stream.ReferencePipeline$3$1.accept(Unknown Source)
	at java.util.Spliterators$ArraySpliterator.tryAdvance(Unknown Source)
	at java.util.stream.ReferencePipeline.forEachWithCancel(Unknown Source)
	at java.util.stream.AbstractPipeline.copyIntoWithCancel(Unknown Source)
	at java.util.stream.AbstractPipeline.copyInto(Unknown Source)
	at java.util.stream.AbstractPipeline.wrapAndCopyInto(Unknown Source)
	at java.util.stream.FindOps$FindOp.evaluateSequential(Unknown Source)
	at java.util.stream.AbstractPipeline.evaluate(Unknown Source)
	at java.util.stream.ReferencePipeline.findFirst(Unknown Source)
	at org.openqa.selenium.remote.ProtocolHandshake.createSession(ProtocolHandshake.java:368)
	at org.openqa.selenium.remote.ProtocolHandshake.createSession(ProtocolHandshake.java:159)
	at org.openqa.selenium.remote.HttpCommandExecutor.execute(HttpCommandExecutor.java:142)
	at org.openqa.selenium.remote.service.DriverCommandExecutor.execute(DriverCommandExecutor.java:82)
	at org.openqa.selenium.remote.RemoteWebDriver.execute(RemoteWebDriver.java:637)
	at org.openqa.selenium.remote.RemoteWebDriver.startSession(RemoteWebDriver.java:250)
	at org.openqa.selenium.remote.RemoteWebDriver.startSession(RemoteWebDriver.java:236)
	at org.openqa.selenium.remote.RemoteWebDriver.<init>(RemoteWebDriver.java:137)
	at org.openqa.selenium.firefox.FirefoxDriver.<init>(FirefoxDriver.java:191)
	at org.openqa.selenium.firefox.FirefoxDriver.<init>(FirefoxDriver.java:108)
	at org.openqa.selenium.firefox.FirefoxDriver.<init>(FirefoxDriver.java:137)
	at com.lavante.configurator.Common.Util.LavanteUtils.launchAppThroughPOM(LavanteUtils.java:270)
	at com.lavante.configurator.TestScripts.ConfigSanity.preCondition(ConfigSanity.java:33)
	at sun.reflect.NativeMethodAccessorImpl.invoke0(Native Method)
	at sun.reflect.NativeMethodAccessorImpl.invoke(Unknown Source)
	at sun.reflect.DelegatingMethodAccessorImpl.invoke(Unknown Source)
	at java.lang.reflect.Method.invoke(Unknown Source)
	at org.testng.internal.MethodInvocationHelper.invokeMethod(MethodInvocationHelper.java:108)
	at org.testng.internal.Invoker.invokeConfigurationMethod(Invoker.java:523)
	at org.testng.internal.Invoker.invokeConfigurations(Invoker.java:224)
	at org.testng.internal.Invoker.invokeConfigurations(Invoker.java:146)
	at org.testng.internal.TestMethodWorker.invokeBeforeClassMethods(TestMethodWorker.java:166)
	at org.testng.internal.TestMethodWorker.run(TestMethodWorker.java:105)
	at org.testng.TestRunner.privateRun(TestRunner.java:744)
	at org.testng.TestRunner.run(TestRunner.java:602)
	at org.testng.SuiteRunner.runTest(SuiteRunner.java:380)
	at org.testng.SuiteRunner.runSequentially(SuiteRunner.java:375)
	at org.testng.SuiteRunner.privateRun(SuiteRunner.java:340)
	at org.testng.SuiteRunner.run(SuiteRunner.java:289)
	at org.testng.SuiteRunnerWorker.runSuite(SuiteRunnerWorker.java:52)
	at org.testng.SuiteRunnerWorker.run(SuiteRunnerWorker.java:86)
	at org.testng.TestNG.runSuitesSequentially(TestNG.java:1301)
	at org.testng.TestNG.runSuitesLocally(TestNG.java:1226)
	at org.testng.TestNG.runSuites(TestNG.java:1144)
	at org.testng.TestNG.run(TestNG.java:1115)
	at org.testng.remote.AbstractRemoteTestNG.run(AbstractRemoteTestNG.java:132)
	at org.testng.remote.RemoteTestNG.initAndRun(RemoteTestNG.java:230)
	at org.testng.remote.RemoteTestNG.main(RemoteTestNG.java:76)
]]>
    </error>
  </testcase> <!-- preCondition -->
  <testcase name="SummaryPageTest" time="0.000" classname="com.lavante.configurator.TestScripts.ConfigSanity">
    <skipped/>
  </testcase> <!-- SummaryPageTest -->
  <testcase name="GeneralPageTest" time="0.000" classname="com.lavante.configurator.TestScripts.ConfigSanity">
    <skipped/>
  </testcase> <!-- GeneralPageTest -->
  <testcase name="PreferencePageTest" time="0.000" classname="com.lavante.configurator.TestScripts.ConfigSanity">
    <skipped/>
  </testcase> <!-- PreferencePageTest -->
  <testcase name="FeatureSanityTest" time="0.000" classname="com.lavante.configurator.TestScripts.ConfigSanity">
    <skipped/>
  </testcase> <!-- FeatureSanityTest -->
  <testcase name="RoleSanityTest" time="0.000" classname="com.lavante.configurator.TestScripts.ConfigSanity">
    <skipped/>
  </testcase> <!-- RoleSanityTest -->
  <testcase name="PreferencesSanityTest2" time="0.000" classname="com.lavante.configurator.TestScripts.ConfigSanity">
    <skipped/>
  </testcase> <!-- PreferencesSanityTest2 -->
  <testcase name="ConfigSanityUserpage" time="0.000" classname="com.lavante.configurator.TestScripts.ConfigSanity">
    <skipped/>
  </testcase> <!-- ConfigSanityUserpage -->
  <testcase name="ConfigSanityoutreachsetup" time="0.000" classname="com.lavante.configurator.TestScripts.ConfigSanity">
    <skipped/>
  </testcase> <!-- ConfigSanityoutreachsetup -->
  <testcase name="ConfigSanityOutReachtemplate" time="0.000" classname="com.lavante.configurator.TestScripts.ConfigSanity">
    <skipped/>
  </testcase> <!-- ConfigSanityOutReachtemplate -->
  <testcase name="ConfigSanityvendortypepage" time="0.000" classname="com.lavante.configurator.TestScripts.ConfigSanity">
    <skipped/>
  </testcase> <!-- ConfigSanityvendortypepage -->
  <testcase name="ConfigSanitypaymentsettingpage" time="0.000" classname="com.lavante.configurator.TestScripts.ConfigSanity">
    <skipped/>
  </testcase> <!-- ConfigSanitypaymentsettingpage -->
  <testcase name="ConfigSanitysuppliergrouppage" time="0.000" classname="com.lavante.configurator.TestScripts.ConfigSanity">
    <skipped/>
  </testcase> <!-- ConfigSanitysuppliergrouppage -->
</testsuite> <!-- com.lavante.configurator.TestScripts.ConfigSanity -->
