<!DOCTYPE html PUBLIC "-//W3C//DTD XHTML 1.1//EN" "http://www.w3.org/TR/xhtml11/DTD/xhtml11.dtd">
<html xmlns="http://www.w3.org/1999/xhtml"><head><title>TestNG Report</title><style type="text/css">table {margin-bottom:10px;border-collapse:collapse;empty-cells:show}th,td {border:1px solid #009;padding:.25em .5em}th {vertical-align:bottom}td {vertical-align:top}table a {font-weight:bold}.stripe td {background-color: #E6EBF9}.num {text-align:right}.passedodd td {background-color: #3F3}.passedeven td {background-color: #0A0}.skippedodd td {background-color: #DDD}.skippedeven td {background-color: #CCC}.failedodd td,.attn {background-color: #F33}.failedeven td,.stripe .attn {background-color: #D00}.stacktrace {white-space:pre;font-family:monospace}.totop {font-size:85%;text-align:center;border-bottom:2px solid #000}</style></head><body><table><tr><th>Test</th><th># Passed</th><th># Skipped</th><th># Failed</th><th>Time (ms)</th><th>Included Groups</th><th>Excluded Groups</th></tr><tr><th colspan="7">Default suite</th></tr><tr><td><a href="#t0">Default test</a></td><td class="num">40</td><td class="num">0</td><td class="num attn">5</td><td class="num">601,275</td><td></td><td></td></tr></table><table><thead><tr><th>Class</th><th>Method</th><th>Start</th><th>Time (ms)</th></tr></thead><tbody><tr><th colspan="4">Default suite</th></tr></tbody><tbody id="t0"><tr><th colspan="4">Default test &#8212; failed</th></tr><tr class="failedeven"><td rowspan="5">lavante.recovery.testsuites.SanityTestSuite</td><td><a href="#m0">verifyDashBoardClaims</a></td><td rowspan="1">1469600844497</td><td rowspan="1">10861</td></tr><tr class="failedeven"><td><a href="#m1">verifyDashBoardCompliance</a></td><td rowspan="1">1469600860588</td><td rowspan="1">2167</td></tr><tr class="failedeven"><td><a href="#m2">verifyDashBoardSupplier</a></td><td rowspan="1">1469600855358</td><td rowspan="1">5225</td></tr><tr class="failedeven"><td><a href="#m3">verifyInvoicePage</a></td><td rowspan="1">1469600948722</td><td rowspan="1">20399</td></tr><tr class="failedeven"><td><a href="#m4">verifyauditInboundPage</a></td><td rowspan="1">1469600887467</td><td rowspan="1">32555</td></tr><tr><th colspan="4">Default test &#8212; passed</th></tr><tr class="passedeven"><td rowspan="40">lavante.recovery.testsuites.SanityTestSuite</td><td><a href="#m5">verifyAccountAuditGroupsPage</a></td><td rowspan="1">1469601216253</td><td rowspan="1">4028</td></tr><tr class="passedeven"><td><a href="#m6">verifyAccountNotificationPage</a></td><td rowspan="1">1469601220281</td><td rowspan="1">4261</td></tr><tr class="passedeven"><td><a href="#m7">verifyAccountPage</a></td><td rowspan="1">1469601204397</td><td rowspan="1">4364</td></tr><tr class="passedeven"><td><a href="#m8">verifyAccountUserGroupsPage</a></td><td rowspan="1">1469601211942</td><td rowspan="1">4311</td></tr><tr class="passedeven"><td><a href="#m9">verifyAccountUsersPage</a></td><td rowspan="1">1469601208763</td><td rowspan="1">3179</td></tr><tr class="passedeven"><td><a href="#m10">verifyAssignmentsPage</a></td><td rowspan="1">1469601282512</td><td rowspan="1">8068</td></tr><tr class="passedeven"><td><a href="#m11">verifyAuditLink</a></td><td rowspan="1">1469600862755</td><td rowspan="1">16134</td></tr><tr class="passedeven"><td><a href="#m12">verifyBackGroundJobsPage</a></td><td rowspan="1">1469601197662</td><td rowspan="1">6735</td></tr><tr class="passedeven"><td><a href="#m13">verifyBatchingPage</a></td><td rowspan="1">1469600927980</td><td rowspan="1">20742</td></tr><tr class="passedeven"><td><a href="#m14">verifyCheckRegistryPage</a></td><td rowspan="1">1469600997863</td><td rowspan="1">5747</td></tr><tr class="passedeven"><td><a href="#m15">verifyClaimsPage</a></td><td rowspan="1">1469601003610</td><td rowspan="1">33192</td></tr><tr class="passedeven"><td><a href="#m16">verifyConfigTab</a></td><td rowspan="1">1469601054550</td><td rowspan="1">4673</td></tr><tr class="passedeven"><td><a href="#m17">verifyCreditrejectionPage</a></td><td rowspan="1">1469601261225</td><td rowspan="1">6171</td></tr><tr class="passedeven"><td><a href="#m18">verifyCreditsAssignmentsPage</a></td><td rowspan="1">1469601322651</td><td rowspan="1">16999</td></tr><tr class="passedeven"><td><a href="#m19">verifyDashBoardLink</a></td><td rowspan="1">1469600799538</td><td rowspan="1">44958</td></tr><tr class="passedeven"><td><a href="#m20">verifyFaxJobsPage</a></td><td rowspan="1">1469601095699</td><td rowspan="1">101963</td></tr><tr class="passedeven"><td><a href="#m21">verifyFinContractDetailsPage</a></td><td rowspan="1">1469601228688</td><td rowspan="1">7434</td></tr><tr class="passedeven"><td><a href="#m22">verifyFinInvoicesPage</a></td><td rowspan="1">1469601228528</td><td rowspan="1">160</td></tr><tr class="passedeven"><td><a href="#m23">verifyFinancePage</a></td><td rowspan="1">1469601224542</td><td rowspan="1">3984</td></tr><tr class="passedeven"><td><a href="#m24">verifyHoldsAssignmentsPage</a></td><td rowspan="1">1469601305659</td><td rowspan="1">16992</td></tr><tr class="passedeven"><td><a href="#m25">verifyInvoicesPage</a></td><td rowspan="1">1469601036802</td><td rowspan="1">12663</td></tr><tr class="passedeven"><td><a href="#m26">verifyMailerRegistryPage</a></td><td rowspan="1">1469601275414</td><td rowspan="1">7098</td></tr><tr class="passedeven"><td><a href="#m27">verifyOthersFaxCommentsPage</a></td><td rowspan="1">1469601255177</td><td rowspan="1">6048</td></tr><tr class="passedeven"><td><a href="#m28">verifyOthersPage</a></td><td rowspan="1">1469601251087</td><td rowspan="1">4088</td></tr><tr class="passedeven"><td><a href="#m29">verifyPhoneExtensionPage</a></td><td rowspan="1">1469601267396</td><td rowspan="1">8018</td></tr><tr class="passedeven"><td><a href="#m30">verifyPossibleDupesPage</a></td><td rowspan="1">1469600969121</td><td rowspan="1">20209</td></tr><tr class="passedeven"><td><a href="#m31">verifyReportsPage</a></td><td rowspan="1">1469601049465</td><td rowspan="1">5083</td></tr><tr class="passedeven"><td><a href="#m32">verifySetupAuditPage</a></td><td rowspan="1">1469601063166</td><td rowspan="1">98</td></tr><tr class="passedeven"><td><a href="#m33">verifySetupBUPage</a></td><td rowspan="1">1469601070543</td><td rowspan="1">4045</td></tr><tr class="passedeven"><td><a href="#m34">verifySetupClientPage</a></td><td rowspan="1">1469601063264</td><td rowspan="1">7279</td></tr><tr class="passedeven"><td><a href="#m35">verifySetupManageCurrencyPage</a></td><td rowspan="1">1469601088697</td><td rowspan="1">7002</td></tr><tr class="passedeven"><td><a href="#m36">verifySetupPage</a></td><td rowspan="1">1469601059223</td><td rowspan="1">3943</td></tr><tr class="passedeven"><td><a href="#m37">verifySetupPreferencesPage</a></td><td rowspan="1">1469601074588</td><td rowspan="1">7037</td></tr><tr class="passedeven"><td><a href="#m38">verifySetupReqLetterPage</a></td><td rowspan="1">1469601081625</td><td rowspan="1">7072</td></tr><tr class="passedeven"><td><a href="#m39">verifyStatementsAssignmentsPage</a></td><td rowspan="1">1469601339650</td><td rowspan="1">40952</td></tr><tr class="passedeven"><td><a href="#m40">verifySummaryPage</a></td><td rowspan="1">1469600989330</td><td rowspan="1">8533</td></tr><tr class="passedeven"><td><a href="#m41">verifyUploadsPage</a></td><td rowspan="1">1469601236137</td><td rowspan="1">14950</td></tr><tr class="passedeven"><td><a href="#m42">verifyauditOutboundPage</a></td><td rowspan="1">1469600878892</td><td rowspan="1">8575</td></tr><tr class="passedeven"><td><a href="#m43">verifyauditStatisticsAssignmentsPage</a></td><td rowspan="1">1469601290580</td><td rowspan="1">15079</td></tr><tr class="passedeven"><td><a href="#m44">verifycontactEntryPage</a></td><td rowspan="1">1469600920022</td><td rowspan="1">7955</td></tr></tbody></table><h2>Default test</h2><h3 id="m0">lavante.recovery.testsuites.SanityTestSuite#verifyDashBoardClaims</h3><table class="result"><tr><th>Messages</th></tr><tr><td><div class="messages">Pass: &apos;openClaims&apos; is displayed<br/>Pass: &apos;batchedClaimslink&apos; is clicked<br/>Pass: &apos;batchedClaimslink&apos; is displayed<br/>Pass: &apos;batchedClaimslink&apos; is clicked<br/>Pass: &apos;batchedClaimslink&apos; is displayed</div></td></tr><tr><th>Exception</th></tr><tr><td><div class="stacktrace">org.openqa.selenium.TimeoutException: Timed out after 10 seconds waiting for element to be clickable: [[ChromeDriver: chrome on XP (4bb8099db623f6dd24cb3ca7be6ab937)] -&gt; css selector: #claimsTable tr td]
Build info: version: &apos;2.52.0&apos;, revision: &apos;4c2593cfc3689a7fcd7be52549167e5ccc93ad28&apos;, time: &apos;2016-02-11 11:22:43&apos;
System info: host: &apos;WLW7-TALLURYS&apos;, ip: &apos;192.168.2.80&apos;, os.name: &apos;Windows 7&apos;, os.arch: &apos;amd64&apos;, os.version: &apos;6.1&apos;, java.version: &apos;1.8.0_40&apos;
Driver info: org.openqa.selenium.chrome.ChromeDriver
Capabilities [{applicationCacheEnabled=false, rotatable=false, mobileEmulationEnabled=false, chrome={userDataDir=C:\Users\TALLUR~1.SRI\AppData\Local\Temp\scoped_dir9460_27791}, takesHeapSnapshot=true, databaseEnabled=false, handlesAlerts=true, version=51.0.2704.106, platform=XP, browserConnectionEnabled=false, nativeEvents=true, acceptSslCerts=true, locationContextEnabled=true, webStorageEnabled=true, browserName=chrome, takesScreenshot=true, javascriptEnabled=true, cssSelectorsEnabled=true}]
Session ID: 4bb8099db623f6dd24cb3ca7be6ab937
	at org.openqa.selenium.support.ui.WebDriverWait.timeoutException(WebDriverWait.java:80)
	at org.openqa.selenium.support.ui.FluentWait.until(FluentWait.java:261)
	at lavante.recovery.utilities.seleniumBaseClass.ExplicitWaitforLinksClick(seleniumBaseClass.java:472)
	at lavante.recovery.pageobjects.DashBoard.ClaimsPage.verifyBatchedClaims(ClaimsPage.java:59)
	at lavante.recovery.testsuites.SanityTestSuite.verifyDashBoardClaims(SanityTestSuite.java:73)
	at sun.reflect.NativeMethodAccessorImpl.invoke0(Native Method)
	at sun.reflect.NativeMethodAccessorImpl.invoke(NativeMethodAccessorImpl.java:62)
	at sun.reflect.DelegatingMethodAccessorImpl.invoke(DelegatingMethodAccessorImpl.java:43)
	at java.lang.reflect.Method.invoke(Method.java:497)
	at org.testng.internal.MethodInvocationHelper.invokeMethod(MethodInvocationHelper.java:86)
	at org.testng.internal.Invoker.invokeMethod(Invoker.java:646)
	at org.testng.internal.Invoker.invokeTestMethod(Invoker.java:823)
	at org.testng.internal.Invoker.invokeTestMethods(Invoker.java:1131)
	at org.testng.internal.TestMethodWorker.invokeTestMethods(TestMethodWorker.java:129)
	at org.testng.internal.TestMethodWorker.run(TestMethodWorker.java:112)
	at org.testng.TestRunner.privateRun(TestRunner.java:778)
	at org.testng.TestRunner.run(TestRunner.java:632)
	at org.testng.SuiteRunner.runTest(SuiteRunner.java:366)
	at org.testng.SuiteRunner.runSequentially(SuiteRunner.java:361)
	at org.testng.SuiteRunner.privateRun(SuiteRunner.java:319)
	at org.testng.SuiteRunner.run(SuiteRunner.java:268)
	at org.testng.SuiteRunnerWorker.runSuite(SuiteRunnerWorker.java:52)
	at org.testng.SuiteRunnerWorker.run(SuiteRunnerWorker.java:86)
	at org.testng.TestNG.runSuitesSequentially(TestNG.java:1225)
	at org.testng.TestNG.runSuitesLocally(TestNG.java:1150)
	at org.testng.TestNG.runSuites(TestNG.java:1075)
	at org.testng.TestNG.run(TestNG.java:1047)
	at org.testng.remote.AbstractRemoteTestNG.run(AbstractRemoteTestNG.java:126)
	at org.testng.remote.RemoteTestNG.initAndRun(RemoteTestNG.java:75)
	at org.testng.remote.RemoteTestNG.main(RemoteTestNG.java:46)
</div></td></tr></table><p class="totop"><a href="#summary">back to summary</a></p><h3 id="m1">lavante.recovery.testsuites.SanityTestSuite#verifyDashBoardCompliance</h3><table class="result"><tr><th>Messages</th></tr><tr><td><div class="messages">Pass: https://recoveryqa39.lavante.com/recovery/supplierDashboard.lvp#Credit Page is working fine<br/>Fail: &apos;complainceLink&apos; is not displayed<br/>To View Screenshot &lt;a href=&quot;file:///null/2016_27_Jul_11_57_42.png&quot;&gt;Click Here&lt;/a&gt;</div></td></tr><tr><th>Exception</th></tr><tr><td><div class="stacktrace">java.lang.AssertionError: Fail: &apos;complainceLink&apos; is not displayed
	at org.testng.Assert.fail(Assert.java:94)
	at lavante.recovery.utilities.Report.fail(Report.java:23)
	at lavante.recovery.utilities.seleniumBaseClass.click(seleniumBaseClass.java:237)
	at lavante.recovery.pageobjects.DashBoard.CompliancePage.verifycomplainceLink(CompliancePage.java:19)
	at lavante.recovery.testsuites.SanityTestSuite.verifyDashBoardCompliance(SanityTestSuite.java:121)
	at sun.reflect.NativeMethodAccessorImpl.invoke0(Native Method)
	at sun.reflect.NativeMethodAccessorImpl.invoke(NativeMethodAccessorImpl.java:62)
	at sun.reflect.DelegatingMethodAccessorImpl.invoke(DelegatingMethodAccessorImpl.java:43)
	at java.lang.reflect.Method.invoke(Method.java:497)
	at org.testng.internal.MethodInvocationHelper.invokeMethod(MethodInvocationHelper.java:86)
	at org.testng.internal.Invoker.invokeMethod(Invoker.java:646)
	at org.testng.internal.Invoker.invokeTestMethod(Invoker.java:823)
	at org.testng.internal.Invoker.invokeTestMethods(Invoker.java:1131)
	at org.testng.internal.TestMethodWorker.invokeTestMethods(TestMethodWorker.java:129)
	at org.testng.internal.TestMethodWorker.run(TestMethodWorker.java:112)
	at org.testng.TestRunner.privateRun(TestRunner.java:778)
	at org.testng.TestRunner.run(TestRunner.java:632)
	at org.testng.SuiteRunner.runTest(SuiteRunner.java:366)
	at org.testng.SuiteRunner.runSequentially(SuiteRunner.java:361)
	at org.testng.SuiteRunner.privateRun(SuiteRunner.java:319)
	at org.testng.SuiteRunner.run(SuiteRunner.java:268)
	at org.testng.SuiteRunnerWorker.runSuite(SuiteRunnerWorker.java:52)
	at org.testng.SuiteRunnerWorker.run(SuiteRunnerWorker.java:86)
	at org.testng.TestNG.runSuitesSequentially(TestNG.java:1225)
	at org.testng.TestNG.runSuitesLocally(TestNG.java:1150)
	at org.testng.TestNG.runSuites(TestNG.java:1075)
	at org.testng.TestNG.run(TestNG.java:1047)
	at org.testng.remote.AbstractRemoteTestNG.run(AbstractRemoteTestNG.java:126)
	at org.testng.remote.RemoteTestNG.initAndRun(RemoteTestNG.java:75)
	at org.testng.remote.RemoteTestNG.main(RemoteTestNG.java:46)
</div></td></tr></table><p class="totop"><a href="#summary">back to summary</a></p><h3 id="m2">lavante.recovery.testsuites.SanityTestSuite#verifyDashBoardSupplier</h3><table class="result"><tr><th>Messages</th></tr><tr><td><div class="messages">Pass: &apos;supplierLink&apos; is clicked</div></td></tr><tr><th>Exception</th></tr><tr><td><div class="stacktrace">org.openqa.selenium.StaleElementReferenceException: stale element reference: element is not attached to the page document
  (Session info: chrome=51.0.2704.106)
  (Driver info: chromedriver=2.14.313457 (3d645c400edf2e2c500566c9aa096063e707c9cf),platform=Windows NT 6.1 SP1 x86_64) (WARNING: The server did not provide any stacktrace information)
Command duration or timeout: 7 milliseconds
For documentation on this error, please visit: http://seleniumhq.org/exceptions/stale_element_reference.html
Build info: version: &apos;2.52.0&apos;, revision: &apos;4c2593cfc3689a7fcd7be52549167e5ccc93ad28&apos;, time: &apos;2016-02-11 11:22:43&apos;
System info: host: &apos;WLW7-TALLURYS&apos;, ip: &apos;192.168.2.80&apos;, os.name: &apos;Windows 7&apos;, os.arch: &apos;amd64&apos;, os.version: &apos;6.1&apos;, java.version: &apos;1.8.0_40&apos;
Driver info: org.openqa.selenium.chrome.ChromeDriver
Capabilities [{applicationCacheEnabled=false, rotatable=false, mobileEmulationEnabled=false, chrome={userDataDir=C:\Users\TALLUR~1.SRI\AppData\Local\Temp\scoped_dir9460_27791}, takesHeapSnapshot=true, databaseEnabled=false, handlesAlerts=true, version=51.0.2704.106, platform=XP, browserConnectionEnabled=false, nativeEvents=true, acceptSslCerts=true, locationContextEnabled=true, webStorageEnabled=true, browserName=chrome, takesScreenshot=true, javascriptEnabled=true, cssSelectorsEnabled=true}]
Session ID: 4bb8099db623f6dd24cb3ca7be6ab937
	at sun.reflect.NativeConstructorAccessorImpl.newInstance0(Native Method)
	at sun.reflect.NativeConstructorAccessorImpl.newInstance(NativeConstructorAccessorImpl.java:62)
	at sun.reflect.DelegatingConstructorAccessorImpl.newInstance(DelegatingConstructorAccessorImpl.java:45)
	at java.lang.reflect.Constructor.newInstance(Constructor.java:422)
	at org.openqa.selenium.remote.ErrorHandler.createThrowable(ErrorHandler.java:206)
	at org.openqa.selenium.remote.ErrorHandler.throwIfResponseFailed(ErrorHandler.java:158)
	at org.openqa.selenium.remote.RemoteWebDriver.execute(RemoteWebDriver.java:678)
	at org.openqa.selenium.remote.RemoteWebElement.execute(RemoteWebElement.java:327)
	at org.openqa.selenium.remote.RemoteWebElement.isDisplayed(RemoteWebElement.java:368)
	at sun.reflect.GeneratedMethodAccessor1.invoke(Unknown Source)
	at sun.reflect.DelegatingMethodAccessorImpl.invoke(DelegatingMethodAccessorImpl.java:43)
	at java.lang.reflect.Method.invoke(Method.java:497)
	at org.openqa.selenium.support.pagefactory.internal.LocatingElementHandler.invoke(LocatingElementHandler.java:51)
	at com.sun.proxy.$Proxy9.isDisplayed(Unknown Source)
	at org.openqa.selenium.support.ui.ExpectedConditions.elementIfVisible(ExpectedConditions.java:302)
	at org.openqa.selenium.support.ui.ExpectedConditions.access$100(ExpectedConditions.java:41)
	at org.openqa.selenium.support.ui.ExpectedConditions$10.apply(ExpectedConditions.java:288)
	at org.openqa.selenium.support.ui.ExpectedConditions$10.apply(ExpectedConditions.java:285)
	at org.openqa.selenium.support.ui.ExpectedConditions$23.apply(ExpectedConditions.java:696)
	at org.openqa.selenium.support.ui.ExpectedConditions$23.apply(ExpectedConditions.java:689)
	at org.openqa.selenium.support.ui.FluentWait.until(FluentWait.java:238)
	at lavante.recovery.utilities.seleniumBaseClass.ExplicitWaitforLinksClick(seleniumBaseClass.java:472)
	at lavante.recovery.pageobjects.DashBoard.SupplierPage.verifySupplierLink(SupplierPage.java:20)
	at lavante.recovery.testsuites.SanityTestSuite.verifyDashBoardSupplier(SanityTestSuite.java:89)
	at sun.reflect.NativeMethodAccessorImpl.invoke0(Native Method)
	at sun.reflect.NativeMethodAccessorImpl.invoke(NativeMethodAccessorImpl.java:62)
	at sun.reflect.DelegatingMethodAccessorImpl.invoke(DelegatingMethodAccessorImpl.java:43)
	at java.lang.reflect.Method.invoke(Method.java:497)
	at org.testng.internal.MethodInvocationHelper.invokeMethod(MethodInvocationHelper.java:86)
	at org.testng.internal.Invoker.invokeMethod(Invoker.java:646)
	at org.testng.internal.Invoker.invokeTestMethod(Invoker.java:823)
	at org.testng.internal.Invoker.invokeTestMethods(Invoker.java:1131)
	at org.testng.internal.TestMethodWorker.invokeTestMethods(TestMethodWorker.java:129)
	at org.testng.internal.TestMethodWorker.run(TestMethodWorker.java:112)
	at org.testng.TestRunner.privateRun(TestRunner.java:778)
	at org.testng.TestRunner.run(TestRunner.java:632)
	at org.testng.SuiteRunner.runTest(SuiteRunner.java:366)
	at org.testng.SuiteRunner.runSequentially(SuiteRunner.java:361)
	at org.testng.SuiteRunner.privateRun(SuiteRunner.java:319)
	at org.testng.SuiteRunner.run(SuiteRunner.java:268)
	at org.testng.SuiteRunnerWorker.runSuite(SuiteRunnerWorker.java:52)
	at org.testng.SuiteRunnerWorker.run(SuiteRunnerWorker.java:86)
	at org.testng.TestNG.runSuitesSequentially(TestNG.java:1225)
	at org.testng.TestNG.runSuitesLocally(TestNG.java:1150)
	at org.testng.TestNG.runSuites(TestNG.java:1075)
	at org.testng.TestNG.run(TestNG.java:1047)
	at org.testng.remote.AbstractRemoteTestNG.run(AbstractRemoteTestNG.java:126)
	at org.testng.remote.RemoteTestNG.initAndRun(RemoteTestNG.java:75)
	at org.testng.remote.RemoteTestNG.main(RemoteTestNG.java:46)
</div></td></tr></table><p class="totop"><a href="#summary">back to summary</a></p><h3 id="m3">lavante.recovery.testsuites.SanityTestSuite#verifyInvoicePage</h3><table class="result"><tr><th>Messages</th></tr><tr><td><div class="messages">Pass: &apos;invoiceLink&apos; is clicked<br/>Info: Switched successfully to frame :0<br/>Fail: &apos;invoicesTable&apos; is not displayedno such element
  (Session info: chrome=51.0.2704.106)
  (Driver info: chromedriver=2.14.313457 (3d645c400edf2e2c500566c9aa096063e707c9cf),platform=Windows NT 6.1 SP1 x86_64) (WARNING: The server did not provide any stacktrace information)
Command duration or timeout: 10.03 seconds
For documentation on this error, please visit: http://seleniumhq.org/exceptions/no_such_element.html
Build info: version: &apos;2.52.0&apos;, revision: &apos;4c2593cfc3689a7fcd7be52549167e5ccc93ad28&apos;, time: &apos;2016-02-11 11:22:43&apos;
System info: host: &apos;WLW7-TALLURYS&apos;, ip: &apos;192.168.2.80&apos;, os.name: &apos;Windows 7&apos;, os.arch: &apos;amd64&apos;, os.version: &apos;6.1&apos;, java.version: &apos;1.8.0_40&apos;
Driver info: org.openqa.selenium.chrome.ChromeDriver
Capabilities [{applicationCacheEnabled=false, rotatable=false, mobileEmulationEnabled=false, chrome={userDataDir=C:\Users\TALLUR~1.SRI\AppData\Local\Temp\scoped_dir9460_27791}, takesHeapSnapshot=true, databaseEnabled=false, handlesAlerts=true, version=51.0.2704.106, platform=XP, browserConnectionEnabled=false, nativeEvents=true, acceptSslCerts=true, locationContextEnabled=true, webStorageEnabled=true, browserName=chrome, takesScreenshot=true, javascriptEnabled=true, cssSelectorsEnabled=true}]
Session ID: 4bb8099db623f6dd24cb3ca7be6ab937
*** Element info: {Using=css selector, value=#Invoice_List tr td}<br/>To View Screenshot &lt;a href=&quot;file:///null/2016_27_Jul_11_59_28.png&quot;&gt;Click Here&lt;/a&gt;</div></td></tr><tr><th>Exception</th></tr><tr><td><div class="stacktrace">java.lang.AssertionError: Fail: &apos;invoicesTable&apos; is not displayedno such element
  (Session info: chrome=51.0.2704.106)
  (Driver info: chromedriver=2.14.313457 (3d645c400edf2e2c500566c9aa096063e707c9cf),platform=Windows NT 6.1 SP1 x86_64) (WARNING: The server did not provide any stacktrace information)
Command duration or timeout: 10.03 seconds
For documentation on this error, please visit: http://seleniumhq.org/exceptions/no_such_element.html
Build info: version: &apos;2.52.0&apos;, revision: &apos;4c2593cfc3689a7fcd7be52549167e5ccc93ad28&apos;, time: &apos;2016-02-11 11:22:43&apos;
System info: host: &apos;WLW7-TALLURYS&apos;, ip: &apos;192.168.2.80&apos;, os.name: &apos;Windows 7&apos;, os.arch: &apos;amd64&apos;, os.version: &apos;6.1&apos;, java.version: &apos;1.8.0_40&apos;
Driver info: org.openqa.selenium.chrome.ChromeDriver
Capabilities [{applicationCacheEnabled=false, rotatable=false, mobileEmulationEnabled=false, chrome={userDataDir=C:\Users\TALLUR~1.SRI\AppData\Local\Temp\scoped_dir9460_27791}, takesHeapSnapshot=true, databaseEnabled=false, handlesAlerts=true, version=51.0.2704.106, platform=XP, browserConnectionEnabled=false, nativeEvents=true, acceptSslCerts=true, locationContextEnabled=true, webStorageEnabled=true, browserName=chrome, takesScreenshot=true, javascriptEnabled=true, cssSelectorsEnabled=true}]
Session ID: 4bb8099db623f6dd24cb3ca7be6ab937
*** Element info: {Using=css selector, value=#Invoice_List tr td}
	at org.testng.Assert.fail(Assert.java:94)
	at lavante.recovery.utilities.Report.fail(Report.java:23)
	at lavante.recovery.utilities.seleniumBaseClass.isDisplayed(seleniumBaseClass.java:257)
	at lavante.recovery.pageobjects.Audit.AuditInvoicePage.verifyinvoicesTable(AuditInvoicePage.java:29)
	at lavante.recovery.testsuites.SanityTestSuite.verifyInvoicePage(SanityTestSuite.java:289)
	at sun.reflect.NativeMethodAccessorImpl.invoke0(Native Method)
	at sun.reflect.NativeMethodAccessorImpl.invoke(NativeMethodAccessorImpl.java:62)
	at sun.reflect.DelegatingMethodAccessorImpl.invoke(DelegatingMethodAccessorImpl.java:43)
	at java.lang.reflect.Method.invoke(Method.java:497)
	at org.testng.internal.MethodInvocationHelper.invokeMethod(MethodInvocationHelper.java:86)
	at org.testng.internal.Invoker.invokeMethod(Invoker.java:646)
	at org.testng.internal.Invoker.invokeTestMethod(Invoker.java:823)
	at org.testng.internal.Invoker.invokeTestMethods(Invoker.java:1131)
	at org.testng.internal.TestMethodWorker.invokeTestMethods(TestMethodWorker.java:129)
	at org.testng.internal.TestMethodWorker.run(TestMethodWorker.java:112)
	at org.testng.TestRunner.privateRun(TestRunner.java:778)
	at org.testng.TestRunner.run(TestRunner.java:632)
	at org.testng.SuiteRunner.runTest(SuiteRunner.java:366)
	at org.testng.SuiteRunner.runSequentially(SuiteRunner.java:361)
	at org.testng.SuiteRunner.privateRun(SuiteRunner.java:319)
	at org.testng.SuiteRunner.run(SuiteRunner.java:268)
	at org.testng.SuiteRunnerWorker.runSuite(SuiteRunnerWorker.java:52)
	at org.testng.SuiteRunnerWorker.run(SuiteRunnerWorker.java:86)
	at org.testng.TestNG.runSuitesSequentially(TestNG.java:1225)
	at org.testng.TestNG.runSuitesLocally(TestNG.java:1150)
	at org.testng.TestNG.runSuites(TestNG.java:1075)
	at org.testng.TestNG.run(TestNG.java:1047)
	at org.testng.remote.AbstractRemoteTestNG.run(AbstractRemoteTestNG.java:126)
	at org.testng.remote.RemoteTestNG.initAndRun(RemoteTestNG.java:75)
	at org.testng.remote.RemoteTestNG.main(RemoteTestNG.java:46)
</div></td></tr></table><p class="totop"><a href="#summary">back to summary</a></p><h3 id="m4">lavante.recovery.testsuites.SanityTestSuite#verifyauditInboundPage</h3><table class="result"><tr><th>Messages</th></tr><tr><td><div class="messages">Pass: &apos;inboundLink&apos; is clicked<br/>Pass: https://recoveryqa39.lavante.com/recovery/outbound.lvp Page is working fine<br/>Pass: &apos;inboundLink&apos; is displayed<br/>Pass: &apos;inboundDocumentStatistics&apos; is displayed<br/>Pass: &apos;inboundDocumentSummary&apos; is displayed<br/>Pass: &apos;recognizedfax&apos; is clicked<br/>Pass: https://recoveryqa39.lavante.com/recovery/inbound.lvp#recognized Page is working fine<br/>Pass: &apos;statements&apos; is clicked<br/>Pass: https://recoveryqa39.lavante.com/recovery/inbound.lvp#recognized Page is working fine<br/>Pass: &apos;verifications&apos; is clicked<br/>Pass: https://recoveryqa39.lavante.com/recovery/inbound.lvp#recognized Page is working fine<br/>Pass: &apos;statements&apos; is displayed<br/>Pass: &apos;verificationsTable&apos; is displayed<br/>Pass: &apos;checks&apos; is clicked<br/>Pass: https://recoveryqa39.lavante.com/recovery/inbound.lvp#recognized Page is working fine<br/>Pass: &apos;checksTable&apos; is displayed<br/>Pass: &apos;correspondence&apos; is clicked<br/>Pass: &apos;correspondenceTable&apos; is displayed<br/>Pass: &apos;duplicate&apos; is clicked<br/>Pass: https://recoveryqa39.lavante.com/recovery/inbound.lvp#recognized Page is working fine<br/>Pass: &apos;duplicateTable&apos; is displayed<br/>Pass: &apos;profiles&apos; is clicked<br/>Pass: https://recoveryqa39.lavante.com/recovery/inbound.lvp#recognized Page is working fine<br/>Pass: &apos;profilesTable&apos; is displayed<br/>Pass: &apos;unrecognizedfax&apos; is clicked<br/>Pass: https://recoveryqa39.lavante.com/recovery/inbound.lvp#unrecognized Page is working fine<br/>Pass: &apos;statements&apos; is clicked<br/>Pass: https://recoveryqa39.lavante.com/recovery/inbound.lvp#unrecognized Page is working fine<br/>Pass: &apos;verifications&apos; is clicked<br/>Pass: https://recoveryqa39.lavante.com/recovery/inbound.lvp#unrecognized Page is working fine<br/>Pass: &apos;statements&apos; is displayed<br/>Pass: &apos;verificationsTable&apos; is displayed<br/>Pass: &apos;checks&apos; is clicked<br/>Pass: https://recoveryqa39.lavante.com/recovery/inbound.lvp#unrecognized Page is working fine<br/>Fail: &apos;checksTable&apos; is not displayedstale element reference: element is not attached to the page document
  (Session info: chrome=51.0.2704.106)
  (Driver info: chromedriver=2.14.313457 (3d645c400edf2e2c500566c9aa096063e707c9cf),platform=Windows NT 6.1 SP1 x86_64) (WARNING: The server did not provide any stacktrace information)
Command duration or timeout: 25 milliseconds
For documentation on this error, please visit: http://seleniumhq.org/exceptions/stale_element_reference.html
Build info: version: &apos;2.52.0&apos;, revision: &apos;4c2593cfc3689a7fcd7be52549167e5ccc93ad28&apos;, time: &apos;2016-02-11 11:22:43&apos;
System info: host: &apos;WLW7-TALLURYS&apos;, ip: &apos;192.168.2.80&apos;, os.name: &apos;Windows 7&apos;, os.arch: &apos;amd64&apos;, os.version: &apos;6.1&apos;, java.version: &apos;1.8.0_40&apos;
Driver info: org.openqa.selenium.chrome.ChromeDriver
Capabilities [{applicationCacheEnabled=false, rotatable=false, mobileEmulationEnabled=false, chrome={userDataDir=C:\Users\TALLUR~1.SRI\AppData\Local\Temp\scoped_dir9460_27791}, takesHeapSnapshot=true, databaseEnabled=false, handlesAlerts=true, version=51.0.2704.106, platform=XP, browserConnectionEnabled=false, nativeEvents=true, acceptSslCerts=true, locationContextEnabled=true, webStorageEnabled=true, browserName=chrome, takesScreenshot=true, javascriptEnabled=true, cssSelectorsEnabled=true}]
Session ID: 4bb8099db623f6dd24cb3ca7be6ab937<br/>To View Screenshot &lt;a href=&quot;file:///null/2016_27_Jul_11_58_39.png&quot;&gt;Click Here&lt;/a&gt;</div></td></tr><tr><th>Exception</th></tr><tr><td><div class="stacktrace">java.lang.AssertionError: Fail: &apos;checksTable&apos; is not displayedstale element reference: element is not attached to the page document
  (Session info: chrome=51.0.2704.106)
  (Driver info: chromedriver=2.14.313457 (3d645c400edf2e2c500566c9aa096063e707c9cf),platform=Windows NT 6.1 SP1 x86_64) (WARNING: The server did not provide any stacktrace information)
Command duration or timeout: 25 milliseconds
For documentation on this error, please visit: http://seleniumhq.org/exceptions/stale_element_reference.html
Build info: version: &apos;2.52.0&apos;, revision: &apos;4c2593cfc3689a7fcd7be52549167e5ccc93ad28&apos;, time: &apos;2016-02-11 11:22:43&apos;
System info: host: &apos;WLW7-TALLURYS&apos;, ip: &apos;192.168.2.80&apos;, os.name: &apos;Windows 7&apos;, os.arch: &apos;amd64&apos;, os.version: &apos;6.1&apos;, java.version: &apos;1.8.0_40&apos;
Driver info: org.openqa.selenium.chrome.ChromeDriver
Capabilities [{applicationCacheEnabled=false, rotatable=false, mobileEmulationEnabled=false, chrome={userDataDir=C:\Users\TALLUR~1.SRI\AppData\Local\Temp\scoped_dir9460_27791}, takesHeapSnapshot=true, databaseEnabled=false, handlesAlerts=true, version=51.0.2704.106, platform=XP, browserConnectionEnabled=false, nativeEvents=true, acceptSslCerts=true, locationContextEnabled=true, webStorageEnabled=true, browserName=chrome, takesScreenshot=true, javascriptEnabled=true, cssSelectorsEnabled=true}]
Session ID: 4bb8099db623f6dd24cb3ca7be6ab937
	at org.testng.Assert.fail(Assert.java:94)
	at lavante.recovery.utilities.Report.fail(Report.java:23)
	at lavante.recovery.utilities.seleniumBaseClass.isDisplayed(seleniumBaseClass.java:257)
	at lavante.recovery.pageobjects.Audit.AuditInboundPage.verifyChecksTable(AuditInboundPage.java:126)
	at lavante.recovery.testsuites.SanityTestSuite.verifyauditInboundPage(SanityTestSuite.java:203)
	at sun.reflect.NativeMethodAccessorImpl.invoke0(Native Method)
	at sun.reflect.NativeMethodAccessorImpl.invoke(NativeMethodAccessorImpl.java:62)
	at sun.reflect.DelegatingMethodAccessorImpl.invoke(DelegatingMethodAccessorImpl.java:43)
	at java.lang.reflect.Method.invoke(Method.java:497)
	at org.testng.internal.MethodInvocationHelper.invokeMethod(MethodInvocationHelper.java:86)
	at org.testng.internal.Invoker.invokeMethod(Invoker.java:646)
	at org.testng.internal.Invoker.invokeTestMethod(Invoker.java:823)
	at org.testng.internal.Invoker.invokeTestMethods(Invoker.java:1131)
	at org.testng.internal.TestMethodWorker.invokeTestMethods(TestMethodWorker.java:129)
	at org.testng.internal.TestMethodWorker.run(TestMethodWorker.java:112)
	at org.testng.TestRunner.privateRun(TestRunner.java:778)
	at org.testng.TestRunner.run(TestRunner.java:632)
	at org.testng.SuiteRunner.runTest(SuiteRunner.java:366)
	at org.testng.SuiteRunner.runSequentially(SuiteRunner.java:361)
	at org.testng.SuiteRunner.privateRun(SuiteRunner.java:319)
	at org.testng.SuiteRunner.run(SuiteRunner.java:268)
	at org.testng.SuiteRunnerWorker.runSuite(SuiteRunnerWorker.java:52)
	at org.testng.SuiteRunnerWorker.run(SuiteRunnerWorker.java:86)
	at org.testng.TestNG.runSuitesSequentially(TestNG.java:1225)
	at org.testng.TestNG.runSuitesLocally(TestNG.java:1150)
	at org.testng.TestNG.runSuites(TestNG.java:1075)
	at org.testng.TestNG.run(TestNG.java:1047)
	at org.testng.remote.AbstractRemoteTestNG.run(AbstractRemoteTestNG.java:126)
	at org.testng.remote.RemoteTestNG.initAndRun(RemoteTestNG.java:75)
	at org.testng.remote.RemoteTestNG.main(RemoteTestNG.java:46)
</div></td></tr></table><p class="totop"><a href="#summary">back to summary</a></p><h3 id="m5">lavante.recovery.testsuites.SanityTestSuite#verifyAccountAuditGroupsPage</h3><table class="result"><tr><th>Messages</th></tr><tr><td><div class="messages">Pass: &apos;auditGroupsLink&apos; is clicked<br/>Pass: https://recoveryqa39.lavante.com/recovery/userGroupConfiguration.lvp Page is working fine<br/>Pass: &apos;auditGroupsTable&apos; is displayed<br/>Pass: &apos;addNewBtn&apos; is displayed</div></td></tr></table><p class="totop"><a href="#summary">back to summary</a></p><h3 id="m6">lavante.recovery.testsuites.SanityTestSuite#verifyAccountNotificationPage</h3><table class="result"><tr><th>Messages</th></tr><tr><td><div class="messages">Pass: &apos;notificationsLink&apos; is clicked<br/>Pass: https://recoveryqa39.lavante.com/recovery/auditGroupSetUp.lvp Page is working fine<br/>Pass: &apos;notificationsTable&apos; is displayed<br/>Pass: &apos;addNewBtn&apos; is displayed</div></td></tr></table><p class="totop"><a href="#summary">back to summary</a></p><h3 id="m7">lavante.recovery.testsuites.SanityTestSuite#verifyAccountPage</h3><table class="result"><tr><th>Messages</th></tr><tr><td><div class="messages">Pass: &apos;accountLink&apos; is clicked<br/>Pass: https://recoveryqa39.lavante.com/recovery/backgroundJobs.lvp Page is working fine</div></td></tr></table><p class="totop"><a href="#summary">back to summary</a></p><h3 id="m8">lavante.recovery.testsuites.SanityTestSuite#verifyAccountUserGroupsPage</h3><table class="result"><tr><th>Messages</th></tr><tr><td><div class="messages">Pass: &apos;userGroupsLink&apos; is clicked<br/>Pass: https://recoveryqa39.lavante.com/recovery/accountConfiguration.lvp Page is working fine<br/>Pass: &apos;userGroupsTable&apos; is displayed<br/>Pass: &apos;addNewBtn&apos; is displayed</div></td></tr></table><p class="totop"><a href="#summary">back to summary</a></p><h3 id="m9">lavante.recovery.testsuites.SanityTestSuite#verifyAccountUsersPage</h3><table class="result"><tr><th>Messages</th></tr><tr><td><div class="messages">Pass: &apos;usersListTable&apos; is displayed<br/>Pass: &apos;addNewBtn&apos; is displayed</div></td></tr></table><p class="totop"><a href="#summary">back to summary</a></p><h3 id="m10">lavante.recovery.testsuites.SanityTestSuite#verifyAssignmentsPage</h3><table class="result"><tr><th>Messages</th></tr><tr><td><div class="messages">Pass: &apos;assignmentsLink&apos; is clicked<br/>Pass: https://recoveryqa39.lavante.com/recovery/mailerRegistry.lvp Page is working fine</div></td></tr></table><p class="totop"><a href="#summary">back to summary</a></p><h3 id="m11">lavante.recovery.testsuites.SanityTestSuite#verifyAuditLink</h3><table class="result"><tr><th>Messages</th></tr><tr><td><div class="messages">Pass: &apos;auditLink&apos; is clicked<br/>Pass: https://recoveryqa39.lavante.com/recovery/supplierDashboard.lvp#Credit Page is working fine<br/>Pass: &apos;auditLink&apos; is displayed</div></td></tr></table><p class="totop"><a href="#summary">back to summary</a></p><h3 id="m12">lavante.recovery.testsuites.SanityTestSuite#verifyBackGroundJobsPage</h3><table class="result"><tr><th>Messages</th></tr><tr><td><div class="messages">Pass: &apos;backgroundJobsLink&apos; is clicked<br/>Pass: https://recoveryqa39.lavante.com/recovery/jobConfiguration.lvp Page is working fine<br/>Pass: &apos;backgroundJobsTable&apos; is displayed</div></td></tr></table><p class="totop"><a href="#summary">back to summary</a></p><h3 id="m13">lavante.recovery.testsuites.SanityTestSuite#verifyBatchingPage</h3><table class="result"><tr><th>Messages</th></tr><tr><td><div class="messages">Pass: &apos;batchingLink&apos; is clicked<br/>Pass: https://recoveryqa39.lavante.com/recovery/dataentry.lvp Page is working fine<br/>Info: Switched successfully to frame :0<br/>Pass: &apos;unBatchedCreditsTable&apos; is displayed<br/>Info: Switched successfully to frame :1<br/>Pass: &apos;batchedClaimsTable&apos; is displayed<br/>Info: Switched successfully to frame :2<br/>Pass: &apos;batchSummaryTable&apos; is displayed<br/>Info: Switched successfully to frame :3<br/>Pass: &apos;batchedDetailsTable&apos; is displayed</div></td></tr></table><p class="totop"><a href="#summary">back to summary</a></p><h3 id="m14">lavante.recovery.testsuites.SanityTestSuite#verifyCheckRegistryPage</h3><table class="result"><tr><th>Messages</th></tr><tr><td><div class="messages">Pass: &apos;chkRegLink&apos; is clicked<br/>Pass: https://recoveryqa39.lavante.com/recovery/auditSummary.lvp Page is working fine<br/>Pass: &apos;chkRegList&apos; is displayed<br/>Pass: &apos;addNewBtn&apos; is displayed</div></td></tr></table><p class="totop"><a href="#summary">back to summary</a></p><h3 id="m15">lavante.recovery.testsuites.SanityTestSuite#verifyClaimsPage</h3><table class="result"><tr><th>Messages</th></tr><tr><td><div class="messages">Pass: &apos;claimsLink&apos; is clicked<br/>Pass: https://recoveryqa39.lavante.com/recovery/checkRequest.lvp Page is working fine<br/>Pass: &apos;totalClaimsTable&apos; is displayed<br/>Pass: &apos;claimsListTable&apos; is displayed</div></td></tr></table><p class="totop"><a href="#summary">back to summary</a></p><h3 id="m16">lavante.recovery.testsuites.SanityTestSuite#verifyConfigTab</h3><table class="result"><tr><th>Messages</th></tr><tr><td><div class="messages">Pass: &apos;configurationLink&apos; is clicked<br/>Pass: https://recoveryqa39.lavante.com/recovery/report.lvp Page is working fine</div></td></tr></table><p class="totop"><a href="#summary">back to summary</a></p><h3 id="m17">lavante.recovery.testsuites.SanityTestSuite#verifyCreditrejectionPage</h3><table class="result"><tr><th>Messages</th></tr><tr><td><div class="messages">Pass: &apos;othersCreditRejectionLink&apos; is clicked<br/>Pass: &apos;othersCreditRejectionTable&apos; is displayed<br/>Pass: &apos;addNewBtn&apos; is displayed</div></td></tr></table><p class="totop"><a href="#summary">back to summary</a></p><h3 id="m18">lavante.recovery.testsuites.SanityTestSuite#verifyCreditsAssignmentsPage</h3><table class="result"><tr><th>Messages</th></tr><tr><td><div class="messages">Pass: &apos;creditsLink&apos; is clicked<br/>Pass: https://recoveryqa39.lavante.com/recovery/holdAssignments.lvp Page is working fine<br/>Pass: &apos;creditsTable&apos; is displayed<br/>Pass: &apos;searchBtn&apos; is displayed</div></td></tr></table><p class="totop"><a href="#summary">back to summary</a></p><h3 id="m19">lavante.recovery.testsuites.SanityTestSuite#verifyDashBoardLink</h3><table class="result"><tr><th>Messages</th></tr><tr><td><div class="messages">Pass: &apos;dashBoardLink&apos; is displayed</div></td></tr></table><p class="totop"><a href="#summary">back to summary</a></p><h3 id="m20">lavante.recovery.testsuites.SanityTestSuite#verifyFaxJobsPage</h3><table class="result"><tr><th>Messages</th></tr><tr><td><div class="messages">Pass: &apos;configurationJobsLink&apos; is clicked<br/>Pass: https://recoveryqa39.lavante.com/recovery/manageCurrency.lvp Page is working fine<br/>Pass: &apos;faxJobsTable&apos; is displayed</div></td></tr></table><p class="totop"><a href="#summary">back to summary</a></p><h3 id="m21">lavante.recovery.testsuites.SanityTestSuite#verifyFinContractDetailsPage</h3><table class="result"><tr><th>Messages</th></tr><tr><td><div class="messages">Pass: &apos;finContractDetailsLink&apos; is clicked<br/>Pass: https://recoveryqa39.lavante.com/recovery/financeConfiguration.lvp Page is working fine<br/>Pass: &apos;finContractDetailsTable&apos; is displayed</div></td></tr></table><p class="totop"><a href="#summary">back to summary</a></p><h3 id="m22">lavante.recovery.testsuites.SanityTestSuite#verifyFinInvoicesPage</h3><table class="result"><tr><th>Messages</th></tr><tr><td><div class="messages">Pass: &apos;finInvoicesTable&apos; is displayed</div></td></tr></table><p class="totop"><a href="#summary">back to summary</a></p><h3 id="m23">lavante.recovery.testsuites.SanityTestSuite#verifyFinancePage</h3><table class="result"><tr><th>Messages</th></tr><tr><td><div class="messages">Pass: &apos;financeLink&apos; is clicked<br/>Pass: https://recoveryqa39.lavante.com/recovery/batchInvoiceNotification.lvp Page is working fine</div></td></tr></table><p class="totop"><a href="#summary">back to summary</a></p><h3 id="m24">lavante.recovery.testsuites.SanityTestSuite#verifyHoldsAssignmentsPage</h3><table class="result"><tr><th>Messages</th></tr><tr><td><div class="messages">Pass: &apos;holdsLink&apos; is clicked<br/>Pass: https://recoveryqa39.lavante.com/recovery/auditStastics.lvp Page is working fine<br/>Pass: &apos;holdsTable&apos; is displayed<br/>Pass: &apos;searchBtn&apos; is displayed</div></td></tr></table><p class="totop"><a href="#summary">back to summary</a></p><h3 id="m25">lavante.recovery.testsuites.SanityTestSuite#verifyInvoicesPage</h3><table class="result"><tr><th>Messages</th></tr><tr><td><div class="messages">Pass: &apos;invoicesLink&apos; is clicked<br/>Pass: &apos;invoiceSummaryTable&apos; is displayed<br/>Pass: &apos;invoiceSummaryDetailsTable&apos; is displayed<br/>Pass: &apos;invoicesCreditLink&apos; is clicked<br/>Pass: &apos;invoicesCreditTable&apos; is displayed<br/>Pass: &apos;invoicesVoidLink&apos; is clicked<br/>Pass: https://recoveryqa39.lavante.com/recovery/invoice.lvp#void Page is working fine<br/>Pass: &apos;invoicesRefundLink&apos; is clicked<br/>Pass: https://recoveryqa39.lavante.com/recovery/invoice.lvp#refund Page is working fine</div></td></tr></table><p class="totop"><a href="#summary">back to summary</a></p><h3 id="m26">lavante.recovery.testsuites.SanityTestSuite#verifyMailerRegistryPage</h3><table class="result"><tr><th>Messages</th></tr><tr><td><div class="messages">Pass: &apos;mailerRegistryLink&apos; is clicked<br/>Pass: https://recoveryqa39.lavante.com/recovery/phoneExtension.lvp Page is working fine<br/>Pass: &apos;mailerRegistryTable&apos; is displayed<br/>Pass: &apos;addNewBtn&apos; is displayed</div></td></tr></table><p class="totop"><a href="#summary">back to summary</a></p><h3 id="m27">lavante.recovery.testsuites.SanityTestSuite#verifyOthersFaxCommentsPage</h3><table class="result"><tr><th>Messages</th></tr><tr><td><div class="messages">Pass: &apos;othersFaxCommentsLink&apos; is clicked<br/>Pass: https://recoveryqa39.lavante.com/recovery/otherConfiguration.lvp Page is working fine<br/>Pass: &apos;othersFaxCommentsTable&apos; is displayed<br/>Pass: &apos;addNewBtn&apos; is displayed</div></td></tr></table><p class="totop"><a href="#summary">back to summary</a></p><h3 id="m28">lavante.recovery.testsuites.SanityTestSuite#verifyOthersPage</h3><table class="result"><tr><th>Messages</th></tr><tr><td><div class="messages">Pass: &apos;othersLink&apos; is clicked<br/>Pass: https://recoveryqa39.lavante.com/recovery/uploadConfiguration.lvp#credit_files Page is working fine</div></td></tr></table><p class="totop"><a href="#summary">back to summary</a></p><h3 id="m29">lavante.recovery.testsuites.SanityTestSuite#verifyPhoneExtensionPage</h3><table class="result"><tr><th>Messages</th></tr><tr><td><div class="messages">Pass: &apos;othersPhoneExtensionLink&apos; is clicked<br/>Pass: https://recoveryqa39.lavante.com/recovery/creditRejectionReason.lvp Page is working fine<br/>Pass: &apos;othersPhoneExtensionTable&apos; is displayed<br/>Pass: &apos;addNewBtn&apos; is displayed</div></td></tr></table><p class="totop"><a href="#summary">back to summary</a></p><h3 id="m30">lavante.recovery.testsuites.SanityTestSuite#verifyPossibleDupesPage</h3><table class="result"><tr><th>Messages</th></tr><tr><td><div class="messages">Pass: &apos;possibleDupesLink&apos; is clicked<br/>Pass: https://recoveryqa39.lavante.com/recovery/invoicingPage.lvp Page is working fine<br/>Info: Switched successfully to frame :0<br/>Pass: &apos;possDupSummaryTable&apos; is displayed<br/>Info: Switched successfully to frame :1<br/>Pass: &apos;preBatchTable&apos; is displayed<br/>Info: Switched successfully to frame :2<br/>Pass: &apos;postBatchTable&apos; is displayed<br/>Info: Switched successfully to frame :3<br/>Pass: &apos;possDupDetailsTable&apos; is displayed</div></td></tr></table><p class="totop"><a href="#summary">back to summary</a></p><h3 id="m31">lavante.recovery.testsuites.SanityTestSuite#verifyReportsPage</h3><table class="result"><tr><th>Messages</th></tr><tr><td><div class="messages">Pass: &apos;reportsLink&apos; is clicked<br/>Pass: https://recoveryqa39.lavante.com/recovery/invoice.lvp#refund Page is working fine<br/>Pass: &apos;reportsData&apos; is displayed</div></td></tr></table><p class="totop"><a href="#summary">back to summary</a></p><h3 id="m32">lavante.recovery.testsuites.SanityTestSuite#verifySetupAuditPage</h3><table class="result"><tr><th>Messages</th></tr><tr><td><div class="messages">Pass: &apos;addNewBtn&apos; is displayed</div></td></tr></table><p class="totop"><a href="#summary">back to summary</a></p><h3 id="m33">lavante.recovery.testsuites.SanityTestSuite#verifySetupBUPage</h3><table class="result"><tr><th>Messages</th></tr><tr><td><div class="messages">Pass: &apos;businessUnitLink&apos; is clicked<br/>Pass: https://recoveryqa39.lavante.com/recovery/businessUnit.lvp Page is working fine<br/>Pass: &apos;businessUnitTable&apos; is displayed</div></td></tr></table><p class="totop"><a href="#summary">back to summary</a></p><h3 id="m34">lavante.recovery.testsuites.SanityTestSuite#verifySetupClientPage</h3><table class="result"><tr><th>Messages</th></tr><tr><td><div class="messages">Pass: &apos;clientLink&apos; is clicked<br/>Pass: https://recoveryqa39.lavante.com/recovery/configurationSetup.lvp Page is working fine<br/>Pass: &apos;clientTable&apos; is displayed</div></td></tr></table><p class="totop"><a href="#summary">back to summary</a></p><h3 id="m35">lavante.recovery.testsuites.SanityTestSuite#verifySetupManageCurrencyPage</h3><table class="result"><tr><th>Messages</th></tr><tr><td><div class="messages">Pass: &apos;manCurrencyLink&apos; is clicked<br/>Pass: https://recoveryqa39.lavante.com/recovery/requestLetters.lvp Page is working fine<br/>Pass: &apos;manageCurrencyTable&apos; is displayed</div></td></tr></table><p class="totop"><a href="#summary">back to summary</a></p><h3 id="m36">lavante.recovery.testsuites.SanityTestSuite#verifySetupPage</h3><table class="result"><tr><th>Messages</th></tr><tr><td><div class="messages">Pass: &apos;setUpLink&apos; is clicked<br/>Pass: https://recoveryqa39.lavante.com/recovery/configurationSetup.lvp Page is working fine</div></td></tr></table><p class="totop"><a href="#summary">back to summary</a></p><h3 id="m37">lavante.recovery.testsuites.SanityTestSuite#verifySetupPreferencesPage</h3><table class="result"><tr><th>Messages</th></tr><tr><td><div class="messages">Pass: &apos;preferencesLink&apos; is clicked<br/>Pass: https://recoveryqa39.lavante.com/recovery/businessUnit.lvp Page is working fine<br/>Pass: &apos;preferencesTable&apos; is displayed</div></td></tr></table><p class="totop"><a href="#summary">back to summary</a></p><h3 id="m38">lavante.recovery.testsuites.SanityTestSuite#verifySetupReqLetterPage</h3><table class="result"><tr><th>Messages</th></tr><tr><td><div class="messages">Pass: &apos;reqLetterLink&apos; is clicked<br/>Pass: https://recoveryqa39.lavante.com/recovery/automationConfiguration.lvp Page is working fine<br/>Pass: &apos;reqLetterTable&apos; is displayed</div></td></tr></table><p class="totop"><a href="#summary">back to summary</a></p><h3 id="m39">lavante.recovery.testsuites.SanityTestSuite#verifyStatementsAssignmentsPage</h3><table class="result"><tr><th>Messages</th></tr><tr><td><div class="messages">Pass: &apos;statementsLink&apos; is clicked<br/>Pass: https://recoveryqa39.lavante.com/recovery/creditAssignments.lvp Page is working fine<br/>Pass: &apos;statementsTable&apos; is displayed<br/>Pass: &apos;searchBtn&apos; is displayed</div></td></tr></table><p class="totop"><a href="#summary">back to summary</a></p><h3 id="m40">lavante.recovery.testsuites.SanityTestSuite#verifySummaryPage</h3><table class="result"><tr><th>Messages</th></tr><tr><td><div class="messages">Pass: &apos;summaryLink&apos; is clicked<br/>Pass: https://recoveryqa39.lavante.com/recovery/creditMatch.lvp Page is working fine<br/>Pass: &apos;currMonthTable&apos; is displayed<br/>Pass: &apos;custSummaryTable&apos; is displayed<br/>Pass: &apos;OutReachgrph&apos; is displayed<br/>Pass: &apos;statementProcessedgrph&apos; is displayed<br/>Pass: &apos;openClaimsBySpendGrph&apos; is displayed<br/>Pass: &apos;openClaimsByCountGrph&apos; is displayed<br/>Pass: &apos;subClaimsBySpendGrph&apos; is displayed<br/>Pass: &apos;subClaimsByCountGrph&apos; is displayed<br/>Pass: &apos;totalCreditsgrph&apos; is displayed</div></td></tr></table><p class="totop"><a href="#summary">back to summary</a></p><h3 id="m41">lavante.recovery.testsuites.SanityTestSuite#verifyUploadsPage</h3><table class="result"><tr><th>Messages</th></tr><tr><td><div class="messages">Pass: &apos;uploadsLink&apos; is clicked<br/>Pass: https://recoveryqa39.lavante.com/recovery/contractDetails.lvp Page is working fine<br/>Pass: &apos;uploadFilesTable&apos; is displayed<br/>Pass: &apos;templatesTable&apos; is displayed<br/>Pass: &apos;uploadSuppFilesLink&apos; is clicked<br/>Info: Switched successfully to frame :0<br/>Pass: &apos;uploadSuppFilesTable&apos; is displayed<br/>Pass: &apos;uploadReqLetterLink&apos; is clicked<br/>Info: Switched successfully to frame :1<br/>Pass: &apos;uploadReqLetterTable&apos; is displayed<br/>Pass: &apos;uploadCreditFileLink&apos; is clicked<br/>Info: Switched successfully to frame :2<br/>Pass: &apos;creditFilesTable&apos; is displayed</div></td></tr></table><p class="totop"><a href="#summary">back to summary</a></p><h3 id="m42">lavante.recovery.testsuites.SanityTestSuite#verifyauditOutboundPage</h3><table class="result"><tr><th>Messages</th></tr><tr><td><div class="messages">Pass: &apos;currentMonCredits&apos; is displayed<br/>Pass: &apos;auditContactDetails&apos; is displayed<br/>Pass: &apos;furureCreditsGrph&apos; is displayed<br/>Pass: &apos;claimHistoryGrph&apos; is clicked<br/>Pass: https://recoveryqa39.lavante.com/recovery/outbound.lvp Page is working fine<br/>Pass: &apos;claimHistoryGrph&apos; is displayed<br/>Pass: &apos;supplierStatus&apos; is displayed<br/>Pass: &apos;pendingCorrespondence&apos; is displayed</div></td></tr></table><p class="totop"><a href="#summary">back to summary</a></p><h3 id="m43">lavante.recovery.testsuites.SanityTestSuite#verifyauditStatisticsAssignmentsPage</h3><table class="result"><tr><th>Messages</th></tr><tr><td><div class="messages">Pass: &apos;auditStatsTable&apos; is displayed</div></td></tr></table><p class="totop"><a href="#summary">back to summary</a></p><h3 id="m44">lavante.recovery.testsuites.SanityTestSuite#verifycontactEntryPage</h3><table class="result"><tr><th>Messages</th></tr><tr><td><div class="messages">Pass: &apos;contactEntry&apos; is clicked<br/>Pass: https://recoveryqa39.lavante.com/recovery/inbound.lvp#unrecognized Page is working fine<br/>Pass: &apos;docQueueTable&apos; is displayed<br/>Pass: &apos;supDetailsTable&apos; is displayed<br/>Pass: &apos;docDetails&apos; is displayed</div></td></tr></table><p class="totop"><a href="#summary">back to summary</a></p></body></html>