<?xml version="1.0" encoding="utf-8" ?>
<!DOCTYPE html PUBLIC "-//W3C//DTD XHTML 1.0 Strict//EN"
        "http://www.w3.org/TR/xhtml1/DTD/xhtml1-strict.dtd">
<html xmlns="http://www.w3.org/1999/xhtml" xml:lang="" lang="">
<head>
  <title>Test Results Report - Lavante - Recovery - Running on Chrome v45</title>
  <meta http-equiv="Content-Type" content="text/html;charset=utf-8" />
  <meta name="description" content="TestNG unit test results." />
  <link href="reportng.css" rel="stylesheet" type="text/css" />
    <script type="text/javascript" src="reportng.js"></script>
</head>
<body>
<h1>Lavante - Recovery - Running on Chrome v45</h1>
<p>
  Test duration: 406.743s
</p>



  <table class="resultsTable">
    <tr><th colspan="3" class="header failed">Failed Tests</th></tr>
          <tr>
        <td colspan="3" class="group">lavante.recovery.testsuites.SanityTestSuite</td>
      </tr>
            
<tr>
  <td class="method">
                  verifyCheckRegistryPage
      </td>
  <td class="duration">
    15.011s
  </td>
  <td class="result">
        
    
            <div class="testOutput">
                        Fail: 'chkRegLink' is not displayed
                                To View Screenshot <a href="file:///D:\Recovery_Auto_Workspace\Recovery_Automation/TestResults/Screenshots/2016_20_Jun_17_54_25.png">Click Here</a>
                  </div>
    

        <a href="javascript:toggleElement('exception-0', 'block')" title="Click to expand/collapse"><b>java.lang.AssertionError: Fail: &apos;chkRegLink&apos; is not displayed</b></a><br />
    <div class="stackTrace" id="exception-0">
              org.testng.Assert.fail(Assert.java:94)<br />
              lavante.recovery.utilities.Report.fail(Report.java:23)<br />
              lavante.recovery.utilities.seleniumBaseClass.click(seleniumBaseClass.java:220)<br />
              lavante.recovery.pageobjects.Audit.AuditCheckRegistryPage.verifychkRegLink(AuditCheckRegistryPage.java:19)<br />
              lavante.recovery.testsuites.SanityTestSuite.verifyCheckRegistryPage(SanityTestSuite.java:349)<br />
              sun.reflect.NativeMethodAccessorImpl.invoke0(Native Method)<br />
              sun.reflect.NativeMethodAccessorImpl.invoke(NativeMethodAccessorImpl.java:62)<br />
              sun.reflect.DelegatingMethodAccessorImpl.invoke(DelegatingMethodAccessorImpl.java:43)<br />
              java.lang.reflect.Method.invoke(Method.java:497)<br />
              org.testng.internal.MethodInvocationHelper.invokeMethod(MethodInvocationHelper.java:84)<br />
              org.testng.internal.Invoker.invokeMethod(Invoker.java:714)<br />
              org.testng.internal.Invoker.invokeTestMethod(Invoker.java:901)<br />
              org.testng.internal.Invoker.invokeTestMethods(Invoker.java:1231)<br />
              org.testng.internal.TestMethodWorker.invokeTestMethods(TestMethodWorker.java:127)<br />
              org.testng.internal.TestMethodWorker.run(TestMethodWorker.java:111)<br />
              org.testng.TestRunner.privateRun(TestRunner.java:767)<br />
              org.testng.TestRunner.run(TestRunner.java:617)<br />
              org.testng.SuiteRunner.runTest(SuiteRunner.java:348)<br />
              org.testng.SuiteRunner.access$000(SuiteRunner.java:38)<br />
              org.testng.SuiteRunner$SuiteWorker.run(SuiteRunner.java:382)<br />
              org.testng.internal.thread.ThreadUtil$2.call(ThreadUtil.java:64)<br />
              java.util.concurrent.FutureTask.run(FutureTask.java:266)<br />
              java.util.concurrent.ThreadPoolExecutor.runWorker(ThreadPoolExecutor.java:1142)<br />
              java.util.concurrent.ThreadPoolExecutor$Worker.run(ThreadPoolExecutor.java:617)<br />
              java.lang.Thread.run(Thread.java:745)<br />
                </div>
      </td>
</tr>
<tr>
  <td class="method">
                  verifyClaimsPage
      </td>
  <td class="duration">
    11.430s
  </td>
  <td class="result">
        
    
            <div class="testOutput">
                        Fail: 'claimsLink' is not displayed
                                To View Screenshot <a href="file:///D:\Recovery_Auto_Workspace\Recovery_Automation/TestResults/Screenshots/2016_20_Jun_17_54_36.png">Click Here</a>
                  </div>
    

        <a href="javascript:toggleElement('exception-1', 'block')" title="Click to expand/collapse"><b>java.lang.AssertionError: Fail: &apos;claimsLink&apos; is not displayed</b></a><br />
    <div class="stackTrace" id="exception-1">
              org.testng.Assert.fail(Assert.java:94)<br />
              lavante.recovery.utilities.Report.fail(Report.java:23)<br />
              lavante.recovery.utilities.seleniumBaseClass.click(seleniumBaseClass.java:220)<br />
              lavante.recovery.pageobjects.MainClaimsPage.verifyclaimsLink(MainClaimsPage.java:19)<br />
              lavante.recovery.testsuites.SanityTestSuite.verifyClaimsPage(SanityTestSuite.java:358)<br />
              sun.reflect.NativeMethodAccessorImpl.invoke0(Native Method)<br />
              sun.reflect.NativeMethodAccessorImpl.invoke(NativeMethodAccessorImpl.java:62)<br />
              sun.reflect.DelegatingMethodAccessorImpl.invoke(DelegatingMethodAccessorImpl.java:43)<br />
              java.lang.reflect.Method.invoke(Method.java:497)<br />
              org.testng.internal.MethodInvocationHelper.invokeMethod(MethodInvocationHelper.java:84)<br />
              org.testng.internal.Invoker.invokeMethod(Invoker.java:714)<br />
              org.testng.internal.Invoker.invokeTestMethod(Invoker.java:901)<br />
              org.testng.internal.Invoker.invokeTestMethods(Invoker.java:1231)<br />
              org.testng.internal.TestMethodWorker.invokeTestMethods(TestMethodWorker.java:127)<br />
              org.testng.internal.TestMethodWorker.run(TestMethodWorker.java:111)<br />
              org.testng.TestRunner.privateRun(TestRunner.java:767)<br />
              org.testng.TestRunner.run(TestRunner.java:617)<br />
              org.testng.SuiteRunner.runTest(SuiteRunner.java:348)<br />
              org.testng.SuiteRunner.access$000(SuiteRunner.java:38)<br />
              org.testng.SuiteRunner$SuiteWorker.run(SuiteRunner.java:382)<br />
              org.testng.internal.thread.ThreadUtil$2.call(ThreadUtil.java:64)<br />
              java.util.concurrent.FutureTask.run(FutureTask.java:266)<br />
              java.util.concurrent.ThreadPoolExecutor.runWorker(ThreadPoolExecutor.java:1142)<br />
              java.util.concurrent.ThreadPoolExecutor$Worker.run(ThreadPoolExecutor.java:617)<br />
              java.lang.Thread.run(Thread.java:745)<br />
                </div>
      </td>
</tr>
<tr>
  <td class="method">
                  verifyInvoicePage
      </td>
  <td class="duration">
    21.487s
  </td>
  <td class="result">
        
    
            <div class="testOutput">
                        Pass: 'invoiceLink' is clicked
                                Pass: https://recoveryqa39.lavante.com/recovery/invoicingPage.lvp Page is working fine
                                Info: Switched successfully to frame :0
                                Fail: 'invoicesTable' is not displayedno such element
  (Session info: chrome=51.0.2704.103)
  (Driver info: chromedriver=2.9.248315,platform=Windows NT 6.3 x86_64) (WARNING: The server did not provide any stacktrace information)
Command duration or timeout: 10.04 seconds
For documentation on this error, please visit: http://seleniumhq.org/exceptions/no_such_element.html
Build info: version: '2.52.0', revision: '4c2593c', time: '2016-02-11 19:06:42'
System info: host: 'WSR12LAVAQA01', ip: '192.168.21.81', os.name: 'Windows Server 2012 R2', os.arch: 'amd64', os.version: '6.3', java.version: '1.8.0_40'
Driver info: org.openqa.selenium.chrome.ChromeDriver
Capabilities [{applicationCacheEnabled=false, rotatable=false, chrome={userDataDir=C:\Users\LAVANT~1\AppData\Local\Temp\2\scoped_dir5308_7356}, takesHeapSnapshot=true, databaseEnabled=false, handlesAlerts=true, version=51.0.2704.103, platform=WIN8_1, browserConnectionEnabled=false, nativeEvents=true, acceptSslCerts=true, locationContextEnabled=true, webStorageEnabled=true, browserName=chrome, takesScreenshot=true, javascriptEnabled=true, cssSelectorsEnabled=true}]
Session ID: 53dd764dae4afd5829a2573743f21c5b
*** Element info: {Using=css selector, value=#Invoice_List tr td}
Command duration or timeout: 11.28 seconds
For documentation on this error, please visit: http://seleniumhq.org/exceptions/no_such_element.html
Build info: version: '2.52.0', revision: '4c2593cfc3689a7fcd7be52549167e5ccc93ad28', time: '2016-02-11 11:22:43'
System info: host: 'WLW7-TALLURYS', ip: '192.168.21.55', os.name: 'Windows 7', os.arch: 'amd64', os.version: '6.1', java.version: '1.8.0_40'
Driver info: org.openqa.selenium.remote.RemoteWebDriver
Capabilities [{applicationCacheEnabled=false, rotatable=false, chrome={userDataDir=C:\Users\LAVANT~1\AppData\Local\Temp\2\scoped_dir5308_7356}, takesHeapSnapshot=true, databaseEnabled=false, handlesAlerts=true, version=51.0.2704.103, platform=WIN8_1, browserConnectionEnabled=false, nativeEvents=true, acceptSslCerts=true, webdriver.remote.sessionid=ac1a29b4-9bcf-4bd8-afa0-205a9bf29ae5, locationContextEnabled=true, webStorageEnabled=true, browserName=chrome, takesScreenshot=true, javascriptEnabled=true, cssSelectorsEnabled=true}]
Session ID: ac1a29b4-9bcf-4bd8-afa0-205a9bf29ae5
*** Element info: {Using=css selector, value=#Invoice_List tr td}
                                To View Screenshot <a href="file:///D:\Recovery_Auto_Workspace\Recovery_Automation/TestResults/Screenshots/2016_20_Jun_17_53_42.png">Click Here</a>
                  </div>
    

        <a href="javascript:toggleElement('exception-2', 'block')" title="Click to expand/collapse"><b>java.lang.AssertionError: Fail: &apos;invoicesTable&apos; is not displayedno such element<br/>
&nbsp; (Session info: chrome=51.0.2704.103)<br/>
&nbsp; (Driver info: chromedriver=2.9.248315,platform=Windows NT 6.3 x86_64) (WARNING: The server did not provide any stacktrace information)<br/>
Command duration or timeout: 10.04 seconds<br/>
For documentation on this error, please visit: http://seleniumhq.org/exceptions/no_such_element.html<br/>
Build info: version: &apos;2.52.0&apos;, revision: &apos;4c2593c&apos;, time: &apos;2016-02-11 19:06:42&apos;<br/>
System info: host: &apos;WSR12LAVAQA01&apos;, ip: &apos;192.168.21.81&apos;, os.name: &apos;Windows Server 2012 R2&apos;, os.arch: &apos;amd64&apos;, os.version: &apos;6.3&apos;, java.version: &apos;1.8.0_40&apos;<br/>
Driver info: org.openqa.selenium.chrome.ChromeDriver<br/>
Capabilities [{applicationCacheEnabled=false, rotatable=false, chrome={userDataDir=C:\Users\LAVANT~1\AppData\Local\Temp\2\scoped_dir5308_7356}, takesHeapSnapshot=true, databaseEnabled=false, handlesAlerts=true, version=51.0.2704.103, platform=WIN8_1, browserConnectionEnabled=false, nativeEvents=true, acceptSslCerts=true, locationContextEnabled=true, webStorageEnabled=true, browserName=chrome, takesScreenshot=true, javascriptEnabled=true, cssSelectorsEnabled=true}]<br/>
Session ID: 53dd764dae4afd5829a2573743f21c5b<br/>
*** Element info: {Using=css selector, value=#Invoice_List tr td}<br/>
Command duration or timeout: 11.28 seconds<br/>
For documentation on this error, please visit: http://seleniumhq.org/exceptions/no_such_element.html<br/>
Build info: version: &apos;2.52.0&apos;, revision: &apos;4c2593cfc3689a7fcd7be52549167e5ccc93ad28&apos;, time: &apos;2016-02-11 11:22:43&apos;<br/>
System info: host: &apos;WLW7-TALLURYS&apos;, ip: &apos;192.168.21.55&apos;, os.name: &apos;Windows 7&apos;, os.arch: &apos;amd64&apos;, os.version: &apos;6.1&apos;, java.version: &apos;1.8.0_40&apos;<br/>
Driver info: org.openqa.selenium.remote.RemoteWebDriver<br/>
Capabilities [{applicationCacheEnabled=false, rotatable=false, chrome={userDataDir=C:\Users\LAVANT~1\AppData\Local\Temp\2\scoped_dir5308_7356}, takesHeapSnapshot=true, databaseEnabled=false, handlesAlerts=true, version=51.0.2704.103, platform=WIN8_1, browserConnectionEnabled=false, nativeEvents=true, acceptSslCerts=true, webdriver.remote.sessionid=ac1a29b4-9bcf-4bd8-afa0-205a9bf29ae5, locationContextEnabled=true, webStorageEnabled=true, browserName=chrome, takesScreenshot=true, javascriptEnabled=true, cssSelectorsEnabled=true}]<br/>
Session ID: ac1a29b4-9bcf-4bd8-afa0-205a9bf29ae5<br/>
*** Element info: {Using=css selector, value=#Invoice_List tr td}</b></a><br />
    <div class="stackTrace" id="exception-2">
              org.testng.Assert.fail(Assert.java:94)<br />
              lavante.recovery.utilities.Report.fail(Report.java:23)<br />
              lavante.recovery.utilities.seleniumBaseClass.isDisplayed(seleniumBaseClass.java:238)<br />
              lavante.recovery.pageobjects.Audit.AuditInvoicePage.verifyinvoicesTable(AuditInvoicePage.java:29)<br />
              lavante.recovery.testsuites.SanityTestSuite.verifyInvoicePage(SanityTestSuite.java:280)<br />
              sun.reflect.NativeMethodAccessorImpl.invoke0(Native Method)<br />
              sun.reflect.NativeMethodAccessorImpl.invoke(NativeMethodAccessorImpl.java:62)<br />
              sun.reflect.DelegatingMethodAccessorImpl.invoke(DelegatingMethodAccessorImpl.java:43)<br />
              java.lang.reflect.Method.invoke(Method.java:497)<br />
              org.testng.internal.MethodInvocationHelper.invokeMethod(MethodInvocationHelper.java:84)<br />
              org.testng.internal.Invoker.invokeMethod(Invoker.java:714)<br />
              org.testng.internal.Invoker.invokeTestMethod(Invoker.java:901)<br />
              org.testng.internal.Invoker.invokeTestMethods(Invoker.java:1231)<br />
              org.testng.internal.TestMethodWorker.invokeTestMethods(TestMethodWorker.java:127)<br />
              org.testng.internal.TestMethodWorker.run(TestMethodWorker.java:111)<br />
              org.testng.TestRunner.privateRun(TestRunner.java:767)<br />
              org.testng.TestRunner.run(TestRunner.java:617)<br />
              org.testng.SuiteRunner.runTest(SuiteRunner.java:348)<br />
              org.testng.SuiteRunner.access$000(SuiteRunner.java:38)<br />
              org.testng.SuiteRunner$SuiteWorker.run(SuiteRunner.java:382)<br />
              org.testng.internal.thread.ThreadUtil$2.call(ThreadUtil.java:64)<br />
              java.util.concurrent.FutureTask.run(FutureTask.java:266)<br />
              java.util.concurrent.ThreadPoolExecutor.runWorker(ThreadPoolExecutor.java:1142)<br />
              java.util.concurrent.ThreadPoolExecutor$Worker.run(ThreadPoolExecutor.java:617)<br />
              java.lang.Thread.run(Thread.java:745)<br />
                </div>
      </td>
</tr>
<tr>
  <td class="method">
                  verifyInvoicesPage
      </td>
  <td class="duration">
    15.589s
  </td>
  <td class="result">
        
    
            <div class="testOutput">
                        Pass: 'invoicesLink' is clicked
                                Pass: https://recoveryqa39.lavante.com/recovery/invoice.lvp Page is working fine
                                Fail: 'invoiceSummaryTable' is not displayedno such element
  (Session info: chrome=51.0.2704.103)
  (Driver info: chromedriver=2.9.248315,platform=Windows NT 6.3 x86_64) (WARNING: The server did not provide any stacktrace information)
Command duration or timeout: 10.01 seconds
For documentation on this error, please visit: http://seleniumhq.org/exceptions/no_such_element.html
Build info: version: '2.52.0', revision: '4c2593c', time: '2016-02-11 19:06:42'
System info: host: 'WSR12LAVAQA01', ip: '192.168.21.81', os.name: 'Windows Server 2012 R2', os.arch: 'amd64', os.version: '6.3', java.version: '1.8.0_40'
Driver info: org.openqa.selenium.chrome.ChromeDriver
Capabilities [{applicationCacheEnabled=false, rotatable=false, chrome={userDataDir=C:\Users\LAVANT~1\AppData\Local\Temp\2\scoped_dir5308_7356}, takesHeapSnapshot=true, databaseEnabled=false, handlesAlerts=true, version=51.0.2704.103, platform=WIN8_1, browserConnectionEnabled=false, nativeEvents=true, acceptSslCerts=true, locationContextEnabled=true, webStorageEnabled=true, browserName=chrome, takesScreenshot=true, javascriptEnabled=true, cssSelectorsEnabled=true}]
Session ID: 53dd764dae4afd5829a2573743f21c5b
*** Element info: {Using=css selector, value=#invoiceSummary tr td}
Command duration or timeout: 10.30 seconds
For documentation on this error, please visit: http://seleniumhq.org/exceptions/no_such_element.html
Build info: version: '2.52.0', revision: '4c2593cfc3689a7fcd7be52549167e5ccc93ad28', time: '2016-02-11 11:22:43'
System info: host: 'WLW7-TALLURYS', ip: '192.168.21.55', os.name: 'Windows 7', os.arch: 'amd64', os.version: '6.1', java.version: '1.8.0_40'
Driver info: org.openqa.selenium.remote.RemoteWebDriver
Capabilities [{applicationCacheEnabled=false, rotatable=false, chrome={userDataDir=C:\Users\LAVANT~1\AppData\Local\Temp\2\scoped_dir5308_7356}, takesHeapSnapshot=true, databaseEnabled=false, handlesAlerts=true, version=51.0.2704.103, platform=WIN8_1, browserConnectionEnabled=false, nativeEvents=true, acceptSslCerts=true, webdriver.remote.sessionid=ac1a29b4-9bcf-4bd8-afa0-205a9bf29ae5, locationContextEnabled=true, webStorageEnabled=true, browserName=chrome, takesScreenshot=true, javascriptEnabled=true, cssSelectorsEnabled=true}]
Session ID: ac1a29b4-9bcf-4bd8-afa0-205a9bf29ae5
*** Element info: {Using=css selector, value=#invoiceSummary tr td}
                                To View Screenshot <a href="file:///D:\Recovery_Auto_Workspace\Recovery_Automation/TestResults/Screenshots/2016_20_Jun_17_54_52.png">Click Here</a>
                  </div>
    

        <a href="javascript:toggleElement('exception-3', 'block')" title="Click to expand/collapse"><b>java.lang.AssertionError: Fail: &apos;invoiceSummaryTable&apos; is not displayedno such element<br/>
&nbsp; (Session info: chrome=51.0.2704.103)<br/>
&nbsp; (Driver info: chromedriver=2.9.248315,platform=Windows NT 6.3 x86_64) (WARNING: The server did not provide any stacktrace information)<br/>
Command duration or timeout: 10.01 seconds<br/>
For documentation on this error, please visit: http://seleniumhq.org/exceptions/no_such_element.html<br/>
Build info: version: &apos;2.52.0&apos;, revision: &apos;4c2593c&apos;, time: &apos;2016-02-11 19:06:42&apos;<br/>
System info: host: &apos;WSR12LAVAQA01&apos;, ip: &apos;192.168.21.81&apos;, os.name: &apos;Windows Server 2012 R2&apos;, os.arch: &apos;amd64&apos;, os.version: &apos;6.3&apos;, java.version: &apos;1.8.0_40&apos;<br/>
Driver info: org.openqa.selenium.chrome.ChromeDriver<br/>
Capabilities [{applicationCacheEnabled=false, rotatable=false, chrome={userDataDir=C:\Users\LAVANT~1\AppData\Local\Temp\2\scoped_dir5308_7356}, takesHeapSnapshot=true, databaseEnabled=false, handlesAlerts=true, version=51.0.2704.103, platform=WIN8_1, browserConnectionEnabled=false, nativeEvents=true, acceptSslCerts=true, locationContextEnabled=true, webStorageEnabled=true, browserName=chrome, takesScreenshot=true, javascriptEnabled=true, cssSelectorsEnabled=true}]<br/>
Session ID: 53dd764dae4afd5829a2573743f21c5b<br/>
*** Element info: {Using=css selector, value=#invoiceSummary tr td}<br/>
Command duration or timeout: 10.30 seconds<br/>
For documentation on this error, please visit: http://seleniumhq.org/exceptions/no_such_element.html<br/>
Build info: version: &apos;2.52.0&apos;, revision: &apos;4c2593cfc3689a7fcd7be52549167e5ccc93ad28&apos;, time: &apos;2016-02-11 11:22:43&apos;<br/>
System info: host: &apos;WLW7-TALLURYS&apos;, ip: &apos;192.168.21.55&apos;, os.name: &apos;Windows 7&apos;, os.arch: &apos;amd64&apos;, os.version: &apos;6.1&apos;, java.version: &apos;1.8.0_40&apos;<br/>
Driver info: org.openqa.selenium.remote.RemoteWebDriver<br/>
Capabilities [{applicationCacheEnabled=false, rotatable=false, chrome={userDataDir=C:\Users\LAVANT~1\AppData\Local\Temp\2\scoped_dir5308_7356}, takesHeapSnapshot=true, databaseEnabled=false, handlesAlerts=true, version=51.0.2704.103, platform=WIN8_1, browserConnectionEnabled=false, nativeEvents=true, acceptSslCerts=true, webdriver.remote.sessionid=ac1a29b4-9bcf-4bd8-afa0-205a9bf29ae5, locationContextEnabled=true, webStorageEnabled=true, browserName=chrome, takesScreenshot=true, javascriptEnabled=true, cssSelectorsEnabled=true}]<br/>
Session ID: ac1a29b4-9bcf-4bd8-afa0-205a9bf29ae5<br/>
*** Element info: {Using=css selector, value=#invoiceSummary tr td}</b></a><br />
    <div class="stackTrace" id="exception-3">
              org.testng.Assert.fail(Assert.java:94)<br />
              lavante.recovery.utilities.Report.fail(Report.java:23)<br />
              lavante.recovery.utilities.seleniumBaseClass.isDisplayed(seleniumBaseClass.java:238)<br />
              lavante.recovery.pageobjects.InvoicesPage.verifyinvoiceSummaryTable(InvoicesPage.java:29)<br />
              lavante.recovery.testsuites.SanityTestSuite.verifyInvoicesPage(SanityTestSuite.java:368)<br />
              sun.reflect.NativeMethodAccessorImpl.invoke0(Native Method)<br />
              sun.reflect.NativeMethodAccessorImpl.invoke(NativeMethodAccessorImpl.java:62)<br />
              sun.reflect.DelegatingMethodAccessorImpl.invoke(DelegatingMethodAccessorImpl.java:43)<br />
              java.lang.reflect.Method.invoke(Method.java:497)<br />
              org.testng.internal.MethodInvocationHelper.invokeMethod(MethodInvocationHelper.java:84)<br />
              org.testng.internal.Invoker.invokeMethod(Invoker.java:714)<br />
              org.testng.internal.Invoker.invokeTestMethod(Invoker.java:901)<br />
              org.testng.internal.Invoker.invokeTestMethods(Invoker.java:1231)<br />
              org.testng.internal.TestMethodWorker.invokeTestMethods(TestMethodWorker.java:127)<br />
              org.testng.internal.TestMethodWorker.run(TestMethodWorker.java:111)<br />
              org.testng.TestRunner.privateRun(TestRunner.java:767)<br />
              org.testng.TestRunner.run(TestRunner.java:617)<br />
              org.testng.SuiteRunner.runTest(SuiteRunner.java:348)<br />
              org.testng.SuiteRunner.access$000(SuiteRunner.java:38)<br />
              org.testng.SuiteRunner$SuiteWorker.run(SuiteRunner.java:382)<br />
              org.testng.internal.thread.ThreadUtil$2.call(ThreadUtil.java:64)<br />
              java.util.concurrent.FutureTask.run(FutureTask.java:266)<br />
              java.util.concurrent.ThreadPoolExecutor.runWorker(ThreadPoolExecutor.java:1142)<br />
              java.util.concurrent.ThreadPoolExecutor$Worker.run(ThreadPoolExecutor.java:617)<br />
              java.lang.Thread.run(Thread.java:745)<br />
                </div>
      </td>
</tr>
<tr>
  <td class="method">
                  verifyPossibleDupesPage
      </td>
  <td class="duration">
    12.084s
  </td>
  <td class="result">
        
    
            <div class="testOutput">
                        Fail: 'possibleDupesLink' is not displayed
                                To View Screenshot <a href="file:///D:\Recovery_Auto_Workspace\Recovery_Automation/TestResults/Screenshots/2016_20_Jun_17_53_54.png">Click Here</a>
                  </div>
    

        <a href="javascript:toggleElement('exception-4', 'block')" title="Click to expand/collapse"><b>java.lang.AssertionError: Fail: &apos;possibleDupesLink&apos; is not displayed</b></a><br />
    <div class="stackTrace" id="exception-4">
              org.testng.Assert.fail(Assert.java:94)<br />
              lavante.recovery.utilities.Report.fail(Report.java:23)<br />
              lavante.recovery.utilities.seleniumBaseClass.click(seleniumBaseClass.java:220)<br />
              lavante.recovery.pageobjects.Audit.AuditPossibleDupesPage.verifypossibleDupesLink(AuditPossibleDupesPage.java:19)<br />
              lavante.recovery.testsuites.SanityTestSuite.verifyPossibleDupesPage(SanityTestSuite.java:310)<br />
              sun.reflect.NativeMethodAccessorImpl.invoke0(Native Method)<br />
              sun.reflect.NativeMethodAccessorImpl.invoke(NativeMethodAccessorImpl.java:62)<br />
              sun.reflect.DelegatingMethodAccessorImpl.invoke(DelegatingMethodAccessorImpl.java:43)<br />
              java.lang.reflect.Method.invoke(Method.java:497)<br />
              org.testng.internal.MethodInvocationHelper.invokeMethod(MethodInvocationHelper.java:84)<br />
              org.testng.internal.Invoker.invokeMethod(Invoker.java:714)<br />
              org.testng.internal.Invoker.invokeTestMethod(Invoker.java:901)<br />
              org.testng.internal.Invoker.invokeTestMethods(Invoker.java:1231)<br />
              org.testng.internal.TestMethodWorker.invokeTestMethods(TestMethodWorker.java:127)<br />
              org.testng.internal.TestMethodWorker.run(TestMethodWorker.java:111)<br />
              org.testng.TestRunner.privateRun(TestRunner.java:767)<br />
              org.testng.TestRunner.run(TestRunner.java:617)<br />
              org.testng.SuiteRunner.runTest(SuiteRunner.java:348)<br />
              org.testng.SuiteRunner.access$000(SuiteRunner.java:38)<br />
              org.testng.SuiteRunner$SuiteWorker.run(SuiteRunner.java:382)<br />
              org.testng.internal.thread.ThreadUtil$2.call(ThreadUtil.java:64)<br />
              java.util.concurrent.FutureTask.run(FutureTask.java:266)<br />
              java.util.concurrent.ThreadPoolExecutor.runWorker(ThreadPoolExecutor.java:1142)<br />
              java.util.concurrent.ThreadPoolExecutor$Worker.run(ThreadPoolExecutor.java:617)<br />
              java.lang.Thread.run(Thread.java:745)<br />
                </div>
      </td>
</tr>
<tr>
  <td class="method">
                  verifyReportsPage
      </td>
  <td class="duration">
    15.068s
  </td>
  <td class="result">
        
    
            <div class="testOutput">
                        Fail: 'reportsLink' is not displayed
                                To View Screenshot <a href="file:///D:\Recovery_Auto_Workspace\Recovery_Automation/TestResults/Screenshots/2016_20_Jun_17_55_07.png">Click Here</a>
                  </div>
    

        <a href="javascript:toggleElement('exception-5', 'block')" title="Click to expand/collapse"><b>java.lang.AssertionError: Fail: &apos;reportsLink&apos; is not displayed</b></a><br />
    <div class="stackTrace" id="exception-5">
              org.testng.Assert.fail(Assert.java:94)<br />
              lavante.recovery.utilities.Report.fail(Report.java:23)<br />
              lavante.recovery.utilities.seleniumBaseClass.click(seleniumBaseClass.java:220)<br />
              lavante.recovery.pageobjects.ReportsPage.verifyreportsLink(ReportsPage.java:19)<br />
              lavante.recovery.testsuites.SanityTestSuite.verifyReportsPage(SanityTestSuite.java:382)<br />
              sun.reflect.NativeMethodAccessorImpl.invoke0(Native Method)<br />
              sun.reflect.NativeMethodAccessorImpl.invoke(NativeMethodAccessorImpl.java:62)<br />
              sun.reflect.DelegatingMethodAccessorImpl.invoke(DelegatingMethodAccessorImpl.java:43)<br />
              java.lang.reflect.Method.invoke(Method.java:497)<br />
              org.testng.internal.MethodInvocationHelper.invokeMethod(MethodInvocationHelper.java:84)<br />
              org.testng.internal.Invoker.invokeMethod(Invoker.java:714)<br />
              org.testng.internal.Invoker.invokeTestMethod(Invoker.java:901)<br />
              org.testng.internal.Invoker.invokeTestMethods(Invoker.java:1231)<br />
              org.testng.internal.TestMethodWorker.invokeTestMethods(TestMethodWorker.java:127)<br />
              org.testng.internal.TestMethodWorker.run(TestMethodWorker.java:111)<br />
              org.testng.TestRunner.privateRun(TestRunner.java:767)<br />
              org.testng.TestRunner.run(TestRunner.java:617)<br />
              org.testng.SuiteRunner.runTest(SuiteRunner.java:348)<br />
              org.testng.SuiteRunner.access$000(SuiteRunner.java:38)<br />
              org.testng.SuiteRunner$SuiteWorker.run(SuiteRunner.java:382)<br />
              org.testng.internal.thread.ThreadUtil$2.call(ThreadUtil.java:64)<br />
              java.util.concurrent.FutureTask.run(FutureTask.java:266)<br />
              java.util.concurrent.ThreadPoolExecutor.runWorker(ThreadPoolExecutor.java:1142)<br />
              java.util.concurrent.ThreadPoolExecutor$Worker.run(ThreadPoolExecutor.java:617)<br />
              java.lang.Thread.run(Thread.java:745)<br />
                </div>
      </td>
</tr>
<tr>
  <td class="method">
                  verifySetupPage
      </td>
  <td class="duration">
    15.053s
  </td>
  <td class="result">
        
    
            <div class="testOutput">
                        Fail: 'configurationLink' is not displayed
                                To View Screenshot <a href="file:///D:\Recovery_Auto_Workspace\Recovery_Automation/TestResults/Screenshots/2016_20_Jun_17_55_22.png">Click Here</a>
                  </div>
    

        <a href="javascript:toggleElement('exception-6', 'block')" title="Click to expand/collapse"><b>java.lang.AssertionError: Fail: &apos;configurationLink&apos; is not displayed</b></a><br />
    <div class="stackTrace" id="exception-6">
              org.testng.Assert.fail(Assert.java:94)<br />
              lavante.recovery.utilities.Report.fail(Report.java:23)<br />
              lavante.recovery.utilities.seleniumBaseClass.click(seleniumBaseClass.java:220)<br />
              lavante.recovery.pageobjects.Configuration.Setup.AuditPage.verifyconfigurationLink(AuditPage.java:19)<br />
              lavante.recovery.testsuites.SanityTestSuite.verifySetupPage(SanityTestSuite.java:394)<br />
              sun.reflect.NativeMethodAccessorImpl.invoke0(Native Method)<br />
              sun.reflect.NativeMethodAccessorImpl.invoke(NativeMethodAccessorImpl.java:62)<br />
              sun.reflect.DelegatingMethodAccessorImpl.invoke(DelegatingMethodAccessorImpl.java:43)<br />
              java.lang.reflect.Method.invoke(Method.java:497)<br />
              org.testng.internal.MethodInvocationHelper.invokeMethod(MethodInvocationHelper.java:84)<br />
              org.testng.internal.Invoker.invokeMethod(Invoker.java:714)<br />
              org.testng.internal.Invoker.invokeTestMethod(Invoker.java:901)<br />
              org.testng.internal.Invoker.invokeTestMethods(Invoker.java:1231)<br />
              org.testng.internal.TestMethodWorker.invokeTestMethods(TestMethodWorker.java:127)<br />
              org.testng.internal.TestMethodWorker.run(TestMethodWorker.java:111)<br />
              org.testng.TestRunner.privateRun(TestRunner.java:767)<br />
              org.testng.TestRunner.run(TestRunner.java:617)<br />
              org.testng.SuiteRunner.runTest(SuiteRunner.java:348)<br />
              org.testng.SuiteRunner.access$000(SuiteRunner.java:38)<br />
              org.testng.SuiteRunner$SuiteWorker.run(SuiteRunner.java:382)<br />
              org.testng.internal.thread.ThreadUtil$2.call(ThreadUtil.java:64)<br />
              java.util.concurrent.FutureTask.run(FutureTask.java:266)<br />
              java.util.concurrent.ThreadPoolExecutor.runWorker(ThreadPoolExecutor.java:1142)<br />
              java.util.concurrent.ThreadPoolExecutor$Worker.run(ThreadPoolExecutor.java:617)<br />
              java.lang.Thread.run(Thread.java:745)<br />
                </div>
      </td>
</tr>
<tr>
  <td class="method">
                  verifySummaryPage
      </td>
  <td class="duration">
    15.442s
  </td>
  <td class="result">
        
    
            <div class="testOutput">
                        Fail: 'summaryLink' is not displayed
                                To View Screenshot <a href="file:///D:\Recovery_Auto_Workspace\Recovery_Automation/TestResults/Screenshots/2016_20_Jun_17_54_09.png">Click Here</a>
                  </div>
    

        <a href="javascript:toggleElement('exception-7', 'block')" title="Click to expand/collapse"><b>java.lang.AssertionError: Fail: &apos;summaryLink&apos; is not displayed</b></a><br />
    <div class="stackTrace" id="exception-7">
              org.testng.Assert.fail(Assert.java:94)<br />
              lavante.recovery.utilities.Report.fail(Report.java:23)<br />
              lavante.recovery.utilities.seleniumBaseClass.click(seleniumBaseClass.java:220)<br />
              lavante.recovery.pageobjects.Audit.AuditSummaryPage.verifysummaryLink(AuditSummaryPage.java:19)<br />
              lavante.recovery.testsuites.SanityTestSuite.verifySummaryPage(SanityTestSuite.java:333)<br />
              sun.reflect.NativeMethodAccessorImpl.invoke0(Native Method)<br />
              sun.reflect.NativeMethodAccessorImpl.invoke(NativeMethodAccessorImpl.java:62)<br />
              sun.reflect.DelegatingMethodAccessorImpl.invoke(DelegatingMethodAccessorImpl.java:43)<br />
              java.lang.reflect.Method.invoke(Method.java:497)<br />
              org.testng.internal.MethodInvocationHelper.invokeMethod(MethodInvocationHelper.java:84)<br />
              org.testng.internal.Invoker.invokeMethod(Invoker.java:714)<br />
              org.testng.internal.Invoker.invokeTestMethod(Invoker.java:901)<br />
              org.testng.internal.Invoker.invokeTestMethods(Invoker.java:1231)<br />
              org.testng.internal.TestMethodWorker.invokeTestMethods(TestMethodWorker.java:127)<br />
              org.testng.internal.TestMethodWorker.run(TestMethodWorker.java:111)<br />
              org.testng.TestRunner.privateRun(TestRunner.java:767)<br />
              org.testng.TestRunner.run(TestRunner.java:617)<br />
              org.testng.SuiteRunner.runTest(SuiteRunner.java:348)<br />
              org.testng.SuiteRunner.access$000(SuiteRunner.java:38)<br />
              org.testng.SuiteRunner$SuiteWorker.run(SuiteRunner.java:382)<br />
              org.testng.internal.thread.ThreadUtil$2.call(ThreadUtil.java:64)<br />
              java.util.concurrent.FutureTask.run(FutureTask.java:266)<br />
              java.util.concurrent.ThreadPoolExecutor.runWorker(ThreadPoolExecutor.java:1142)<br />
              java.util.concurrent.ThreadPoolExecutor$Worker.run(ThreadPoolExecutor.java:617)<br />
              java.lang.Thread.run(Thread.java:745)<br />
                </div>
      </td>
</tr>
<tr>
  <td class="method">
                  verifyauditInboundPage
      </td>
  <td class="duration">
    21.255s
  </td>
  <td class="result">
        
    
            <div class="testOutput">
                        Pass: 'inboundLink' is clicked
                                Pass: https://recoveryqa39.lavante.com/recovery/inbound.lvp#recognized Page is working fine
                                Pass: 'inboundLink' is displayed
                                Pass: 'inboundDocumentStatistics' is displayed
                                Pass: 'inboundDocumentSummary' is displayed
                                Pass: 'recognizedfax' is clicked
                                Pass: https://recoveryqa39.lavante.com/recovery/inbound.lvp#recognized Page is working fine
                                Pass: 'statements' is clicked
                                Pass: https://recoveryqa39.lavante.com/recovery/inbound.lvp#recognized Page is working fine
                                Pass: 'verifications' is clicked
                                Pass: https://recoveryqa39.lavante.com/recovery/inbound.lvp#recognized Page is working fine
                                Pass: 'statements' is displayed
                                Pass: 'verificationsTable' is displayed
                                Pass: 'checks' is clicked
                                Pass: https://recoveryqa39.lavante.com/recovery/inbound.lvp#recognized Page is working fine
                                Pass: 'checksTable' is displayed
                                Pass: 'correspondence' is clicked
                                Fail: 'correspondenceTable' is not displayedstale element reference: element is not attached to the page document
  (Session info: chrome=51.0.2704.103)
  (Driver info: chromedriver=2.9.248315,platform=Windows NT 6.3 x86_64) (WARNING: The server did not provide any stacktrace information)
Command duration or timeout: 72 milliseconds
For documentation on this error, please visit: http://seleniumhq.org/exceptions/stale_element_reference.html
Build info: version: '2.52.0', revision: '4c2593c', time: '2016-02-11 19:06:42'
System info: host: 'WSR12LAVAQA01', ip: '192.168.21.81', os.name: 'Windows Server 2012 R2', os.arch: 'amd64', os.version: '6.3', java.version: '1.8.0_40'
Driver info: org.openqa.selenium.chrome.ChromeDriver
Capabilities [{applicationCacheEnabled=false, rotatable=false, chrome={userDataDir=C:\Users\LAVANT~1\AppData\Local\Temp\2\scoped_dir5308_7356}, takesHeapSnapshot=true, databaseEnabled=false, handlesAlerts=true, version=51.0.2704.103, platform=WIN8_1, browserConnectionEnabled=false, nativeEvents=true, acceptSslCerts=true, locationContextEnabled=true, webStorageEnabled=true, browserName=chrome, takesScreenshot=true, javascriptEnabled=true, cssSelectorsEnabled=true}]
Session ID: 53dd764dae4afd5829a2573743f21c5b
Command duration or timeout: 672 milliseconds
For documentation on this error, please visit: http://seleniumhq.org/exceptions/stale_element_reference.html
Build info: version: '2.52.0', revision: '4c2593cfc3689a7fcd7be52549167e5ccc93ad28', time: '2016-02-11 11:22:43'
System info: host: 'WLW7-TALLURYS', ip: '192.168.21.55', os.name: 'Windows 7', os.arch: 'amd64', os.version: '6.1', java.version: '1.8.0_40'
Driver info: org.openqa.selenium.remote.RemoteWebDriver
Capabilities [{applicationCacheEnabled=false, rotatable=false, chrome={userDataDir=C:\Users\LAVANT~1\AppData\Local\Temp\2\scoped_dir5308_7356}, takesHeapSnapshot=true, databaseEnabled=false, handlesAlerts=true, version=51.0.2704.103, platform=WIN8_1, browserConnectionEnabled=false, nativeEvents=true, acceptSslCerts=true, webdriver.remote.sessionid=ac1a29b4-9bcf-4bd8-afa0-205a9bf29ae5, locationContextEnabled=true, webStorageEnabled=true, browserName=chrome, takesScreenshot=true, javascriptEnabled=true, cssSelectorsEnabled=true}]
Session ID: ac1a29b4-9bcf-4bd8-afa0-205a9bf29ae5
                                To View Screenshot <a href="file:///D:\Recovery_Auto_Workspace\Recovery_Automation/TestResults/Screenshots/2016_20_Jun_17_52_51.png">Click Here</a>
                  </div>
    

        <a href="javascript:toggleElement('exception-8', 'block')" title="Click to expand/collapse"><b>java.lang.AssertionError: Fail: &apos;correspondenceTable&apos; is not displayedstale element reference: element is not attached to the page document<br/>
&nbsp; (Session info: chrome=51.0.2704.103)<br/>
&nbsp; (Driver info: chromedriver=2.9.248315,platform=Windows NT 6.3 x86_64) (WARNING: The server did not provide any stacktrace information)<br/>
Command duration or timeout: 72 milliseconds<br/>
For documentation on this error, please visit: http://seleniumhq.org/exceptions/stale_element_reference.html<br/>
Build info: version: &apos;2.52.0&apos;, revision: &apos;4c2593c&apos;, time: &apos;2016-02-11 19:06:42&apos;<br/>
System info: host: &apos;WSR12LAVAQA01&apos;, ip: &apos;192.168.21.81&apos;, os.name: &apos;Windows Server 2012 R2&apos;, os.arch: &apos;amd64&apos;, os.version: &apos;6.3&apos;, java.version: &apos;1.8.0_40&apos;<br/>
Driver info: org.openqa.selenium.chrome.ChromeDriver<br/>
Capabilities [{applicationCacheEnabled=false, rotatable=false, chrome={userDataDir=C:\Users\LAVANT~1\AppData\Local\Temp\2\scoped_dir5308_7356}, takesHeapSnapshot=true, databaseEnabled=false, handlesAlerts=true, version=51.0.2704.103, platform=WIN8_1, browserConnectionEnabled=false, nativeEvents=true, acceptSslCerts=true, locationContextEnabled=true, webStorageEnabled=true, browserName=chrome, takesScreenshot=true, javascriptEnabled=true, cssSelectorsEnabled=true}]<br/>
Session ID: 53dd764dae4afd5829a2573743f21c5b<br/>
Command duration or timeout: 672 milliseconds<br/>
For documentation on this error, please visit: http://seleniumhq.org/exceptions/stale_element_reference.html<br/>
Build info: version: &apos;2.52.0&apos;, revision: &apos;4c2593cfc3689a7fcd7be52549167e5ccc93ad28&apos;, time: &apos;2016-02-11 11:22:43&apos;<br/>
System info: host: &apos;WLW7-TALLURYS&apos;, ip: &apos;192.168.21.55&apos;, os.name: &apos;Windows 7&apos;, os.arch: &apos;amd64&apos;, os.version: &apos;6.1&apos;, java.version: &apos;1.8.0_40&apos;<br/>
Driver info: org.openqa.selenium.remote.RemoteWebDriver<br/>
Capabilities [{applicationCacheEnabled=false, rotatable=false, chrome={userDataDir=C:\Users\LAVANT~1\AppData\Local\Temp\2\scoped_dir5308_7356}, takesHeapSnapshot=true, databaseEnabled=false, handlesAlerts=true, version=51.0.2704.103, platform=WIN8_1, browserConnectionEnabled=false, nativeEvents=true, acceptSslCerts=true, webdriver.remote.sessionid=ac1a29b4-9bcf-4bd8-afa0-205a9bf29ae5, locationContextEnabled=true, webStorageEnabled=true, browserName=chrome, takesScreenshot=true, javascriptEnabled=true, cssSelectorsEnabled=true}]<br/>
Session ID: ac1a29b4-9bcf-4bd8-afa0-205a9bf29ae5</b></a><br />
    <div class="stackTrace" id="exception-8">
              org.testng.Assert.fail(Assert.java:94)<br />
              lavante.recovery.utilities.Report.fail(Report.java:23)<br />
              lavante.recovery.utilities.seleniumBaseClass.isDisplayed(seleniumBaseClass.java:238)<br />
              lavante.recovery.pageobjects.Audit.AuditInboundPage.verifyCorrespondenceTable(AuditInboundPage.java:143)<br />
              lavante.recovery.testsuites.SanityTestSuite.verifyauditInboundPage(SanityTestSuite.java:173)<br />
              sun.reflect.NativeMethodAccessorImpl.invoke0(Native Method)<br />
              sun.reflect.NativeMethodAccessorImpl.invoke(NativeMethodAccessorImpl.java:62)<br />
              sun.reflect.DelegatingMethodAccessorImpl.invoke(DelegatingMethodAccessorImpl.java:43)<br />
              java.lang.reflect.Method.invoke(Method.java:497)<br />
              org.testng.internal.MethodInvocationHelper.invokeMethod(MethodInvocationHelper.java:84)<br />
              org.testng.internal.Invoker.invokeMethod(Invoker.java:714)<br />
              org.testng.internal.Invoker.invokeTestMethod(Invoker.java:901)<br />
              org.testng.internal.Invoker.invokeTestMethods(Invoker.java:1231)<br />
              org.testng.internal.TestMethodWorker.invokeTestMethods(TestMethodWorker.java:127)<br />
              org.testng.internal.TestMethodWorker.run(TestMethodWorker.java:111)<br />
              org.testng.TestRunner.privateRun(TestRunner.java:767)<br />
              org.testng.TestRunner.run(TestRunner.java:617)<br />
              org.testng.SuiteRunner.runTest(SuiteRunner.java:348)<br />
              org.testng.SuiteRunner.access$000(SuiteRunner.java:38)<br />
              org.testng.SuiteRunner$SuiteWorker.run(SuiteRunner.java:382)<br />
              org.testng.internal.thread.ThreadUtil$2.call(ThreadUtil.java:64)<br />
              java.util.concurrent.FutureTask.run(FutureTask.java:266)<br />
              java.util.concurrent.ThreadPoolExecutor.runWorker(ThreadPoolExecutor.java:1142)<br />
              java.util.concurrent.ThreadPoolExecutor$Worker.run(ThreadPoolExecutor.java:617)<br />
              java.lang.Thread.run(Thread.java:745)<br />
                </div>
      </td>
</tr>
      </table>


  <table class="resultsTable">
    <tr><th colspan="3" class="header passed">Passed Tests</th></tr>
          <tr>
        <td colspan="3" class="group">lavante.recovery.testsuites.SanityTestSuite</td>
      </tr>
            
<tr>
  <td class="method">
                  verifyBatchingPage
      </td>
  <td class="duration">
    21.762s
  </td>
  <td class="result">
        
    
            <div class="testOutput">
                        Pass: 'batchingLink' is clicked
                                Pass: https://recoveryqa39.lavante.com/recovery/batchingPage.lvp Page is working fine
                                Info: Switched successfully to frame :0
                                Pass: 'unBatchedCreditsTable' is displayed
                                Info: Switched successfully to frame :1
                                Pass: 'batchedClaimsTable' is displayed
                                Info: Switched successfully to frame :2
                                Pass: 'batchSummaryTable' is displayed
                                Info: Switched successfully to frame :3
                                Pass: 'batchedDetailsTable' is displayed
                  </div>
    

      </td>
</tr>
<tr>
  <td class="method">
                  verifyCreditsAssignmentsPage
      </td>
  <td class="duration">
    22.419s
  </td>
  <td class="result">
        
    
            <div class="testOutput">
                        Pass: 'creditsLink' is clicked
                                Pass: https://recoveryqa39.lavante.com/recovery/holdAssignments.lvp Page is working fine
                                Pass: 'creditsTable' is displayed
                                Pass: 'searchBtn' is displayed
                  </div>
    

      </td>
</tr>
<tr>
  <td class="method">
                  verifyDashBoardClaims
      </td>
  <td class="duration">
    14.353s
  </td>
  <td class="result">
        
    
            <div class="testOutput">
                        Pass: 'dashBoardLink' is displayed
                                Pass: 'claimsLink' is displayed
                                Pass: 'openClaims' is displayed
                                Pass: 'batchedClaimslink' is clicked
                                Pass: https://recoveryqa39.lavante.com/recovery/claimDashboard.lvp#claims Page is working fine
                                Pass: 'batchedClaimslink' is displayed
                                Pass: 'batchedClaimslink' is clicked
                                Pass: https://recoveryqa39.lavante.com/recovery/claimDashboard.lvp#claims Page is working fine
                                Pass: 'batchedClaimslink' is displayed
                                Pass: 'batchedClaims' is displayed
                                Pass: 'invoiceslink' is clicked
                                Pass: https://recoveryqa39.lavante.com/recovery/claimDashboard.lvp#invoices Page is working fine
                                Pass: 'invoiceslink' is displayed
                                Pass: 'invoiceslink' is clicked
                                Pass: https://recoveryqa39.lavante.com/recovery/claimDashboard.lvp#invoices Page is working fine
                                Pass: 'invoiceslink' is displayed
                                Pass: 'invoices' is displayed
                                Pass: 'claimsByStatusChart' is displayed
                                Pass: 'claimsByTypeChart' is displayed
                                Pass: 'allClaimsChart' is displayed
                                Pass: 'claimsByOrgChart' is displayed
                  </div>
    

      </td>
</tr>
<tr>
  <td class="method">
                  verifyDashBoardCompliance
      </td>
  <td class="duration">
    12.395s
  </td>
  <td class="result">
        
    
            <div class="testOutput">
                        Pass: 'complainceLink' is clicked
                                Pass: https://recoveryqa39.lavante.com/recovery/complianceDashboard.lvp#Compliant Page is working fine
                                Pass: 'complainceLink' is displayed
                                Pass: 'compliantLink' is clicked
                                Pass: https://recoveryqa39.lavante.com/recovery/complianceDashboard.lvp#Compliant Page is working fine
                                Pass: 'compliantLink' is displayed
                                Pass: 'compliantTable' is displayed
                                Pass: 'complianceSummary' is displayed
                                Pass: 'noncompliantLink' is clicked
                                Pass: https://recoveryqa39.lavante.com/recovery/complianceDashboard.lvp#NonCompliant Page is working fine
                                Pass: 'noncompliantLink' is displayed
                                Pass: 'noncompliantTable' is displayed
                                Pass: 'complianceSummary' is displayed
                                Pass: 'complianceBySpendChart' is displayed
                                Pass: 'complianceByCountChart' is displayed
                                Pass: 'complianceBySpendRankChart' is displayed
                                Pass: 'OFACChart' is displayed
                  </div>
    

      </td>
</tr>
<tr>
  <td class="method">
                  verifyDashBoardSupplier
      </td>
  <td class="duration">
    30.780s
  </td>
  <td class="result">
        
    
            <div class="testOutput">
                        Pass: 'supplierLink' is clicked
                                Pass: https://recoveryqa39.lavante.com/recovery/supplierDashboard.lvp#Credit Page is working fine
                                Pass: 'supplierLink' is displayed
                                Pass: 'supplierCreditLink' is clicked
                                Pass: https://recoveryqa39.lavante.com/recovery/supplierDashboard.lvp#Credit Page is working fine
                                Pass: 'supplierCreditLink' is displayed
                                Pass: 'supplierCreditLink' is clicked
                                Pass: https://recoveryqa39.lavante.com/recovery/supplierDashboard.lvp#Credit Page is working fine
                                Pass: 'supplierCreditLink' is displayed
                                Pass: 'CreditTopSuppliers' is displayed
                                Pass: 'supplierCreditLink' is clicked
                                Pass: https://recoveryqa39.lavante.com/recovery/supplierDashboard.lvp#Credit Page is working fine
                                Pass: 'supplierCreditLink' is displayed
                                Pass: 'FileStatistics' is displayed
                                Pass: 'supplierSpendLink' is clicked
                                Pass: https://recoveryqa39.lavante.com/recovery/supplierDashboard.lvp#Spend Page is working fine
                                Pass: 'supplierSpendLink' is displayed
                                Pass: 'supplierSpendLink' is clicked
                                Pass: https://recoveryqa39.lavante.com/recovery/supplierDashboard.lvp#Spend Page is working fine
                                Pass: 'supplierSpendLink' is displayed
                                Pass: 'SpendTopSuppliers' is displayed
                                Pass: 'supplierSpendLink' is clicked
                                Pass: https://recoveryqa39.lavante.com/recovery/supplierDashboard.lvp#Spend Page is working fine
                                Pass: 'supplierSpendLink' is displayed
                                Pass: 'FileStatistics' is displayed
                                Pass: 'chkReqLink' is clicked
                                Pass: https://recoveryqa39.lavante.com/recovery/supplierDashboard.lvp#CheckRequest Page is working fine
                                Pass: 'chkReqLink' is displayed
                                Pass: 'chkReqLink' is clicked
                                Pass: https://recoveryqa39.lavante.com/recovery/supplierDashboard.lvp#CheckRequest Page is working fine
                                Pass: 'chkReqLink' is displayed
                                Pass: 'chkReqTopSuppliers' is displayed
                                Pass: 'chkReqLink' is clicked
                                Pass: https://recoveryqa39.lavante.com/recovery/supplierDashboard.lvp#CheckRequest Page is working fine
                                Pass: 'chkReqLink' is displayed
                                Pass: 'FileStatistics' is displayed
                                Pass: 'supplierExcludedChart' is displayed
                                Pass: 'supplierTargetChart' is displayed
                                Pass: 'supplierChangeChart' is displayed
                                Pass: 'relSupChart' is displayed
                  </div>
    

      </td>
</tr>
<tr>
  <td class="method">
                  verifyHoldsAssignmentsPage
      </td>
  <td class="duration">
    17.967s
  </td>
  <td class="result">
        
    
            <div class="testOutput">
                        Pass: 'holdsLink' is clicked
                                Pass: https://recoveryqa39.lavante.com/recovery/holdAssignments.lvp Page is working fine
                                Pass: 'holdsTable' is displayed
                                Pass: 'searchBtn' is displayed
                  </div>
    

      </td>
</tr>
<tr>
  <td class="method">
                  verifyStatementsAssignmentsPage
      </td>
  <td class="duration">
    61.103s
  </td>
  <td class="result">
        
    
            <div class="testOutput">
                        Pass: 'statementsLink' is clicked
                                Pass: https://recoveryqa39.lavante.com/recovery/statementAssignments.lvp Page is working fine
                                Pass: 'statementsTable' is displayed
                                Pass: 'searchBtn' is displayed
                  </div>
    

      </td>
</tr>
<tr>
  <td class="method">
                  verifyauditOutboundPage
      </td>
  <td class="duration">
    15.564s
  </td>
  <td class="result">
        
    
            <div class="testOutput">
                        Pass: 'auditLink' is clicked
                                Pass: https://recoveryqa39.lavante.com/recovery/outbound.lvp Page is working fine
                                Pass: 'auditLink' is displayed
                                Pass: 'outboundLink' is clicked
                                Pass: https://recoveryqa39.lavante.com/recovery/outbound.lvp Page is working fine
                                Pass: 'outboundLink' is displayed
                                Pass: 'currentMonCredits' is displayed
                                Pass: 'auditContactDetails' is displayed
                                Pass: 'furureCreditsGrph' is displayed
                                Pass: 'claimHistoryGrph' is clicked
                                Pass: https://recoveryqa39.lavante.com/recovery/outbound.lvp Page is working fine
                                Pass: 'claimHistoryGrph' is displayed
                                Pass: 'supplierStatus' is displayed
                                Pass: 'pendingCorrespondence' is displayed
                  </div>
    

      </td>
</tr>
<tr>
  <td class="method">
                  verifyauditStatisticsAssignmentsPage
      </td>
  <td class="duration">
    44.093s
  </td>
  <td class="result">
        
    
            <div class="testOutput">
                        Pass: 'assignmentsLink' is clicked
                                Pass: https://recoveryqa39.lavante.com/recovery/auditStastics.lvp Page is working fine
                                Pass: 'auditStatisticsLink' is clicked
                                Pass: https://recoveryqa39.lavante.com/recovery/auditStastics.lvp Page is working fine
                                Pass: 'auditStatsTable' is displayed
                  </div>
    

      </td>
</tr>
<tr>
  <td class="method">
                  verifycontactEntryPage
      </td>
  <td class="duration">
    7.293s
  </td>
  <td class="result">
        
    
            <div class="testOutput">
                        Pass: 'contactEntry' is clicked
                                Pass: https://recoveryqa39.lavante.com/recovery/dataentry.lvp Page is working fine
                                Pass: 'docQueueTable' is displayed
                                Pass: 'supDetailsTable' is displayed
                                Pass: 'docDetails' is displayed
                  </div>
    

      </td>
</tr>
      </table>
  
</body>
</html>
