<?xml version="1.0" encoding="utf-8" ?>
<!DOCTYPE html PUBLIC "-//W3C//DTD XHTML 1.0 Strict//EN"
        "http://www.w3.org/TR/xhtml1/DTD/xhtml1-strict.dtd">
<html xmlns="http://www.w3.org/1999/xhtml" xml:lang="" lang="">
<head>
  <title>Test Results Report - Lavante - Recovery - Running on Chrome v45</title>
  <meta http-equiv="Content-Type" content="text/html;charset=utf-8" />
  <meta name="description" content="TestNG unit test results." />
  <link href="reportng.css" rel="stylesheet" type="text/css" />
    <script type="text/javascript" src="reportng.js"></script>
</head>
<body>
<h1>Lavante - Recovery - Running on Chrome v45</h1>
<p>
  Test duration: 415.723s
</p>



  <table class="resultsTable">
    <tr><th colspan="3" class="header failed">Failed Tests</th></tr>
          <tr>
        <td colspan="3" class="group">lavante.recovery.testsuites.SanityTestSuite</td>
      </tr>
            
<tr>
  <td class="method">
                  verifyInvoicePage
      </td>
  <td class="duration">
    20.787s
  </td>
  <td class="result">
        
    
            <div class="testOutput">
                        Pass: &apos;invoiceLink&apos; is clicked<br />
                                Info: Switched successfully to frame :0<br />
                                Fail: &apos;invoicesTable&apos; is not displayedno such element<br/>
&nbsp; (Session info: chrome=51.0.2704.84)<br/>
&nbsp; (Driver info: chromedriver=2.9.248315,platform=Windows NT 6.3 x86_64) (WARNING: The server did not provide any stacktrace information)<br/>
Command duration or timeout: 10.06 seconds<br/>
For documentation on this error, please visit: http://seleniumhq.org/exceptions/no_such_element.html<br/>
Build info: version: &apos;2.52.0&apos;, revision: &apos;4c2593c&apos;, time: &apos;2016-02-11 19:06:42&apos;<br/>
System info: host: &apos;WSR12LAVAQA01&apos;, ip: &apos;192.168.21.81&apos;, os.name: &apos;Windows Server 2012 R2&apos;, os.arch: &apos;amd64&apos;, os.version: &apos;6.3&apos;, java.version: &apos;1.8.0_40&apos;<br/>
Driver info: org.openqa.selenium.chrome.ChromeDriver<br/>
Capabilities [{applicationCacheEnabled=false, rotatable=false, chrome={userDataDir=C:\Users\LAVANT~1\AppData\Local\Temp\2\scoped_dir3948_30094}, takesHeapSnapshot=true, databaseEnabled=false, handlesAlerts=true, version=51.0.2704.84, platform=WIN8_1, browserConnectionEnabled=false, nativeEvents=true, acceptSslCerts=true, locationContextEnabled=true, webStorageEnabled=true, browserName=chrome, takesScreenshot=true, javascriptEnabled=true, cssSelectorsEnabled=true}]<br/>
Session ID: 23dcae4799d94800dc362099deb8842f<br/>
*** Element info: {Using=css selector, value=#Invoice_List tr td}<br/>
Command duration or timeout: 10.26 seconds<br/>
For documentation on this error, please visit: http://seleniumhq.org/exceptions/no_such_element.html<br/>
Build info: version: &apos;2.52.0&apos;, revision: &apos;4c2593cfc3689a7fcd7be52549167e5ccc93ad28&apos;, time: &apos;2016-02-11 11:22:43&apos;<br/>
System info: host: &apos;WLW7-TALLURYS&apos;, ip: &apos;192.168.2.92&apos;, os.name: &apos;Windows 7&apos;, os.arch: &apos;amd64&apos;, os.version: &apos;6.1&apos;, java.version: &apos;1.8.0_40&apos;<br/>
Driver info: org.openqa.selenium.remote.RemoteWebDriver<br/>
Capabilities [{applicationCacheEnabled=false, rotatable=false, chrome={userDataDir=C:\Users\LAVANT~1\AppData\Local\Temp\2\scoped_dir3948_30094}, takesHeapSnapshot=true, databaseEnabled=false, handlesAlerts=true, version=51.0.2704.84, platform=WIN8_1, browserConnectionEnabled=false, nativeEvents=true, acceptSslCerts=true, webdriver.remote.sessionid=e878acb0-5400-4b51-b1f9-95edfa0e6869, locationContextEnabled=true, webStorageEnabled=true, browserName=chrome, takesScreenshot=true, javascriptEnabled=true, cssSelectorsEnabled=true}]<br/>
Session ID: e878acb0-5400-4b51-b1f9-95edfa0e6869<br/>
*** Element info: {Using=css selector, value=#Invoice_List tr td}<br />
                  </div>
    

        <a href="javascript:toggleElement('exception-0', 'block')" title="Click to expand/collapse"><b>java.lang.AssertionError: Fail: &apos;invoicesTable&apos; is not displayedno such element<br/>
&nbsp; (Session info: chrome=51.0.2704.84)<br/>
&nbsp; (Driver info: chromedriver=2.9.248315,platform=Windows NT 6.3 x86_64) (WARNING: The server did not provide any stacktrace information)<br/>
Command duration or timeout: 10.06 seconds<br/>
For documentation on this error, please visit: http://seleniumhq.org/exceptions/no_such_element.html<br/>
Build info: version: &apos;2.52.0&apos;, revision: &apos;4c2593c&apos;, time: &apos;2016-02-11 19:06:42&apos;<br/>
System info: host: &apos;WSR12LAVAQA01&apos;, ip: &apos;192.168.21.81&apos;, os.name: &apos;Windows Server 2012 R2&apos;, os.arch: &apos;amd64&apos;, os.version: &apos;6.3&apos;, java.version: &apos;1.8.0_40&apos;<br/>
Driver info: org.openqa.selenium.chrome.ChromeDriver<br/>
Capabilities [{applicationCacheEnabled=false, rotatable=false, chrome={userDataDir=C:\Users\LAVANT~1\AppData\Local\Temp\2\scoped_dir3948_30094}, takesHeapSnapshot=true, databaseEnabled=false, handlesAlerts=true, version=51.0.2704.84, platform=WIN8_1, browserConnectionEnabled=false, nativeEvents=true, acceptSslCerts=true, locationContextEnabled=true, webStorageEnabled=true, browserName=chrome, takesScreenshot=true, javascriptEnabled=true, cssSelectorsEnabled=true}]<br/>
Session ID: 23dcae4799d94800dc362099deb8842f<br/>
*** Element info: {Using=css selector, value=#Invoice_List tr td}<br/>
Command duration or timeout: 10.26 seconds<br/>
For documentation on this error, please visit: http://seleniumhq.org/exceptions/no_such_element.html<br/>
Build info: version: &apos;2.52.0&apos;, revision: &apos;4c2593cfc3689a7fcd7be52549167e5ccc93ad28&apos;, time: &apos;2016-02-11 11:22:43&apos;<br/>
System info: host: &apos;WLW7-TALLURYS&apos;, ip: &apos;192.168.2.92&apos;, os.name: &apos;Windows 7&apos;, os.arch: &apos;amd64&apos;, os.version: &apos;6.1&apos;, java.version: &apos;1.8.0_40&apos;<br/>
Driver info: org.openqa.selenium.remote.RemoteWebDriver<br/>
Capabilities [{applicationCacheEnabled=false, rotatable=false, chrome={userDataDir=C:\Users\LAVANT~1\AppData\Local\Temp\2\scoped_dir3948_30094}, takesHeapSnapshot=true, databaseEnabled=false, handlesAlerts=true, version=51.0.2704.84, platform=WIN8_1, browserConnectionEnabled=false, nativeEvents=true, acceptSslCerts=true, webdriver.remote.sessionid=e878acb0-5400-4b51-b1f9-95edfa0e6869, locationContextEnabled=true, webStorageEnabled=true, browserName=chrome, takesScreenshot=true, javascriptEnabled=true, cssSelectorsEnabled=true}]<br/>
Session ID: e878acb0-5400-4b51-b1f9-95edfa0e6869<br/>
*** Element info: {Using=css selector, value=#Invoice_List tr td}</b></a><br />
    <div class="stackTrace" id="exception-0">
              org.testng.Assert.fail(Assert.java:94)<br />
              lavante.recovery.utilities.Report.fail(Report.java:20)<br />
              lavante.recovery.utilities.seleniumBaseClass.isDisplayed(seleniumBaseClass.java:216)<br />
              lavante.recovery.pageobjects.Audit.AuditInvoicePage.verifyinvoicesTable(AuditInvoicePage.java:28)<br />
              lavante.recovery.testsuites.SanityTestSuite.verifyInvoicePage(SanityTestSuite.java:278)<br />
              sun.reflect.NativeMethodAccessorImpl.invoke0(Native Method)<br />
              sun.reflect.NativeMethodAccessorImpl.invoke(NativeMethodAccessorImpl.java:62)<br />
              sun.reflect.DelegatingMethodAccessorImpl.invoke(DelegatingMethodAccessorImpl.java:43)<br />
              java.lang.reflect.Method.invoke(Method.java:497)<br />
              org.testng.internal.MethodInvocationHelper.invokeMethod(MethodInvocationHelper.java:84)<br />
              org.testng.internal.Invoker.invokeMethod(Invoker.java:714)<br />
              org.testng.internal.Invoker.invokeTestMethod(Invoker.java:901)<br />
              org.testng.internal.Invoker.invokeTestMethods(Invoker.java:1231)<br />
              org.testng.internal.TestMethodWorker.invokeTestMethods(TestMethodWorker.java:127)<br />
              org.testng.internal.TestMethodWorker.run(TestMethodWorker.java:111)<br />
              org.testng.TestRunner.privateRun(TestRunner.java:767)<br />
              org.testng.TestRunner.run(TestRunner.java:617)<br />
              org.testng.SuiteRunner.runTest(SuiteRunner.java:348)<br />
              org.testng.SuiteRunner.access$000(SuiteRunner.java:38)<br />
              org.testng.SuiteRunner$SuiteWorker.run(SuiteRunner.java:382)<br />
              org.testng.internal.thread.ThreadUtil$2.call(ThreadUtil.java:64)<br />
              java.util.concurrent.FutureTask.run(FutureTask.java:266)<br />
              java.util.concurrent.ThreadPoolExecutor.runWorker(ThreadPoolExecutor.java:1142)<br />
              java.util.concurrent.ThreadPoolExecutor$Worker.run(ThreadPoolExecutor.java:617)<br />
              java.lang.Thread.run(Thread.java:745)<br />
                </div>
      </td>
</tr>
<tr>
  <td class="method">
                  verifyPossibleDupesPage
      </td>
  <td class="duration">
    15.997s
  </td>
  <td class="result">
        
    
            <div class="testOutput">
                        Pass: &apos;possibleDupesLink&apos; is clicked<br />
                                Info: Switched successfully to frame :0<br />
                                Fail: &apos;possDupSummaryTable&apos; is not displayedno such element<br/>
&nbsp; (Session info: chrome=51.0.2704.84)<br/>
&nbsp; (Driver info: chromedriver=2.9.248315,platform=Windows NT 6.3 x86_64) (WARNING: The server did not provide any stacktrace information)<br/>
Command duration or timeout: 10.07 seconds<br/>
For documentation on this error, please visit: http://seleniumhq.org/exceptions/no_such_element.html<br/>
Build info: version: &apos;2.52.0&apos;, revision: &apos;4c2593c&apos;, time: &apos;2016-02-11 19:06:42&apos;<br/>
System info: host: &apos;WSR12LAVAQA01&apos;, ip: &apos;192.168.21.81&apos;, os.name: &apos;Windows Server 2012 R2&apos;, os.arch: &apos;amd64&apos;, os.version: &apos;6.3&apos;, java.version: &apos;1.8.0_40&apos;<br/>
Driver info: org.openqa.selenium.chrome.ChromeDriver<br/>
Capabilities [{applicationCacheEnabled=false, rotatable=false, chrome={userDataDir=C:\Users\LAVANT~1\AppData\Local\Temp\2\scoped_dir3948_30094}, takesHeapSnapshot=true, databaseEnabled=false, handlesAlerts=true, version=51.0.2704.84, platform=WIN8_1, browserConnectionEnabled=false, nativeEvents=true, acceptSslCerts=true, locationContextEnabled=true, webStorageEnabled=true, browserName=chrome, takesScreenshot=true, javascriptEnabled=true, cssSelectorsEnabled=true}]<br/>
Session ID: 23dcae4799d94800dc362099deb8842f<br/>
*** Element info: {Using=css selector, value=#possible_dup_summary tr td a}<br/>
Command duration or timeout: 10.23 seconds<br/>
For documentation on this error, please visit: http://seleniumhq.org/exceptions/no_such_element.html<br/>
Build info: version: &apos;2.52.0&apos;, revision: &apos;4c2593cfc3689a7fcd7be52549167e5ccc93ad28&apos;, time: &apos;2016-02-11 11:22:43&apos;<br/>
System info: host: &apos;WLW7-TALLURYS&apos;, ip: &apos;192.168.2.92&apos;, os.name: &apos;Windows 7&apos;, os.arch: &apos;amd64&apos;, os.version: &apos;6.1&apos;, java.version: &apos;1.8.0_40&apos;<br/>
Driver info: org.openqa.selenium.remote.RemoteWebDriver<br/>
Capabilities [{applicationCacheEnabled=false, rotatable=false, chrome={userDataDir=C:\Users\LAVANT~1\AppData\Local\Temp\2\scoped_dir3948_30094}, takesHeapSnapshot=true, databaseEnabled=false, handlesAlerts=true, version=51.0.2704.84, platform=WIN8_1, browserConnectionEnabled=false, nativeEvents=true, acceptSslCerts=true, webdriver.remote.sessionid=e878acb0-5400-4b51-b1f9-95edfa0e6869, locationContextEnabled=true, webStorageEnabled=true, browserName=chrome, takesScreenshot=true, javascriptEnabled=true, cssSelectorsEnabled=true}]<br/>
Session ID: e878acb0-5400-4b51-b1f9-95edfa0e6869<br/>
*** Element info: {Using=css selector, value=#possible_dup_summary tr td a}<br />
                  </div>
    

        <a href="javascript:toggleElement('exception-1', 'block')" title="Click to expand/collapse"><b>java.lang.AssertionError: Fail: &apos;possDupSummaryTable&apos; is not displayedno such element<br/>
&nbsp; (Session info: chrome=51.0.2704.84)<br/>
&nbsp; (Driver info: chromedriver=2.9.248315,platform=Windows NT 6.3 x86_64) (WARNING: The server did not provide any stacktrace information)<br/>
Command duration or timeout: 10.07 seconds<br/>
For documentation on this error, please visit: http://seleniumhq.org/exceptions/no_such_element.html<br/>
Build info: version: &apos;2.52.0&apos;, revision: &apos;4c2593c&apos;, time: &apos;2016-02-11 19:06:42&apos;<br/>
System info: host: &apos;WSR12LAVAQA01&apos;, ip: &apos;192.168.21.81&apos;, os.name: &apos;Windows Server 2012 R2&apos;, os.arch: &apos;amd64&apos;, os.version: &apos;6.3&apos;, java.version: &apos;1.8.0_40&apos;<br/>
Driver info: org.openqa.selenium.chrome.ChromeDriver<br/>
Capabilities [{applicationCacheEnabled=false, rotatable=false, chrome={userDataDir=C:\Users\LAVANT~1\AppData\Local\Temp\2\scoped_dir3948_30094}, takesHeapSnapshot=true, databaseEnabled=false, handlesAlerts=true, version=51.0.2704.84, platform=WIN8_1, browserConnectionEnabled=false, nativeEvents=true, acceptSslCerts=true, locationContextEnabled=true, webStorageEnabled=true, browserName=chrome, takesScreenshot=true, javascriptEnabled=true, cssSelectorsEnabled=true}]<br/>
Session ID: 23dcae4799d94800dc362099deb8842f<br/>
*** Element info: {Using=css selector, value=#possible_dup_summary tr td a}<br/>
Command duration or timeout: 10.23 seconds<br/>
For documentation on this error, please visit: http://seleniumhq.org/exceptions/no_such_element.html<br/>
Build info: version: &apos;2.52.0&apos;, revision: &apos;4c2593cfc3689a7fcd7be52549167e5ccc93ad28&apos;, time: &apos;2016-02-11 11:22:43&apos;<br/>
System info: host: &apos;WLW7-TALLURYS&apos;, ip: &apos;192.168.2.92&apos;, os.name: &apos;Windows 7&apos;, os.arch: &apos;amd64&apos;, os.version: &apos;6.1&apos;, java.version: &apos;1.8.0_40&apos;<br/>
Driver info: org.openqa.selenium.remote.RemoteWebDriver<br/>
Capabilities [{applicationCacheEnabled=false, rotatable=false, chrome={userDataDir=C:\Users\LAVANT~1\AppData\Local\Temp\2\scoped_dir3948_30094}, takesHeapSnapshot=true, databaseEnabled=false, handlesAlerts=true, version=51.0.2704.84, platform=WIN8_1, browserConnectionEnabled=false, nativeEvents=true, acceptSslCerts=true, webdriver.remote.sessionid=e878acb0-5400-4b51-b1f9-95edfa0e6869, locationContextEnabled=true, webStorageEnabled=true, browserName=chrome, takesScreenshot=true, javascriptEnabled=true, cssSelectorsEnabled=true}]<br/>
Session ID: e878acb0-5400-4b51-b1f9-95edfa0e6869<br/>
*** Element info: {Using=css selector, value=#possible_dup_summary tr td a}</b></a><br />
    <div class="stackTrace" id="exception-1">
              org.testng.Assert.fail(Assert.java:94)<br />
              lavante.recovery.utilities.Report.fail(Report.java:20)<br />
              lavante.recovery.utilities.seleniumBaseClass.isDisplayed(seleniumBaseClass.java:216)<br />
              lavante.recovery.pageobjects.Audit.AuditPossibleDupesPage.verifypossDupSummaryTable(AuditPossibleDupesPage.java:28)<br />
              lavante.recovery.testsuites.SanityTestSuite.verifyPossibleDupesPage(SanityTestSuite.java:311)<br />
              sun.reflect.NativeMethodAccessorImpl.invoke0(Native Method)<br />
              sun.reflect.NativeMethodAccessorImpl.invoke(NativeMethodAccessorImpl.java:62)<br />
              sun.reflect.DelegatingMethodAccessorImpl.invoke(DelegatingMethodAccessorImpl.java:43)<br />
              java.lang.reflect.Method.invoke(Method.java:497)<br />
              org.testng.internal.MethodInvocationHelper.invokeMethod(MethodInvocationHelper.java:84)<br />
              org.testng.internal.Invoker.invokeMethod(Invoker.java:714)<br />
              org.testng.internal.Invoker.invokeTestMethod(Invoker.java:901)<br />
              org.testng.internal.Invoker.invokeTestMethods(Invoker.java:1231)<br />
              org.testng.internal.TestMethodWorker.invokeTestMethods(TestMethodWorker.java:127)<br />
              org.testng.internal.TestMethodWorker.run(TestMethodWorker.java:111)<br />
              org.testng.TestRunner.privateRun(TestRunner.java:767)<br />
              org.testng.TestRunner.run(TestRunner.java:617)<br />
              org.testng.SuiteRunner.runTest(SuiteRunner.java:348)<br />
              org.testng.SuiteRunner.access$000(SuiteRunner.java:38)<br />
              org.testng.SuiteRunner$SuiteWorker.run(SuiteRunner.java:382)<br />
              org.testng.internal.thread.ThreadUtil$2.call(ThreadUtil.java:64)<br />
              java.util.concurrent.FutureTask.run(FutureTask.java:266)<br />
              java.util.concurrent.ThreadPoolExecutor.runWorker(ThreadPoolExecutor.java:1142)<br />
              java.util.concurrent.ThreadPoolExecutor$Worker.run(ThreadPoolExecutor.java:617)<br />
              java.lang.Thread.run(Thread.java:745)<br />
                </div>
      </td>
</tr>
<tr>
  <td class="method">
                  verifyReportsPage
      </td>
  <td class="duration">
    17.037s
  </td>
  <td class="result">
        
    
            <div class="testOutput">
                        Pass: &apos;reportsLink&apos; is clicked<br />
                                Pass: &apos;clientLink&apos; is clicked<br />
                                Pass: &apos;clientReportLink&apos; is clicked<br />
                                Fail: &apos;runBtn&apos; is not displayed<br />
                  </div>
    

        <a href="javascript:toggleElement('exception-2', 'block')" title="Click to expand/collapse"><b>java.lang.AssertionError: Fail: &apos;runBtn&apos; is not displayed</b></a><br />
    <div class="stackTrace" id="exception-2">
              org.testng.Assert.fail(Assert.java:94)<br />
              lavante.recovery.utilities.Report.fail(Report.java:20)<br />
              lavante.recovery.utilities.seleniumBaseClass.click(seleniumBaseClass.java:198)<br />
              lavante.recovery.pageobjects.ReportsPage.verifyrunBtn(ReportsPage.java:54)<br />
              lavante.recovery.testsuites.SanityTestSuite.verifyReportsPage(SanityTestSuite.java:385)<br />
              sun.reflect.NativeMethodAccessorImpl.invoke0(Native Method)<br />
              sun.reflect.NativeMethodAccessorImpl.invoke(NativeMethodAccessorImpl.java:62)<br />
              sun.reflect.DelegatingMethodAccessorImpl.invoke(DelegatingMethodAccessorImpl.java:43)<br />
              java.lang.reflect.Method.invoke(Method.java:497)<br />
              org.testng.internal.MethodInvocationHelper.invokeMethod(MethodInvocationHelper.java:84)<br />
              org.testng.internal.Invoker.invokeMethod(Invoker.java:714)<br />
              org.testng.internal.Invoker.invokeTestMethod(Invoker.java:901)<br />
              org.testng.internal.Invoker.invokeTestMethods(Invoker.java:1231)<br />
              org.testng.internal.TestMethodWorker.invokeTestMethods(TestMethodWorker.java:127)<br />
              org.testng.internal.TestMethodWorker.run(TestMethodWorker.java:111)<br />
              org.testng.TestRunner.privateRun(TestRunner.java:767)<br />
              org.testng.TestRunner.run(TestRunner.java:617)<br />
              org.testng.SuiteRunner.runTest(SuiteRunner.java:348)<br />
              org.testng.SuiteRunner.access$000(SuiteRunner.java:38)<br />
              org.testng.SuiteRunner$SuiteWorker.run(SuiteRunner.java:382)<br />
              org.testng.internal.thread.ThreadUtil$2.call(ThreadUtil.java:64)<br />
              java.util.concurrent.FutureTask.run(FutureTask.java:266)<br />
              java.util.concurrent.ThreadPoolExecutor.runWorker(ThreadPoolExecutor.java:1142)<br />
              java.util.concurrent.ThreadPoolExecutor$Worker.run(ThreadPoolExecutor.java:617)<br />
              java.lang.Thread.run(Thread.java:745)<br />
                </div>
      </td>
</tr>
<tr>
  <td class="method">
                  verifySetupPage
      </td>
  <td class="duration">
    20.229s
  </td>
  <td class="result">
        
    
            <div class="testOutput">
                        Pass: &apos;configurationLink&apos; is clicked<br />
                                Pass: &apos;setUpLink&apos; is clicked<br />
                                Pass: &apos;setUpAuditLink&apos; is clicked<br />
                                Fail: &apos;addNewBtn&apos; is not displayedstale element reference: element is not attached to the page document<br/>
&nbsp; (Session info: chrome=51.0.2704.84)<br/>
&nbsp; (Driver info: chromedriver=2.9.248315,platform=Windows NT 6.3 x86_64) (WARNING: The server did not provide any stacktrace information)<br/>
Command duration or timeout: 8 milliseconds<br/>
For documentation on this error, please visit: http://seleniumhq.org/exceptions/stale_element_reference.html<br/>
Build info: version: &apos;2.52.0&apos;, revision: &apos;4c2593c&apos;, time: &apos;2016-02-11 19:06:42&apos;<br/>
System info: host: &apos;WSR12LAVAQA01&apos;, ip: &apos;192.168.21.81&apos;, os.name: &apos;Windows Server 2012 R2&apos;, os.arch: &apos;amd64&apos;, os.version: &apos;6.3&apos;, java.version: &apos;1.8.0_40&apos;<br/>
Driver info: org.openqa.selenium.chrome.ChromeDriver<br/>
Capabilities [{applicationCacheEnabled=false, rotatable=false, chrome={userDataDir=C:\Users\LAVANT~1\AppData\Local\Temp\2\scoped_dir3948_30094}, takesHeapSnapshot=true, databaseEnabled=false, handlesAlerts=true, version=51.0.2704.84, platform=WIN8_1, browserConnectionEnabled=false, nativeEvents=true, acceptSslCerts=true, locationContextEnabled=true, webStorageEnabled=true, browserName=chrome, takesScreenshot=true, javascriptEnabled=true, cssSelectorsEnabled=true}]<br/>
Session ID: 23dcae4799d94800dc362099deb8842f<br/>
Command duration or timeout: 91 milliseconds<br/>
For documentation on this error, please visit: http://seleniumhq.org/exceptions/stale_element_reference.html<br/>
Build info: version: &apos;2.52.0&apos;, revision: &apos;4c2593cfc3689a7fcd7be52549167e5ccc93ad28&apos;, time: &apos;2016-02-11 11:22:43&apos;<br/>
System info: host: &apos;WLW7-TALLURYS&apos;, ip: &apos;192.168.2.92&apos;, os.name: &apos;Windows 7&apos;, os.arch: &apos;amd64&apos;, os.version: &apos;6.1&apos;, java.version: &apos;1.8.0_40&apos;<br/>
Driver info: org.openqa.selenium.remote.RemoteWebDriver<br/>
Capabilities [{applicationCacheEnabled=false, rotatable=false, chrome={userDataDir=C:\Users\LAVANT~1\AppData\Local\Temp\2\scoped_dir3948_30094}, takesHeapSnapshot=true, databaseEnabled=false, handlesAlerts=true, version=51.0.2704.84, platform=WIN8_1, browserConnectionEnabled=false, nativeEvents=true, acceptSslCerts=true, webdriver.remote.sessionid=e878acb0-5400-4b51-b1f9-95edfa0e6869, locationContextEnabled=true, webStorageEnabled=true, browserName=chrome, takesScreenshot=true, javascriptEnabled=true, cssSelectorsEnabled=true}]<br/>
Session ID: e878acb0-5400-4b51-b1f9-95edfa0e6869<br />
                  </div>
    

        <a href="javascript:toggleElement('exception-3', 'block')" title="Click to expand/collapse"><b>java.lang.AssertionError: Fail: &apos;addNewBtn&apos; is not displayedstale element reference: element is not attached to the page document<br/>
&nbsp; (Session info: chrome=51.0.2704.84)<br/>
&nbsp; (Driver info: chromedriver=2.9.248315,platform=Windows NT 6.3 x86_64) (WARNING: The server did not provide any stacktrace information)<br/>
Command duration or timeout: 8 milliseconds<br/>
For documentation on this error, please visit: http://seleniumhq.org/exceptions/stale_element_reference.html<br/>
Build info: version: &apos;2.52.0&apos;, revision: &apos;4c2593c&apos;, time: &apos;2016-02-11 19:06:42&apos;<br/>
System info: host: &apos;WSR12LAVAQA01&apos;, ip: &apos;192.168.21.81&apos;, os.name: &apos;Windows Server 2012 R2&apos;, os.arch: &apos;amd64&apos;, os.version: &apos;6.3&apos;, java.version: &apos;1.8.0_40&apos;<br/>
Driver info: org.openqa.selenium.chrome.ChromeDriver<br/>
Capabilities [{applicationCacheEnabled=false, rotatable=false, chrome={userDataDir=C:\Users\LAVANT~1\AppData\Local\Temp\2\scoped_dir3948_30094}, takesHeapSnapshot=true, databaseEnabled=false, handlesAlerts=true, version=51.0.2704.84, platform=WIN8_1, browserConnectionEnabled=false, nativeEvents=true, acceptSslCerts=true, locationContextEnabled=true, webStorageEnabled=true, browserName=chrome, takesScreenshot=true, javascriptEnabled=true, cssSelectorsEnabled=true}]<br/>
Session ID: 23dcae4799d94800dc362099deb8842f<br/>
Command duration or timeout: 91 milliseconds<br/>
For documentation on this error, please visit: http://seleniumhq.org/exceptions/stale_element_reference.html<br/>
Build info: version: &apos;2.52.0&apos;, revision: &apos;4c2593cfc3689a7fcd7be52549167e5ccc93ad28&apos;, time: &apos;2016-02-11 11:22:43&apos;<br/>
System info: host: &apos;WLW7-TALLURYS&apos;, ip: &apos;192.168.2.92&apos;, os.name: &apos;Windows 7&apos;, os.arch: &apos;amd64&apos;, os.version: &apos;6.1&apos;, java.version: &apos;1.8.0_40&apos;<br/>
Driver info: org.openqa.selenium.remote.RemoteWebDriver<br/>
Capabilities [{applicationCacheEnabled=false, rotatable=false, chrome={userDataDir=C:\Users\LAVANT~1\AppData\Local\Temp\2\scoped_dir3948_30094}, takesHeapSnapshot=true, databaseEnabled=false, handlesAlerts=true, version=51.0.2704.84, platform=WIN8_1, browserConnectionEnabled=false, nativeEvents=true, acceptSslCerts=true, webdriver.remote.sessionid=e878acb0-5400-4b51-b1f9-95edfa0e6869, locationContextEnabled=true, webStorageEnabled=true, browserName=chrome, takesScreenshot=true, javascriptEnabled=true, cssSelectorsEnabled=true}]<br/>
Session ID: e878acb0-5400-4b51-b1f9-95edfa0e6869</b></a><br />
    <div class="stackTrace" id="exception-3">
              org.testng.Assert.fail(Assert.java:94)<br />
              lavante.recovery.utilities.Report.fail(Report.java:20)<br />
              lavante.recovery.utilities.seleniumBaseClass.isDisplayed(seleniumBaseClass.java:216)<br />
              lavante.recovery.pageobjects.Configuration.Setup.AuditPage.verifyaddNewBtn(AuditPage.java:64)<br />
              lavante.recovery.testsuites.SanityTestSuite.verifySetupPage(SanityTestSuite.java:404)<br />
              sun.reflect.NativeMethodAccessorImpl.invoke0(Native Method)<br />
              sun.reflect.NativeMethodAccessorImpl.invoke(NativeMethodAccessorImpl.java:62)<br />
              sun.reflect.DelegatingMethodAccessorImpl.invoke(DelegatingMethodAccessorImpl.java:43)<br />
              java.lang.reflect.Method.invoke(Method.java:497)<br />
              org.testng.internal.MethodInvocationHelper.invokeMethod(MethodInvocationHelper.java:84)<br />
              org.testng.internal.Invoker.invokeMethod(Invoker.java:714)<br />
              org.testng.internal.Invoker.invokeTestMethod(Invoker.java:901)<br />
              org.testng.internal.Invoker.invokeTestMethods(Invoker.java:1231)<br />
              org.testng.internal.TestMethodWorker.invokeTestMethods(TestMethodWorker.java:127)<br />
              org.testng.internal.TestMethodWorker.run(TestMethodWorker.java:111)<br />
              org.testng.TestRunner.privateRun(TestRunner.java:767)<br />
              org.testng.TestRunner.run(TestRunner.java:617)<br />
              org.testng.SuiteRunner.runTest(SuiteRunner.java:348)<br />
              org.testng.SuiteRunner.access$000(SuiteRunner.java:38)<br />
              org.testng.SuiteRunner$SuiteWorker.run(SuiteRunner.java:382)<br />
              org.testng.internal.thread.ThreadUtil$2.call(ThreadUtil.java:64)<br />
              java.util.concurrent.FutureTask.run(FutureTask.java:266)<br />
              java.util.concurrent.ThreadPoolExecutor.runWorker(ThreadPoolExecutor.java:1142)<br />
              java.util.concurrent.ThreadPoolExecutor$Worker.run(ThreadPoolExecutor.java:617)<br />
              java.lang.Thread.run(Thread.java:745)<br />
                </div>
      </td>
</tr>
<tr>
  <td class="method">
                  verifyauditInboundPage
      </td>
  <td class="duration">
    13.698s
  </td>
  <td class="result">
        
    
            <div class="testOutput">
                        Pass: &apos;inboundLink&apos; is clicked<br />
                                Pass: &apos;inboundLink&apos; is displayed<br />
                                Pass: &apos;inboundDocumentStatistics&apos; is displayed<br />
                                Pass: &apos;inboundDocumentSummary&apos; is displayed<br />
                                Pass: &apos;recognizedfax&apos; is clicked<br />
                                Pass: &apos;statements&apos; is clicked<br />
                                Pass: &apos;verifications&apos; is clicked<br />
                                Pass: &apos;statements&apos; is displayed<br />
                                Pass: &apos;verificationsTable&apos; is displayed<br />
                                Fail: stale element reference: element is not attached to the page document<br/>
&nbsp; (Session info: chrome=51.0.2704.84)<br/>
&nbsp; (Driver info: chromedriver=2.9.248315,platform=Windows NT 6.3 x86_64) (WARNING: The server did not provide any stacktrace information)<br/>
Command duration or timeout: 123 milliseconds<br/>
For documentation on this error, please visit: http://seleniumhq.org/exceptions/stale_element_reference.html<br/>
Build info: version: &apos;2.52.0&apos;, revision: &apos;4c2593c&apos;, time: &apos;2016-02-11 19:06:42&apos;<br/>
System info: host: &apos;WSR12LAVAQA01&apos;, ip: &apos;192.168.21.81&apos;, os.name: &apos;Windows Server 2012 R2&apos;, os.arch: &apos;amd64&apos;, os.version: &apos;6.3&apos;, java.version: &apos;1.8.0_40&apos;<br/>
Driver info: org.openqa.selenium.chrome.ChromeDriver<br/>
Capabilities [{applicationCacheEnabled=false, rotatable=false, chrome={userDataDir=C:\Users\LAVANT~1\AppData\Local\Temp\2\scoped_dir3948_30094}, takesHeapSnapshot=true, databaseEnabled=false, handlesAlerts=true, version=51.0.2704.84, platform=WIN8_1, browserConnectionEnabled=false, nativeEvents=true, acceptSslCerts=true, locationContextEnabled=true, webStorageEnabled=true, browserName=chrome, takesScreenshot=true, javascriptEnabled=true, cssSelectorsEnabled=true}]<br/>
Session ID: 23dcae4799d94800dc362099deb8842f<br/>
Command duration or timeout: 2.04 seconds<br/>
For documentation on this error, please visit: http://seleniumhq.org/exceptions/stale_element_reference.html<br/>
Build info: version: &apos;2.52.0&apos;, revision: &apos;4c2593cfc3689a7fcd7be52549167e5ccc93ad28&apos;, time: &apos;2016-02-11 11:22:43&apos;<br/>
System info: host: &apos;WLW7-TALLURYS&apos;, ip: &apos;192.168.2.92&apos;, os.name: &apos;Windows 7&apos;, os.arch: &apos;amd64&apos;, os.version: &apos;6.1&apos;, java.version: &apos;1.8.0_40&apos;<br/>
Driver info: org.openqa.selenium.remote.RemoteWebDriver<br/>
Capabilities [{applicationCacheEnabled=false, rotatable=false, chrome={userDataDir=C:\Users\LAVANT~1\AppData\Local\Temp\2\scoped_dir3948_30094}, takesHeapSnapshot=true, databaseEnabled=false, handlesAlerts=true, version=51.0.2704.84, platform=WIN8_1, browserConnectionEnabled=false, nativeEvents=true, acceptSslCerts=true, webdriver.remote.sessionid=e878acb0-5400-4b51-b1f9-95edfa0e6869, locationContextEnabled=true, webStorageEnabled=true, browserName=chrome, takesScreenshot=true, javascriptEnabled=true, cssSelectorsEnabled=true}]<br/>
Session ID: e878acb0-5400-4b51-b1f9-95edfa0e6869<br />
                  </div>
    

        <a href="javascript:toggleElement('exception-4', 'block')" title="Click to expand/collapse"><b>java.lang.AssertionError: Fail: stale element reference: element is not attached to the page document<br/>
&nbsp; (Session info: chrome=51.0.2704.84)<br/>
&nbsp; (Driver info: chromedriver=2.9.248315,platform=Windows NT 6.3 x86_64) (WARNING: The server did not provide any stacktrace information)<br/>
Command duration or timeout: 123 milliseconds<br/>
For documentation on this error, please visit: http://seleniumhq.org/exceptions/stale_element_reference.html<br/>
Build info: version: &apos;2.52.0&apos;, revision: &apos;4c2593c&apos;, time: &apos;2016-02-11 19:06:42&apos;<br/>
System info: host: &apos;WSR12LAVAQA01&apos;, ip: &apos;192.168.21.81&apos;, os.name: &apos;Windows Server 2012 R2&apos;, os.arch: &apos;amd64&apos;, os.version: &apos;6.3&apos;, java.version: &apos;1.8.0_40&apos;<br/>
Driver info: org.openqa.selenium.chrome.ChromeDriver<br/>
Capabilities [{applicationCacheEnabled=false, rotatable=false, chrome={userDataDir=C:\Users\LAVANT~1\AppData\Local\Temp\2\scoped_dir3948_30094}, takesHeapSnapshot=true, databaseEnabled=false, handlesAlerts=true, version=51.0.2704.84, platform=WIN8_1, browserConnectionEnabled=false, nativeEvents=true, acceptSslCerts=true, locationContextEnabled=true, webStorageEnabled=true, browserName=chrome, takesScreenshot=true, javascriptEnabled=true, cssSelectorsEnabled=true}]<br/>
Session ID: 23dcae4799d94800dc362099deb8842f<br/>
Command duration or timeout: 2.04 seconds<br/>
For documentation on this error, please visit: http://seleniumhq.org/exceptions/stale_element_reference.html<br/>
Build info: version: &apos;2.52.0&apos;, revision: &apos;4c2593cfc3689a7fcd7be52549167e5ccc93ad28&apos;, time: &apos;2016-02-11 11:22:43&apos;<br/>
System info: host: &apos;WLW7-TALLURYS&apos;, ip: &apos;192.168.2.92&apos;, os.name: &apos;Windows 7&apos;, os.arch: &apos;amd64&apos;, os.version: &apos;6.1&apos;, java.version: &apos;1.8.0_40&apos;<br/>
Driver info: org.openqa.selenium.remote.RemoteWebDriver<br/>
Capabilities [{applicationCacheEnabled=false, rotatable=false, chrome={userDataDir=C:\Users\LAVANT~1\AppData\Local\Temp\2\scoped_dir3948_30094}, takesHeapSnapshot=true, databaseEnabled=false, handlesAlerts=true, version=51.0.2704.84, platform=WIN8_1, browserConnectionEnabled=false, nativeEvents=true, acceptSslCerts=true, webdriver.remote.sessionid=e878acb0-5400-4b51-b1f9-95edfa0e6869, locationContextEnabled=true, webStorageEnabled=true, browserName=chrome, takesScreenshot=true, javascriptEnabled=true, cssSelectorsEnabled=true}]<br/>
Session ID: e878acb0-5400-4b51-b1f9-95edfa0e6869</b></a><br />
    <div class="stackTrace" id="exception-4">
              org.testng.Assert.fail(Assert.java:94)<br />
              lavante.recovery.utilities.Report.fail(Report.java:20)<br />
              lavante.recovery.utilities.seleniumBaseClass.verifyError(seleniumBaseClass.java:386)<br />
              lavante.recovery.pageobjects.Audit.AuditInboundPage.verifyVerificationsTable(AuditInboundPage.java:103)<br />
              lavante.recovery.testsuites.SanityTestSuite.verifyauditInboundPage(SanityTestSuite.java:163)<br />
              sun.reflect.NativeMethodAccessorImpl.invoke0(Native Method)<br />
              sun.reflect.NativeMethodAccessorImpl.invoke(NativeMethodAccessorImpl.java:62)<br />
              sun.reflect.DelegatingMethodAccessorImpl.invoke(DelegatingMethodAccessorImpl.java:43)<br />
              java.lang.reflect.Method.invoke(Method.java:497)<br />
              org.testng.internal.MethodInvocationHelper.invokeMethod(MethodInvocationHelper.java:84)<br />
              org.testng.internal.Invoker.invokeMethod(Invoker.java:714)<br />
              org.testng.internal.Invoker.invokeTestMethod(Invoker.java:901)<br />
              org.testng.internal.Invoker.invokeTestMethods(Invoker.java:1231)<br />
              org.testng.internal.TestMethodWorker.invokeTestMethods(TestMethodWorker.java:127)<br />
              org.testng.internal.TestMethodWorker.run(TestMethodWorker.java:111)<br />
              org.testng.TestRunner.privateRun(TestRunner.java:767)<br />
              org.testng.TestRunner.run(TestRunner.java:617)<br />
              org.testng.SuiteRunner.runTest(SuiteRunner.java:348)<br />
              org.testng.SuiteRunner.access$000(SuiteRunner.java:38)<br />
              org.testng.SuiteRunner$SuiteWorker.run(SuiteRunner.java:382)<br />
              org.testng.internal.thread.ThreadUtil$2.call(ThreadUtil.java:64)<br />
              java.util.concurrent.FutureTask.run(FutureTask.java:266)<br />
              java.util.concurrent.ThreadPoolExecutor.runWorker(ThreadPoolExecutor.java:1142)<br />
              java.util.concurrent.ThreadPoolExecutor$Worker.run(ThreadPoolExecutor.java:617)<br />
              java.lang.Thread.run(Thread.java:745)<br />
                </div>
      </td>
</tr>
      </table>


  <table class="resultsTable">
    <tr><th colspan="3" class="header passed">Passed Tests</th></tr>
          <tr>
        <td colspan="3" class="group">lavante.recovery.testsuites.SanityTestSuite</td>
      </tr>
            
<tr>
  <td class="method">
                  verifyBatchingPage
      </td>
  <td class="duration">
    22.347s
  </td>
  <td class="result">
        
    
            <div class="testOutput">
                        Pass: &apos;batchingLink&apos; is clicked<br />
                                Info: Switched successfully to frame :0<br />
                                Pass: &apos;unBatchedCreditsTable&apos; is displayed<br />
                                Info: Switched successfully to frame :1<br />
                                Pass: &apos;batchedClaimsTable&apos; is displayed<br />
                                Info: Switched successfully to frame :2<br />
                                Pass: &apos;batchSummaryTable&apos; is displayed<br />
                                Info: Switched successfully to frame :3<br />
                                Pass: &apos;batchedDetailsTable&apos; is displayed<br />
                  </div>
    

      </td>
</tr>
<tr>
  <td class="method">
                  verifyCheckRegistryPage
      </td>
  <td class="duration">
    4.822s
  </td>
  <td class="result">
        
    
            <div class="testOutput">
                        Pass: &apos;chkRegLink&apos; is clicked<br />
                                Pass: &apos;chkRegList&apos; is displayed<br />
                                Pass: &apos;addNewBtn&apos; is displayed<br />
                  </div>
    

      </td>
</tr>
<tr>
  <td class="method">
                  verifyClaimsPage
      </td>
  <td class="duration">
    6.016s
  </td>
  <td class="result">
        
    
            <div class="testOutput">
                        Pass: &apos;claimsLink&apos; is clicked<br />
                                Pass: &apos;totalClaimsTable&apos; is displayed<br />
                                Pass: &apos;claimsListTable&apos; is displayed<br />
                  </div>
    

      </td>
</tr>
<tr>
  <td class="method">
                  verifyCreditsAssignmentsPage
      </td>
  <td class="duration">
    11.660s
  </td>
  <td class="result">
        
    
            <div class="testOutput">
                        Pass: &apos;creditsLink&apos; is clicked<br />
                                Pass: &apos;creditsTable&apos; is displayed<br />
                                Pass: &apos;searchBtn&apos; is displayed<br />
                  </div>
    

      </td>
</tr>
<tr>
  <td class="method">
                  verifyDashBoardClaims
      </td>
  <td class="duration">
    20.698s
  </td>
  <td class="result">
        
    
            <div class="testOutput">
                        Pass: &apos;dashBoardLink&apos; is displayed<br />
                                Pass: &apos;claimsLink&apos; is displayed<br />
                                Pass: &apos;openClaims&apos; is displayed<br />
                                Pass: &apos;batchedClaimslink&apos; is clicked<br />
                                Pass: &apos;batchedClaimslink&apos; is displayed<br />
                                Pass: &apos;batchedClaimslink&apos; is clicked<br />
                                Pass: &apos;batchedClaimslink&apos; is displayed<br />
                                Pass: &apos;batchedClaims&apos; is displayed<br />
                                Pass: &apos;invoiceslink&apos; is clicked<br />
                                Pass: &apos;invoiceslink&apos; is displayed<br />
                                Pass: &apos;invoiceslink&apos; is clicked<br />
                                Pass: &apos;invoiceslink&apos; is displayed<br />
                                Pass: &apos;invoices&apos; is displayed<br />
                                Pass: &apos;claimsByStatusChart&apos; is displayed<br />
                                Pass: &apos;claimsByTypeChart&apos; is displayed<br />
                                Pass: &apos;allClaimsChart&apos; is displayed<br />
                                Pass: &apos;claimsByOrgChart&apos; is displayed<br />
                  </div>
    

      </td>
</tr>
<tr>
  <td class="method">
                  verifyDashBoardCompliance
      </td>
  <td class="duration">
    15.881s
  </td>
  <td class="result">
        
    
            <div class="testOutput">
                        Pass: &apos;complainceLink&apos; is clicked<br />
                                Pass: &apos;complainceLink&apos; is displayed<br />
                                Pass: &apos;compliantLink&apos; is clicked<br />
                                Pass: &apos;compliantLink&apos; is displayed<br />
                                Pass: &apos;compliantTable&apos; is displayed<br />
                                Pass: &apos;complianceSummary&apos; is displayed<br />
                                Pass: &apos;noncompliantLink&apos; is clicked<br />
                                Pass: &apos;noncompliantLink&apos; is displayed<br />
                                Pass: &apos;noncompliantTable&apos; is displayed<br />
                                Pass: &apos;complianceSummary&apos; is displayed<br />
                                Pass: &apos;complianceBySpendChart&apos; is displayed<br />
                                Pass: &apos;complianceByCountChart&apos; is displayed<br />
                                Pass: &apos;complianceBySpendRankChart&apos; is displayed<br />
                                Pass: &apos;OFACChart&apos; is displayed<br />
                  </div>
    

      </td>
</tr>
<tr>
  <td class="method">
                  verifyDashBoardSupplier
      </td>
  <td class="duration">
    31.098s
  </td>
  <td class="result">
        
    
            <div class="testOutput">
                        Pass: &apos;supplierLink&apos; is clicked<br />
                                Pass: &apos;supplierLink&apos; is displayed<br />
                                Pass: &apos;supplierCreditLink&apos; is clicked<br />
                                Pass: &apos;supplierCreditLink&apos; is displayed<br />
                                Pass: &apos;supplierCreditLink&apos; is clicked<br />
                                Pass: &apos;supplierCreditLink&apos; is displayed<br />
                                Pass: &apos;CreditTopSuppliers&apos; is displayed<br />
                                Pass: &apos;supplierCreditLink&apos; is clicked<br />
                                Pass: &apos;supplierCreditLink&apos; is displayed<br />
                                Pass: &apos;FileStatistics&apos; is displayed<br />
                                Pass: &apos;supplierSpendLink&apos; is clicked<br />
                                Pass: &apos;supplierSpendLink&apos; is displayed<br />
                                Pass: &apos;supplierSpendLink&apos; is clicked<br />
                                Pass: &apos;supplierSpendLink&apos; is displayed<br />
                                Pass: &apos;SpendTopSuppliers&apos; is displayed<br />
                                Pass: &apos;supplierSpendLink&apos; is clicked<br />
                                Pass: &apos;supplierSpendLink&apos; is displayed<br />
                                Pass: &apos;FileStatistics&apos; is displayed<br />
                                Pass: &apos;chkReqLink&apos; is clicked<br />
                                Pass: &apos;chkReqLink&apos; is displayed<br />
                                Pass: &apos;chkReqLink&apos; is clicked<br />
                                Pass: &apos;chkReqLink&apos; is displayed<br />
                                Pass: &apos;chkReqTopSuppliers&apos; is displayed<br />
                                Pass: &apos;chkReqLink&apos; is clicked<br />
                                Pass: &apos;chkReqLink&apos; is displayed<br />
                                Pass: &apos;FileStatistics&apos; is displayed<br />
                                Pass: &apos;supplierExcludedChart&apos; is displayed<br />
                                Pass: &apos;supplierTargetChart&apos; is displayed<br />
                                Pass: &apos;supplierChangeChart&apos; is displayed<br />
                                Pass: &apos;relSupChart&apos; is displayed<br />
                  </div>
    

      </td>
</tr>
<tr>
  <td class="method">
                  verifyHoldsAssignmentsPage
      </td>
  <td class="duration">
    37.032s
  </td>
  <td class="result">
        
    
            <div class="testOutput">
                        Pass: &apos;assignmentsLink&apos; is clicked<br />
                                Pass: &apos;holdsLink&apos; is clicked<br />
                                Pass: &apos;holdsTable&apos; is displayed<br />
                                Pass: &apos;searchBtn&apos; is displayed<br />
                  </div>
    

      </td>
</tr>
<tr>
  <td class="method">
                  verifyStatementsAssignmentsPage
      </td>
  <td class="duration">
    76.640s
  </td>
  <td class="result">
        
    
            <div class="testOutput">
                        Pass: &apos;statementsLink&apos; is clicked<br />
                                Pass: &apos;statementsTable&apos; is displayed<br />
                                Pass: &apos;searchBtn&apos; is displayed<br />
                  </div>
    

      </td>
</tr>
<tr>
  <td class="method">
                  verifySummaryPage
      </td>
  <td class="duration">
    11.523s
  </td>
  <td class="result">
        
    
            <div class="testOutput">
                        Pass: &apos;summaryLink&apos; is clicked<br />
                                Pass: &apos;currMonthTable&apos; is displayed<br />
                                Pass: &apos;custSummaryTable&apos; is displayed<br />
                                Pass: &apos;OutReachgrph&apos; is displayed<br />
                                Pass: &apos;statementProcessedgrph&apos; is displayed<br />
                                Pass: &apos;openClaimsBySpendGrph&apos; is displayed<br />
                                Pass: &apos;openClaimsByCountGrph&apos; is displayed<br />
                                Pass: &apos;subClaimsBySpendGrph&apos; is displayed<br />
                                Pass: &apos;subClaimsByCountGrph&apos; is displayed<br />
                                Pass: &apos;totalCreditsgrph&apos; is displayed<br />
                  </div>
    

      </td>
</tr>
<tr>
  <td class="method">
                  verifyauditOutboundPage
      </td>
  <td class="duration">
    20.352s
  </td>
  <td class="result">
        
    
            <div class="testOutput">
                        Pass: &apos;auditLink&apos; is clicked<br />
                                Pass: &apos;auditLink&apos; is displayed<br />
                                Pass: &apos;outboundLink&apos; is clicked<br />
                                Pass: &apos;outboundLink&apos; is displayed<br />
                                Pass: &apos;currentMonCredits&apos; is displayed<br />
                                Pass: &apos;auditContactDetails&apos; is displayed<br />
                                Pass: &apos;furureCreditsGrph&apos; is displayed<br />
                                Pass: &apos;claimHistoryGrph&apos; is clicked<br />
                                Pass: &apos;claimHistoryGrph&apos; is displayed<br />
                                Pass: &apos;supplierStatus&apos; is displayed<br />
                                Pass: &apos;pendingCorrespondence&apos; is displayed<br />
                  </div>
    

      </td>
</tr>
<tr>
  <td class="method">
                  verifyauditStatisticsAssignmentsPage
      </td>
  <td class="duration">
    41.255s
  </td>
  <td class="result">
        
    
            <div class="testOutput">
                        Pass: &apos;auditStatisticsLink&apos; is clicked<br />
                                Pass: &apos;auditStatsTable&apos; is displayed<br />
                  </div>
    

      </td>
</tr>
<tr>
  <td class="method">
                  verifycontactEntryPage
      </td>
  <td class="duration">
    7.428s
  </td>
  <td class="result">
        
    
            <div class="testOutput">
                        Pass: &apos;contactEntry&apos; is clicked<br />
                                Pass: &apos;docQueueTable&apos; is displayed<br />
                                Pass: &apos;supDetailsTable&apos; is displayed<br />
                                Pass: &apos;docDetails&apos; is displayed<br />
                  </div>
    

      </td>
</tr>
      </table>
  
</body>
</html>
