<?xml version="1.0" encoding="utf-8" ?>
<!DOCTYPE html PUBLIC "-//W3C//DTD XHTML 1.0 Strict//EN"
        "http://www.w3.org/TR/xhtml1/DTD/xhtml1-strict.dtd">
<html xmlns="http://www.w3.org/1999/xhtml" xml:lang="" lang="">
<head>
  <title>Test Results Report - Lavante - Recovery - Running on IE 11</title>
  <meta http-equiv="Content-Type" content="text/html;charset=utf-8" />
  <meta name="description" content="TestNG unit test results." />
  <link href="reportng.css" rel="stylesheet" type="text/css" />
    <script type="text/javascript" src="reportng.js"></script>
</head>
<body>
<h1>Lavante - Recovery - Running on IE 11</h1>
<p>
  Test duration: 395.460s
</p>

  <table class="resultsTable configTable">
    <tr><th colspan="3" class="header failedConfig">Failed Configuration</th></tr>
              <tr class="group">
        <td colspan="3">lavante.recovery.testsuites.SanityTestSuite</td>
      </tr>
            
<tr>
  <td class="method">
                  clean
      </td>
  <td class="duration">
    0.000s
  </td>
  <td class="result">
        
    
        

        <a href="javascript:toggleElement('exception-0', 'block')" title="Click to expand/collapse"><b>org.openqa.selenium.WebDriverException: Session [bd32f85a-5c0a-43ce-8fa3-45729fb16761] was terminated due to SO_TIMEOUT<br/>
Command duration or timeout: 5 milliseconds<br/>
Build info: version: &apos;2.52.0&apos;, revision: &apos;4c2593cfc3689a7fcd7be52549167e5ccc93ad28&apos;, time: &apos;2016-02-11 11:22:43&apos;<br/>
System info: host: &apos;WLW7-TALLURYS&apos;, ip: &apos;192.168.21.55&apos;, os.name: &apos;Windows 7&apos;, os.arch: &apos;amd64&apos;, os.version: &apos;6.1&apos;, java.version: &apos;1.8.0_40&apos;<br/>
Driver info: org.openqa.selenium.remote.RemoteWebDriver<br/>
Capabilities [{browserAttachTimeout=0, enablePersistentHover=false, ie.forceCreateProcessApi=false, ie.usePerProcessProxy=false, ignoreZoomSetting=true, handlesAlerts=true, version=11, platform=WINDOWS, nativeEvents=false, ie.ensureCleanSession=false, elementScrollBehavior=0, ie.browserCommandLineSwitches=, webdriver.remote.sessionid=bd32f85a-5c0a-43ce-8fa3-45729fb16761, requireWindowFocus=false, browserName=internet explorer, initialBrowserUrl=http://localhost:26913/, takesScreenshot=true, javascriptEnabled=true, ignoreProtectedModeSettings=true, enableElementCacheCleanup=true, cssSelectorsEnabled=true, unexpectedAlertBehaviour=dismiss}]<br/>
Session ID: bd32f85a-5c0a-43ce-8fa3-45729fb16761</b></a><br />
    <div class="stackTrace" id="exception-0">
              sun.reflect.GeneratedConstructorAccessor11.newInstance(Unknown Source)<br />
              sun.reflect.DelegatingConstructorAccessorImpl.newInstance(DelegatingConstructorAccessorImpl.java:45)<br />
              java.lang.reflect.Constructor.newInstance(Constructor.java:422)<br />
              org.openqa.selenium.remote.ErrorHandler.createThrowable(ErrorHandler.java:206)<br />
              org.openqa.selenium.remote.ErrorHandler.throwIfResponseFailed(ErrorHandler.java:158)<br />
              org.openqa.selenium.remote.RemoteWebDriver.execute(RemoteWebDriver.java:678)<br />
              org.openqa.selenium.remote.RemoteWebDriver.execute(RemoteWebDriver.java:701)<br />
              org.openqa.selenium.remote.RemoteWebDriver.quit(RemoteWebDriver.java:526)<br />
              lavante.recovery.utilities.seleniumBaseClass.quitBrowser(seleniumBaseClass.java:72)<br />
              lavante.recovery.testsuites.SanityTestSuite.clean(SanityTestSuite.java:572)<br />
              sun.reflect.NativeMethodAccessorImpl.invoke0(Native Method)<br />
              sun.reflect.NativeMethodAccessorImpl.invoke(NativeMethodAccessorImpl.java:62)<br />
              sun.reflect.DelegatingMethodAccessorImpl.invoke(DelegatingMethodAccessorImpl.java:43)<br />
              java.lang.reflect.Method.invoke(Method.java:497)<br />
              org.testng.internal.MethodInvocationHelper.invokeMethod(MethodInvocationHelper.java:84)<br />
              org.testng.internal.Invoker.invokeConfigurationMethod(Invoker.java:564)<br />
              org.testng.internal.Invoker.invokeConfigurations(Invoker.java:213)<br />
              org.testng.internal.Invoker.invokeConfigurations(Invoker.java:138)<br />
              org.testng.TestRunner.afterRun(TestRunner.java:1014)<br />
              org.testng.TestRunner.run(TestRunner.java:621)<br />
              org.testng.SuiteRunner.runTest(SuiteRunner.java:348)<br />
              org.testng.SuiteRunner.access$000(SuiteRunner.java:38)<br />
              org.testng.SuiteRunner$SuiteWorker.run(SuiteRunner.java:382)<br />
              org.testng.internal.thread.ThreadUtil$2.call(ThreadUtil.java:64)<br />
              java.util.concurrent.FutureTask.run(FutureTask.java:266)<br />
              java.util.concurrent.ThreadPoolExecutor.runWorker(ThreadPoolExecutor.java:1142)<br />
              java.util.concurrent.ThreadPoolExecutor$Worker.run(ThreadPoolExecutor.java:617)<br />
              java.lang.Thread.run(Thread.java:745)<br />
                    <b>Caused by: </b> <a href="javascript:toggleElement('exception-1', 'block')" title="Click to expand/collapse">org.openqa.selenium.WebDriverException: Session [bd32f85a-5c0a-43ce-8fa3-45729fb16761] was terminated due to SO_TIMEOUT<br/>
Build info: version: &apos;2.52.0&apos;, revision: &apos;4c2593cfc3689a7fcd7be52549167e5ccc93ad28&apos;, time: &apos;2016-02-11 11:22:43&apos;<br/>
System info: host: &apos;WLW7-TALLURYS&apos;, ip: &apos;192.168.21.55&apos;, os.name: &apos;Windows 7&apos;, os.arch: &apos;amd64&apos;, os.version: &apos;6.1&apos;, java.version: &apos;1.8.0_40&apos;<br/>
Driver info: driver.version: unknown</a><br />
        <div class="stackTrace" id="exception-1">
                      org.openqa.grid.internal.ActiveTestSessions.getExistingSession(ActiveTestSessions.java:105)<br />
                      org.openqa.grid.internal.Registry.getExistingSession(Registry.java:425)<br />
                      org.openqa.grid.web.servlet.handler.RequestHandler.getSession(RequestHandler.java:240)<br />
                      org.openqa.grid.web.servlet.handler.RequestHandler.process(RequestHandler.java:120)<br />
                      org.openqa.grid.web.servlet.DriverServlet.process(DriverServlet.java:83)<br />
                      org.openqa.grid.web.servlet.DriverServlet.doDelete(DriverServlet.java:73)<br />
                      javax.servlet.http.HttpServlet.service(HttpServlet.java:713)<br />
                      javax.servlet.http.HttpServlet.service(HttpServlet.java:790)<br />
                      org.seleniumhq.jetty9.servlet.ServletHolder.handle(ServletHolder.java:808)<br />
                      org.seleniumhq.jetty9.servlet.ServletHandler.doHandle(ServletHandler.java:587)<br />
                      org.seleniumhq.jetty9.server.session.SessionHandler.doHandle(SessionHandler.java:221)<br />
                      org.seleniumhq.jetty9.server.handler.ContextHandler.doHandle(ContextHandler.java:1127)<br />
                      org.seleniumhq.jetty9.servlet.ServletHandler.doScope(ServletHandler.java:515)<br />
                      org.seleniumhq.jetty9.server.session.SessionHandler.doScope(SessionHandler.java:185)<br />
                      org.seleniumhq.jetty9.server.handler.ContextHandler.doScope(ContextHandler.java:1061)<br />
                      org.seleniumhq.jetty9.server.handler.ScopedHandler.handle(ScopedHandler.java:141)<br />
                      org.seleniumhq.jetty9.server.handler.HandlerWrapper.handle(HandlerWrapper.java:97)<br />
                      org.seleniumhq.jetty9.server.Server.handle(Server.java:499)<br />
                      org.seleniumhq.jetty9.server.HttpChannel.handle(HttpChannel.java:310)<br />
                      org.seleniumhq.jetty9.server.HttpConnection.onFillable(HttpConnection.java:257)<br />
                      org.seleniumhq.jetty9.io.AbstractConnection$2.run(AbstractConnection.java:540)<br />
                      org.seleniumhq.jetty9.util.thread.QueuedThreadPool.runJob(QueuedThreadPool.java:635)<br />
                      org.seleniumhq.jetty9.util.thread.QueuedThreadPool$3.run(QueuedThreadPool.java:555)<br />
                      java.lang.Thread.run(Unknown Source)<br />
                  </div>
          </div>
      </td>
</tr>
    
      </table>


  <table class="resultsTable">
    <tr><th colspan="3" class="header failed">Failed Tests</th></tr>
          <tr>
        <td colspan="3" class="group">lavante.recovery.testsuites.SanityTestSuite</td>
      </tr>
            
<tr>
  <td class="method">
                  verifyBatchingPage
      </td>
  <td class="duration">
    5.006s
  </td>
  <td class="result">
        
    
            <div class="testOutput">
                        Fail: &apos;batchingLink&apos; is not displayed<br />
                  </div>
    

        <a href="javascript:toggleElement('exception-2', 'block')" title="Click to expand/collapse"><b>java.lang.AssertionError: Fail: &apos;batchingLink&apos; is not displayed</b></a><br />
    <div class="stackTrace" id="exception-2">
              org.testng.Assert.fail(Assert.java:94)<br />
              lavante.recovery.utilities.Report.fail(Report.java:20)<br />
              lavante.recovery.utilities.seleniumBaseClass.click(seleniumBaseClass.java:207)<br />
              lavante.recovery.pageobjects.Audit.AuditBatchingPage.verifybatchingLink(AuditBatchingPage.java:21)<br />
              lavante.recovery.testsuites.SanityTestSuite.verifyBatchingPage(SanityTestSuite.java:250)<br />
              sun.reflect.NativeMethodAccessorImpl.invoke0(Native Method)<br />
              sun.reflect.NativeMethodAccessorImpl.invoke(NativeMethodAccessorImpl.java:62)<br />
              sun.reflect.DelegatingMethodAccessorImpl.invoke(DelegatingMethodAccessorImpl.java:43)<br />
              java.lang.reflect.Method.invoke(Method.java:497)<br />
              org.testng.internal.MethodInvocationHelper.invokeMethod(MethodInvocationHelper.java:84)<br />
              org.testng.internal.Invoker.invokeMethod(Invoker.java:714)<br />
              org.testng.internal.Invoker.invokeTestMethod(Invoker.java:901)<br />
              org.testng.internal.Invoker.invokeTestMethods(Invoker.java:1231)<br />
              org.testng.internal.TestMethodWorker.invokeTestMethods(TestMethodWorker.java:127)<br />
              org.testng.internal.TestMethodWorker.run(TestMethodWorker.java:111)<br />
              org.testng.TestRunner.privateRun(TestRunner.java:767)<br />
              org.testng.TestRunner.run(TestRunner.java:617)<br />
              org.testng.SuiteRunner.runTest(SuiteRunner.java:348)<br />
              org.testng.SuiteRunner.access$000(SuiteRunner.java:38)<br />
              org.testng.SuiteRunner$SuiteWorker.run(SuiteRunner.java:382)<br />
              org.testng.internal.thread.ThreadUtil$2.call(ThreadUtil.java:64)<br />
              java.util.concurrent.FutureTask.run(FutureTask.java:266)<br />
              java.util.concurrent.ThreadPoolExecutor.runWorker(ThreadPoolExecutor.java:1142)<br />
              java.util.concurrent.ThreadPoolExecutor$Worker.run(ThreadPoolExecutor.java:617)<br />
              java.lang.Thread.run(Thread.java:745)<br />
                </div>
      </td>
</tr>
<tr>
  <td class="method">
                  verifyCheckRegistryPage
      </td>
  <td class="duration">
    3.007s
  </td>
  <td class="result">
        
    
            <div class="testOutput">
                        Fail: &apos;chkRegLink&apos; is not displayed<br />
                  </div>
    

        <a href="javascript:toggleElement('exception-3', 'block')" title="Click to expand/collapse"><b>java.lang.AssertionError: Fail: &apos;chkRegLink&apos; is not displayed</b></a><br />
    <div class="stackTrace" id="exception-3">
              org.testng.Assert.fail(Assert.java:94)<br />
              lavante.recovery.utilities.Report.fail(Report.java:20)<br />
              lavante.recovery.utilities.seleniumBaseClass.click(seleniumBaseClass.java:207)<br />
              lavante.recovery.pageobjects.Audit.AuditCheckRegistryPage.verifychkRegLink(AuditCheckRegistryPage.java:19)<br />
              lavante.recovery.testsuites.SanityTestSuite.verifyCheckRegistryPage(SanityTestSuite.java:348)<br />
              sun.reflect.NativeMethodAccessorImpl.invoke0(Native Method)<br />
              sun.reflect.NativeMethodAccessorImpl.invoke(NativeMethodAccessorImpl.java:62)<br />
              sun.reflect.DelegatingMethodAccessorImpl.invoke(DelegatingMethodAccessorImpl.java:43)<br />
              java.lang.reflect.Method.invoke(Method.java:497)<br />
              org.testng.internal.MethodInvocationHelper.invokeMethod(MethodInvocationHelper.java:84)<br />
              org.testng.internal.Invoker.invokeMethod(Invoker.java:714)<br />
              org.testng.internal.Invoker.invokeTestMethod(Invoker.java:901)<br />
              org.testng.internal.Invoker.invokeTestMethods(Invoker.java:1231)<br />
              org.testng.internal.TestMethodWorker.invokeTestMethods(TestMethodWorker.java:127)<br />
              org.testng.internal.TestMethodWorker.run(TestMethodWorker.java:111)<br />
              org.testng.TestRunner.privateRun(TestRunner.java:767)<br />
              org.testng.TestRunner.run(TestRunner.java:617)<br />
              org.testng.SuiteRunner.runTest(SuiteRunner.java:348)<br />
              org.testng.SuiteRunner.access$000(SuiteRunner.java:38)<br />
              org.testng.SuiteRunner$SuiteWorker.run(SuiteRunner.java:382)<br />
              org.testng.internal.thread.ThreadUtil$2.call(ThreadUtil.java:64)<br />
              java.util.concurrent.FutureTask.run(FutureTask.java:266)<br />
              java.util.concurrent.ThreadPoolExecutor.runWorker(ThreadPoolExecutor.java:1142)<br />
              java.util.concurrent.ThreadPoolExecutor$Worker.run(ThreadPoolExecutor.java:617)<br />
              java.lang.Thread.run(Thread.java:745)<br />
                </div>
      </td>
</tr>
<tr>
  <td class="method">
                  verifyClaimsPage
      </td>
  <td class="duration">
    3.006s
  </td>
  <td class="result">
        
    
            <div class="testOutput">
                        Fail: &apos;claimsLink&apos; is not displayed<br />
                  </div>
    

        <a href="javascript:toggleElement('exception-4', 'block')" title="Click to expand/collapse"><b>java.lang.AssertionError: Fail: &apos;claimsLink&apos; is not displayed</b></a><br />
    <div class="stackTrace" id="exception-4">
              org.testng.Assert.fail(Assert.java:94)<br />
              lavante.recovery.utilities.Report.fail(Report.java:20)<br />
              lavante.recovery.utilities.seleniumBaseClass.click(seleniumBaseClass.java:207)<br />
              lavante.recovery.pageobjects.MainClaimsPage.verifyclaimsLink(MainClaimsPage.java:19)<br />
              lavante.recovery.testsuites.SanityTestSuite.verifyClaimsPage(SanityTestSuite.java:357)<br />
              sun.reflect.NativeMethodAccessorImpl.invoke0(Native Method)<br />
              sun.reflect.NativeMethodAccessorImpl.invoke(NativeMethodAccessorImpl.java:62)<br />
              sun.reflect.DelegatingMethodAccessorImpl.invoke(DelegatingMethodAccessorImpl.java:43)<br />
              java.lang.reflect.Method.invoke(Method.java:497)<br />
              org.testng.internal.MethodInvocationHelper.invokeMethod(MethodInvocationHelper.java:84)<br />
              org.testng.internal.Invoker.invokeMethod(Invoker.java:714)<br />
              org.testng.internal.Invoker.invokeTestMethod(Invoker.java:901)<br />
              org.testng.internal.Invoker.invokeTestMethods(Invoker.java:1231)<br />
              org.testng.internal.TestMethodWorker.invokeTestMethods(TestMethodWorker.java:127)<br />
              org.testng.internal.TestMethodWorker.run(TestMethodWorker.java:111)<br />
              org.testng.TestRunner.privateRun(TestRunner.java:767)<br />
              org.testng.TestRunner.run(TestRunner.java:617)<br />
              org.testng.SuiteRunner.runTest(SuiteRunner.java:348)<br />
              org.testng.SuiteRunner.access$000(SuiteRunner.java:38)<br />
              org.testng.SuiteRunner$SuiteWorker.run(SuiteRunner.java:382)<br />
              org.testng.internal.thread.ThreadUtil$2.call(ThreadUtil.java:64)<br />
              java.util.concurrent.FutureTask.run(FutureTask.java:266)<br />
              java.util.concurrent.ThreadPoolExecutor.runWorker(ThreadPoolExecutor.java:1142)<br />
              java.util.concurrent.ThreadPoolExecutor$Worker.run(ThreadPoolExecutor.java:617)<br />
              java.lang.Thread.run(Thread.java:745)<br />
                </div>
      </td>
</tr>
<tr>
  <td class="method">
                  verifyCreditsAssignmentsPage
      </td>
  <td class="duration">
    8.008s
  </td>
  <td class="result">
        
    
            <div class="testOutput">
                        Fail: &apos;creditsLink&apos; is not displayed<br />
                  </div>
    

        <a href="javascript:toggleElement('exception-5', 'block')" title="Click to expand/collapse"><b>java.lang.AssertionError: Fail: &apos;creditsLink&apos; is not displayed</b></a><br />
    <div class="stackTrace" id="exception-5">
              org.testng.Assert.fail(Assert.java:94)<br />
              lavante.recovery.utilities.Report.fail(Report.java:20)<br />
              lavante.recovery.utilities.seleniumBaseClass.click(seleniumBaseClass.java:207)<br />
              lavante.recovery.pageobjects.Assignments.CreditsPage.verifycreditsLink(CreditsPage.java:19)<br />
              lavante.recovery.testsuites.SanityTestSuite.verifyCreditsAssignmentsPage(SanityTestSuite.java:551)<br />
              sun.reflect.NativeMethodAccessorImpl.invoke0(Native Method)<br />
              sun.reflect.NativeMethodAccessorImpl.invoke(NativeMethodAccessorImpl.java:62)<br />
              sun.reflect.DelegatingMethodAccessorImpl.invoke(DelegatingMethodAccessorImpl.java:43)<br />
              java.lang.reflect.Method.invoke(Method.java:497)<br />
              org.testng.internal.MethodInvocationHelper.invokeMethod(MethodInvocationHelper.java:84)<br />
              org.testng.internal.Invoker.invokeMethod(Invoker.java:714)<br />
              org.testng.internal.Invoker.invokeTestMethod(Invoker.java:901)<br />
              org.testng.internal.Invoker.invokeTestMethods(Invoker.java:1231)<br />
              org.testng.internal.TestMethodWorker.invokeTestMethods(TestMethodWorker.java:127)<br />
              org.testng.internal.TestMethodWorker.run(TestMethodWorker.java:111)<br />
              org.testng.TestRunner.privateRun(TestRunner.java:767)<br />
              org.testng.TestRunner.run(TestRunner.java:617)<br />
              org.testng.SuiteRunner.runTest(SuiteRunner.java:348)<br />
              org.testng.SuiteRunner.access$000(SuiteRunner.java:38)<br />
              org.testng.SuiteRunner$SuiteWorker.run(SuiteRunner.java:382)<br />
              org.testng.internal.thread.ThreadUtil$2.call(ThreadUtil.java:64)<br />
              java.util.concurrent.FutureTask.run(FutureTask.java:266)<br />
              java.util.concurrent.ThreadPoolExecutor.runWorker(ThreadPoolExecutor.java:1142)<br />
              java.util.concurrent.ThreadPoolExecutor$Worker.run(ThreadPoolExecutor.java:617)<br />
              java.lang.Thread.run(Thread.java:745)<br />
                </div>
      </td>
</tr>
<tr>
  <td class="method">
                  verifyHoldsAssignmentsPage
      </td>
  <td class="duration">
    8.007s
  </td>
  <td class="result">
        
    
            <div class="testOutput">
                        Fail: &apos;holdsLink&apos; is not displayed<br />
                  </div>
    

        <a href="javascript:toggleElement('exception-6', 'block')" title="Click to expand/collapse"><b>java.lang.AssertionError: Fail: &apos;holdsLink&apos; is not displayed</b></a><br />
    <div class="stackTrace" id="exception-6">
              org.testng.Assert.fail(Assert.java:94)<br />
              lavante.recovery.utilities.Report.fail(Report.java:20)<br />
              lavante.recovery.utilities.seleniumBaseClass.click(seleniumBaseClass.java:207)<br />
              lavante.recovery.pageobjects.Assignments.HoldsPage.verifyHoldsLink(HoldsPage.java:30)<br />
              lavante.recovery.testsuites.SanityTestSuite.verifyHoldsAssignmentsPage(SanityTestSuite.java:540)<br />
              sun.reflect.NativeMethodAccessorImpl.invoke0(Native Method)<br />
              sun.reflect.NativeMethodAccessorImpl.invoke(NativeMethodAccessorImpl.java:62)<br />
              sun.reflect.DelegatingMethodAccessorImpl.invoke(DelegatingMethodAccessorImpl.java:43)<br />
              java.lang.reflect.Method.invoke(Method.java:497)<br />
              org.testng.internal.MethodInvocationHelper.invokeMethod(MethodInvocationHelper.java:84)<br />
              org.testng.internal.Invoker.invokeMethod(Invoker.java:714)<br />
              org.testng.internal.Invoker.invokeTestMethod(Invoker.java:901)<br />
              org.testng.internal.Invoker.invokeTestMethods(Invoker.java:1231)<br />
              org.testng.internal.TestMethodWorker.invokeTestMethods(TestMethodWorker.java:127)<br />
              org.testng.internal.TestMethodWorker.run(TestMethodWorker.java:111)<br />
              org.testng.TestRunner.privateRun(TestRunner.java:767)<br />
              org.testng.TestRunner.run(TestRunner.java:617)<br />
              org.testng.SuiteRunner.runTest(SuiteRunner.java:348)<br />
              org.testng.SuiteRunner.access$000(SuiteRunner.java:38)<br />
              org.testng.SuiteRunner$SuiteWorker.run(SuiteRunner.java:382)<br />
              org.testng.internal.thread.ThreadUtil$2.call(ThreadUtil.java:64)<br />
              java.util.concurrent.FutureTask.run(FutureTask.java:266)<br />
              java.util.concurrent.ThreadPoolExecutor.runWorker(ThreadPoolExecutor.java:1142)<br />
              java.util.concurrent.ThreadPoolExecutor$Worker.run(ThreadPoolExecutor.java:617)<br />
              java.lang.Thread.run(Thread.java:745)<br />
                </div>
      </td>
</tr>
<tr>
  <td class="method">
                  verifyInvoicePage
      </td>
  <td class="duration">
    3.007s
  </td>
  <td class="result">
        
    
            <div class="testOutput">
                        Fail: &apos;invoiceLink&apos; is not displayed<br />
                  </div>
    

        <a href="javascript:toggleElement('exception-7', 'block')" title="Click to expand/collapse"><b>java.lang.AssertionError: Fail: &apos;invoiceLink&apos; is not displayed</b></a><br />
    <div class="stackTrace" id="exception-7">
              org.testng.Assert.fail(Assert.java:94)<br />
              lavante.recovery.utilities.Report.fail(Report.java:20)<br />
              lavante.recovery.utilities.seleniumBaseClass.click(seleniumBaseClass.java:207)<br />
              lavante.recovery.pageobjects.Audit.AuditInvoicePage.verifyinvoiceLink(AuditInvoicePage.java:19)<br />
              lavante.recovery.testsuites.SanityTestSuite.verifyInvoicePage(SanityTestSuite.java:275)<br />
              sun.reflect.NativeMethodAccessorImpl.invoke0(Native Method)<br />
              sun.reflect.NativeMethodAccessorImpl.invoke(NativeMethodAccessorImpl.java:62)<br />
              sun.reflect.DelegatingMethodAccessorImpl.invoke(DelegatingMethodAccessorImpl.java:43)<br />
              java.lang.reflect.Method.invoke(Method.java:497)<br />
              org.testng.internal.MethodInvocationHelper.invokeMethod(MethodInvocationHelper.java:84)<br />
              org.testng.internal.Invoker.invokeMethod(Invoker.java:714)<br />
              org.testng.internal.Invoker.invokeTestMethod(Invoker.java:901)<br />
              org.testng.internal.Invoker.invokeTestMethods(Invoker.java:1231)<br />
              org.testng.internal.TestMethodWorker.invokeTestMethods(TestMethodWorker.java:127)<br />
              org.testng.internal.TestMethodWorker.run(TestMethodWorker.java:111)<br />
              org.testng.TestRunner.privateRun(TestRunner.java:767)<br />
              org.testng.TestRunner.run(TestRunner.java:617)<br />
              org.testng.SuiteRunner.runTest(SuiteRunner.java:348)<br />
              org.testng.SuiteRunner.access$000(SuiteRunner.java:38)<br />
              org.testng.SuiteRunner$SuiteWorker.run(SuiteRunner.java:382)<br />
              org.testng.internal.thread.ThreadUtil$2.call(ThreadUtil.java:64)<br />
              java.util.concurrent.FutureTask.run(FutureTask.java:266)<br />
              java.util.concurrent.ThreadPoolExecutor.runWorker(ThreadPoolExecutor.java:1142)<br />
              java.util.concurrent.ThreadPoolExecutor$Worker.run(ThreadPoolExecutor.java:617)<br />
              java.lang.Thread.run(Thread.java:745)<br />
                </div>
      </td>
</tr>
<tr>
  <td class="method">
                  verifyInvoicesPage
      </td>
  <td class="duration">
    3.005s
  </td>
  <td class="result">
        
    
            <div class="testOutput">
                        Fail: &apos;invoicesLink&apos; is not displayed<br />
                  </div>
    

        <a href="javascript:toggleElement('exception-8', 'block')" title="Click to expand/collapse"><b>java.lang.AssertionError: Fail: &apos;invoicesLink&apos; is not displayed</b></a><br />
    <div class="stackTrace" id="exception-8">
              org.testng.Assert.fail(Assert.java:94)<br />
              lavante.recovery.utilities.Report.fail(Report.java:20)<br />
              lavante.recovery.utilities.seleniumBaseClass.click(seleniumBaseClass.java:207)<br />
              lavante.recovery.pageobjects.InvoicesPage.verifyinvoicesLink(InvoicesPage.java:19)<br />
              lavante.recovery.testsuites.SanityTestSuite.verifyInvoicesPage(SanityTestSuite.java:366)<br />
              sun.reflect.NativeMethodAccessorImpl.invoke0(Native Method)<br />
              sun.reflect.NativeMethodAccessorImpl.invoke(NativeMethodAccessorImpl.java:62)<br />
              sun.reflect.DelegatingMethodAccessorImpl.invoke(DelegatingMethodAccessorImpl.java:43)<br />
              java.lang.reflect.Method.invoke(Method.java:497)<br />
              org.testng.internal.MethodInvocationHelper.invokeMethod(MethodInvocationHelper.java:84)<br />
              org.testng.internal.Invoker.invokeMethod(Invoker.java:714)<br />
              org.testng.internal.Invoker.invokeTestMethod(Invoker.java:901)<br />
              org.testng.internal.Invoker.invokeTestMethods(Invoker.java:1231)<br />
              org.testng.internal.TestMethodWorker.invokeTestMethods(TestMethodWorker.java:127)<br />
              org.testng.internal.TestMethodWorker.run(TestMethodWorker.java:111)<br />
              org.testng.TestRunner.privateRun(TestRunner.java:767)<br />
              org.testng.TestRunner.run(TestRunner.java:617)<br />
              org.testng.SuiteRunner.runTest(SuiteRunner.java:348)<br />
              org.testng.SuiteRunner.access$000(SuiteRunner.java:38)<br />
              org.testng.SuiteRunner$SuiteWorker.run(SuiteRunner.java:382)<br />
              org.testng.internal.thread.ThreadUtil$2.call(ThreadUtil.java:64)<br />
              java.util.concurrent.FutureTask.run(FutureTask.java:266)<br />
              java.util.concurrent.ThreadPoolExecutor.runWorker(ThreadPoolExecutor.java:1142)<br />
              java.util.concurrent.ThreadPoolExecutor$Worker.run(ThreadPoolExecutor.java:617)<br />
              java.lang.Thread.run(Thread.java:745)<br />
                </div>
      </td>
</tr>
<tr>
  <td class="method">
                  verifyPossibleDupesPage
      </td>
  <td class="duration">
    0.004s
  </td>
  <td class="result">
        
    
            <div class="testOutput">
                        Fail: &apos;possibleDupesLink&apos; is not displayed<br />
                  </div>
    

        <a href="javascript:toggleElement('exception-9', 'block')" title="Click to expand/collapse"><b>java.lang.AssertionError: Fail: &apos;possibleDupesLink&apos; is not displayed</b></a><br />
    <div class="stackTrace" id="exception-9">
              org.testng.Assert.fail(Assert.java:94)<br />
              lavante.recovery.utilities.Report.fail(Report.java:20)<br />
              lavante.recovery.utilities.seleniumBaseClass.click(seleniumBaseClass.java:207)<br />
              lavante.recovery.pageobjects.Audit.AuditPossibleDupesPage.verifypossibleDupesLink(AuditPossibleDupesPage.java:19)<br />
              lavante.recovery.testsuites.SanityTestSuite.verifyPossibleDupesPage(SanityTestSuite.java:308)<br />
              sun.reflect.NativeMethodAccessorImpl.invoke0(Native Method)<br />
              sun.reflect.NativeMethodAccessorImpl.invoke(NativeMethodAccessorImpl.java:62)<br />
              sun.reflect.DelegatingMethodAccessorImpl.invoke(DelegatingMethodAccessorImpl.java:43)<br />
              java.lang.reflect.Method.invoke(Method.java:497)<br />
              org.testng.internal.MethodInvocationHelper.invokeMethod(MethodInvocationHelper.java:84)<br />
              org.testng.internal.Invoker.invokeMethod(Invoker.java:714)<br />
              org.testng.internal.Invoker.invokeTestMethod(Invoker.java:901)<br />
              org.testng.internal.Invoker.invokeTestMethods(Invoker.java:1231)<br />
              org.testng.internal.TestMethodWorker.invokeTestMethods(TestMethodWorker.java:127)<br />
              org.testng.internal.TestMethodWorker.run(TestMethodWorker.java:111)<br />
              org.testng.TestRunner.privateRun(TestRunner.java:767)<br />
              org.testng.TestRunner.run(TestRunner.java:617)<br />
              org.testng.SuiteRunner.runTest(SuiteRunner.java:348)<br />
              org.testng.SuiteRunner.access$000(SuiteRunner.java:38)<br />
              org.testng.SuiteRunner$SuiteWorker.run(SuiteRunner.java:382)<br />
              org.testng.internal.thread.ThreadUtil$2.call(ThreadUtil.java:64)<br />
              java.util.concurrent.FutureTask.run(FutureTask.java:266)<br />
              java.util.concurrent.ThreadPoolExecutor.runWorker(ThreadPoolExecutor.java:1142)<br />
              java.util.concurrent.ThreadPoolExecutor$Worker.run(ThreadPoolExecutor.java:617)<br />
              java.lang.Thread.run(Thread.java:745)<br />
                </div>
      </td>
</tr>
<tr>
  <td class="method">
                  verifySetupPage
      </td>
  <td class="duration">
    3.014s
  </td>
  <td class="result">
        
    
            <div class="testOutput">
                        Fail: &apos;configurationLink&apos; is not displayed<br />
                  </div>
    

        <a href="javascript:toggleElement('exception-10', 'block')" title="Click to expand/collapse"><b>java.lang.AssertionError: Fail: &apos;configurationLink&apos; is not displayed</b></a><br />
    <div class="stackTrace" id="exception-10">
              org.testng.Assert.fail(Assert.java:94)<br />
              lavante.recovery.utilities.Report.fail(Report.java:20)<br />
              lavante.recovery.utilities.seleniumBaseClass.click(seleniumBaseClass.java:207)<br />
              lavante.recovery.pageobjects.Configuration.Setup.AuditPage.verifyconfigurationLink(AuditPage.java:19)<br />
              lavante.recovery.testsuites.SanityTestSuite.verifySetupPage(SanityTestSuite.java:393)<br />
              sun.reflect.NativeMethodAccessorImpl.invoke0(Native Method)<br />
              sun.reflect.NativeMethodAccessorImpl.invoke(NativeMethodAccessorImpl.java:62)<br />
              sun.reflect.DelegatingMethodAccessorImpl.invoke(DelegatingMethodAccessorImpl.java:43)<br />
              java.lang.reflect.Method.invoke(Method.java:497)<br />
              org.testng.internal.MethodInvocationHelper.invokeMethod(MethodInvocationHelper.java:84)<br />
              org.testng.internal.Invoker.invokeMethod(Invoker.java:714)<br />
              org.testng.internal.Invoker.invokeTestMethod(Invoker.java:901)<br />
              org.testng.internal.Invoker.invokeTestMethods(Invoker.java:1231)<br />
              org.testng.internal.TestMethodWorker.invokeTestMethods(TestMethodWorker.java:127)<br />
              org.testng.internal.TestMethodWorker.run(TestMethodWorker.java:111)<br />
              org.testng.TestRunner.privateRun(TestRunner.java:767)<br />
              org.testng.TestRunner.run(TestRunner.java:617)<br />
              org.testng.SuiteRunner.runTest(SuiteRunner.java:348)<br />
              org.testng.SuiteRunner.access$000(SuiteRunner.java:38)<br />
              org.testng.SuiteRunner$SuiteWorker.run(SuiteRunner.java:382)<br />
              org.testng.internal.thread.ThreadUtil$2.call(ThreadUtil.java:64)<br />
              java.util.concurrent.FutureTask.run(FutureTask.java:266)<br />
              java.util.concurrent.ThreadPoolExecutor.runWorker(ThreadPoolExecutor.java:1142)<br />
              java.util.concurrent.ThreadPoolExecutor$Worker.run(ThreadPoolExecutor.java:617)<br />
              java.lang.Thread.run(Thread.java:745)<br />
                </div>
      </td>
</tr>
<tr>
  <td class="method">
                  verifyStatementsAssignmentsPage
      </td>
  <td class="duration">
    20.005s
  </td>
  <td class="result">
        
    
            <div class="testOutput">
                        Fail: &apos;statementsLink&apos; is not displayed<br />
                  </div>
    

        <a href="javascript:toggleElement('exception-11', 'block')" title="Click to expand/collapse"><b>java.lang.AssertionError: Fail: &apos;statementsLink&apos; is not displayed</b></a><br />
    <div class="stackTrace" id="exception-11">
              org.testng.Assert.fail(Assert.java:94)<br />
              lavante.recovery.utilities.Report.fail(Report.java:20)<br />
              lavante.recovery.utilities.seleniumBaseClass.click(seleniumBaseClass.java:207)<br />
              lavante.recovery.pageobjects.Assignments.StatementsPage.verifyStatementsLink(StatementsPage.java:19)<br />
              lavante.recovery.testsuites.SanityTestSuite.verifyStatementsAssignmentsPage(SanityTestSuite.java:563)<br />
              sun.reflect.NativeMethodAccessorImpl.invoke0(Native Method)<br />
              sun.reflect.NativeMethodAccessorImpl.invoke(NativeMethodAccessorImpl.java:62)<br />
              sun.reflect.DelegatingMethodAccessorImpl.invoke(DelegatingMethodAccessorImpl.java:43)<br />
              java.lang.reflect.Method.invoke(Method.java:497)<br />
              org.testng.internal.MethodInvocationHelper.invokeMethod(MethodInvocationHelper.java:84)<br />
              org.testng.internal.Invoker.invokeMethod(Invoker.java:714)<br />
              org.testng.internal.Invoker.invokeTestMethod(Invoker.java:901)<br />
              org.testng.internal.Invoker.invokeTestMethods(Invoker.java:1231)<br />
              org.testng.internal.TestMethodWorker.invokeTestMethods(TestMethodWorker.java:127)<br />
              org.testng.internal.TestMethodWorker.run(TestMethodWorker.java:111)<br />
              org.testng.TestRunner.privateRun(TestRunner.java:767)<br />
              org.testng.TestRunner.run(TestRunner.java:617)<br />
              org.testng.SuiteRunner.runTest(SuiteRunner.java:348)<br />
              org.testng.SuiteRunner.access$000(SuiteRunner.java:38)<br />
              org.testng.SuiteRunner$SuiteWorker.run(SuiteRunner.java:382)<br />
              org.testng.internal.thread.ThreadUtil$2.call(ThreadUtil.java:64)<br />
              java.util.concurrent.FutureTask.run(FutureTask.java:266)<br />
              java.util.concurrent.ThreadPoolExecutor.runWorker(ThreadPoolExecutor.java:1142)<br />
              java.util.concurrent.ThreadPoolExecutor$Worker.run(ThreadPoolExecutor.java:617)<br />
              java.lang.Thread.run(Thread.java:745)<br />
                </div>
      </td>
</tr>
<tr>
  <td class="method">
                  verifySummaryPage
      </td>
  <td class="duration">
    3.006s
  </td>
  <td class="result">
        
    
            <div class="testOutput">
                        Fail: &apos;summaryLink&apos; is not displayed<br />
                  </div>
    

        <a href="javascript:toggleElement('exception-12', 'block')" title="Click to expand/collapse"><b>java.lang.AssertionError: Fail: &apos;summaryLink&apos; is not displayed</b></a><br />
    <div class="stackTrace" id="exception-12">
              org.testng.Assert.fail(Assert.java:94)<br />
              lavante.recovery.utilities.Report.fail(Report.java:20)<br />
              lavante.recovery.utilities.seleniumBaseClass.click(seleniumBaseClass.java:207)<br />
              lavante.recovery.pageobjects.Audit.AuditSummaryPage.verifysummaryLink(AuditSummaryPage.java:19)<br />
              lavante.recovery.testsuites.SanityTestSuite.verifySummaryPage(SanityTestSuite.java:332)<br />
              sun.reflect.NativeMethodAccessorImpl.invoke0(Native Method)<br />
              sun.reflect.NativeMethodAccessorImpl.invoke(NativeMethodAccessorImpl.java:62)<br />
              sun.reflect.DelegatingMethodAccessorImpl.invoke(DelegatingMethodAccessorImpl.java:43)<br />
              java.lang.reflect.Method.invoke(Method.java:497)<br />
              org.testng.internal.MethodInvocationHelper.invokeMethod(MethodInvocationHelper.java:84)<br />
              org.testng.internal.Invoker.invokeMethod(Invoker.java:714)<br />
              org.testng.internal.Invoker.invokeTestMethod(Invoker.java:901)<br />
              org.testng.internal.Invoker.invokeTestMethods(Invoker.java:1231)<br />
              org.testng.internal.TestMethodWorker.invokeTestMethods(TestMethodWorker.java:127)<br />
              org.testng.internal.TestMethodWorker.run(TestMethodWorker.java:111)<br />
              org.testng.TestRunner.privateRun(TestRunner.java:767)<br />
              org.testng.TestRunner.run(TestRunner.java:617)<br />
              org.testng.SuiteRunner.runTest(SuiteRunner.java:348)<br />
              org.testng.SuiteRunner.access$000(SuiteRunner.java:38)<br />
              org.testng.SuiteRunner$SuiteWorker.run(SuiteRunner.java:382)<br />
              org.testng.internal.thread.ThreadUtil$2.call(ThreadUtil.java:64)<br />
              java.util.concurrent.FutureTask.run(FutureTask.java:266)<br />
              java.util.concurrent.ThreadPoolExecutor.runWorker(ThreadPoolExecutor.java:1142)<br />
              java.util.concurrent.ThreadPoolExecutor$Worker.run(ThreadPoolExecutor.java:617)<br />
              java.lang.Thread.run(Thread.java:745)<br />
                </div>
      </td>
</tr>
<tr>
  <td class="method">
                  verifyauditInboundPage
      </td>
  <td class="duration">
    0.025s
  </td>
  <td class="result">
        
    
            <div class="testOutput">
                        Fail: &apos;inboundLink&apos; is not displayed<br />
                  </div>
    

        <a href="javascript:toggleElement('exception-13', 'block')" title="Click to expand/collapse"><b>java.lang.AssertionError: Fail: &apos;inboundLink&apos; is not displayed</b></a><br />
    <div class="stackTrace" id="exception-13">
              org.testng.Assert.fail(Assert.java:94)<br />
              lavante.recovery.utilities.Report.fail(Report.java:20)<br />
              lavante.recovery.utilities.seleniumBaseClass.click(seleniumBaseClass.java:207)<br />
              lavante.recovery.pageobjects.Audit.AuditInboundPage.verifyinboundLink(AuditInboundPage.java:19)<br />
              lavante.recovery.testsuites.SanityTestSuite.verifyauditInboundPage(SanityTestSuite.java:151)<br />
              sun.reflect.NativeMethodAccessorImpl.invoke0(Native Method)<br />
              sun.reflect.NativeMethodAccessorImpl.invoke(NativeMethodAccessorImpl.java:62)<br />
              sun.reflect.DelegatingMethodAccessorImpl.invoke(DelegatingMethodAccessorImpl.java:43)<br />
              java.lang.reflect.Method.invoke(Method.java:497)<br />
              org.testng.internal.MethodInvocationHelper.invokeMethod(MethodInvocationHelper.java:84)<br />
              org.testng.internal.Invoker.invokeMethod(Invoker.java:714)<br />
              org.testng.internal.Invoker.invokeTestMethod(Invoker.java:901)<br />
              org.testng.internal.Invoker.invokeTestMethods(Invoker.java:1231)<br />
              org.testng.internal.TestMethodWorker.invokeTestMethods(TestMethodWorker.java:127)<br />
              org.testng.internal.TestMethodWorker.run(TestMethodWorker.java:111)<br />
              org.testng.TestRunner.privateRun(TestRunner.java:767)<br />
              org.testng.TestRunner.run(TestRunner.java:617)<br />
              org.testng.SuiteRunner.runTest(SuiteRunner.java:348)<br />
              org.testng.SuiteRunner.access$000(SuiteRunner.java:38)<br />
              org.testng.SuiteRunner$SuiteWorker.run(SuiteRunner.java:382)<br />
              org.testng.internal.thread.ThreadUtil$2.call(ThreadUtil.java:64)<br />
              java.util.concurrent.FutureTask.run(FutureTask.java:266)<br />
              java.util.concurrent.ThreadPoolExecutor.runWorker(ThreadPoolExecutor.java:1142)<br />
              java.util.concurrent.ThreadPoolExecutor$Worker.run(ThreadPoolExecutor.java:617)<br />
              java.lang.Thread.run(Thread.java:745)<br />
                </div>
      </td>
</tr>
<tr>
  <td class="method">
                  verifyauditOutboundPage
      </td>
  <td class="duration">
    137.187s
  </td>
  <td class="result">
        
    
            <div class="testOutput">
                        Pass: &apos;auditLink&apos; is clicked<br />
                                Fail: &apos;auditLink&apos; is not displayedSession [bd32f85a-5c0a-43ce-8fa3-45729fb16761] was terminated due to SO_TIMEOUT<br/>
Command duration or timeout: 5 milliseconds<br/>
Build info: version: &apos;2.52.0&apos;, revision: &apos;4c2593cfc3689a7fcd7be52549167e5ccc93ad28&apos;, time: &apos;2016-02-11 11:22:43&apos;<br/>
System info: host: &apos;WLW7-TALLURYS&apos;, ip: &apos;192.168.21.55&apos;, os.name: &apos;Windows 7&apos;, os.arch: &apos;amd64&apos;, os.version: &apos;6.1&apos;, java.version: &apos;1.8.0_40&apos;<br/>
Driver info: org.openqa.selenium.remote.RemoteWebDriver<br/>
Capabilities [{browserAttachTimeout=0, enablePersistentHover=false, ie.forceCreateProcessApi=false, ie.usePerProcessProxy=false, ignoreZoomSetting=true, handlesAlerts=true, version=11, platform=WINDOWS, nativeEvents=false, ie.ensureCleanSession=false, elementScrollBehavior=0, ie.browserCommandLineSwitches=, webdriver.remote.sessionid=bd32f85a-5c0a-43ce-8fa3-45729fb16761, requireWindowFocus=false, browserName=internet explorer, initialBrowserUrl=http://localhost:26913/, takesScreenshot=true, javascriptEnabled=true, ignoreProtectedModeSettings=true, enableElementCacheCleanup=true, cssSelectorsEnabled=true, unexpectedAlertBehaviour=dismiss}]<br/>
Session ID: bd32f85a-5c0a-43ce-8fa3-45729fb16761<br/>
*** Element info: {Using=link text, value=Audit}<br />
                  </div>
    

        <a href="javascript:toggleElement('exception-14', 'block')" title="Click to expand/collapse"><b>java.lang.AssertionError: Fail: &apos;auditLink&apos; is not displayedSession [bd32f85a-5c0a-43ce-8fa3-45729fb16761] was terminated due to SO_TIMEOUT<br/>
Command duration or timeout: 5 milliseconds<br/>
Build info: version: &apos;2.52.0&apos;, revision: &apos;4c2593cfc3689a7fcd7be52549167e5ccc93ad28&apos;, time: &apos;2016-02-11 11:22:43&apos;<br/>
System info: host: &apos;WLW7-TALLURYS&apos;, ip: &apos;192.168.21.55&apos;, os.name: &apos;Windows 7&apos;, os.arch: &apos;amd64&apos;, os.version: &apos;6.1&apos;, java.version: &apos;1.8.0_40&apos;<br/>
Driver info: org.openqa.selenium.remote.RemoteWebDriver<br/>
Capabilities [{browserAttachTimeout=0, enablePersistentHover=false, ie.forceCreateProcessApi=false, ie.usePerProcessProxy=false, ignoreZoomSetting=true, handlesAlerts=true, version=11, platform=WINDOWS, nativeEvents=false, ie.ensureCleanSession=false, elementScrollBehavior=0, ie.browserCommandLineSwitches=, webdriver.remote.sessionid=bd32f85a-5c0a-43ce-8fa3-45729fb16761, requireWindowFocus=false, browserName=internet explorer, initialBrowserUrl=http://localhost:26913/, takesScreenshot=true, javascriptEnabled=true, ignoreProtectedModeSettings=true, enableElementCacheCleanup=true, cssSelectorsEnabled=true, unexpectedAlertBehaviour=dismiss}]<br/>
Session ID: bd32f85a-5c0a-43ce-8fa3-45729fb16761<br/>
*** Element info: {Using=link text, value=Audit}</b></a><br />
    <div class="stackTrace" id="exception-14">
              org.testng.Assert.fail(Assert.java:94)<br />
              lavante.recovery.utilities.Report.fail(Report.java:20)<br />
              lavante.recovery.utilities.seleniumBaseClass.isDisplayed(seleniumBaseClass.java:225)<br />
              lavante.recovery.pageobjects.Audit.AuditOutboundPage.verifyauditLink(AuditOutboundPage.java:20)<br />
              lavante.recovery.testsuites.SanityTestSuite.verifyauditOutboundPage(SanityTestSuite.java:136)<br />
              sun.reflect.NativeMethodAccessorImpl.invoke0(Native Method)<br />
              sun.reflect.NativeMethodAccessorImpl.invoke(NativeMethodAccessorImpl.java:62)<br />
              sun.reflect.DelegatingMethodAccessorImpl.invoke(DelegatingMethodAccessorImpl.java:43)<br />
              java.lang.reflect.Method.invoke(Method.java:497)<br />
              org.testng.internal.MethodInvocationHelper.invokeMethod(MethodInvocationHelper.java:84)<br />
              org.testng.internal.Invoker.invokeMethod(Invoker.java:714)<br />
              org.testng.internal.Invoker.invokeTestMethod(Invoker.java:901)<br />
              org.testng.internal.Invoker.invokeTestMethods(Invoker.java:1231)<br />
              org.testng.internal.TestMethodWorker.invokeTestMethods(TestMethodWorker.java:127)<br />
              org.testng.internal.TestMethodWorker.run(TestMethodWorker.java:111)<br />
              org.testng.TestRunner.privateRun(TestRunner.java:767)<br />
              org.testng.TestRunner.run(TestRunner.java:617)<br />
              org.testng.SuiteRunner.runTest(SuiteRunner.java:348)<br />
              org.testng.SuiteRunner.access$000(SuiteRunner.java:38)<br />
              org.testng.SuiteRunner$SuiteWorker.run(SuiteRunner.java:382)<br />
              org.testng.internal.thread.ThreadUtil$2.call(ThreadUtil.java:64)<br />
              java.util.concurrent.FutureTask.run(FutureTask.java:266)<br />
              java.util.concurrent.ThreadPoolExecutor.runWorker(ThreadPoolExecutor.java:1142)<br />
              java.util.concurrent.ThreadPoolExecutor$Worker.run(ThreadPoolExecutor.java:617)<br />
              java.lang.Thread.run(Thread.java:745)<br />
                </div>
      </td>
</tr>
<tr>
  <td class="method">
                  verifyauditStatisticsAssignmentsPage
      </td>
  <td class="duration">
    8.005s
  </td>
  <td class="result">
        
    
            <div class="testOutput">
                        Fail: &apos;assignmentsLink&apos; is not displayed<br />
                  </div>
    

        <a href="javascript:toggleElement('exception-15', 'block')" title="Click to expand/collapse"><b>java.lang.AssertionError: Fail: &apos;assignmentsLink&apos; is not displayed</b></a><br />
    <div class="stackTrace" id="exception-15">
              org.testng.Assert.fail(Assert.java:94)<br />
              lavante.recovery.utilities.Report.fail(Report.java:20)<br />
              lavante.recovery.utilities.seleniumBaseClass.click(seleniumBaseClass.java:207)<br />
              lavante.recovery.pageobjects.Assignments.HoldsPage.verifyAssignmentsLink(HoldsPage.java:18)<br />
              lavante.recovery.testsuites.SanityTestSuite.verifyauditStatisticsAssignmentsPage(SanityTestSuite.java:527)<br />
              sun.reflect.NativeMethodAccessorImpl.invoke0(Native Method)<br />
              sun.reflect.NativeMethodAccessorImpl.invoke(NativeMethodAccessorImpl.java:62)<br />
              sun.reflect.DelegatingMethodAccessorImpl.invoke(DelegatingMethodAccessorImpl.java:43)<br />
              java.lang.reflect.Method.invoke(Method.java:497)<br />
              org.testng.internal.MethodInvocationHelper.invokeMethod(MethodInvocationHelper.java:84)<br />
              org.testng.internal.Invoker.invokeMethod(Invoker.java:714)<br />
              org.testng.internal.Invoker.invokeTestMethod(Invoker.java:901)<br />
              org.testng.internal.Invoker.invokeTestMethods(Invoker.java:1231)<br />
              org.testng.internal.TestMethodWorker.invokeTestMethods(TestMethodWorker.java:127)<br />
              org.testng.internal.TestMethodWorker.run(TestMethodWorker.java:111)<br />
              org.testng.TestRunner.privateRun(TestRunner.java:767)<br />
              org.testng.TestRunner.run(TestRunner.java:617)<br />
              org.testng.SuiteRunner.runTest(SuiteRunner.java:348)<br />
              org.testng.SuiteRunner.access$000(SuiteRunner.java:38)<br />
              org.testng.SuiteRunner$SuiteWorker.run(SuiteRunner.java:382)<br />
              org.testng.internal.thread.ThreadUtil$2.call(ThreadUtil.java:64)<br />
              java.util.concurrent.FutureTask.run(FutureTask.java:266)<br />
              java.util.concurrent.ThreadPoolExecutor.runWorker(ThreadPoolExecutor.java:1142)<br />
              java.util.concurrent.ThreadPoolExecutor$Worker.run(ThreadPoolExecutor.java:617)<br />
              java.lang.Thread.run(Thread.java:745)<br />
                </div>
      </td>
</tr>
<tr>
  <td class="method">
                  verifycontactEntryPage
      </td>
  <td class="duration">
    5.472s
  </td>
  <td class="result">
        
    
            <div class="testOutput">
                        Fail: &apos;contactEntry&apos; is not displayed<br />
                  </div>
    

        <a href="javascript:toggleElement('exception-16', 'block')" title="Click to expand/collapse"><b>java.lang.AssertionError: Fail: &apos;contactEntry&apos; is not displayed</b></a><br />
    <div class="stackTrace" id="exception-16">
              org.testng.Assert.fail(Assert.java:94)<br />
              lavante.recovery.utilities.Report.fail(Report.java:20)<br />
              lavante.recovery.utilities.seleniumBaseClass.click(seleniumBaseClass.java:207)<br />
              lavante.recovery.pageobjects.Audit.AuditContactEntryPage.verifycontactEntryLink(AuditContactEntryPage.java:19)<br />
              lavante.recovery.testsuites.SanityTestSuite.verifycontactEntryPage(SanityTestSuite.java:236)<br />
              sun.reflect.NativeMethodAccessorImpl.invoke0(Native Method)<br />
              sun.reflect.NativeMethodAccessorImpl.invoke(NativeMethodAccessorImpl.java:62)<br />
              sun.reflect.DelegatingMethodAccessorImpl.invoke(DelegatingMethodAccessorImpl.java:43)<br />
              java.lang.reflect.Method.invoke(Method.java:497)<br />
              org.testng.internal.MethodInvocationHelper.invokeMethod(MethodInvocationHelper.java:84)<br />
              org.testng.internal.Invoker.invokeMethod(Invoker.java:714)<br />
              org.testng.internal.Invoker.invokeTestMethod(Invoker.java:901)<br />
              org.testng.internal.Invoker.invokeTestMethods(Invoker.java:1231)<br />
              org.testng.internal.TestMethodWorker.invokeTestMethods(TestMethodWorker.java:127)<br />
              org.testng.internal.TestMethodWorker.run(TestMethodWorker.java:111)<br />
              org.testng.TestRunner.privateRun(TestRunner.java:767)<br />
              org.testng.TestRunner.run(TestRunner.java:617)<br />
              org.testng.SuiteRunner.runTest(SuiteRunner.java:348)<br />
              org.testng.SuiteRunner.access$000(SuiteRunner.java:38)<br />
              org.testng.SuiteRunner$SuiteWorker.run(SuiteRunner.java:382)<br />
              org.testng.internal.thread.ThreadUtil$2.call(ThreadUtil.java:64)<br />
              java.util.concurrent.FutureTask.run(FutureTask.java:266)<br />
              java.util.concurrent.ThreadPoolExecutor.runWorker(ThreadPoolExecutor.java:1142)<br />
              java.util.concurrent.ThreadPoolExecutor$Worker.run(ThreadPoolExecutor.java:617)<br />
              java.lang.Thread.run(Thread.java:745)<br />
                </div>
      </td>
</tr>
      </table>


  <table class="resultsTable">
    <tr><th colspan="3" class="header passed">Passed Tests</th></tr>
          <tr>
        <td colspan="3" class="group">lavante.recovery.testsuites.SanityTestSuite</td>
      </tr>
            
<tr>
  <td class="method">
                  verifyDashBoardClaims
      </td>
  <td class="duration">
    31.541s
  </td>
  <td class="result">
        
    
            <div class="testOutput">
                        Pass: &apos;dashBoardLink&apos; is displayed<br />
                                Pass: &apos;claimsLink&apos; is displayed<br />
                                Pass: &apos;openClaims&apos; is displayed<br />
                                Pass: &apos;batchedClaimslink&apos; is clicked<br />
                                Pass: &apos;batchedClaimslink&apos; is displayed<br />
                                Pass: &apos;batchedClaimslink&apos; is clicked<br />
                                Pass: &apos;batchedClaimslink&apos; is displayed<br />
                                Pass: &apos;batchedClaims&apos; is displayed<br />
                                Pass: &apos;invoiceslink&apos; is clicked<br />
                                Pass: &apos;invoiceslink&apos; is displayed<br />
                                Pass: &apos;invoiceslink&apos; is clicked<br />
                                Pass: &apos;invoiceslink&apos; is displayed<br />
                                Pass: &apos;invoices&apos; is displayed<br />
                                Pass: &apos;claimsByStatusChart&apos; is displayed<br />
                                Pass: &apos;claimsByTypeChart&apos; is displayed<br />
                                Pass: &apos;allClaimsChart&apos; is displayed<br />
                                Pass: &apos;claimsByOrgChart&apos; is displayed<br />
                  </div>
    

      </td>
</tr>
<tr>
  <td class="method">
                  verifyDashBoardCompliance
      </td>
  <td class="duration">
    42.187s
  </td>
  <td class="result">
        
    
            <div class="testOutput">
                        Pass: &apos;complainceLink&apos; is clicked<br />
                                Pass: &apos;complainceLink&apos; is displayed<br />
                                Pass: &apos;compliantLink&apos; is clicked<br />
                                Pass: &apos;compliantLink&apos; is displayed<br />
                                Pass: &apos;compliantTable&apos; is displayed<br />
                                Pass: &apos;complianceSummary&apos; is displayed<br />
                                Pass: &apos;noncompliantLink&apos; is clicked<br />
                                Pass: &apos;noncompliantLink&apos; is displayed<br />
                                Pass: &apos;noncompliantTable&apos; is displayed<br />
                                Pass: &apos;complianceSummary&apos; is displayed<br />
                                Pass: &apos;complianceBySpendChart&apos; is displayed<br />
                                Pass: &apos;complianceByCountChart&apos; is displayed<br />
                                Pass: &apos;complianceBySpendRankChart&apos; is displayed<br />
                                Pass: &apos;OFACChart&apos; is displayed<br />
                  </div>
    

      </td>
</tr>
<tr>
  <td class="method">
                  verifyDashBoardSupplier
      </td>
  <td class="duration">
    68.858s
  </td>
  <td class="result">
        
    
            <div class="testOutput">
                        Pass: &apos;supplierLink&apos; is clicked<br />
                                Pass: &apos;supplierLink&apos; is displayed<br />
                                Pass: &apos;supplierCreditLink&apos; is clicked<br />
                                Pass: &apos;supplierCreditLink&apos; is displayed<br />
                                Pass: &apos;supplierCreditLink&apos; is clicked<br />
                                Pass: &apos;supplierCreditLink&apos; is displayed<br />
                                Pass: &apos;CreditTopSuppliers&apos; is displayed<br />
                                Pass: &apos;supplierCreditLink&apos; is clicked<br />
                                Pass: &apos;supplierCreditLink&apos; is displayed<br />
                                Pass: &apos;FileStatistics&apos; is displayed<br />
                                Pass: &apos;supplierSpendLink&apos; is clicked<br />
                                Pass: &apos;supplierSpendLink&apos; is displayed<br />
                                Pass: &apos;supplierSpendLink&apos; is clicked<br />
                                Pass: &apos;supplierSpendLink&apos; is displayed<br />
                                Pass: &apos;SpendTopSuppliers&apos; is displayed<br />
                                Pass: &apos;supplierSpendLink&apos; is clicked<br />
                                Pass: &apos;supplierSpendLink&apos; is displayed<br />
                                Pass: &apos;FileStatistics&apos; is displayed<br />
                                Pass: &apos;chkReqLink&apos; is clicked<br />
                                Pass: &apos;chkReqLink&apos; is displayed<br />
                                Pass: &apos;chkReqLink&apos; is clicked<br />
                                Pass: &apos;chkReqLink&apos; is displayed<br />
                                Pass: &apos;chkReqTopSuppliers&apos; is displayed<br />
                                Pass: &apos;chkReqLink&apos; is clicked<br />
                                Pass: &apos;chkReqLink&apos; is displayed<br />
                                Pass: &apos;FileStatistics&apos; is displayed<br />
                                Pass: &apos;supplierExcludedChart&apos; is displayed<br />
                                Pass: &apos;supplierTargetChart&apos; is displayed<br />
                                Pass: &apos;supplierChangeChart&apos; is displayed<br />
                                Pass: &apos;relSupChart&apos; is displayed<br />
                  </div>
    

      </td>
</tr>
      </table>
  
</body>
</html>
