<?xml version="1.0" encoding="UTF-8"?>
<!-- Generated by org.testng.reporters.JUnitXMLReporter -->
<testsuite hostname="WLW7-TALLURYS" name="Default test" tests="44" failures="2" timestamp="14 Jul 2016 10:27:05 GMT" time="784.091" errors="0">
  <testcase name="verifyDashBoardLink" time="31.259" classname="lavante.recovery.testsuites.SanityTestSuite"/>
  <testcase name="verifyDashBoardClaims" time="8.306" classname="lavante.recovery.testsuites.SanityTestSuite"/>
  <testcase name="verifyDashBoardSupplier" time="32.133" classname="lavante.recovery.testsuites.SanityTestSuite"/>
  <testcase name="verifyDashBoardCompliance" time="18.606" classname="lavante.recovery.testsuites.SanityTestSuite"/>
  <testcase name="verifyAuditLink" time="51.674" classname="lavante.recovery.testsuites.SanityTestSuite"/>
  <testcase name="verifyauditOutboundPage" time="8.994" classname="lavante.recovery.testsuites.SanityTestSuite"/>
  <testcase name="verifyauditInboundPage" time="61.112" classname="lavante.recovery.testsuites.SanityTestSuite"/>
  <testcase name="verifycontactEntryPage" time="6.73" classname="lavante.recovery.testsuites.SanityTestSuite"/>
  <testcase name="verifyBatchingPage" time="20.706" classname="lavante.recovery.testsuites.SanityTestSuite"/>
  <testcase name="verifyInvoicePage" time="23.631" classname="lavante.recovery.testsuites.SanityTestSuite"/>
  <testcase name="verifyPossibleDupesPage" time="23.62" classname="lavante.recovery.testsuites.SanityTestSuite"/>
  <testcase name="verifySummaryPage" time="12.532" classname="lavante.recovery.testsuites.SanityTestSuite"/>
  <testcase name="verifyCheckRegistryPage" time="4.97" classname="lavante.recovery.testsuites.SanityTestSuite"/>
  <testcase name="verifyClaimsPage" time="6.942" classname="lavante.recovery.testsuites.SanityTestSuite"/>
  <testcase name="verifyInvoicesPage" time="14.165" classname="lavante.recovery.testsuites.SanityTestSuite"/>
  <testcase name="verifyConfigTab" time="4.526" classname="lavante.recovery.testsuites.SanityTestSuite"/>
  <testcase name="verifySetupPage" time="3.978" classname="lavante.recovery.testsuites.SanityTestSuite"/>
  <testcase name="verifySetupAuditPage" time="0.027" classname="lavante.recovery.testsuites.SanityTestSuite"/>
  <testcase name="verifySetupClientPage" time="7.449" classname="lavante.recovery.testsuites.SanityTestSuite"/>
  <testcase name="verifySetupBUPage" time="4.554" classname="lavante.recovery.testsuites.SanityTestSuite"/>
  <testcase name="verifySetupPreferencesPage" time="7.037" classname="lavante.recovery.testsuites.SanityTestSuite"/>
  <testcase name="verifySetupReqLetterPage" time="7.302" classname="lavante.recovery.testsuites.SanityTestSuite"/>
  <testcase name="verifySetupManageCurrencyPage" time="7.444" classname="lavante.recovery.testsuites.SanityTestSuite"/>
  <testcase name="verifyFaxJobsPage" time="190.806" classname="lavante.recovery.testsuites.SanityTestSuite"/>
  <testcase name="verifyBackGroundJobsPage" time="6.924" classname="lavante.recovery.testsuites.SanityTestSuite"/>
  <testcase name="verifyAccountPage" time="4.774" classname="lavante.recovery.testsuites.SanityTestSuite"/>
  <testcase name="verifyAccountUsersPage" time="3.107" classname="lavante.recovery.testsuites.SanityTestSuite"/>
  <testcase name="verifyAccountUserGroupsPage" time="4.703" classname="lavante.recovery.testsuites.SanityTestSuite"/>
  <testcase name="verifyAccountAuditGroupsPage" time="5.555" classname="lavante.recovery.testsuites.SanityTestSuite"/>
  <testcase name="verifyAccountNotificationPage" time="4.922" classname="lavante.recovery.testsuites.SanityTestSuite"/>
  <testcase name="verifyFinancePage" time="4.623" classname="lavante.recovery.testsuites.SanityTestSuite"/>
  <testcase name="verifyFinInvoicesPage" time="0.052" classname="lavante.recovery.testsuites.SanityTestSuite"/>
  <testcase name="verifyFinContractDetailsPage" time="8.58" classname="lavante.recovery.testsuites.SanityTestSuite"/>
  <testcase name="verifyUploadsPage" time="15.345" classname="lavante.recovery.testsuites.SanityTestSuite"/>
  <testcase name="verifyOthersPage" time="4.597" classname="lavante.recovery.testsuites.SanityTestSuite"/>
  <testcase name="verifyOthersFaxCommentsPage" time="6.87" classname="lavante.recovery.testsuites.SanityTestSuite"/>
  <testcase name="verifyCreditrejectionPage" time="8.336" classname="lavante.recovery.testsuites.SanityTestSuite"/>
  <testcase name="verifyPhoneExtensionPage" time="8.23" classname="lavante.recovery.testsuites.SanityTestSuite"/>
  <testcase name="verifyMailerRegistryPage" time="7.983" classname="lavante.recovery.testsuites.SanityTestSuite"/>
  <testcase name="verifyAssignmentsPage" time="12.234" classname="lavante.recovery.testsuites.SanityTestSuite"/>
  <testcase name="verifyauditStatisticsAssignmentsPage" time="15.054" classname="lavante.recovery.testsuites.SanityTestSuite"/>
  <testcase name="verifyHoldsAssignmentsPage" time="20.221" classname="lavante.recovery.testsuites.SanityTestSuite"/>
  <testcase name="verifyCreditsAssignmentsPage" time="29.158" classname="lavante.recovery.testsuites.SanityTestSuite">
    <failure type="java.lang.AssertionError" message="Fail: &amp;apos;creditsTable&amp;apos; is not displayedUnable to locate element: {&amp;quot;method&amp;quot;:&amp;quot;css selector&amp;quot;,&amp;quot;selector&amp;quot;:&amp;quot;.table_ab .table_ab_b&amp;quot;}
Command duration or timeout: 10.05 seconds
For documentation on this error, please visit: http://seleniumhq.org/exceptions/no_such_element.html
Build info: version: &amp;apos;2.52.0&amp;apos;, revision: &amp;apos;4c2593cfc3689a7fcd7be52549167e5ccc93ad28&amp;apos;, time: &amp;apos;2016-02-11 11:22:43&amp;apos;
System info: host: &amp;apos;WLW7-TALLURYS&amp;apos;, ip: &amp;apos;192.168.21.55&amp;apos;, os.name: &amp;apos;Windows 7&amp;apos;, os.arch: &amp;apos;amd64&amp;apos;, os.version: &amp;apos;6.1&amp;apos;, java.version: &amp;apos;1.8.0_40&amp;apos;
Driver info: org.openqa.selenium.firefox.FirefoxDriver
Capabilities [{applicationCacheEnabled=true, rotatable=false, handlesAlerts=true, databaseEnabled=true, version=43.0.1, platform=WINDOWS, nativeEvents=false, acceptSslCerts=true, webStorageEnabled=true, locationContextEnabled=true, browserName=firefox, takesScreenshot=true, javascriptEnabled=true, cssSelectorsEnabled=true}]
Session ID: d98600eb-a2af-4403-8ec3-04803e2015f0
*** Element info: {Using=css selector, value=.table_ab .table_ab_b}">
      <![CDATA[java.lang.AssertionError: Fail: 'creditsTable' is not displayedUnable to locate element: {"method":"css selector","selector":".table_ab .table_ab_b"}
Command duration or timeout: 10.05 seconds
For documentation on this error, please visit: http://seleniumhq.org/exceptions/no_such_element.html
Build info: version: '2.52.0', revision: '4c2593cfc3689a7fcd7be52549167e5ccc93ad28', time: '2016-02-11 11:22:43'
System info: host: 'WLW7-TALLURYS', ip: '192.168.21.55', os.name: 'Windows 7', os.arch: 'amd64', os.version: '6.1', java.version: '1.8.0_40'
Driver info: org.openqa.selenium.firefox.FirefoxDriver
Capabilities [{applicationCacheEnabled=true, rotatable=false, handlesAlerts=true, databaseEnabled=true, version=43.0.1, platform=WINDOWS, nativeEvents=false, acceptSslCerts=true, webStorageEnabled=true, locationContextEnabled=true, browserName=firefox, takesScreenshot=true, javascriptEnabled=true, cssSelectorsEnabled=true}]
Session ID: d98600eb-a2af-4403-8ec3-04803e2015f0
*** Element info: {Using=css selector, value=.table_ab .table_ab_b}
	at org.testng.Assert.fail(Assert.java:94)
	at lavante.recovery.utilities.Report.fail(Report.java:23)
	at lavante.recovery.utilities.seleniumBaseClass.isDisplayed(seleniumBaseClass.java:255)
	at lavante.recovery.pageobjects.Assignments.CreditsPage.verifycreditsTable(CreditsPage.java:29)
	at lavante.recovery.testsuites.SanityTestSuite.verifyCreditsAssignmentsPage(SanityTestSuite.java:675)
	at sun.reflect.NativeMethodAccessorImpl.invoke0(Native Method)
	at sun.reflect.NativeMethodAccessorImpl.invoke(NativeMethodAccessorImpl.java:62)
	at sun.reflect.DelegatingMethodAccessorImpl.invoke(DelegatingMethodAccessorImpl.java:43)
	at java.lang.reflect.Method.invoke(Method.java:497)
	at org.testng.internal.MethodInvocationHelper.invokeMethod(MethodInvocationHelper.java:86)
	at org.testng.internal.Invoker.invokeMethod(Invoker.java:646)
	at org.testng.internal.Invoker.invokeTestMethod(Invoker.java:823)
	at org.testng.internal.Invoker.invokeTestMethods(Invoker.java:1131)
	at org.testng.internal.TestMethodWorker.invokeTestMethods(TestMethodWorker.java:129)
	at org.testng.internal.TestMethodWorker.run(TestMethodWorker.java:112)
	at org.testng.TestRunner.privateRun(TestRunner.java:778)
	at org.testng.TestRunner.run(TestRunner.java:632)
	at org.testng.SuiteRunner.runTest(SuiteRunner.java:366)
	at org.testng.SuiteRunner.runSequentially(SuiteRunner.java:361)
	at org.testng.SuiteRunner.privateRun(SuiteRunner.java:319)
	at org.testng.SuiteRunner.run(SuiteRunner.java:268)
	at org.testng.SuiteRunnerWorker.runSuite(SuiteRunnerWorker.java:52)
	at org.testng.SuiteRunnerWorker.run(SuiteRunnerWorker.java:86)
	at org.testng.TestNG.runSuitesSequentially(TestNG.java:1225)
	at org.testng.TestNG.runSuitesLocally(TestNG.java:1150)
	at org.testng.TestNG.runSuites(TestNG.java:1075)
	at org.testng.TestNG.run(TestNG.java:1047)
	at org.testng.remote.AbstractRemoteTestNG.run(AbstractRemoteTestNG.java:126)
	at org.testng.remote.RemoteTestNG.initAndRun(RemoteTestNG.java:75)
	at org.testng.remote.RemoteTestNG.main(RemoteTestNG.java:46)
]]>
    </failure>
  </testcase> <!-- verifyCreditsAssignmentsPage -->
  <testcase name="verifyStatementsAssignmentsPage" time="31.677" classname="lavante.recovery.testsuites.SanityTestSuite">
    <failure type="java.lang.AssertionError" message="Fail: &amp;apos;statementsLink&amp;apos; is not displayed">
      <![CDATA[java.lang.AssertionError: Fail: 'statementsLink' is not displayed
	at org.testng.Assert.fail(Assert.java:94)
	at lavante.recovery.utilities.Report.fail(Report.java:23)
	at lavante.recovery.utilities.seleniumBaseClass.click(seleniumBaseClass.java:235)
	at lavante.recovery.pageobjects.Assignments.StatementsPage.verifyStatementsLink(StatementsPage.java:19)
	at lavante.recovery.testsuites.SanityTestSuite.verifyStatementsAssignmentsPage(SanityTestSuite.java:684)
	at sun.reflect.NativeMethodAccessorImpl.invoke0(Native Method)
	at sun.reflect.NativeMethodAccessorImpl.invoke(NativeMethodAccessorImpl.java:62)
	at sun.reflect.DelegatingMethodAccessorImpl.invoke(DelegatingMethodAccessorImpl.java:43)
	at java.lang.reflect.Method.invoke(Method.java:497)
	at org.testng.internal.MethodInvocationHelper.invokeMethod(MethodInvocationHelper.java:86)
	at org.testng.internal.Invoker.invokeMethod(Invoker.java:646)
	at org.testng.internal.Invoker.invokeTestMethod(Invoker.java:823)
	at org.testng.internal.Invoker.invokeTestMethods(Invoker.java:1131)
	at org.testng.internal.TestMethodWorker.invokeTestMethods(TestMethodWorker.java:129)
	at org.testng.internal.TestMethodWorker.run(TestMethodWorker.java:112)
	at org.testng.TestRunner.privateRun(TestRunner.java:778)
	at org.testng.TestRunner.run(TestRunner.java:632)
	at org.testng.SuiteRunner.runTest(SuiteRunner.java:366)
	at org.testng.SuiteRunner.runSequentially(SuiteRunner.java:361)
	at org.testng.SuiteRunner.privateRun(SuiteRunner.java:319)
	at org.testng.SuiteRunner.run(SuiteRunner.java:268)
	at org.testng.SuiteRunnerWorker.runSuite(SuiteRunnerWorker.java:52)
	at org.testng.SuiteRunnerWorker.run(SuiteRunnerWorker.java:86)
	at org.testng.TestNG.runSuitesSequentially(TestNG.java:1225)
	at org.testng.TestNG.runSuitesLocally(TestNG.java:1150)
	at org.testng.TestNG.runSuites(TestNG.java:1075)
	at org.testng.TestNG.run(TestNG.java:1047)
	at org.testng.remote.AbstractRemoteTestNG.run(AbstractRemoteTestNG.java:126)
	at org.testng.remote.RemoteTestNG.initAndRun(RemoteTestNG.java:75)
	at org.testng.remote.RemoteTestNG.main(RemoteTestNG.java:46)
]]>
    </failure>
  </testcase> <!-- verifyStatementsAssignmentsPage -->
</testsuite> <!-- Default test -->
