<?xml version="1.0" encoding="utf-8" ?>
<!DOCTYPE html PUBLIC "-//W3C//DTD XHTML 1.0 Strict//EN"
        "http://www.w3.org/TR/xhtml1/DTD/xhtml1-strict.dtd">
<html xmlns="http://www.w3.org/1999/xhtml" xml:lang="" lang="">
<head>
  <title>Test Results Report - Lavante - Recovery - Running on Firefox v44</title>
  <meta http-equiv="Content-Type" content="text/html;charset=utf-8" />
  <meta name="description" content="TestNG unit test results." />
  <link href="reportng.css" rel="stylesheet" type="text/css" />
    <script type="text/javascript" src="reportng.js"></script>
</head>
<body>
<h1>Lavante - Recovery - Running on Firefox v44</h1>
<p>
  Test duration: 688.938s
</p>



  <table class="resultsTable">
    <tr><th colspan="3" class="header failed">Failed Tests</th></tr>
          <tr>
        <td colspan="3" class="group">lavante.recovery.testsuites.SanityTestSuite</td>
      </tr>
            
<tr>
  <td class="method">
                  verifySummaryPage
      </td>
  <td class="duration">
    22.973s
  </td>
  <td class="result">
        
    
            <div class="testOutput">
                        Pass: &apos;auditLink&apos; is clicked<br />
                                Pass: &apos;auditLink&apos; is displayed<br />
                                Pass: &apos;summaryLink&apos; is clicked<br />
                                Fail: &apos;currMonthTable&apos; is not displayedElement not found in the cache - perhaps the page has changed since it was looked up<br/>
For documentation on this error, please visit: http://seleniumhq.org/exceptions/stale_element_reference.html<br/>
Build info: version: &apos;2.52.0&apos;, revision: &apos;4c2593c&apos;, time: &apos;2016-02-11 19:06:42&apos;<br/>
System info: host: &apos;WSR12LAVAQA01&apos;, ip: &apos;192.168.21.81&apos;, os.name: &apos;Windows Server 2012 R2&apos;, os.arch: &apos;amd64&apos;, os.version: &apos;6.3&apos;, java.version: &apos;1.8.0_40&apos;<br/>
Driver info: driver.version: unknown<br/>
Command duration or timeout: 12.52 seconds<br/>
For documentation on this error, please visit: http://seleniumhq.org/exceptions/stale_element_reference.html<br/>
Build info: version: &apos;2.52.0&apos;, revision: &apos;4c2593cfc3689a7fcd7be52549167e5ccc93ad28&apos;, time: &apos;2016-02-11 11:22:43&apos;<br/>
System info: host: &apos;WLW7-TALLURYS&apos;, ip: &apos;192.168.21.55&apos;, os.name: &apos;Windows 7&apos;, os.arch: &apos;amd64&apos;, os.version: &apos;6.1&apos;, java.version: &apos;1.8.0_40&apos;<br/>
Driver info: org.openqa.selenium.remote.RemoteWebDriver<br/>
Capabilities [{applicationCacheEnabled=true, rotatable=false, handlesAlerts=true, databaseEnabled=true, version=44.0, platform=WINDOWS, nativeEvents=false, acceptSslCerts=true, webdriver.remote.sessionid=ce918e7d-2df1-44eb-9ab4-7519bfc8f76a, webStorageEnabled=true, locationContextEnabled=true, browserName=firefox, takesScreenshot=true, javascriptEnabled=true, cssSelectorsEnabled=true}]<br/>
Session ID: ce918e7d-2df1-44eb-9ab4-7519bfc8f76a<br />
                  </div>
    

        <a href="javascript:toggleElement('exception-0', 'block')" title="Click to expand/collapse"><b>java.lang.AssertionError: Fail: &apos;currMonthTable&apos; is not displayedElement not found in the cache - perhaps the page has changed since it was looked up<br/>
For documentation on this error, please visit: http://seleniumhq.org/exceptions/stale_element_reference.html<br/>
Build info: version: &apos;2.52.0&apos;, revision: &apos;4c2593c&apos;, time: &apos;2016-02-11 19:06:42&apos;<br/>
System info: host: &apos;WSR12LAVAQA01&apos;, ip: &apos;192.168.21.81&apos;, os.name: &apos;Windows Server 2012 R2&apos;, os.arch: &apos;amd64&apos;, os.version: &apos;6.3&apos;, java.version: &apos;1.8.0_40&apos;<br/>
Driver info: driver.version: unknown<br/>
Command duration or timeout: 12.52 seconds<br/>
For documentation on this error, please visit: http://seleniumhq.org/exceptions/stale_element_reference.html<br/>
Build info: version: &apos;2.52.0&apos;, revision: &apos;4c2593cfc3689a7fcd7be52549167e5ccc93ad28&apos;, time: &apos;2016-02-11 11:22:43&apos;<br/>
System info: host: &apos;WLW7-TALLURYS&apos;, ip: &apos;192.168.21.55&apos;, os.name: &apos;Windows 7&apos;, os.arch: &apos;amd64&apos;, os.version: &apos;6.1&apos;, java.version: &apos;1.8.0_40&apos;<br/>
Driver info: org.openqa.selenium.remote.RemoteWebDriver<br/>
Capabilities [{applicationCacheEnabled=true, rotatable=false, handlesAlerts=true, databaseEnabled=true, version=44.0, platform=WINDOWS, nativeEvents=false, acceptSslCerts=true, webdriver.remote.sessionid=ce918e7d-2df1-44eb-9ab4-7519bfc8f76a, webStorageEnabled=true, locationContextEnabled=true, browserName=firefox, takesScreenshot=true, javascriptEnabled=true, cssSelectorsEnabled=true}]<br/>
Session ID: ce918e7d-2df1-44eb-9ab4-7519bfc8f76a</b></a><br />
    <div class="stackTrace" id="exception-0">
              org.testng.Assert.fail(Assert.java:94)<br />
              lavante.recovery.utilities.Report.fail(Report.java:20)<br />
              lavante.recovery.utilities.seleniumBaseClass.isDisplayed(seleniumBaseClass.java:204)<br />
              lavante.recovery.pageobjects.Audit.AuditSummaryPage.verifycurrMonthTable(AuditSummaryPage.java:28)<br />
              lavante.recovery.testsuites.SanityTestSuite.verifySummaryPage(SanityTestSuite.java:291)<br />
              sun.reflect.NativeMethodAccessorImpl.invoke0(Native Method)<br />
              sun.reflect.NativeMethodAccessorImpl.invoke(NativeMethodAccessorImpl.java:62)<br />
              sun.reflect.DelegatingMethodAccessorImpl.invoke(DelegatingMethodAccessorImpl.java:43)<br />
              java.lang.reflect.Method.invoke(Method.java:497)<br />
              org.testng.internal.MethodInvocationHelper.invokeMethod(MethodInvocationHelper.java:84)<br />
              org.testng.internal.Invoker.invokeMethod(Invoker.java:714)<br />
              org.testng.internal.Invoker.invokeTestMethod(Invoker.java:901)<br />
              org.testng.internal.Invoker.invokeTestMethods(Invoker.java:1231)<br />
              org.testng.internal.TestMethodWorker.invokeTestMethods(TestMethodWorker.java:127)<br />
              org.testng.internal.TestMethodWorker.run(TestMethodWorker.java:111)<br />
              org.testng.TestRunner.privateRun(TestRunner.java:767)<br />
              org.testng.TestRunner.run(TestRunner.java:617)<br />
              org.testng.SuiteRunner.runTest(SuiteRunner.java:348)<br />
              org.testng.SuiteRunner.access$000(SuiteRunner.java:38)<br />
              org.testng.SuiteRunner$SuiteWorker.run(SuiteRunner.java:382)<br />
              org.testng.internal.thread.ThreadUtil$2.call(ThreadUtil.java:64)<br />
              java.util.concurrent.FutureTask.run(FutureTask.java:266)<br />
              java.util.concurrent.ThreadPoolExecutor.runWorker(ThreadPoolExecutor.java:1142)<br />
              java.util.concurrent.ThreadPoolExecutor$Worker.run(ThreadPoolExecutor.java:617)<br />
              java.lang.Thread.run(Thread.java:745)<br />
                </div>
      </td>
</tr>
<tr>
  <td class="method">
                  verifyauditInboundPage
      </td>
  <td class="duration">
    74.876s
  </td>
  <td class="result">
        
    
            <div class="testOutput">
                        Pass: &apos;inboundLink&apos; is clicked<br />
                                Pass: &apos;inboundLink&apos; is displayed<br />
                                Pass: &apos;inboundDocumentStatistics&apos; is displayed<br />
                                Pass: &apos;inboundDocumentSummary&apos; is displayed<br />
                                Pass: &apos;recognized&apos; is clicked<br />
                                Pass: &apos;statements&apos; is clicked<br />
                                Pass: &apos;verifications&apos; is clicked<br />
                                Pass: &apos;statements&apos; is displayed<br />
                                Pass: &apos;verificationsTable&apos; is displayed<br />
                                Pass: &apos;checks&apos; is clicked<br />
                                Pass: &apos;checksTable&apos; is displayed<br />
                                Pass: &apos;correspondence&apos; is clicked<br />
                                Pass: &apos;correspondenceTable&apos; is displayed<br />
                                Pass: &apos;duplicate&apos; is clicked<br />
                                Pass: &apos;duplicateTable&apos; is displayed<br />
                                Pass: &apos;profiles&apos; is clicked<br />
                                Pass: &apos;profilesTable&apos; is displayed<br />
                                Pass: &apos;unrecognized&apos; is clicked<br />
                                Pass: &apos;statements&apos; is clicked<br />
                                Pass: &apos;verifications&apos; is clicked<br />
                                Pass: &apos;statements&apos; is displayed<br />
                                Pass: &apos;verificationsTable&apos; is displayed<br />
                                Pass: &apos;checks&apos; is clicked<br />
                                Pass: &apos;checksTable&apos; is displayed<br />
                                Pass: &apos;correspondence&apos; is clicked<br />
                                Pass: &apos;correspondenceTable&apos; is displayed<br />
                                Pass: &apos;duplicate&apos; is clicked<br />
                                Pass: &apos;duplicateTable&apos; is displayed<br />
                                Pass: &apos;profiles&apos; is clicked<br />
                                Pass: &apos;profilesTable&apos; is displayed<br />
                                Pass: &apos;dna&apos; is clicked<br />
                                Pass: &apos;statements&apos; is clicked<br />
                                Pass: &apos;verifications&apos; is clicked<br />
                                Pass: &apos;statements&apos; is displayed<br />
                                Pass: &apos;verificationsTable&apos; is displayed<br />
                                Pass: &apos;checks&apos; is clicked<br />
                                Fail: &apos;checksTable&apos; is not displayedElement not found in the cache - perhaps the page has changed since it was looked up<br/>
For documentation on this error, please visit: http://seleniumhq.org/exceptions/stale_element_reference.html<br/>
Build info: version: &apos;2.52.0&apos;, revision: &apos;4c2593c&apos;, time: &apos;2016-02-11 19:06:42&apos;<br/>
System info: host: &apos;WSR12LAVAQA01&apos;, ip: &apos;192.168.21.81&apos;, os.name: &apos;Windows Server 2012 R2&apos;, os.arch: &apos;amd64&apos;, os.version: &apos;6.3&apos;, java.version: &apos;1.8.0_40&apos;<br/>
Driver info: driver.version: unknown<br/>
Command duration or timeout: 10.38 seconds<br/>
For documentation on this error, please visit: http://seleniumhq.org/exceptions/stale_element_reference.html<br/>
Build info: version: &apos;2.52.0&apos;, revision: &apos;4c2593cfc3689a7fcd7be52549167e5ccc93ad28&apos;, time: &apos;2016-02-11 11:22:43&apos;<br/>
System info: host: &apos;WLW7-TALLURYS&apos;, ip: &apos;192.168.21.55&apos;, os.name: &apos;Windows 7&apos;, os.arch: &apos;amd64&apos;, os.version: &apos;6.1&apos;, java.version: &apos;1.8.0_40&apos;<br/>
Driver info: org.openqa.selenium.remote.RemoteWebDriver<br/>
Capabilities [{applicationCacheEnabled=true, rotatable=false, handlesAlerts=true, databaseEnabled=true, version=44.0, platform=WINDOWS, nativeEvents=false, acceptSslCerts=true, webdriver.remote.sessionid=ce918e7d-2df1-44eb-9ab4-7519bfc8f76a, webStorageEnabled=true, locationContextEnabled=true, browserName=firefox, takesScreenshot=true, javascriptEnabled=true, cssSelectorsEnabled=true}]<br/>
Session ID: ce918e7d-2df1-44eb-9ab4-7519bfc8f76a<br />
                  </div>
    

        <a href="javascript:toggleElement('exception-1', 'block')" title="Click to expand/collapse"><b>java.lang.AssertionError: Fail: &apos;checksTable&apos; is not displayedElement not found in the cache - perhaps the page has changed since it was looked up<br/>
For documentation on this error, please visit: http://seleniumhq.org/exceptions/stale_element_reference.html<br/>
Build info: version: &apos;2.52.0&apos;, revision: &apos;4c2593c&apos;, time: &apos;2016-02-11 19:06:42&apos;<br/>
System info: host: &apos;WSR12LAVAQA01&apos;, ip: &apos;192.168.21.81&apos;, os.name: &apos;Windows Server 2012 R2&apos;, os.arch: &apos;amd64&apos;, os.version: &apos;6.3&apos;, java.version: &apos;1.8.0_40&apos;<br/>
Driver info: driver.version: unknown<br/>
Command duration or timeout: 10.38 seconds<br/>
For documentation on this error, please visit: http://seleniumhq.org/exceptions/stale_element_reference.html<br/>
Build info: version: &apos;2.52.0&apos;, revision: &apos;4c2593cfc3689a7fcd7be52549167e5ccc93ad28&apos;, time: &apos;2016-02-11 11:22:43&apos;<br/>
System info: host: &apos;WLW7-TALLURYS&apos;, ip: &apos;192.168.21.55&apos;, os.name: &apos;Windows 7&apos;, os.arch: &apos;amd64&apos;, os.version: &apos;6.1&apos;, java.version: &apos;1.8.0_40&apos;<br/>
Driver info: org.openqa.selenium.remote.RemoteWebDriver<br/>
Capabilities [{applicationCacheEnabled=true, rotatable=false, handlesAlerts=true, databaseEnabled=true, version=44.0, platform=WINDOWS, nativeEvents=false, acceptSslCerts=true, webdriver.remote.sessionid=ce918e7d-2df1-44eb-9ab4-7519bfc8f76a, webStorageEnabled=true, locationContextEnabled=true, browserName=firefox, takesScreenshot=true, javascriptEnabled=true, cssSelectorsEnabled=true}]<br/>
Session ID: ce918e7d-2df1-44eb-9ab4-7519bfc8f76a</b></a><br />
    <div class="stackTrace" id="exception-1">
              org.testng.Assert.fail(Assert.java:94)<br />
              lavante.recovery.utilities.Report.fail(Report.java:20)<br />
              lavante.recovery.utilities.seleniumBaseClass.isDisplayed(seleniumBaseClass.java:204)<br />
              lavante.recovery.pageobjects.Audit.AuditInboundPage.verifyChecksTable(AuditInboundPage.java:120)<br />
              lavante.recovery.testsuites.SanityTestSuite.verifyauditInboundPage(SanityTestSuite.java:216)<br />
              sun.reflect.NativeMethodAccessorImpl.invoke0(Native Method)<br />
              sun.reflect.NativeMethodAccessorImpl.invoke(NativeMethodAccessorImpl.java:62)<br />
              sun.reflect.DelegatingMethodAccessorImpl.invoke(DelegatingMethodAccessorImpl.java:43)<br />
              java.lang.reflect.Method.invoke(Method.java:497)<br />
              org.testng.internal.MethodInvocationHelper.invokeMethod(MethodInvocationHelper.java:84)<br />
              org.testng.internal.Invoker.invokeMethod(Invoker.java:714)<br />
              org.testng.internal.Invoker.invokeTestMethod(Invoker.java:901)<br />
              org.testng.internal.Invoker.invokeTestMethods(Invoker.java:1231)<br />
              org.testng.internal.TestMethodWorker.invokeTestMethods(TestMethodWorker.java:127)<br />
              org.testng.internal.TestMethodWorker.run(TestMethodWorker.java:111)<br />
              org.testng.TestRunner.privateRun(TestRunner.java:767)<br />
              org.testng.TestRunner.run(TestRunner.java:617)<br />
              org.testng.SuiteRunner.runTest(SuiteRunner.java:348)<br />
              org.testng.SuiteRunner.access$000(SuiteRunner.java:38)<br />
              org.testng.SuiteRunner$SuiteWorker.run(SuiteRunner.java:382)<br />
              org.testng.internal.thread.ThreadUtil$2.call(ThreadUtil.java:64)<br />
              java.util.concurrent.FutureTask.run(FutureTask.java:266)<br />
              java.util.concurrent.ThreadPoolExecutor.runWorker(ThreadPoolExecutor.java:1142)<br />
              java.util.concurrent.ThreadPoolExecutor$Worker.run(ThreadPoolExecutor.java:617)<br />
              java.lang.Thread.run(Thread.java:745)<br />
                </div>
      </td>
</tr>
      </table>


  <table class="resultsTable">
    <tr><th colspan="3" class="header passed">Passed Tests</th></tr>
          <tr>
        <td colspan="3" class="group">lavante.recovery.testsuites.SanityTestSuite</td>
      </tr>
            
<tr>
  <td class="method">
                  verifyCheckRegistryPage
      </td>
  <td class="duration">
    9.629s
  </td>
  <td class="result">
        
    
            <div class="testOutput">
                        Pass: &apos;chkRegLink&apos; is clicked<br />
                                Pass: &apos;chkRegList&apos; is displayed<br />
                                Pass: &apos;addNewBtn&apos; is displayed<br />
                  </div>
    

      </td>
</tr>
<tr>
  <td class="method">
                  verifyClaimsPage
      </td>
  <td class="duration">
    9.269s
  </td>
  <td class="result">
        
    
            <div class="testOutput">
                        Pass: &apos;claimsLink&apos; is clicked<br />
                                Pass: &apos;totalClaimsTable&apos; is displayed<br />
                                Pass: &apos;claimsListTable&apos; is displayed<br />
                  </div>
    

      </td>
</tr>
<tr>
  <td class="method">
                  verifyCreditsAssignmentsPage
      </td>
  <td class="duration">
    11.941s
  </td>
  <td class="result">
        
    
            <div class="testOutput">
                        Pass: &apos;creditsLink&apos; is clicked<br />
                                Pass: &apos;creditsTable&apos; is displayed<br />
                                Pass: &apos;searchBtn&apos; is displayed<br />
                  </div>
    

      </td>
</tr>
<tr>
  <td class="method">
                  verifyDashBoardClaims
      </td>
  <td class="duration">
    14.242s
  </td>
  <td class="result">
        
    
            <div class="testOutput">
                        Pass: &apos;dashBoardLink&apos; is displayed<br />
                                Pass: &apos;claimsLink&apos; is displayed<br />
                                Pass: &apos;openClaims&apos; is displayed<br />
                                Pass: &apos;batchedClaimslink&apos; is clicked<br />
                                Pass: &apos;batchedClaimslink&apos; is displayed<br />
                                Pass: &apos;batchedClaimslink&apos; is clicked<br />
                                Pass: &apos;batchedClaimslink&apos; is displayed<br />
                                Pass: &apos;batchedClaims&apos; is displayed<br />
                                Pass: &apos;invoiceslink&apos; is clicked<br />
                                Pass: &apos;invoiceslink&apos; is displayed<br />
                                Pass: &apos;invoiceslink&apos; is clicked<br />
                                Pass: &apos;invoiceslink&apos; is displayed<br />
                                Pass: &apos;invoices&apos; is displayed<br />
                                Pass: &apos;claimsByStatusChart&apos; is displayed<br />
                                Pass: &apos;claimsByTypeChart&apos; is displayed<br />
                                Pass: &apos;allClaimsChart&apos; is displayed<br />
                                Pass: &apos;claimsByOrgChart&apos; is displayed<br />
                  </div>
    

      </td>
</tr>
<tr>
  <td class="method">
                  verifyDashBoardCompliance
      </td>
  <td class="duration">
    13.767s
  </td>
  <td class="result">
        
    
            <div class="testOutput">
                        Pass: &apos;complainceLink&apos; is clicked<br />
                                Pass: &apos;complainceLink&apos; is displayed<br />
                                Pass: &apos;compliantLink&apos; is clicked<br />
                                Pass: &apos;compliantLink&apos; is displayed<br />
                                Pass: &apos;complianceSummary&apos; is displayed<br />
                                Pass: &apos;noncompliantLink&apos; is clicked<br />
                                Pass: &apos;noncompliantLink&apos; is displayed<br />
                                Pass: &apos;noncompliantTable&apos; is displayed<br />
                                Pass: &apos;complianceSummary&apos; is displayed<br />
                                Pass: &apos;complianceBySpendChart&apos; is displayed<br />
                                Pass: &apos;complianceByCountChart&apos; is displayed<br />
                                Pass: &apos;complianceBySpendRankChart&apos; is displayed<br />
                                Pass: &apos;OFACChart&apos; is displayed<br />
                  </div>
    

      </td>
</tr>
<tr>
  <td class="method">
                  verifyDashBoardSupplier
      </td>
  <td class="duration">
    29.052s
  </td>
  <td class="result">
        
    
            <div class="testOutput">
                        Pass: &apos;supplierLink&apos; is clicked<br />
                                Pass: &apos;supplierLink&apos; is displayed<br />
                                Pass: &apos;supplierCreditLink&apos; is clicked<br />
                                Pass: &apos;supplierCreditLink&apos; is displayed<br />
                                Pass: &apos;supplierCreditLink&apos; is clicked<br />
                                Pass: &apos;supplierCreditLink&apos; is displayed<br />
                                Pass: &apos;CreditTopSuppliers&apos; is displayed<br />
                                Pass: &apos;supplierCreditLink&apos; is clicked<br />
                                Pass: &apos;supplierCreditLink&apos; is displayed<br />
                                Pass: &apos;FileStatistics&apos; is displayed<br />
                                Pass: &apos;supplierSpendLink&apos; is clicked<br />
                                Pass: &apos;supplierSpendLink&apos; is displayed<br />
                                Pass: &apos;supplierSpendLink&apos; is clicked<br />
                                Pass: &apos;supplierSpendLink&apos; is displayed<br />
                                Pass: &apos;SpendTopSuppliers&apos; is displayed<br />
                                Pass: &apos;supplierSpendLink&apos; is clicked<br />
                                Pass: &apos;supplierSpendLink&apos; is displayed<br />
                                Pass: &apos;FileStatistics&apos; is displayed<br />
                                Pass: &apos;chkReqLink&apos; is clicked<br />
                                Pass: &apos;chkReqLink&apos; is displayed<br />
                                Pass: &apos;chkReqLink&apos; is clicked<br />
                                Pass: &apos;chkReqLink&apos; is displayed<br />
                                Pass: &apos;chkReqTopSuppliers&apos; is displayed<br />
                                Pass: &apos;chkReqLink&apos; is clicked<br />
                                Pass: &apos;chkReqLink&apos; is displayed<br />
                                Pass: &apos;FileStatistics&apos; is displayed<br />
                                Pass: &apos;supplierExcludedChart&apos; is displayed<br />
                                Pass: &apos;supplierTargetChart&apos; is displayed<br />
                                Pass: &apos;supplierChangeChart&apos; is displayed<br />
                                Pass: &apos;relSupChart&apos; is displayed<br />
                  </div>
    

      </td>
</tr>
<tr>
  <td class="method">
                  verifyHoldsAssignmentsPage
      </td>
  <td class="duration">
    17.698s
  </td>
  <td class="result">
        
    
            <div class="testOutput">
                        Pass: &apos;assignmentsLink&apos; is clicked<br />
                                Pass: &apos;holdsLink&apos; is clicked<br />
                                Pass: &apos;holdsTable&apos; is displayed<br />
                                Pass: &apos;searchBtn&apos; is displayed<br />
                  </div>
    

      </td>
</tr>
<tr>
  <td class="method">
                  verifyInvoicesPage
      </td>
  <td class="duration">
    7.094s
  </td>
  <td class="result">
        
    
            <div class="testOutput">
                        Pass: &apos;invoicesLink&apos; is clicked<br />
                                Pass: &apos;invoiceSummaryTable&apos; is displayed<br />
                                Pass: &apos;invoiceSummaryDetailsTable&apos; is displayed<br />
                                Pass: &apos;invoicesCreditLink&apos; is clicked<br />
                                Pass: &apos;invoicesCreditTable&apos; is displayed<br />
                                Pass: &apos;invoicesVoidLink&apos; is clicked<br />
                                Pass: &apos;invoicesVoidTable&apos; is displayed<br />
                                Pass: &apos;invoicesRefundLink&apos; is clicked<br />
                  </div>
    

      </td>
</tr>
<tr>
  <td class="method">
                  verifySetupPage
      </td>
  <td class="duration">
    340.514s
  </td>
  <td class="result">
        
    
            <div class="testOutput">
                        Pass: &apos;configurationLink&apos; is clicked<br />
                                Pass: &apos;setUpLink&apos; is clicked<br />
                                Pass: &apos;setUpAuditLink&apos; is clicked<br />
                                Pass: &apos;addNewBtn&apos; is displayed<br />
                                Pass: &apos;clientLink&apos; is clicked<br />
                                Pass: &apos;clientTable&apos; is displayed<br />
                                Pass: &apos;businessUnitLink&apos; is clicked<br />
                                Pass: &apos;businessUnitTable&apos; is displayed<br />
                                Pass: &apos;preferencesLink&apos; is clicked<br />
                                Pass: &apos;preferencesTable&apos; is displayed<br />
                                Pass: &apos;reqLetterLink&apos; is clicked<br />
                                Pass: &apos;reqLetterTable&apos; is displayed<br />
                                Pass: &apos;configurationJobsLink&apos; is clicked<br />
                                Pass: &apos;faxJobsLink&apos; is clicked<br />
                                Pass: &apos;faxJobsTable&apos; is displayed<br />
                                Pass: &apos;backgroundJobsLink&apos; is clicked<br />
                                Pass: &apos;backgroundJobsTable&apos; is displayed<br />
                                Pass: &apos;accountLink&apos; is clicked<br />
                                Pass: &apos;usersLink&apos; is clicked<br />
                                Pass: &apos;usersListTable&apos; is displayed<br />
                                Pass: &apos;addNewBtn&apos; is displayed<br />
                                Pass: &apos;userGroupsLink&apos; is clicked<br />
                                Pass: &apos;userGroupsTable&apos; is displayed<br />
                                Pass: &apos;addNewBtn&apos; is displayed<br />
                                Pass: &apos;auditGroupsLink&apos; is clicked<br />
                                Pass: &apos;auditGroupsTable&apos; is displayed<br />
                                Pass: &apos;addNewBtn&apos; is displayed<br />
                                Pass: &apos;notificationsLink&apos; is clicked<br />
                                Pass: &apos;notificationsTable&apos; is displayed<br />
                                Pass: &apos;addNewBtn&apos; is displayed<br />
                                Pass: &apos;financeLink&apos; is clicked<br />
                                Pass: &apos;finInvoicesLink&apos; is clicked<br />
                                Pass: &apos;finInvoicesTable&apos; is displayed<br />
                                Pass: &apos;finContractDetailsLink&apos; is clicked<br />
                                Pass: &apos;finContractDetailsTable&apos; is displayed<br />
                                Pass: &apos;addNewBtn&apos; is displayed<br />
                                Pass: &apos;uploadsLink&apos; is clicked<br />
                                Pass: &apos;uploadFilesTable&apos; is displayed<br />
                                Pass: &apos;templatesTable&apos; is displayed<br />
                                Pass: &apos;uploadSuppFilesLink&apos; is clicked<br />
                                Pass: &apos;othersLink&apos; is clicked<br />
                                Pass: &apos;othersFaxCommentsLink&apos; is clicked<br />
                                Pass: &apos;othersFaxCommentsTable&apos; is displayed<br />
                                Pass: &apos;addNewBtn&apos; is displayed<br />
                                Pass: &apos;othersCreditRejectionLink&apos; is clicked<br />
                                Pass: &apos;othersCreditRejectionTable&apos; is displayed<br />
                                Pass: &apos;addNewBtn&apos; is displayed<br />
                                Pass: &apos;othersPhoneExtensionLink&apos; is clicked<br />
                                Pass: &apos;othersPhoneExtensionTable&apos; is displayed<br />
                                Pass: &apos;addNewBtn&apos; is displayed<br />
                                Pass: &apos;mailerRegistryLink&apos; is clicked<br />
                                Pass: &apos;mailerRegistryTable&apos; is displayed<br />
                                Pass: &apos;addNewBtn&apos; is displayed<br />
                  </div>
    

      </td>
</tr>
<tr>
  <td class="method">
                  verifyStatementsAssignmentsPage
      </td>
  <td class="duration">
    41.866s
  </td>
  <td class="result">
        
    
            <div class="testOutput">
                        Pass: &apos;statementsLink&apos; is clicked<br />
                                Pass: &apos;statementsTable&apos; is displayed<br />
                                Pass: &apos;searchBtn&apos; is displayed<br />
                  </div>
    

      </td>
</tr>
<tr>
  <td class="method">
                  verifyauditOutboundPage
      </td>
  <td class="duration">
    18.091s
  </td>
  <td class="result">
        
    
            <div class="testOutput">
                        Pass: &apos;auditLink&apos; is clicked<br />
                                Pass: &apos;auditLink&apos; is displayed<br />
                                Pass: &apos;outboundLink&apos; is clicked<br />
                                Pass: &apos;outboundLink&apos; is displayed<br />
                                Pass: &apos;currentMonCredits&apos; is displayed<br />
                                Pass: &apos;auditContactDetails&apos; is displayed<br />
                                Pass: &apos;furureCreditsGrph&apos; is displayed<br />
                                Pass: &apos;claimHistoryGrph&apos; is clicked<br />
                                Pass: &apos;claimHistoryGrph&apos; is displayed<br />
                                Pass: &apos;supplierStatus&apos; is displayed<br />
                                Pass: &apos;pendingCorrespondence&apos; is displayed<br />
                  </div>
    

      </td>
</tr>
<tr>
  <td class="method">
                  verifyauditStatisticsAssignmentsPage
      </td>
  <td class="duration">
    51.090s
  </td>
  <td class="result">
        
    
            <div class="testOutput">
                        Pass: &apos;auditStatisticsLink&apos; is clicked<br />
                                Pass: &apos;auditStatsTable&apos; is displayed<br />
                  </div>
    

      </td>
</tr>
<tr>
  <td class="method">
                  verifycontactEntryPage
      </td>
  <td class="duration">
    7.521s
  </td>
  <td class="result">
        
    
            <div class="testOutput">
                        Pass: &apos;contactEntry&apos; is clicked<br />
                                Pass: &apos;docQueueTable&apos; is displayed<br />
                                Pass: &apos;supDetailsTable&apos; is displayed<br />
                                Pass: &apos;docDetails&apos; is displayed<br />
                  </div>
    

      </td>
</tr>
      </table>
  
</body>
</html>
