<?xml version="1.0" encoding="UTF-8"?>
<testsuite name="TestSuite" time="199.518" tests="56" errors="0" skipped="0" failures="26">
  <properties>
    <property name="java.runtime.name" value="Java(TM) SE Runtime Environment"/>
    <property name="sun.boot.library.path" value="C:\Program Files\Java\jdk1.8.0_40\jre\bin"/>
    <property name="java.vm.version" value="25.40-b25"/>
    <property name="java.vm.vendor" value="Oracle Corporation"/>
    <property name="maven.multiModuleProjectDirectory" value="D:\Recovery_Auto_Workspace\Recovery_Automation"/>
    <property name="java.vendor.url" value="http://java.oracle.com/"/>
    <property name="path.separator" value=";"/>
    <property name="guice.disable.misplaced.annotation.check" value="true"/>
    <property name="java.vm.name" value="Java HotSpot(TM) 64-Bit Server VM"/>
    <property name="file.encoding.pkg" value="sun.io"/>
    <property name="user.script" value=""/>
    <property name="user.country" value="IN"/>
    <property name="sun.java.launcher" value="SUN_STANDARD"/>
    <property name="sun.os.patch.level" value="Service Pack 1"/>
    <property name="java.vm.specification.name" value="Java Virtual Machine Specification"/>
    <property name="user.dir" value="D:\Recovery_Auto_Workspace\Recovery_Automation"/>
    <property name="java.runtime.version" value="1.8.0_40-b26"/>
    <property name="java.awt.graphicsenv" value="sun.awt.Win32GraphicsEnvironment"/>
    <property name="java.endorsed.dirs" value="C:\Program Files\Java\jdk1.8.0_40\jre\lib\endorsed"/>
    <property name="os.arch" value="amd64"/>
    <property name="java.io.tmpdir" value="C:\Users\TALLUR~1.SRI\AppData\Local\Temp\"/>
    <property name="line.separator" value="&#10;"/>
    <property name="java.vm.specification.vendor" value="Oracle Corporation"/>
    <property name="user.variant" value=""/>
    <property name="os.name" value="Windows 7"/>
    <property name="classworlds.conf" value="D:\Recovery_Auto_Workspace\.metadata\.plugins\org.eclipse.m2e.launching\launches\m2conf6917982422085249988.tmp"/>
    <property name="sun.jnu.encoding" value="Cp1252"/>
    <property name="java.library.path" value="C:\Program Files\Java\jdk1.8.0_40\bin;C:\Windows\Sun\Java\bin;C:\Windows\system32;C:\Windows;C:/Program Files/Java/jdk1.8.0_40/bin/../jre/bin/server;C:/Program Files/Java/jdk1.8.0_40/bin/../jre/bin;C:/Program Files/Java/jdk1.8.0_40/bin/../jre/lib/amd64;C:\Program Files\Java\jdk1.8.0_40\bin;C:\Program Files\Java\jdk1.8.0_40\jre\bin;C:\ProgramData\Oracle\Java\javapath;C:\Program Files (x86)\Intel\iCLS Client\;C:\Program Files\Intel\iCLS Client\;C:\Windows\system32;C:\Windows;C:\Windows\System32\Wbem;C:\Windows\System32\WindowsPowerShell\v1.0\;C:\Program Files\Intel\WiFi\bin\;C:\Program Files\Common Files\Intel\WirelessCommon\;C:\Program Files\Intel\Intel(R) Management Engine Components\DAL;C:\Program Files (x86)\Intel\Intel(R) Management Engine Components\DAL;C:\Program Files\Intel\Intel(R) Management Engine Components\IPT;C:\Program Files (x86)\Intel\Intel(R) Management Engine Components\IPT;C:\Program Files\TortoiseSVN\bin;D:\Softwares\maven\apache-maven-3.0.4-bin\apache-maven-3.0.4\bin;C:\Program Files (x86)\Skype\Phone\;D:\Selenium_Softwares\eclipse-mars\eclipse-java-mars-R-win32-x86_64;;."/>
    <property name="java.specification.name" value="Java Platform API Specification"/>
    <property name="java.class.version" value="52.0"/>
    <property name="sun.management.compiler" value="HotSpot 64-Bit Tiered Compilers"/>
    <property name="os.version" value="6.1"/>
    <property name="user.home" value="C:\Users\tallury.srikanth"/>
    <property name="user.timezone" value="Asia/Calcutta"/>
    <property name="java.awt.printerjob" value="sun.awt.windows.WPrinterJob"/>
    <property name="java.specification.version" value="1.8"/>
    <property name="file.encoding" value="Cp1252"/>
    <property name="user.name" value="tallury.srikanth"/>
    <property name="java.class.path" value="/D:/Selenium_Softwares/eclipse-mars/eclipse-java-mars-R-win32-x86_64/plugins/org.eclipse.m2e.maven.runtime_1.6.2.20150902-0001/jars/plexus-classworlds-2.5.2.jar"/>
    <property name="java.vm.specification.version" value="1.8"/>
    <property name="sun.arch.data.model" value="64"/>
    <property name="java.home" value="C:\Program Files\Java\jdk1.8.0_40\jre"/>
    <property name="sun.java.command" value="org.codehaus.plexus.classworlds.launcher.Launcher -B test"/>
    <property name="java.specification.vendor" value="Oracle Corporation"/>
    <property name="user.language" value="en"/>
    <property name="awt.toolkit" value="sun.awt.windows.WToolkit"/>
    <property name="java.vm.info" value="mixed mode"/>
    <property name="java.version" value="1.8.0_40"/>
    <property name="java.ext.dirs" value="C:\Program Files\Java\jdk1.8.0_40\jre\lib\ext;C:\Windows\Sun\Java\lib\ext"/>
    <property name="sun.boot.class.path" value="C:\Program Files\Java\jdk1.8.0_40\jre\lib\resources.jar;C:\Program Files\Java\jdk1.8.0_40\jre\lib\rt.jar;C:\Program Files\Java\jdk1.8.0_40\jre\lib\sunrsasign.jar;C:\Program Files\Java\jdk1.8.0_40\jre\lib\jsse.jar;C:\Program Files\Java\jdk1.8.0_40\jre\lib\jce.jar;C:\Program Files\Java\jdk1.8.0_40\jre\lib\charsets.jar;C:\Program Files\Java\jdk1.8.0_40\jre\lib\jfr.jar;C:\Program Files\Java\jdk1.8.0_40\jre\classes"/>
    <property name="java.vendor" value="Oracle Corporation"/>
    <property name="maven.home" value="D:\Recovery_Auto_Workspace\Recovery_Automation\EMBEDDED"/>
    <property name="file.separator" value="\"/>
    <property name="java.vendor.url.bug" value="http://bugreport.sun.com/bugreport/"/>
    <property name="sun.cpu.endian" value="little"/>
    <property name="sun.io.unicode.encoding" value="UnicodeLittle"/>
    <property name="sun.desktop" value="windows"/>
    <property name="sun.cpu.isalist" value="amd64"/>
  </properties>
  <testcase name="verifyDashBoardClaims" classname="lavante.recovery.testsuites.SanityTestSuite" time="11.177"/>
  <testcase name="verifyDashBoardClaims" classname="lavante.recovery.testsuites.SanityTestSuite" time="3.85"/>
  <testcase name="verifyDashBoardClaims" classname="lavante.recovery.testsuites.SanityTestSuite" time="4.508"/>
  <testcase name="verifyDashBoardSupplier" classname="lavante.recovery.testsuites.SanityTestSuite" time="15.022"/>
  <testcase name="verifyDashBoardSupplier" classname="lavante.recovery.testsuites.SanityTestSuite" time="5.952"/>
  <testcase name="verifyDashBoardSupplier" classname="lavante.recovery.testsuites.SanityTestSuite" time="14.853"/>
  <testcase name="verifyDashBoardCompliance" classname="lavante.recovery.testsuites.SanityTestSuite" time="7.291"/>
  <testcase name="verifyDashBoardCompliance" classname="lavante.recovery.testsuites.SanityTestSuite" time="4.36"/>
  <testcase name="verifyDashBoardCompliance" classname="lavante.recovery.testsuites.SanityTestSuite" time="5.346"/>
  <testcase name="verifyauditOutboundPage" classname="lavante.recovery.testsuites.SanityTestSuite" time="4.308"/>
  <testcase name="verifyauditOutboundPage" classname="lavante.recovery.testsuites.SanityTestSuite" time="16.459"/>
  <testcase name="verifyauditOutboundPage" classname="lavante.recovery.testsuites.SanityTestSuite" time="2.672"/>
  <testcase name="verifyauditInboundPage" classname="lavante.recovery.testsuites.SanityTestSuite" time="0.085">
    <failure message="Fail: &apos;checksTable&apos; is not displayedstale element reference: element is not attached to the page document&#10;  (Session info: chrome=51.0.2704.84)&#10;  (Driver info: chromedriver=2.9.248315,platform=Windows NT 6.3 x86_64) (WARNING: The server did not provide any stacktrace information)&#10;Command duration or timeout: 127 milliseconds&#10;For documentation on this error, please visit: http://seleniumhq.org/exceptions/stale_element_reference.html&#10;Build info: version: &apos;2.52.0&apos;, revision: &apos;4c2593c&apos;, time: &apos;2016-02-11 19:06:42&apos;&#10;System info: host: &apos;WSR12LAVAQA01&apos;, ip: &apos;192.168.21.81&apos;, os.name: &apos;Windows Server 2012 R2&apos;, os.arch: &apos;amd64&apos;, os.version: &apos;6.3&apos;, java.version: &apos;1.8.0_40&apos;&#10;Driver info: org.openqa.selenium.chrome.ChromeDriver&#10;Capabilities [{applicationCacheEnabled=false, rotatable=false, chrome={userDataDir=C:\Users\LAVANT~1\AppData\Local\Temp\2\scoped_dir516_17418}, takesHeapSnapshot=true, databaseEnabled=false, handlesAlerts=true, version=51.0.2704.84, platform=WIN8_1, browserConnectionEnabled=false, nativeEvents=true, acceptSslCerts=true, locationContextEnabled=true, webStorageEnabled=true, browserName=chrome, takesScreenshot=true, javascriptEnabled=true, cssSelectorsEnabled=true}]&#10;Session ID: e66ffbb095b60a2f5ec8ddd46d4d29c5&#10;Command duration or timeout: 491 milliseconds&#10;For documentation on this error, please visit: http://seleniumhq.org/exceptions/stale_element_reference.html&#10;Build info: version: &apos;2.52.0&apos;, revision: &apos;4c2593cfc3689a7fcd7be52549167e5ccc93ad28&apos;, time: &apos;2016-02-11 11:22:43&apos;&#10;System info: host: &apos;WLW7-TALLURYS&apos;, ip: &apos;192.168.21.55&apos;, os.name: &apos;Windows 7&apos;, os.arch: &apos;amd64&apos;, os.version: &apos;6.1&apos;, java.version: &apos;1.8.0_40&apos;&#10;Driver info: org.openqa.selenium.remote.RemoteWebDriver&#10;Capabilities [{applicationCacheEnabled=false, rotatable=false, chrome={userDataDir=C:\Users\LAVANT~1\AppData\Local\Temp\2\scoped_dir516_17418}, takesHeapSnapshot=true, databaseEnabled=false, handlesAlerts=true, version=51.0.2704.84, platform=WIN8_1, browserConnectionEnabled=false, nativeEvents=true, acceptSslCerts=true, webdriver.remote.sessionid=5b0f3d54-fe8c-465d-a89c-37b1da04123a, locationContextEnabled=true, webStorageEnabled=true, browserName=chrome, takesScreenshot=true, javascriptEnabled=true, cssSelectorsEnabled=true}]&#10;Session ID: 5b0f3d54-fe8c-465d-a89c-37b1da04123a" type="java.lang.AssertionError">java.lang.AssertionError: Fail: 'checksTable' is not displayedstale element reference: element is not attached to the page document
  (Session info: chrome=51.0.2704.84)
  (Driver info: chromedriver=2.9.248315,platform=Windows NT 6.3 x86_64) (WARNING: The server did not provide any stacktrace information)
Command duration or timeout: 127 milliseconds
For documentation on this error, please visit: http://seleniumhq.org/exceptions/stale_element_reference.html
Build info: version: '2.52.0', revision: '4c2593c', time: '2016-02-11 19:06:42'
System info: host: 'WSR12LAVAQA01', ip: '192.168.21.81', os.name: 'Windows Server 2012 R2', os.arch: 'amd64', os.version: '6.3', java.version: '1.8.0_40'
Driver info: org.openqa.selenium.chrome.ChromeDriver
Capabilities [{applicationCacheEnabled=false, rotatable=false, chrome={userDataDir=C:\Users\LAVANT~1\AppData\Local\Temp\2\scoped_dir516_17418}, takesHeapSnapshot=true, databaseEnabled=false, handlesAlerts=true, version=51.0.2704.84, platform=WIN8_1, browserConnectionEnabled=false, nativeEvents=true, acceptSslCerts=true, locationContextEnabled=true, webStorageEnabled=true, browserName=chrome, takesScreenshot=true, javascriptEnabled=true, cssSelectorsEnabled=true}]
Session ID: e66ffbb095b60a2f5ec8ddd46d4d29c5
Command duration or timeout: 491 milliseconds
For documentation on this error, please visit: http://seleniumhq.org/exceptions/stale_element_reference.html
Build info: version: '2.52.0', revision: '4c2593cfc3689a7fcd7be52549167e5ccc93ad28', time: '2016-02-11 11:22:43'
System info: host: 'WLW7-TALLURYS', ip: '192.168.21.55', os.name: 'Windows 7', os.arch: 'amd64', os.version: '6.1', java.version: '1.8.0_40'
Driver info: org.openqa.selenium.remote.RemoteWebDriver
Capabilities [{applicationCacheEnabled=false, rotatable=false, chrome={userDataDir=C:\Users\LAVANT~1\AppData\Local\Temp\2\scoped_dir516_17418}, takesHeapSnapshot=true, databaseEnabled=false, handlesAlerts=true, version=51.0.2704.84, platform=WIN8_1, browserConnectionEnabled=false, nativeEvents=true, acceptSslCerts=true, webdriver.remote.sessionid=5b0f3d54-fe8c-465d-a89c-37b1da04123a, locationContextEnabled=true, webStorageEnabled=true, browserName=chrome, takesScreenshot=true, javascriptEnabled=true, cssSelectorsEnabled=true}]
Session ID: 5b0f3d54-fe8c-465d-a89c-37b1da04123a
	at org.testng.Assert.fail(Assert.java:94)
	at lavante.recovery.utilities.Report.fail(Report.java:20)
	at lavante.recovery.utilities.seleniumBaseClass.isDisplayed(seleniumBaseClass.java:225)
	at lavante.recovery.pageobjects.Audit.AuditInboundPage.verifyChecksTable(AuditInboundPage.java:120)
	at lavante.recovery.testsuites.SanityTestSuite.verifyauditInboundPage(SanityTestSuite.java:167)
</failure>
    <system-out><![CDATA[Fail: 'checksTable' is not displayedstale element reference: element is not attached to the page document
  (Session info: chrome=51.0.2704.84)
  (Driver info: chromedriver=2.9.248315,platform=Windows NT 6.3 x86_64) (WARNING: The server did not provide any stacktrace information)
Command duration or timeout: 127 milliseconds
For documentation on this error, please visit: http://seleniumhq.org/exceptions/stale_element_reference.html
Build info: version: '2.52.0', revision: '4c2593c', time: '2016-02-11 19:06:42'
System info: host: 'WSR12LAVAQA01', ip: '192.168.21.81', os.name: 'Windows Server 2012 R2', os.arch: 'amd64', os.version: '6.3', java.version: '1.8.0_40'
Driver info: org.openqa.selenium.chrome.ChromeDriver
Capabilities [{applicationCacheEnabled=false, rotatable=false, chrome={userDataDir=C:\Users\LAVANT~1\AppData\Local\Temp\2\scoped_dir516_17418}, takesHeapSnapshot=true, databaseEnabled=false, handlesAlerts=true, version=51.0.2704.84, platform=WIN8_1, browserConnectionEnabled=false, nativeEvents=true, acceptSslCerts=true, locationContextEnabled=true, webStorageEnabled=true, browserName=chrome, takesScreenshot=true, javascriptEnabled=true, cssSelectorsEnabled=true}]
Session ID: e66ffbb095b60a2f5ec8ddd46d4d29c5
Command duration or timeout: 491 milliseconds
For documentation on this error, please visit: http://seleniumhq.org/exceptions/stale_element_reference.html
Build info: version: '2.52.0', revision: '4c2593cfc3689a7fcd7be52549167e5ccc93ad28', time: '2016-02-11 11:22:43'
System info: host: 'WLW7-TALLURYS', ip: '192.168.21.55', os.name: 'Windows 7', os.arch: 'amd64', os.version: '6.1', java.version: '1.8.0_40'
Driver info: org.openqa.selenium.remote.RemoteWebDriver
Capabilities [{applicationCacheEnabled=false, rotatable=false, chrome={userDataDir=C:\Users\LAVANT~1\AppData\Local\Temp\2\scoped_dir516_17418}, takesHeapSnapshot=true, databaseEnabled=false, handlesAlerts=true, version=51.0.2704.84, platform=WIN8_1, browserConnectionEnabled=false, nativeEvents=true, acceptSslCerts=true, webdriver.remote.sessionid=5b0f3d54-fe8c-465d-a89c-37b1da04123a, locationContextEnabled=true, webStorageEnabled=true, browserName=chrome, takesScreenshot=true, javascriptEnabled=true, cssSelectorsEnabled=true}]
Session ID: 5b0f3d54-fe8c-465d-a89c-37b1da04123a
]]></system-out>
  </testcase>
  <testcase name="verifyauditInboundPage" classname="lavante.recovery.testsuites.SanityTestSuite" time="4.476"/>
  <testcase name="verifyauditInboundPage" classname="lavante.recovery.testsuites.SanityTestSuite" time="14.533"/>
  <testcase name="verifycontactEntryPage" classname="lavante.recovery.testsuites.SanityTestSuite" time="7.395"/>
  <testcase name="verifycontactEntryPage" classname="lavante.recovery.testsuites.SanityTestSuite" time="2.826"/>
  <testcase name="verifycontactEntryPage" classname="lavante.recovery.testsuites.SanityTestSuite" time="18.31"/>
  <testcase name="verifyBatchingPage" classname="lavante.recovery.testsuites.SanityTestSuite" time="22.353"/>
  <testcase name="verifyBatchingPage" classname="lavante.recovery.testsuites.SanityTestSuite" time="9.817"/>
  <testcase name="verifyBatchingPage" classname="lavante.recovery.testsuites.SanityTestSuite" time="35.357"/>
  <testcase name="verifyInvoicePage" classname="lavante.recovery.testsuites.SanityTestSuite" time="11.673">
    <failure message="Fail: &apos;invoiceCreditTable&apos; is not displayedstale element reference: element is not attached to the page document&#10;  (Session info: chrome=51.0.2704.84)&#10;  (Driver info: chromedriver=2.9.248315,platform=Windows NT 6.3 x86_64) (WARNING: The server did not provide any stacktrace information)&#10;Command duration or timeout: 9 milliseconds&#10;For documentation on this error, please visit: http://seleniumhq.org/exceptions/stale_element_reference.html&#10;Build info: version: &apos;2.52.0&apos;, revision: &apos;4c2593c&apos;, time: &apos;2016-02-11 19:06:42&apos;&#10;System info: host: &apos;WSR12LAVAQA01&apos;, ip: &apos;192.168.21.81&apos;, os.name: &apos;Windows Server 2012 R2&apos;, os.arch: &apos;amd64&apos;, os.version: &apos;6.3&apos;, java.version: &apos;1.8.0_40&apos;&#10;Driver info: org.openqa.selenium.chrome.ChromeDriver&#10;Capabilities [{applicationCacheEnabled=false, rotatable=false, chrome={userDataDir=C:\Users\LAVANT~1\AppData\Local\Temp\2\scoped_dir516_17418}, takesHeapSnapshot=true, databaseEnabled=false, handlesAlerts=true, version=51.0.2704.84, platform=WIN8_1, browserConnectionEnabled=false, nativeEvents=true, acceptSslCerts=true, locationContextEnabled=true, webStorageEnabled=true, browserName=chrome, takesScreenshot=true, javascriptEnabled=true, cssSelectorsEnabled=true}]&#10;Session ID: e66ffbb095b60a2f5ec8ddd46d4d29c5&#10;Command duration or timeout: 112 milliseconds&#10;For documentation on this error, please visit: http://seleniumhq.org/exceptions/stale_element_reference.html&#10;Build info: version: &apos;2.52.0&apos;, revision: &apos;4c2593cfc3689a7fcd7be52549167e5ccc93ad28&apos;, time: &apos;2016-02-11 11:22:43&apos;&#10;System info: host: &apos;WLW7-TALLURYS&apos;, ip: &apos;192.168.21.55&apos;, os.name: &apos;Windows 7&apos;, os.arch: &apos;amd64&apos;, os.version: &apos;6.1&apos;, java.version: &apos;1.8.0_40&apos;&#10;Driver info: org.openqa.selenium.remote.RemoteWebDriver&#10;Capabilities [{applicationCacheEnabled=false, rotatable=false, chrome={userDataDir=C:\Users\LAVANT~1\AppData\Local\Temp\2\scoped_dir516_17418}, takesHeapSnapshot=true, databaseEnabled=false, handlesAlerts=true, version=51.0.2704.84, platform=WIN8_1, browserConnectionEnabled=false, nativeEvents=true, acceptSslCerts=true, webdriver.remote.sessionid=5b0f3d54-fe8c-465d-a89c-37b1da04123a, locationContextEnabled=true, webStorageEnabled=true, browserName=chrome, takesScreenshot=true, javascriptEnabled=true, cssSelectorsEnabled=true}]&#10;Session ID: 5b0f3d54-fe8c-465d-a89c-37b1da04123a" type="java.lang.AssertionError">java.lang.AssertionError: Fail: 'invoiceCreditTable' is not displayedstale element reference: element is not attached to the page document
  (Session info: chrome=51.0.2704.84)
  (Driver info: chromedriver=2.9.248315,platform=Windows NT 6.3 x86_64) (WARNING: The server did not provide any stacktrace information)
Command duration or timeout: 9 milliseconds
For documentation on this error, please visit: http://seleniumhq.org/exceptions/stale_element_reference.html
Build info: version: '2.52.0', revision: '4c2593c', time: '2016-02-11 19:06:42'
System info: host: 'WSR12LAVAQA01', ip: '192.168.21.81', os.name: 'Windows Server 2012 R2', os.arch: 'amd64', os.version: '6.3', java.version: '1.8.0_40'
Driver info: org.openqa.selenium.chrome.ChromeDriver
Capabilities [{applicationCacheEnabled=false, rotatable=false, chrome={userDataDir=C:\Users\LAVANT~1\AppData\Local\Temp\2\scoped_dir516_17418}, takesHeapSnapshot=true, databaseEnabled=false, handlesAlerts=true, version=51.0.2704.84, platform=WIN8_1, browserConnectionEnabled=false, nativeEvents=true, acceptSslCerts=true, locationContextEnabled=true, webStorageEnabled=true, browserName=chrome, takesScreenshot=true, javascriptEnabled=true, cssSelectorsEnabled=true}]
Session ID: e66ffbb095b60a2f5ec8ddd46d4d29c5
Command duration or timeout: 112 milliseconds
For documentation on this error, please visit: http://seleniumhq.org/exceptions/stale_element_reference.html
Build info: version: '2.52.0', revision: '4c2593cfc3689a7fcd7be52549167e5ccc93ad28', time: '2016-02-11 11:22:43'
System info: host: 'WLW7-TALLURYS', ip: '192.168.21.55', os.name: 'Windows 7', os.arch: 'amd64', os.version: '6.1', java.version: '1.8.0_40'
Driver info: org.openqa.selenium.remote.RemoteWebDriver
Capabilities [{applicationCacheEnabled=false, rotatable=false, chrome={userDataDir=C:\Users\LAVANT~1\AppData\Local\Temp\2\scoped_dir516_17418}, takesHeapSnapshot=true, databaseEnabled=false, handlesAlerts=true, version=51.0.2704.84, platform=WIN8_1, browserConnectionEnabled=false, nativeEvents=true, acceptSslCerts=true, webdriver.remote.sessionid=5b0f3d54-fe8c-465d-a89c-37b1da04123a, locationContextEnabled=true, webStorageEnabled=true, browserName=chrome, takesScreenshot=true, javascriptEnabled=true, cssSelectorsEnabled=true}]
Session ID: 5b0f3d54-fe8c-465d-a89c-37b1da04123a
	at org.testng.Assert.fail(Assert.java:94)
	at lavante.recovery.utilities.Report.fail(Report.java:20)
	at lavante.recovery.utilities.seleniumBaseClass.isDisplayed(seleniumBaseClass.java:225)
	at lavante.recovery.pageobjects.Audit.AuditInvoicePage.verifyinvoiceCreditTable(AuditInvoicePage.java:55)
	at lavante.recovery.testsuites.SanityTestSuite.verifyInvoicePage(SanityTestSuite.java:287)
</failure>
    <system-out><![CDATA[Pass: 'invoicesTable' is displayed
Info: Switched successfully to frame :1
Pass: 'duplicate' is clicked
Pass: 'duplicateTable' is displayed
Pass: 'invoiceSummaryTable' is displayed
Info: Switched successfully to frame :2
Pass: 'profiles' is clicked
Pass: 'profilesTable' is displayed
Pass: 'invoiceCreditLink' is clicked
Pass: 'dna' is clicked
Pass: 'statements' is clicked
Fail: 'invoiceCreditTable' is not displayedstale element reference: element is not attached to the page document
  (Session info: chrome=51.0.2704.84)
  (Driver info: chromedriver=2.9.248315,platform=Windows NT 6.3 x86_64) (WARNING: The server did not provide any stacktrace information)
Command duration or timeout: 9 milliseconds
For documentation on this error, please visit: http://seleniumhq.org/exceptions/stale_element_reference.html
Build info: version: '2.52.0', revision: '4c2593c', time: '2016-02-11 19:06:42'
System info: host: 'WSR12LAVAQA01', ip: '192.168.21.81', os.name: 'Windows Server 2012 R2', os.arch: 'amd64', os.version: '6.3', java.version: '1.8.0_40'
Driver info: org.openqa.selenium.chrome.ChromeDriver
Capabilities [{applicationCacheEnabled=false, rotatable=false, chrome={userDataDir=C:\Users\LAVANT~1\AppData\Local\Temp\2\scoped_dir516_17418}, takesHeapSnapshot=true, databaseEnabled=false, handlesAlerts=true, version=51.0.2704.84, platform=WIN8_1, browserConnectionEnabled=false, nativeEvents=true, acceptSslCerts=true, locationContextEnabled=true, webStorageEnabled=true, browserName=chrome, takesScreenshot=true, javascriptEnabled=true, cssSelectorsEnabled=true}]
Session ID: e66ffbb095b60a2f5ec8ddd46d4d29c5
Command duration or timeout: 112 milliseconds
For documentation on this error, please visit: http://seleniumhq.org/exceptions/stale_element_reference.html
Build info: version: '2.52.0', revision: '4c2593cfc3689a7fcd7be52549167e5ccc93ad28', time: '2016-02-11 11:22:43'
System info: host: 'WLW7-TALLURYS', ip: '192.168.21.55', os.name: 'Windows 7', os.arch: 'amd64', os.version: '6.1', java.version: '1.8.0_40'
Driver info: org.openqa.selenium.remote.RemoteWebDriver
Capabilities [{applicationCacheEnabled=false, rotatable=false, chrome={userDataDir=C:\Users\LAVANT~1\AppData\Local\Temp\2\scoped_dir516_17418}, takesHeapSnapshot=true, databaseEnabled=false, handlesAlerts=true, version=51.0.2704.84, platform=WIN8_1, browserConnectionEnabled=false, nativeEvents=true, acceptSslCerts=true, webdriver.remote.sessionid=5b0f3d54-fe8c-465d-a89c-37b1da04123a, locationContextEnabled=true, webStorageEnabled=true, browserName=chrome, takesScreenshot=true, javascriptEnabled=true, cssSelectorsEnabled=true}]
Session ID: 5b0f3d54-fe8c-465d-a89c-37b1da04123a
]]></system-out>
  </testcase>
  <testcase name="verifyInvoicePage" classname="lavante.recovery.testsuites.SanityTestSuite" time="8.534"/>
  <testcase name="verifyInvoicePage" classname="lavante.recovery.testsuites.SanityTestSuite" time="56.178"/>
  <testcase name="verifyPossibleDupesPage" classname="lavante.recovery.testsuites.SanityTestSuite" time="10.375">
    <failure message="Fail: &apos;possibleDupesLink&apos; is not displayed" type="java.lang.AssertionError">java.lang.AssertionError: Fail: 'possibleDupesLink' is not displayed
	at org.testng.Assert.fail(Assert.java:94)
	at lavante.recovery.utilities.Report.fail(Report.java:20)
	at lavante.recovery.utilities.seleniumBaseClass.click(seleniumBaseClass.java:207)
	at lavante.recovery.pageobjects.Audit.AuditPossibleDupesPage.verifypossibleDupesLink(AuditPossibleDupesPage.java:19)
	at lavante.recovery.testsuites.SanityTestSuite.verifyPossibleDupesPage(SanityTestSuite.java:308)
</failure>
    <system-out><![CDATA[Pass: 'verifications' is clicked
Pass: 'statements' is displayed
Pass: 'verificationsTable' is displayed
Pass: 'complainceLink' is clicked
Pass: 'checks' is clicked
Pass: 'checksTable' is displayed
Pass: 'complainceLink' is displayed
Pass: 'correspondence' is clicked
Pass: 'correspondenceTable' is displayed
Pass: 'compliantLink' is clicked
Pass: 'compliantLink' is displayed
Pass: 'compliantTable' is displayed
Pass: 'complianceSummary' is displayed
Fail: 'possibleDupesLink' is not displayed
]]></system-out>
  </testcase>
  <testcase name="verifyPossibleDupesPage" classname="lavante.recovery.testsuites.SanityTestSuite" time="4.448"/>
  <testcase name="verifyPossibleDupesPage" classname="lavante.recovery.testsuites.SanityTestSuite" time="6.211"/>
  <testcase name="verifySummaryPage" classname="lavante.recovery.testsuites.SanityTestSuite" time="0.578">
    <failure message="Fail: &apos;summaryLink&apos; is not displayed" type="java.lang.AssertionError">java.lang.AssertionError: Fail: 'summaryLink' is not displayed
	at org.testng.Assert.fail(Assert.java:94)
	at lavante.recovery.utilities.Report.fail(Report.java:20)
	at lavante.recovery.utilities.seleniumBaseClass.click(seleniumBaseClass.java:207)
	at lavante.recovery.pageobjects.Audit.AuditSummaryPage.verifysummaryLink(AuditSummaryPage.java:19)
	at lavante.recovery.testsuites.SanityTestSuite.verifySummaryPage(SanityTestSuite.java:332)
</failure>
    <system-out><![CDATA[Fail: 'summaryLink' is not displayed
]]></system-out>
  </testcase>
  <testcase name="verifySummaryPage" classname="lavante.recovery.testsuites.SanityTestSuite" time="2.873"/>
  <testcase name="verifySummaryPage" classname="lavante.recovery.testsuites.SanityTestSuite" time="8.632"/>
  <testcase name="verifyCheckRegistryPage" classname="lavante.recovery.testsuites.SanityTestSuite" time="13.305">
    <failure message="Fail: &apos;chkRegLink&apos; is not displayed" type="java.lang.AssertionError">java.lang.AssertionError: Fail: 'chkRegLink' is not displayed
	at org.testng.Assert.fail(Assert.java:94)
	at lavante.recovery.utilities.Report.fail(Report.java:20)
	at lavante.recovery.utilities.seleniumBaseClass.click(seleniumBaseClass.java:207)
	at lavante.recovery.pageobjects.Audit.AuditCheckRegistryPage.verifychkRegLink(AuditCheckRegistryPage.java:19)
	at lavante.recovery.testsuites.SanityTestSuite.verifyCheckRegistryPage(SanityTestSuite.java:348)
</failure>
    <system-out><![CDATA[Pass: 'auditLink' is clicked
Pass: 'auditLink' is displayed
Pass: 'batchingLink' is clicked
Info: Switched successfully to frame :0
Pass: 'unBatchedCreditsTable' is displayed
Info: Switched successfully to frame :1
Fail: 'chkRegLink' is not displayed
]]></system-out>
  </testcase>
  <testcase name="verifyCheckRegistryPage" classname="lavante.recovery.testsuites.SanityTestSuite" time="6.648"/>
  <testcase name="verifyCheckRegistryPage" classname="lavante.recovery.testsuites.SanityTestSuite" time="13.973"/>
  <testcase name="verifyClaimsPage" classname="lavante.recovery.testsuites.SanityTestSuite" time="1.095">
    <failure message="Fail: &apos;claimsLink&apos; is not displayed" type="java.lang.AssertionError">java.lang.AssertionError: Fail: 'claimsLink' is not displayed
	at org.testng.Assert.fail(Assert.java:94)
	at lavante.recovery.utilities.Report.fail(Report.java:20)
	at lavante.recovery.utilities.seleniumBaseClass.click(seleniumBaseClass.java:207)
	at lavante.recovery.pageobjects.MainClaimsPage.verifyclaimsLink(MainClaimsPage.java:19)
	at lavante.recovery.testsuites.SanityTestSuite.verifyClaimsPage(SanityTestSuite.java:357)
</failure>
    <system-out><![CDATA[Fail: 'claimsLink' is not displayed
]]></system-out>
  </testcase>
  <testcase name="verifyClaimsPage" classname="lavante.recovery.testsuites.SanityTestSuite" time="43.72"/>
  <testcase name="verifyClaimsPage" classname="lavante.recovery.testsuites.SanityTestSuite" time="63.206"/>
  <testcase name="verifyReportsPage" classname="lavante.recovery.testsuites.SanityTestSuite" time="13.682">
    <failure message="Fail: &apos;reportsLink&apos; is not displayed" type="java.lang.AssertionError">java.lang.AssertionError: Fail: 'reportsLink' is not displayed
	at org.testng.Assert.fail(Assert.java:94)
	at lavante.recovery.utilities.Report.fail(Report.java:20)
	at lavante.recovery.utilities.seleniumBaseClass.click(seleniumBaseClass.java:207)
	at lavante.recovery.pageobjects.ReportsPage.verifyreportsLink(ReportsPage.java:19)
	at lavante.recovery.testsuites.SanityTestSuite.verifyReportsPage(SanityTestSuite.java:381)
</failure>
    <system-out><![CDATA[Pass: 'invoiceLink' is clicked
Info: Switched successfully to frame :0
Pass: 'invoicesTable' is displayed
Info: Switched successfully to frame :1
Pass: 'inboundLink' is clicked
Pass: 'inboundLink' is displayed
Pass: 'inboundDocumentStatistics' is displayed
Pass: 'inboundDocumentSummary' is displayed
Pass: 'invoiceSummaryTable' is displayed
Info: Switched successfully to frame :2
Pass: 'invoiceCreditLink' is clicked
Pass: 'invoiceCreditTable' is displayed
Fail: 'reportsLink' is not displayed
]]></system-out>
  </testcase>
  <testcase name="verifyReportsPage" classname="lavante.recovery.testsuites.SanityTestSuite" time="16.568">
    <failure message="Fail: &apos;runBtn&apos; is not displayed" type="java.lang.AssertionError">java.lang.AssertionError: Fail: 'runBtn' is not displayed
	at org.testng.Assert.fail(Assert.java:94)
	at lavante.recovery.utilities.Report.fail(Report.java:20)
	at lavante.recovery.utilities.seleniumBaseClass.click(seleniumBaseClass.java:207)
	at lavante.recovery.pageobjects.ReportsPage.verifyrunBtn(ReportsPage.java:54)
	at lavante.recovery.testsuites.SanityTestSuite.verifyReportsPage(SanityTestSuite.java:385)
</failure>
    <system-out><![CDATA[Pass: 'reportsLink' is clicked
Pass: 'clientLink' is clicked
Pass: 'clientReportLink' is clicked
Pass: 'checks' is clicked
Pass: 'checksTable' is displayed
Pass: 'correspondence' is clicked
Pass: 'correspondenceTable' is displayed
Fail: 'runBtn' is not displayed
]]></system-out>
  </testcase>
  <testcase name="verifyReportsPage" classname="lavante.recovery.testsuites.SanityTestSuite" time="33.138">
    <failure message="Fail: &apos;runBtn&apos; is not displayed" type="java.lang.AssertionError">java.lang.AssertionError: Fail: 'runBtn' is not displayed
	at org.testng.Assert.fail(Assert.java:94)
	at lavante.recovery.utilities.Report.fail(Report.java:20)
	at lavante.recovery.utilities.seleniumBaseClass.click(seleniumBaseClass.java:207)
	at lavante.recovery.pageobjects.ReportsPage.verifyrunBtn(ReportsPage.java:54)
	at lavante.recovery.testsuites.SanityTestSuite.verifyReportsPage(SanityTestSuite.java:385)
</failure>
    <system-out><![CDATA[Pass: 'reportsLink' is clicked
Pass: 'clientLink' is clicked
Pass: 'clientReportLink' is clicked
Fail: 'runBtn' is not displayed
]]></system-out>
  </testcase>
  <testcase name="verifySetupPage" classname="lavante.recovery.testsuites.SanityTestSuite" time="4.647">
    <failure message="Fail: &apos;configurationLink&apos; is not displayed" type="java.lang.AssertionError">java.lang.AssertionError: Fail: 'configurationLink' is not displayed
	at org.testng.Assert.fail(Assert.java:94)
	at lavante.recovery.utilities.Report.fail(Report.java:20)
	at lavante.recovery.utilities.seleniumBaseClass.click(seleniumBaseClass.java:207)
	at lavante.recovery.pageobjects.Configuration.Setup.AuditPage.verifyconfigurationLink(AuditPage.java:19)
	at lavante.recovery.testsuites.SanityTestSuite.verifySetupPage(SanityTestSuite.java:393)
</failure>
    <system-out><![CDATA[Fail: 'configurationLink' is not displayed
]]></system-out>
  </testcase>
  <testcase name="verifySetupPage" classname="lavante.recovery.testsuites.SanityTestSuite" time="13.189">
    <failure message="Fail: &apos;setUpLink&apos; is not displayed" type="java.lang.AssertionError">java.lang.AssertionError: Fail: 'setUpLink' is not displayed
	at org.testng.Assert.fail(Assert.java:94)
	at lavante.recovery.utilities.Report.fail(Report.java:20)
	at lavante.recovery.utilities.seleniumBaseClass.click(seleniumBaseClass.java:207)
	at lavante.recovery.pageobjects.Configuration.Setup.AuditPage.verifySetUpLink(AuditPage.java:28)
	at lavante.recovery.testsuites.SanityTestSuite.verifySetupPage(SanityTestSuite.java:396)
</failure>
    <system-out><![CDATA[Pass: 'possibleDupesLink' is clicked
Info: Switched successfully to frame :0
Fail: 'setUpLink' is not displayed
]]></system-out>
  </testcase>
  <testcase name="verifySetupPage" classname="lavante.recovery.testsuites.SanityTestSuite" time="137.172">
    <failure message="Fail: &apos;setUpLink&apos; is not displayed" type="java.lang.AssertionError">java.lang.AssertionError: Fail: 'setUpLink' is not displayed
	at org.testng.Assert.fail(Assert.java:94)
	at lavante.recovery.utilities.Report.fail(Report.java:20)
	at lavante.recovery.utilities.seleniumBaseClass.click(seleniumBaseClass.java:207)
	at lavante.recovery.pageobjects.Configuration.Setup.AuditPage.verifySetUpLink(AuditPage.java:28)
	at lavante.recovery.testsuites.SanityTestSuite.verifySetupPage(SanityTestSuite.java:396)
</failure>
    <system-out><![CDATA[Pass: 'configurationLink' is clicked
Fail: 'setUpLink' is not displayed
]]></system-out>
  </testcase>
  <testcase name="verifyHoldsAssignmentsPage" classname="lavante.recovery.testsuites.SanityTestSuite" time="15.502">
    <failure message="Fail: &apos;assignmentsLink&apos; is not displayed" type="java.lang.AssertionError">java.lang.AssertionError: Fail: 'assignmentsLink' is not displayed
	at org.testng.Assert.fail(Assert.java:94)
	at lavante.recovery.utilities.Report.fail(Report.java:20)
	at lavante.recovery.utilities.seleniumBaseClass.click(seleniumBaseClass.java:207)
	at lavante.recovery.pageobjects.Assignments.HoldsPage.verifyAssignmentsLink(HoldsPage.java:18)
	at lavante.recovery.testsuites.SanityTestSuite.verifyHoldsAssignmentsPage(SanityTestSuite.java:527)
</failure>
    <system-out><![CDATA[Pass: 'verifications' is clicked
Pass: 'statements' is displayed
Pass: 'verificationsTable' is displayed
Pass: 'possibleDupesLink' is clicked
Info: Switched successfully to frame :0
Pass: 'checks' is clicked
Pass: 'checksTable' is displayed
Pass: 'possDupSummaryTable' is displayed
Info: Switched successfully to frame :1
Pass: 'preBatchTable' is displayed
Info: Switched successfully to frame :2
Pass: 'correspondence' is clicked
Fail: 'assignmentsLink' is not displayed
]]></system-out>
  </testcase>
  <testcase name="verifyHoldsAssignmentsPage" classname="lavante.recovery.testsuites.SanityTestSuite" time="5.007">
    <failure message="Fail: &apos;assignmentsLink&apos; is not displayed" type="java.lang.AssertionError">java.lang.AssertionError: Fail: 'assignmentsLink' is not displayed
	at org.testng.Assert.fail(Assert.java:94)
	at lavante.recovery.utilities.Report.fail(Report.java:20)
	at lavante.recovery.utilities.seleniumBaseClass.click(seleniumBaseClass.java:207)
	at lavante.recovery.pageobjects.Assignments.HoldsPage.verifyAssignmentsLink(HoldsPage.java:18)
	at lavante.recovery.testsuites.SanityTestSuite.verifyHoldsAssignmentsPage(SanityTestSuite.java:527)
</failure>
    <system-out><![CDATA[Pass: 'possDupSummaryTable' is displayed
Info: Switched successfully to frame :1
Fail: 'assignmentsLink' is not displayed
]]></system-out>
  </testcase>
  <testcase name="verifyHoldsAssignmentsPage" classname="lavante.recovery.testsuites.SanityTestSuite" time="5.007">
    <failure message="Fail: &apos;assignmentsLink&apos; is not displayed" type="java.lang.AssertionError">java.lang.AssertionError: Fail: 'assignmentsLink' is not displayed
	at org.testng.Assert.fail(Assert.java:94)
	at lavante.recovery.utilities.Report.fail(Report.java:20)
	at lavante.recovery.utilities.seleniumBaseClass.click(seleniumBaseClass.java:207)
	at lavante.recovery.pageobjects.Assignments.HoldsPage.verifyAssignmentsLink(HoldsPage.java:18)
	at lavante.recovery.testsuites.SanityTestSuite.verifyHoldsAssignmentsPage(SanityTestSuite.java:527)
</failure>
    <system-out><![CDATA[Fail: 'assignmentsLink' is not displayed
]]></system-out>
  </testcase>
  <testcase name="verifyCreditsAssignmentsPage" classname="lavante.recovery.testsuites.SanityTestSuite" time="8.726">
    <failure message="Fail: &apos;creditsLink&apos; is not displayed" type="java.lang.AssertionError">java.lang.AssertionError: Fail: 'creditsLink' is not displayed
	at org.testng.Assert.fail(Assert.java:94)
	at lavante.recovery.utilities.Report.fail(Report.java:20)
	at lavante.recovery.utilities.seleniumBaseClass.click(seleniumBaseClass.java:207)
	at lavante.recovery.pageobjects.Assignments.CreditsPage.verifycreditsLink(CreditsPage.java:19)
	at lavante.recovery.testsuites.SanityTestSuite.verifyCreditsAssignmentsPage(SanityTestSuite.java:541)
</failure>
    <system-out><![CDATA[Pass: 'duplicate' is clicked
Pass: 'duplicateTable' is displayed
Fail: 'creditsLink' is not displayed
]]></system-out>
  </testcase>
  <testcase name="verifyCreditsAssignmentsPage" classname="lavante.recovery.testsuites.SanityTestSuite" time="3.004">
    <failure message="Fail: &apos;creditsLink&apos; is not displayed" type="java.lang.AssertionError">java.lang.AssertionError: Fail: 'creditsLink' is not displayed
	at org.testng.Assert.fail(Assert.java:94)
	at lavante.recovery.utilities.Report.fail(Report.java:20)
	at lavante.recovery.utilities.seleniumBaseClass.click(seleniumBaseClass.java:207)
	at lavante.recovery.pageobjects.Assignments.CreditsPage.verifycreditsLink(CreditsPage.java:19)
	at lavante.recovery.testsuites.SanityTestSuite.verifyCreditsAssignmentsPage(SanityTestSuite.java:541)
</failure>
    <system-out><![CDATA[Pass: 'preBatchTable' is displayed
Info: Switched successfully to frame :2
Fail: 'creditsLink' is not displayed
]]></system-out>
  </testcase>
  <testcase name="verifyCreditsAssignmentsPage" classname="lavante.recovery.testsuites.SanityTestSuite" time="3.006">
    <failure message="Fail: &apos;creditsLink&apos; is not displayed" type="java.lang.AssertionError">java.lang.AssertionError: Fail: 'creditsLink' is not displayed
	at org.testng.Assert.fail(Assert.java:94)
	at lavante.recovery.utilities.Report.fail(Report.java:20)
	at lavante.recovery.utilities.seleniumBaseClass.click(seleniumBaseClass.java:207)
	at lavante.recovery.pageobjects.Assignments.CreditsPage.verifycreditsLink(CreditsPage.java:19)
	at lavante.recovery.testsuites.SanityTestSuite.verifyCreditsAssignmentsPage(SanityTestSuite.java:541)
</failure>
    <system-out><![CDATA[Fail: 'creditsLink' is not displayed
]]></system-out>
  </testcase>
  <testcase name="verifyStatementsAssignmentsPage" classname="lavante.recovery.testsuites.SanityTestSuite" time="20.673">
    <failure message="Fail: &apos;statementsLink&apos; is not displayed" type="java.lang.AssertionError">java.lang.AssertionError: Fail: 'statementsLink' is not displayed
	at org.testng.Assert.fail(Assert.java:94)
	at lavante.recovery.utilities.Report.fail(Report.java:20)
	at lavante.recovery.utilities.seleniumBaseClass.click(seleniumBaseClass.java:207)
	at lavante.recovery.pageobjects.Assignments.StatementsPage.verifyStatementsLink(StatementsPage.java:19)
	at lavante.recovery.testsuites.SanityTestSuite.verifyStatementsAssignmentsPage(SanityTestSuite.java:553)
</failure>
    <system-out><![CDATA[Pass: 'unrecognizedfax' is clicked
Pass: 'statements' is clicked
Pass: 'verifications' is clicked
Pass: 'statements' is displayed
Pass: 'verificationsTable' is displayed
Fail: 'statementsLink' is not displayed
]]></system-out>
  </testcase>
  <testcase name="verifyStatementsAssignmentsPage" classname="lavante.recovery.testsuites.SanityTestSuite" time="13.795">
    <failure message="Fail: &apos;statementsLink&apos; is not displayed" type="java.lang.AssertionError">java.lang.AssertionError: Fail: 'statementsLink' is not displayed
	at org.testng.Assert.fail(Assert.java:94)
	at lavante.recovery.utilities.Report.fail(Report.java:20)
	at lavante.recovery.utilities.seleniumBaseClass.click(seleniumBaseClass.java:207)
	at lavante.recovery.pageobjects.Assignments.StatementsPage.verifyStatementsLink(StatementsPage.java:19)
	at lavante.recovery.testsuites.SanityTestSuite.verifyStatementsAssignmentsPage(SanityTestSuite.java:553)
</failure>
    <system-out><![CDATA[Fail: 'statementsLink' is not displayed
]]></system-out>
  </testcase>
  <testcase name="verifyStatementsAssignmentsPage" classname="lavante.recovery.testsuites.SanityTestSuite" time="20.004">
    <failure message="Fail: &apos;statementsLink&apos; is not displayed" type="java.lang.AssertionError">java.lang.AssertionError: Fail: 'statementsLink' is not displayed
	at org.testng.Assert.fail(Assert.java:94)
	at lavante.recovery.utilities.Report.fail(Report.java:20)
	at lavante.recovery.utilities.seleniumBaseClass.click(seleniumBaseClass.java:207)
	at lavante.recovery.pageobjects.Assignments.StatementsPage.verifyStatementsLink(StatementsPage.java:19)
	at lavante.recovery.testsuites.SanityTestSuite.verifyStatementsAssignmentsPage(SanityTestSuite.java:553)
</failure>
    <system-out><![CDATA[Fail: 'statementsLink' is not displayed
]]></system-out>
  </testcase>
  <testcase name="verifyauditStatisticsAssignmentsPage" classname="lavante.recovery.testsuites.SanityTestSuite" time="25.244">
    <failure message="Fail: &apos;auditStatisticsLink&apos; is not displayed" type="java.lang.AssertionError">java.lang.AssertionError: Fail: 'auditStatisticsLink' is not displayed
	at org.testng.Assert.fail(Assert.java:94)
	at lavante.recovery.utilities.Report.fail(Report.java:20)
	at lavante.recovery.utilities.seleniumBaseClass.click(seleniumBaseClass.java:207)
	at lavante.recovery.pageobjects.Assignments.AuditStatisticsPage.verifyauditStatisticsLink(AuditStatisticsPage.java:21)
	at lavante.recovery.testsuites.SanityTestSuite.verifyauditStatisticsAssignmentsPage(SanityTestSuite.java:565)
</failure>
    <system-out><![CDATA[Pass: 'checks' is clicked
Pass: 'checksTable' is displayed
Pass: 'correspondence' is clicked
Pass: 'correspondenceTable' is displayed
Pass: 'duplicate' is clicked
Pass: 'duplicateTable' is displayed
Pass: 'profiles' is clicked
Pass: 'profilesTable' is displayed
Fail: 'auditStatisticsLink' is not displayed
]]></system-out>
  </testcase>
  <testcase name="verifyauditStatisticsAssignmentsPage" classname="lavante.recovery.testsuites.SanityTestSuite" time="6.375">
    <failure message="Fail: &apos;auditStatisticsLink&apos; is not displayed" type="java.lang.AssertionError">java.lang.AssertionError: Fail: 'auditStatisticsLink' is not displayed
	at org.testng.Assert.fail(Assert.java:94)
	at lavante.recovery.utilities.Report.fail(Report.java:20)
	at lavante.recovery.utilities.seleniumBaseClass.click(seleniumBaseClass.java:207)
	at lavante.recovery.pageobjects.Assignments.AuditStatisticsPage.verifyauditStatisticsLink(AuditStatisticsPage.java:21)
	at lavante.recovery.testsuites.SanityTestSuite.verifyauditStatisticsAssignmentsPage(SanityTestSuite.java:565)
</failure>
    <system-out><![CDATA[Fail: 'auditStatisticsLink' is not displayed
]]></system-out>
  </testcase>
  <testcase name="verifyauditStatisticsAssignmentsPage" classname="lavante.recovery.testsuites.SanityTestSuite" time="15.006">
    <failure message="Fail: &apos;auditStatisticsLink&apos; is not displayed" type="java.lang.AssertionError">java.lang.AssertionError: Fail: 'auditStatisticsLink' is not displayed
	at org.testng.Assert.fail(Assert.java:94)
	at lavante.recovery.utilities.Report.fail(Report.java:20)
	at lavante.recovery.utilities.seleniumBaseClass.click(seleniumBaseClass.java:207)
	at lavante.recovery.pageobjects.Assignments.AuditStatisticsPage.verifyauditStatisticsLink(AuditStatisticsPage.java:21)
	at lavante.recovery.testsuites.SanityTestSuite.verifyauditStatisticsAssignmentsPage(SanityTestSuite.java:565)
</failure>
    <system-out><![CDATA[Fail: 'auditStatisticsLink' is not displayed
]]></system-out>
  </testcase>
  <testcase name="clean" classname="lavante.recovery.testsuites.SanityTestSuite" time="6.387">
    <failure message="Session [c44926dd-38ab-47c1-a92b-0bf2defdc9e3] was terminated due to SO_TIMEOUT&#10;Command duration or timeout: 4 milliseconds&#10;Build info: version: &apos;2.52.0&apos;, revision: &apos;4c2593cfc3689a7fcd7be52549167e5ccc93ad28&apos;, time: &apos;2016-02-11 11:22:43&apos;&#10;System info: host: &apos;WLW7-TALLURYS&apos;, ip: &apos;192.168.21.55&apos;, os.name: &apos;Windows 7&apos;, os.arch: &apos;amd64&apos;, os.version: &apos;6.1&apos;, java.version: &apos;1.8.0_40&apos;&#10;Driver info: org.openqa.selenium.remote.RemoteWebDriver&#10;Capabilities [{applicationCacheEnabled=true, rotatable=false, handlesAlerts=true, databaseEnabled=true, version=46.0.1, platform=WINDOWS, nativeEvents=false, acceptSslCerts=true, webdriver.remote.sessionid=c44926dd-38ab-47c1-a92b-0bf2defdc9e3, webStorageEnabled=true, locationContextEnabled=true, browserName=firefox, takesScreenshot=true, javascriptEnabled=true, cssSelectorsEnabled=true}]&#10;Session ID: c44926dd-38ab-47c1-a92b-0bf2defdc9e3" type="org.openqa.selenium.WebDriverException">org.openqa.selenium.WebDriverException: Session [c44926dd-38ab-47c1-a92b-0bf2defdc9e3] was terminated due to SO_TIMEOUT
Command duration or timeout: 4 milliseconds
Build info: version: '2.52.0', revision: '4c2593cfc3689a7fcd7be52549167e5ccc93ad28', time: '2016-02-11 11:22:43'
System info: host: 'WLW7-TALLURYS', ip: '192.168.21.55', os.name: 'Windows 7', os.arch: 'amd64', os.version: '6.1', java.version: '1.8.0_40'
Driver info: org.openqa.selenium.remote.RemoteWebDriver
Capabilities [{applicationCacheEnabled=true, rotatable=false, handlesAlerts=true, databaseEnabled=true, version=46.0.1, platform=WINDOWS, nativeEvents=false, acceptSslCerts=true, webdriver.remote.sessionid=c44926dd-38ab-47c1-a92b-0bf2defdc9e3, webStorageEnabled=true, locationContextEnabled=true, browserName=firefox, takesScreenshot=true, javascriptEnabled=true, cssSelectorsEnabled=true}]
Session ID: c44926dd-38ab-47c1-a92b-0bf2defdc9e3
	at sun.reflect.NativeConstructorAccessorImpl.newInstance0(Native Method)
	at sun.reflect.NativeConstructorAccessorImpl.newInstance(NativeConstructorAccessorImpl.java:62)
	at sun.reflect.DelegatingConstructorAccessorImpl.newInstance(DelegatingConstructorAccessorImpl.java:45)
	at java.lang.reflect.Constructor.newInstance(Constructor.java:422)
	at org.openqa.selenium.remote.ErrorHandler.createThrowable(ErrorHandler.java:206)
	at org.openqa.selenium.remote.ErrorHandler.throwIfResponseFailed(ErrorHandler.java:158)
	at org.openqa.selenium.remote.RemoteWebDriver.execute(RemoteWebDriver.java:678)
	at org.openqa.selenium.remote.RemoteWebDriver.execute(RemoteWebDriver.java:701)
	at org.openqa.selenium.remote.RemoteWebDriver.quit(RemoteWebDriver.java:526)
	at lavante.recovery.utilities.seleniumBaseClass.quitBrowser(seleniumBaseClass.java:72)
	at lavante.recovery.testsuites.SanityTestSuite.clean(SanityTestSuite.java:573)
Caused by: org.openqa.selenium.WebDriverException: Session [c44926dd-38ab-47c1-a92b-0bf2defdc9e3] was terminated due to SO_TIMEOUT
Build info: version: '2.52.0', revision: '4c2593cfc3689a7fcd7be52549167e5ccc93ad28', time: '2016-02-11 11:22:43'
System info: host: 'WLW7-TALLURYS', ip: '192.168.21.55', os.name: 'Windows 7', os.arch: 'amd64', os.version: '6.1', java.version: '1.8.0_40'
Driver info: driver.version: unknown
	at org.openqa.grid.internal.ActiveTestSessions.getExistingSession(ActiveTestSessions.java:105)
	at org.openqa.grid.internal.Registry.getExistingSession(Registry.java:425)
	at org.openqa.grid.web.servlet.handler.RequestHandler.getSession(RequestHandler.java:240)
	at org.openqa.grid.web.servlet.handler.RequestHandler.process(RequestHandler.java:120)
	at org.openqa.grid.web.servlet.DriverServlet.process(DriverServlet.java:83)
	at org.openqa.grid.web.servlet.DriverServlet.doDelete(DriverServlet.java:73)
	at javax.servlet.http.HttpServlet.service(HttpServlet.java:713)
	at javax.servlet.http.HttpServlet.service(HttpServlet.java:790)
	at org.seleniumhq.jetty9.servlet.ServletHolder.handle(ServletHolder.java:808)
	at org.seleniumhq.jetty9.servlet.ServletHandler.doHandle(ServletHandler.java:587)
	at org.seleniumhq.jetty9.server.session.SessionHandler.doHandle(SessionHandler.java:221)
	at org.seleniumhq.jetty9.server.handler.ContextHandler.doHandle(ContextHandler.java:1127)
	at org.seleniumhq.jetty9.servlet.ServletHandler.doScope(ServletHandler.java:515)
	at org.seleniumhq.jetty9.server.session.SessionHandler.doScope(SessionHandler.java:185)
	at org.seleniumhq.jetty9.server.handler.ContextHandler.doScope(ContextHandler.java:1061)
	at org.seleniumhq.jetty9.server.handler.ScopedHandler.handle(ScopedHandler.java:141)
	at org.seleniumhq.jetty9.server.handler.HandlerWrapper.handle(HandlerWrapper.java:97)
	at org.seleniumhq.jetty9.server.Server.handle(Server.java:499)
	at org.seleniumhq.jetty9.server.HttpChannel.handle(HttpChannel.java:310)
	at org.seleniumhq.jetty9.server.HttpConnection.onFillable(HttpConnection.java:257)
	at org.seleniumhq.jetty9.io.AbstractConnection$2.run(AbstractConnection.java:540)
	at org.seleniumhq.jetty9.util.thread.QueuedThreadPool.runJob(QueuedThreadPool.java:635)
	at org.seleniumhq.jetty9.util.thread.QueuedThreadPool$3.run(QueuedThreadPool.java:555)
	at java.lang.Thread.run(Unknown Source)
</failure>
  </testcase>
  <testcase name="clean" classname="lavante.recovery.testsuites.SanityTestSuite" time="15.018">
    <failure message="Session [eb0de9c4-f64f-426b-b298-a7e94824a93f] was terminated due to SO_TIMEOUT&#10;Command duration or timeout: 7 milliseconds&#10;Build info: version: &apos;2.52.0&apos;, revision: &apos;4c2593cfc3689a7fcd7be52549167e5ccc93ad28&apos;, time: &apos;2016-02-11 11:22:43&apos;&#10;System info: host: &apos;WLW7-TALLURYS&apos;, ip: &apos;192.168.21.55&apos;, os.name: &apos;Windows 7&apos;, os.arch: &apos;amd64&apos;, os.version: &apos;6.1&apos;, java.version: &apos;1.8.0_40&apos;&#10;Driver info: org.openqa.selenium.remote.RemoteWebDriver&#10;Capabilities [{browserAttachTimeout=0, enablePersistentHover=false, ie.forceCreateProcessApi=false, ie.usePerProcessProxy=false, ignoreZoomSetting=true, handlesAlerts=true, version=11, platform=WINDOWS, nativeEvents=false, ie.ensureCleanSession=false, elementScrollBehavior=0, ie.browserCommandLineSwitches=, webdriver.remote.sessionid=eb0de9c4-f64f-426b-b298-a7e94824a93f, requireWindowFocus=false, browserName=internet explorer, initialBrowserUrl=http://localhost:41786/, takesScreenshot=true, javascriptEnabled=true, ignoreProtectedModeSettings=true, enableElementCacheCleanup=true, cssSelectorsEnabled=true, unexpectedAlertBehaviour=dismiss}]&#10;Session ID: eb0de9c4-f64f-426b-b298-a7e94824a93f" type="org.openqa.selenium.WebDriverException">org.openqa.selenium.WebDriverException: Session [eb0de9c4-f64f-426b-b298-a7e94824a93f] was terminated due to SO_TIMEOUT
Command duration or timeout: 7 milliseconds
Build info: version: '2.52.0', revision: '4c2593cfc3689a7fcd7be52549167e5ccc93ad28', time: '2016-02-11 11:22:43'
System info: host: 'WLW7-TALLURYS', ip: '192.168.21.55', os.name: 'Windows 7', os.arch: 'amd64', os.version: '6.1', java.version: '1.8.0_40'
Driver info: org.openqa.selenium.remote.RemoteWebDriver
Capabilities [{browserAttachTimeout=0, enablePersistentHover=false, ie.forceCreateProcessApi=false, ie.usePerProcessProxy=false, ignoreZoomSetting=true, handlesAlerts=true, version=11, platform=WINDOWS, nativeEvents=false, ie.ensureCleanSession=false, elementScrollBehavior=0, ie.browserCommandLineSwitches=, webdriver.remote.sessionid=eb0de9c4-f64f-426b-b298-a7e94824a93f, requireWindowFocus=false, browserName=internet explorer, initialBrowserUrl=http://localhost:41786/, takesScreenshot=true, javascriptEnabled=true, ignoreProtectedModeSettings=true, enableElementCacheCleanup=true, cssSelectorsEnabled=true, unexpectedAlertBehaviour=dismiss}]
Session ID: eb0de9c4-f64f-426b-b298-a7e94824a93f
	at sun.reflect.NativeConstructorAccessorImpl.newInstance0(Native Method)
	at sun.reflect.NativeConstructorAccessorImpl.newInstance(NativeConstructorAccessorImpl.java:62)
	at sun.reflect.DelegatingConstructorAccessorImpl.newInstance(DelegatingConstructorAccessorImpl.java:45)
	at java.lang.reflect.Constructor.newInstance(Constructor.java:422)
	at org.openqa.selenium.remote.ErrorHandler.createThrowable(ErrorHandler.java:206)
	at org.openqa.selenium.remote.ErrorHandler.throwIfResponseFailed(ErrorHandler.java:158)
	at org.openqa.selenium.remote.RemoteWebDriver.execute(RemoteWebDriver.java:678)
	at org.openqa.selenium.remote.RemoteWebDriver.execute(RemoteWebDriver.java:701)
	at org.openqa.selenium.remote.RemoteWebDriver.quit(RemoteWebDriver.java:526)
	at lavante.recovery.utilities.seleniumBaseClass.quitBrowser(seleniumBaseClass.java:72)
	at lavante.recovery.testsuites.SanityTestSuite.clean(SanityTestSuite.java:573)
Caused by: org.openqa.selenium.WebDriverException: Session [eb0de9c4-f64f-426b-b298-a7e94824a93f] was terminated due to SO_TIMEOUT
Build info: version: '2.52.0', revision: '4c2593cfc3689a7fcd7be52549167e5ccc93ad28', time: '2016-02-11 11:22:43'
System info: host: 'WLW7-TALLURYS', ip: '192.168.21.55', os.name: 'Windows 7', os.arch: 'amd64', os.version: '6.1', java.version: '1.8.0_40'
Driver info: driver.version: unknown
	at org.openqa.grid.internal.ActiveTestSessions.getExistingSession(ActiveTestSessions.java:105)
	at org.openqa.grid.internal.Registry.getExistingSession(Registry.java:425)
	at org.openqa.grid.web.servlet.handler.RequestHandler.getSession(RequestHandler.java:240)
	at org.openqa.grid.web.servlet.handler.RequestHandler.process(RequestHandler.java:120)
	at org.openqa.grid.web.servlet.DriverServlet.process(DriverServlet.java:83)
	at org.openqa.grid.web.servlet.DriverServlet.doDelete(DriverServlet.java:73)
	at javax.servlet.http.HttpServlet.service(HttpServlet.java:713)
	at javax.servlet.http.HttpServlet.service(HttpServlet.java:790)
	at org.seleniumhq.jetty9.servlet.ServletHolder.handle(ServletHolder.java:808)
	at org.seleniumhq.jetty9.servlet.ServletHandler.doHandle(ServletHandler.java:587)
	at org.seleniumhq.jetty9.server.session.SessionHandler.doHandle(SessionHandler.java:221)
	at org.seleniumhq.jetty9.server.handler.ContextHandler.doHandle(ContextHandler.java:1127)
	at org.seleniumhq.jetty9.servlet.ServletHandler.doScope(ServletHandler.java:515)
	at org.seleniumhq.jetty9.server.session.SessionHandler.doScope(SessionHandler.java:185)
	at org.seleniumhq.jetty9.server.handler.ContextHandler.doScope(ContextHandler.java:1061)
	at org.seleniumhq.jetty9.server.handler.ScopedHandler.handle(ScopedHandler.java:141)
	at org.seleniumhq.jetty9.server.handler.HandlerWrapper.handle(HandlerWrapper.java:97)
	at org.seleniumhq.jetty9.server.Server.handle(Server.java:499)
	at org.seleniumhq.jetty9.server.HttpChannel.handle(HttpChannel.java:310)
	at org.seleniumhq.jetty9.server.HttpConnection.onFillable(HttpConnection.java:257)
	at org.seleniumhq.jetty9.io.AbstractConnection$2.run(AbstractConnection.java:540)
	at org.seleniumhq.jetty9.util.thread.QueuedThreadPool.runJob(QueuedThreadPool.java:635)
	at org.seleniumhq.jetty9.util.thread.QueuedThreadPool$3.run(QueuedThreadPool.java:555)
	at java.lang.Thread.run(Unknown Source)
</failure>
  </testcase>
</testsuite>