<?xml version="1.0" encoding="UTF-8"?>
<testsuite name="TestSuite" time="451.506" tests="19" errors="0" skipped="0" failures="9">
  <properties>
    <property name="java.runtime.name" value="Java(TM) SE Runtime Environment"/>
    <property name="sun.boot.library.path" value="C:\Program Files\Java\jdk1.8.0_40\jre\bin"/>
    <property name="java.vm.version" value="25.40-b25"/>
    <property name="java.vm.vendor" value="Oracle Corporation"/>
    <property name="maven.multiModuleProjectDirectory" value="D:\Recovery_Auto_Workspace\Recovery_Automation"/>
    <property name="java.vendor.url" value="http://java.oracle.com/"/>
    <property name="path.separator" value=";"/>
    <property name="guice.disable.misplaced.annotation.check" value="true"/>
    <property name="java.vm.name" value="Java HotSpot(TM) 64-Bit Server VM"/>
    <property name="file.encoding.pkg" value="sun.io"/>
    <property name="user.script" value=""/>
    <property name="user.country" value="IN"/>
    <property name="sun.java.launcher" value="SUN_STANDARD"/>
    <property name="sun.os.patch.level" value="Service Pack 1"/>
    <property name="java.vm.specification.name" value="Java Virtual Machine Specification"/>
    <property name="user.dir" value="D:\Recovery_Auto_Workspace\Recovery_Automation"/>
    <property name="java.runtime.version" value="1.8.0_40-b26"/>
    <property name="java.awt.graphicsenv" value="sun.awt.Win32GraphicsEnvironment"/>
    <property name="java.endorsed.dirs" value="C:\Program Files\Java\jdk1.8.0_40\jre\lib\endorsed"/>
    <property name="os.arch" value="amd64"/>
    <property name="java.io.tmpdir" value="C:\Users\TALLUR~1.SRI\AppData\Local\Temp\"/>
    <property name="line.separator" value="&#10;"/>
    <property name="java.vm.specification.vendor" value="Oracle Corporation"/>
    <property name="user.variant" value=""/>
    <property name="os.name" value="Windows 7"/>
    <property name="classworlds.conf" value="D:\Recovery_Auto_Workspace\.metadata\.plugins\org.eclipse.m2e.launching\launches\m2conf8048435050620041222.tmp"/>
    <property name="sun.jnu.encoding" value="Cp1252"/>
    <property name="java.library.path" value="C:\Program Files\Java\jdk1.8.0_40\bin;C:\Windows\Sun\Java\bin;C:\Windows\system32;C:\Windows;C:/Program Files/Java/jdk1.8.0_40/bin/../jre/bin/server;C:/Program Files/Java/jdk1.8.0_40/bin/../jre/bin;C:/Program Files/Java/jdk1.8.0_40/bin/../jre/lib/amd64;C:\Program Files\Java\jdk1.8.0_40\bin;C:\Program Files\Java\jdk1.8.0_40\jre\bin;C:\ProgramData\Oracle\Java\javapath;C:\Program Files (x86)\Intel\iCLS Client\;C:\Program Files\Intel\iCLS Client\;C:\Windows\system32;C:\Windows;C:\Windows\System32\Wbem;C:\Windows\System32\WindowsPowerShell\v1.0\;C:\Program Files\Intel\WiFi\bin\;C:\Program Files\Common Files\Intel\WirelessCommon\;C:\Program Files\Intel\Intel(R) Management Engine Components\DAL;C:\Program Files (x86)\Intel\Intel(R) Management Engine Components\DAL;C:\Program Files\Intel\Intel(R) Management Engine Components\IPT;C:\Program Files (x86)\Intel\Intel(R) Management Engine Components\IPT;C:\Program Files\TortoiseSVN\bin;D:\Softwares\maven\apache-maven-3.0.4-bin\apache-maven-3.0.4\bin;C:\Program Files (x86)\Skype\Phone\;D:\Selenium_Softwares\eclipse-mars\eclipse-java-mars-R-win32-x86_64;;."/>
    <property name="java.specification.name" value="Java Platform API Specification"/>
    <property name="java.class.version" value="52.0"/>
    <property name="sun.management.compiler" value="HotSpot 64-Bit Tiered Compilers"/>
    <property name="os.version" value="6.1"/>
    <property name="user.home" value="C:\Users\tallury.srikanth"/>
    <property name="user.timezone" value="Asia/Calcutta"/>
    <property name="java.awt.printerjob" value="sun.awt.windows.WPrinterJob"/>
    <property name="java.specification.version" value="1.8"/>
    <property name="file.encoding" value="Cp1252"/>
    <property name="user.name" value="tallury.srikanth"/>
    <property name="java.class.path" value="/D:/Selenium_Softwares/eclipse-mars/eclipse-java-mars-R-win32-x86_64/plugins/org.eclipse.m2e.maven.runtime_1.6.2.20150902-0001/jars/plexus-classworlds-2.5.2.jar"/>
    <property name="java.vm.specification.version" value="1.8"/>
    <property name="sun.arch.data.model" value="64"/>
    <property name="java.home" value="C:\Program Files\Java\jdk1.8.0_40\jre"/>
    <property name="sun.java.command" value="org.codehaus.plexus.classworlds.launcher.Launcher -B test"/>
    <property name="java.specification.vendor" value="Oracle Corporation"/>
    <property name="user.language" value="en"/>
    <property name="awt.toolkit" value="sun.awt.windows.WToolkit"/>
    <property name="java.vm.info" value="mixed mode"/>
    <property name="java.version" value="1.8.0_40"/>
    <property name="java.ext.dirs" value="C:\Program Files\Java\jdk1.8.0_40\jre\lib\ext;C:\Windows\Sun\Java\lib\ext"/>
    <property name="sun.boot.class.path" value="C:\Program Files\Java\jdk1.8.0_40\jre\lib\resources.jar;C:\Program Files\Java\jdk1.8.0_40\jre\lib\rt.jar;C:\Program Files\Java\jdk1.8.0_40\jre\lib\sunrsasign.jar;C:\Program Files\Java\jdk1.8.0_40\jre\lib\jsse.jar;C:\Program Files\Java\jdk1.8.0_40\jre\lib\jce.jar;C:\Program Files\Java\jdk1.8.0_40\jre\lib\charsets.jar;C:\Program Files\Java\jdk1.8.0_40\jre\lib\jfr.jar;C:\Program Files\Java\jdk1.8.0_40\jre\classes"/>
    <property name="java.vendor" value="Oracle Corporation"/>
    <property name="maven.home" value="D:\Recovery_Auto_Workspace\Recovery_Automation\EMBEDDED"/>
    <property name="file.separator" value="\"/>
    <property name="java.vendor.url.bug" value="http://bugreport.sun.com/bugreport/"/>
    <property name="sun.cpu.endian" value="little"/>
    <property name="sun.io.unicode.encoding" value="UnicodeLittle"/>
    <property name="sun.desktop" value="windows"/>
    <property name="sun.cpu.isalist" value="amd64"/>
  </properties>
  <testcase name="verifyDashBoardClaims" classname="lavante.recovery.testsuites.SanityTestSuite" time="10.318"/>
  <testcase name="verifyDashBoardSupplier" classname="lavante.recovery.testsuites.SanityTestSuite" time="27.179"/>
  <testcase name="verifyDashBoardCompliance" classname="lavante.recovery.testsuites.SanityTestSuite" time="14.024"/>
  <testcase name="verifyauditOutboundPage" classname="lavante.recovery.testsuites.SanityTestSuite" time="15.378"/>
  <testcase name="verifyauditInboundPage" classname="lavante.recovery.testsuites.SanityTestSuite" time="70.89"/>
  <testcase name="verifycontactEntryPage" classname="lavante.recovery.testsuites.SanityTestSuite" time="7.377"/>
  <testcase name="verifyBatchingPage" classname="lavante.recovery.testsuites.SanityTestSuite" time="21.837"/>
  <testcase name="verifyInvoicePage" classname="lavante.recovery.testsuites.SanityTestSuite" time="26.074"/>
  <testcase name="verifyPossibleDupesPage" classname="lavante.recovery.testsuites.SanityTestSuite" time="15.297">
    <failure message="Fail: &apos;possDupSummaryTable&apos; is not displayedno such element&#10;  (Session info: chrome=51.0.2704.84)&#10;  (Driver info: chromedriver=2.9.248315,platform=Windows NT 6.3 x86_64) (WARNING: The server did not provide any stacktrace information)&#10;Command duration or timeout: 10.03 seconds&#10;For documentation on this error, please visit: http://seleniumhq.org/exceptions/no_such_element.html&#10;Build info: version: &apos;2.52.0&apos;, revision: &apos;4c2593c&apos;, time: &apos;2016-02-11 19:06:42&apos;&#10;System info: host: &apos;WSR12LAVAQA01&apos;, ip: &apos;192.168.21.81&apos;, os.name: &apos;Windows Server 2012 R2&apos;, os.arch: &apos;amd64&apos;, os.version: &apos;6.3&apos;, java.version: &apos;1.8.0_40&apos;&#10;Driver info: org.openqa.selenium.chrome.ChromeDriver&#10;Capabilities [{applicationCacheEnabled=false, rotatable=false, chrome={userDataDir=C:\Users\LAVANT~1\AppData\Local\Temp\2\scoped_dir4700_20013}, takesHeapSnapshot=true, databaseEnabled=false, handlesAlerts=true, version=51.0.2704.84, platform=WIN8_1, browserConnectionEnabled=false, nativeEvents=true, acceptSslCerts=true, locationContextEnabled=true, webStorageEnabled=true, browserName=chrome, takesScreenshot=true, javascriptEnabled=true, cssSelectorsEnabled=true}]&#10;Session ID: ce303e9925a99f5286c57760b4d8b95d&#10;*** Element info: {Using=css selector, value=#possible_dup_summary tr td a}&#10;Command duration or timeout: 10.24 seconds&#10;For documentation on this error, please visit: http://seleniumhq.org/exceptions/no_such_element.html&#10;Build info: version: &apos;2.52.0&apos;, revision: &apos;4c2593cfc3689a7fcd7be52549167e5ccc93ad28&apos;, time: &apos;2016-02-11 11:22:43&apos;&#10;System info: host: &apos;WLW7-TALLURYS&apos;, ip: &apos;192.168.21.55&apos;, os.name: &apos;Windows 7&apos;, os.arch: &apos;amd64&apos;, os.version: &apos;6.1&apos;, java.version: &apos;1.8.0_40&apos;&#10;Driver info: org.openqa.selenium.remote.RemoteWebDriver&#10;Capabilities [{applicationCacheEnabled=false, rotatable=false, chrome={userDataDir=C:\Users\LAVANT~1\AppData\Local\Temp\2\scoped_dir4700_20013}, takesHeapSnapshot=true, databaseEnabled=false, handlesAlerts=true, version=51.0.2704.84, platform=WIN8_1, browserConnectionEnabled=false, nativeEvents=true, acceptSslCerts=true, webdriver.remote.sessionid=ce6539ba-fb37-464f-9b06-d36dadc66577, locationContextEnabled=true, webStorageEnabled=true, browserName=chrome, takesScreenshot=true, javascriptEnabled=true, cssSelectorsEnabled=true}]&#10;Session ID: ce6539ba-fb37-464f-9b06-d36dadc66577&#10;*** Element info: {Using=css selector, value=#possible_dup_summary tr td a}" type="java.lang.AssertionError">java.lang.AssertionError: Fail: 'possDupSummaryTable' is not displayedno such element
  (Session info: chrome=51.0.2704.84)
  (Driver info: chromedriver=2.9.248315,platform=Windows NT 6.3 x86_64) (WARNING: The server did not provide any stacktrace information)
Command duration or timeout: 10.03 seconds
For documentation on this error, please visit: http://seleniumhq.org/exceptions/no_such_element.html
Build info: version: '2.52.0', revision: '4c2593c', time: '2016-02-11 19:06:42'
System info: host: 'WSR12LAVAQA01', ip: '192.168.21.81', os.name: 'Windows Server 2012 R2', os.arch: 'amd64', os.version: '6.3', java.version: '1.8.0_40'
Driver info: org.openqa.selenium.chrome.ChromeDriver
Capabilities [{applicationCacheEnabled=false, rotatable=false, chrome={userDataDir=C:\Users\LAVANT~1\AppData\Local\Temp\2\scoped_dir4700_20013}, takesHeapSnapshot=true, databaseEnabled=false, handlesAlerts=true, version=51.0.2704.84, platform=WIN8_1, browserConnectionEnabled=false, nativeEvents=true, acceptSslCerts=true, locationContextEnabled=true, webStorageEnabled=true, browserName=chrome, takesScreenshot=true, javascriptEnabled=true, cssSelectorsEnabled=true}]
Session ID: ce303e9925a99f5286c57760b4d8b95d
*** Element info: {Using=css selector, value=#possible_dup_summary tr td a}
Command duration or timeout: 10.24 seconds
For documentation on this error, please visit: http://seleniumhq.org/exceptions/no_such_element.html
Build info: version: '2.52.0', revision: '4c2593cfc3689a7fcd7be52549167e5ccc93ad28', time: '2016-02-11 11:22:43'
System info: host: 'WLW7-TALLURYS', ip: '192.168.21.55', os.name: 'Windows 7', os.arch: 'amd64', os.version: '6.1', java.version: '1.8.0_40'
Driver info: org.openqa.selenium.remote.RemoteWebDriver
Capabilities [{applicationCacheEnabled=false, rotatable=false, chrome={userDataDir=C:\Users\LAVANT~1\AppData\Local\Temp\2\scoped_dir4700_20013}, takesHeapSnapshot=true, databaseEnabled=false, handlesAlerts=true, version=51.0.2704.84, platform=WIN8_1, browserConnectionEnabled=false, nativeEvents=true, acceptSslCerts=true, webdriver.remote.sessionid=ce6539ba-fb37-464f-9b06-d36dadc66577, locationContextEnabled=true, webStorageEnabled=true, browserName=chrome, takesScreenshot=true, javascriptEnabled=true, cssSelectorsEnabled=true}]
Session ID: ce6539ba-fb37-464f-9b06-d36dadc66577
*** Element info: {Using=css selector, value=#possible_dup_summary tr td a}
	at org.testng.Assert.fail(Assert.java:94)
	at lavante.recovery.utilities.Report.fail(Report.java:20)
	at lavante.recovery.utilities.seleniumBaseClass.isDisplayed(seleniumBaseClass.java:225)
	at lavante.recovery.pageobjects.Audit.AuditPossibleDupesPage.verifypossDupSummaryTable(AuditPossibleDupesPage.java:28)
	at lavante.recovery.testsuites.SanityTestSuite.verifyPossibleDupesPage(SanityTestSuite.java:311)
</failure>
    <system-out><![CDATA[Pass: 'possibleDupesLink' is clicked
Info: Switched successfully to frame :0
Fail: 'possDupSummaryTable' is not displayedno such element
  (Session info: chrome=51.0.2704.84)
  (Driver info: chromedriver=2.9.248315,platform=Windows NT 6.3 x86_64) (WARNING: The server did not provide any stacktrace information)
Command duration or timeout: 10.03 seconds
For documentation on this error, please visit: http://seleniumhq.org/exceptions/no_such_element.html
Build info: version: '2.52.0', revision: '4c2593c', time: '2016-02-11 19:06:42'
System info: host: 'WSR12LAVAQA01', ip: '192.168.21.81', os.name: 'Windows Server 2012 R2', os.arch: 'amd64', os.version: '6.3', java.version: '1.8.0_40'
Driver info: org.openqa.selenium.chrome.ChromeDriver
Capabilities [{applicationCacheEnabled=false, rotatable=false, chrome={userDataDir=C:\Users\LAVANT~1\AppData\Local\Temp\2\scoped_dir4700_20013}, takesHeapSnapshot=true, databaseEnabled=false, handlesAlerts=true, version=51.0.2704.84, platform=WIN8_1, browserConnectionEnabled=false, nativeEvents=true, acceptSslCerts=true, locationContextEnabled=true, webStorageEnabled=true, browserName=chrome, takesScreenshot=true, javascriptEnabled=true, cssSelectorsEnabled=true}]
Session ID: ce303e9925a99f5286c57760b4d8b95d
*** Element info: {Using=css selector, value=#possible_dup_summary tr td a}
Command duration or timeout: 10.24 seconds
For documentation on this error, please visit: http://seleniumhq.org/exceptions/no_such_element.html
Build info: version: '2.52.0', revision: '4c2593cfc3689a7fcd7be52549167e5ccc93ad28', time: '2016-02-11 11:22:43'
System info: host: 'WLW7-TALLURYS', ip: '192.168.21.55', os.name: 'Windows 7', os.arch: 'amd64', os.version: '6.1', java.version: '1.8.0_40'
Driver info: org.openqa.selenium.remote.RemoteWebDriver
Capabilities [{applicationCacheEnabled=false, rotatable=false, chrome={userDataDir=C:\Users\LAVANT~1\AppData\Local\Temp\2\scoped_dir4700_20013}, takesHeapSnapshot=true, databaseEnabled=false, handlesAlerts=true, version=51.0.2704.84, platform=WIN8_1, browserConnectionEnabled=false, nativeEvents=true, acceptSslCerts=true, webdriver.remote.sessionid=ce6539ba-fb37-464f-9b06-d36dadc66577, locationContextEnabled=true, webStorageEnabled=true, browserName=chrome, takesScreenshot=true, javascriptEnabled=true, cssSelectorsEnabled=true}]
Session ID: ce6539ba-fb37-464f-9b06-d36dadc66577
*** Element info: {Using=css selector, value=#possible_dup_summary tr td a}
]]></system-out>
  </testcase>
  <testcase name="verifySummaryPage" classname="lavante.recovery.testsuites.SanityTestSuite" time="16.518"/>
  <testcase name="verifyCheckRegistryPage" classname="lavante.recovery.testsuites.SanityTestSuite" time="14.091">
    <failure message="Fail: &apos;chkRegLink&apos; is not displayed" type="java.lang.AssertionError">java.lang.AssertionError: Fail: 'chkRegLink' is not displayed
	at org.testng.Assert.fail(Assert.java:94)
	at lavante.recovery.utilities.Report.fail(Report.java:20)
	at lavante.recovery.utilities.seleniumBaseClass.click(seleniumBaseClass.java:207)
	at lavante.recovery.pageobjects.Audit.AuditCheckRegistryPage.verifychkRegLink(AuditCheckRegistryPage.java:19)
	at lavante.recovery.testsuites.SanityTestSuite.verifyCheckRegistryPage(SanityTestSuite.java:348)
</failure>
    <system-out><![CDATA[Fail: 'chkRegLink' is not displayed
]]></system-out>
  </testcase>
  <testcase name="verifyClaimsPage" classname="lavante.recovery.testsuites.SanityTestSuite" time="10.626"/>
  <testcase name="verifyInvoicesPage" classname="lavante.recovery.testsuites.SanityTestSuite" time="13.777">
    <failure message="Fail: &apos;invoiceSummaryTable&apos; is not displayedno such element&#10;  (Session info: chrome=51.0.2704.84)&#10;  (Driver info: chromedriver=2.9.248315,platform=Windows NT 6.3 x86_64) (WARNING: The server did not provide any stacktrace information)&#10;Command duration or timeout: 10.13 seconds&#10;For documentation on this error, please visit: http://seleniumhq.org/exceptions/no_such_element.html&#10;Build info: version: &apos;2.52.0&apos;, revision: &apos;4c2593c&apos;, time: &apos;2016-02-11 19:06:42&apos;&#10;System info: host: &apos;WSR12LAVAQA01&apos;, ip: &apos;192.168.21.81&apos;, os.name: &apos;Windows Server 2012 R2&apos;, os.arch: &apos;amd64&apos;, os.version: &apos;6.3&apos;, java.version: &apos;1.8.0_40&apos;&#10;Driver info: org.openqa.selenium.chrome.ChromeDriver&#10;Capabilities [{applicationCacheEnabled=false, rotatable=false, chrome={userDataDir=C:\Users\LAVANT~1\AppData\Local\Temp\2\scoped_dir4700_20013}, takesHeapSnapshot=true, databaseEnabled=false, handlesAlerts=true, version=51.0.2704.84, platform=WIN8_1, browserConnectionEnabled=false, nativeEvents=true, acceptSslCerts=true, locationContextEnabled=true, webStorageEnabled=true, browserName=chrome, takesScreenshot=true, javascriptEnabled=true, cssSelectorsEnabled=true}]&#10;Session ID: ce303e9925a99f5286c57760b4d8b95d&#10;*** Element info: {Using=css selector, value=#invoiceSummary tr td}&#10;Command duration or timeout: 10.42 seconds&#10;For documentation on this error, please visit: http://seleniumhq.org/exceptions/no_such_element.html&#10;Build info: version: &apos;2.52.0&apos;, revision: &apos;4c2593cfc3689a7fcd7be52549167e5ccc93ad28&apos;, time: &apos;2016-02-11 11:22:43&apos;&#10;System info: host: &apos;WLW7-TALLURYS&apos;, ip: &apos;192.168.21.55&apos;, os.name: &apos;Windows 7&apos;, os.arch: &apos;amd64&apos;, os.version: &apos;6.1&apos;, java.version: &apos;1.8.0_40&apos;&#10;Driver info: org.openqa.selenium.remote.RemoteWebDriver&#10;Capabilities [{applicationCacheEnabled=false, rotatable=false, chrome={userDataDir=C:\Users\LAVANT~1\AppData\Local\Temp\2\scoped_dir4700_20013}, takesHeapSnapshot=true, databaseEnabled=false, handlesAlerts=true, version=51.0.2704.84, platform=WIN8_1, browserConnectionEnabled=false, nativeEvents=true, acceptSslCerts=true, webdriver.remote.sessionid=ce6539ba-fb37-464f-9b06-d36dadc66577, locationContextEnabled=true, webStorageEnabled=true, browserName=chrome, takesScreenshot=true, javascriptEnabled=true, cssSelectorsEnabled=true}]&#10;Session ID: ce6539ba-fb37-464f-9b06-d36dadc66577&#10;*** Element info: {Using=css selector, value=#invoiceSummary tr td}" type="java.lang.AssertionError">java.lang.AssertionError: Fail: 'invoiceSummaryTable' is not displayedno such element
  (Session info: chrome=51.0.2704.84)
  (Driver info: chromedriver=2.9.248315,platform=Windows NT 6.3 x86_64) (WARNING: The server did not provide any stacktrace information)
Command duration or timeout: 10.13 seconds
For documentation on this error, please visit: http://seleniumhq.org/exceptions/no_such_element.html
Build info: version: '2.52.0', revision: '4c2593c', time: '2016-02-11 19:06:42'
System info: host: 'WSR12LAVAQA01', ip: '192.168.21.81', os.name: 'Windows Server 2012 R2', os.arch: 'amd64', os.version: '6.3', java.version: '1.8.0_40'
Driver info: org.openqa.selenium.chrome.ChromeDriver
Capabilities [{applicationCacheEnabled=false, rotatable=false, chrome={userDataDir=C:\Users\LAVANT~1\AppData\Local\Temp\2\scoped_dir4700_20013}, takesHeapSnapshot=true, databaseEnabled=false, handlesAlerts=true, version=51.0.2704.84, platform=WIN8_1, browserConnectionEnabled=false, nativeEvents=true, acceptSslCerts=true, locationContextEnabled=true, webStorageEnabled=true, browserName=chrome, takesScreenshot=true, javascriptEnabled=true, cssSelectorsEnabled=true}]
Session ID: ce303e9925a99f5286c57760b4d8b95d
*** Element info: {Using=css selector, value=#invoiceSummary tr td}
Command duration or timeout: 10.42 seconds
For documentation on this error, please visit: http://seleniumhq.org/exceptions/no_such_element.html
Build info: version: '2.52.0', revision: '4c2593cfc3689a7fcd7be52549167e5ccc93ad28', time: '2016-02-11 11:22:43'
System info: host: 'WLW7-TALLURYS', ip: '192.168.21.55', os.name: 'Windows 7', os.arch: 'amd64', os.version: '6.1', java.version: '1.8.0_40'
Driver info: org.openqa.selenium.remote.RemoteWebDriver
Capabilities [{applicationCacheEnabled=false, rotatable=false, chrome={userDataDir=C:\Users\LAVANT~1\AppData\Local\Temp\2\scoped_dir4700_20013}, takesHeapSnapshot=true, databaseEnabled=false, handlesAlerts=true, version=51.0.2704.84, platform=WIN8_1, browserConnectionEnabled=false, nativeEvents=true, acceptSslCerts=true, webdriver.remote.sessionid=ce6539ba-fb37-464f-9b06-d36dadc66577, locationContextEnabled=true, webStorageEnabled=true, browserName=chrome, takesScreenshot=true, javascriptEnabled=true, cssSelectorsEnabled=true}]
Session ID: ce6539ba-fb37-464f-9b06-d36dadc66577
*** Element info: {Using=css selector, value=#invoiceSummary tr td}
	at org.testng.Assert.fail(Assert.java:94)
	at lavante.recovery.utilities.Report.fail(Report.java:20)
	at lavante.recovery.utilities.seleniumBaseClass.isDisplayed(seleniumBaseClass.java:225)
	at lavante.recovery.pageobjects.InvoicesPage.verifyinvoiceSummaryTable(InvoicesPage.java:28)
	at lavante.recovery.testsuites.SanityTestSuite.verifyInvoicesPage(SanityTestSuite.java:367)
</failure>
    <system-out><![CDATA[Pass: 'invoicesLink' is clicked
Fail: 'invoiceSummaryTable' is not displayedno such element
  (Session info: chrome=51.0.2704.84)
  (Driver info: chromedriver=2.9.248315,platform=Windows NT 6.3 x86_64) (WARNING: The server did not provide any stacktrace information)
Command duration or timeout: 10.13 seconds
For documentation on this error, please visit: http://seleniumhq.org/exceptions/no_such_element.html
Build info: version: '2.52.0', revision: '4c2593c', time: '2016-02-11 19:06:42'
System info: host: 'WSR12LAVAQA01', ip: '192.168.21.81', os.name: 'Windows Server 2012 R2', os.arch: 'amd64', os.version: '6.3', java.version: '1.8.0_40'
Driver info: org.openqa.selenium.chrome.ChromeDriver
Capabilities [{applicationCacheEnabled=false, rotatable=false, chrome={userDataDir=C:\Users\LAVANT~1\AppData\Local\Temp\2\scoped_dir4700_20013}, takesHeapSnapshot=true, databaseEnabled=false, handlesAlerts=true, version=51.0.2704.84, platform=WIN8_1, browserConnectionEnabled=false, nativeEvents=true, acceptSslCerts=true, locationContextEnabled=true, webStorageEnabled=true, browserName=chrome, takesScreenshot=true, javascriptEnabled=true, cssSelectorsEnabled=true}]
Session ID: ce303e9925a99f5286c57760b4d8b95d
*** Element info: {Using=css selector, value=#invoiceSummary tr td}
Command duration or timeout: 10.42 seconds
For documentation on this error, please visit: http://seleniumhq.org/exceptions/no_such_element.html
Build info: version: '2.52.0', revision: '4c2593cfc3689a7fcd7be52549167e5ccc93ad28', time: '2016-02-11 11:22:43'
System info: host: 'WLW7-TALLURYS', ip: '192.168.21.55', os.name: 'Windows 7', os.arch: 'amd64', os.version: '6.1', java.version: '1.8.0_40'
Driver info: org.openqa.selenium.remote.RemoteWebDriver
Capabilities [{applicationCacheEnabled=false, rotatable=false, chrome={userDataDir=C:\Users\LAVANT~1\AppData\Local\Temp\2\scoped_dir4700_20013}, takesHeapSnapshot=true, databaseEnabled=false, handlesAlerts=true, version=51.0.2704.84, platform=WIN8_1, browserConnectionEnabled=false, nativeEvents=true, acceptSslCerts=true, webdriver.remote.sessionid=ce6539ba-fb37-464f-9b06-d36dadc66577, locationContextEnabled=true, webStorageEnabled=true, browserName=chrome, takesScreenshot=true, javascriptEnabled=true, cssSelectorsEnabled=true}]
Session ID: ce6539ba-fb37-464f-9b06-d36dadc66577
*** Element info: {Using=css selector, value=#invoiceSummary tr td}
]]></system-out>
  </testcase>
  <testcase name="verifySetupPage" classname="lavante.recovery.testsuites.SanityTestSuite" time="124.056">
    <failure message="Fail: &apos;faxJobsLink&apos; is not displayed" type="java.lang.AssertionError">java.lang.AssertionError: Fail: 'faxJobsLink' is not displayed
	at org.testng.Assert.fail(Assert.java:94)
	at lavante.recovery.utilities.Report.fail(Report.java:20)
	at lavante.recovery.utilities.seleniumBaseClass.click(seleniumBaseClass.java:207)
	at lavante.recovery.pageobjects.Configuration.Jobs.FaxJobPage.verifyFaxJobsLink(FaxJobPage.java:28)
	at lavante.recovery.testsuites.SanityTestSuite.verifySetupPage(SanityTestSuite.java:430)
</failure>
    <system-out><![CDATA[Pass: 'configurationLink' is clicked
Pass: 'setUpLink' is clicked
Pass: 'setUpAuditLink' is clicked
Pass: 'addNewBtn' is displayed
Pass: 'clientLink' is clicked
Pass: 'clientTable' is displayed
Pass: 'businessUnitLink' is clicked
Pass: 'businessUnitTable' is displayed
Pass: 'preferencesLink' is clicked
Pass: 'preferencesTable' is displayed
Pass: 'reqLetterLink' is clicked
Pass: 'reqLetterTable' is displayed
Pass: 'configurationJobsLink' is clicked
Fail: 'faxJobsLink' is not displayed
]]></system-out>
  </testcase>
  <testcase name="verifyauditStatisticsAssignmentsPage" classname="lavante.recovery.testsuites.SanityTestSuite" time="8.015">
    <failure message="Fail: &apos;assignmentsLink&apos; is not displayed" type="java.lang.AssertionError">java.lang.AssertionError: Fail: 'assignmentsLink' is not displayed
	at org.testng.Assert.fail(Assert.java:94)
	at lavante.recovery.utilities.Report.fail(Report.java:20)
	at lavante.recovery.utilities.seleniumBaseClass.click(seleniumBaseClass.java:207)
	at lavante.recovery.pageobjects.Assignments.HoldsPage.verifyAssignmentsLink(HoldsPage.java:18)
	at lavante.recovery.testsuites.SanityTestSuite.verifyauditStatisticsAssignmentsPage(SanityTestSuite.java:527)
</failure>
    <system-out><![CDATA[Fail: 'assignmentsLink' is not displayed
]]></system-out>
  </testcase>
  <testcase name="verifyHoldsAssignmentsPage" classname="lavante.recovery.testsuites.SanityTestSuite" time="8.004">
    <failure message="Fail: &apos;holdsLink&apos; is not displayed" type="java.lang.AssertionError">java.lang.AssertionError: Fail: 'holdsLink' is not displayed
	at org.testng.Assert.fail(Assert.java:94)
	at lavante.recovery.utilities.Report.fail(Report.java:20)
	at lavante.recovery.utilities.seleniumBaseClass.click(seleniumBaseClass.java:207)
	at lavante.recovery.pageobjects.Assignments.HoldsPage.verifyHoldsLink(HoldsPage.java:30)
	at lavante.recovery.testsuites.SanityTestSuite.verifyHoldsAssignmentsPage(SanityTestSuite.java:540)
</failure>
    <system-out><![CDATA[Fail: 'holdsLink' is not displayed
]]></system-out>
  </testcase>
  <testcase name="verifyCreditsAssignmentsPage" classname="lavante.recovery.testsuites.SanityTestSuite" time="8.01">
    <failure message="Fail: &apos;creditsLink&apos; is not displayed" type="java.lang.AssertionError">java.lang.AssertionError: Fail: 'creditsLink' is not displayed
	at org.testng.Assert.fail(Assert.java:94)
	at lavante.recovery.utilities.Report.fail(Report.java:20)
	at lavante.recovery.utilities.seleniumBaseClass.click(seleniumBaseClass.java:207)
	at lavante.recovery.pageobjects.Assignments.CreditsPage.verifycreditsLink(CreditsPage.java:19)
	at lavante.recovery.testsuites.SanityTestSuite.verifyCreditsAssignmentsPage(SanityTestSuite.java:551)
</failure>
    <system-out><![CDATA[Fail: 'creditsLink' is not displayed
]]></system-out>
  </testcase>
  <testcase name="verifyStatementsAssignmentsPage" classname="lavante.recovery.testsuites.SanityTestSuite" time="20.006">
    <failure message="Fail: &apos;statementsLink&apos; is not displayed" type="java.lang.AssertionError">java.lang.AssertionError: Fail: 'statementsLink' is not displayed
	at org.testng.Assert.fail(Assert.java:94)
	at lavante.recovery.utilities.Report.fail(Report.java:20)
	at lavante.recovery.utilities.seleniumBaseClass.click(seleniumBaseClass.java:207)
	at lavante.recovery.pageobjects.Assignments.StatementsPage.verifyStatementsLink(StatementsPage.java:19)
	at lavante.recovery.testsuites.SanityTestSuite.verifyStatementsAssignmentsPage(SanityTestSuite.java:563)
</failure>
    <system-out><![CDATA[Fail: 'statementsLink' is not displayed
]]></system-out>
  </testcase>
  <testcase name="clean" classname="lavante.recovery.testsuites.SanityTestSuite" time="20.029">
    <failure message="Session [ce6539ba-fb37-464f-9b06-d36dadc66577] was terminated due to TIMEOUT&#10;Command duration or timeout: 13 milliseconds&#10;Build info: version: &apos;2.52.0&apos;, revision: &apos;4c2593cfc3689a7fcd7be52549167e5ccc93ad28&apos;, time: &apos;2016-02-11 11:22:43&apos;&#10;System info: host: &apos;WLW7-TALLURYS&apos;, ip: &apos;192.168.21.55&apos;, os.name: &apos;Windows 7&apos;, os.arch: &apos;amd64&apos;, os.version: &apos;6.1&apos;, java.version: &apos;1.8.0_40&apos;&#10;Driver info: org.openqa.selenium.remote.RemoteWebDriver&#10;Capabilities [{applicationCacheEnabled=false, rotatable=false, chrome={userDataDir=C:\Users\LAVANT~1\AppData\Local\Temp\2\scoped_dir4700_20013}, takesHeapSnapshot=true, databaseEnabled=false, handlesAlerts=true, version=51.0.2704.84, platform=WIN8_1, browserConnectionEnabled=false, nativeEvents=true, acceptSslCerts=true, webdriver.remote.sessionid=ce6539ba-fb37-464f-9b06-d36dadc66577, locationContextEnabled=true, webStorageEnabled=true, browserName=chrome, takesScreenshot=true, javascriptEnabled=true, cssSelectorsEnabled=true}]&#10;Session ID: ce6539ba-fb37-464f-9b06-d36dadc66577" type="org.openqa.selenium.WebDriverException">org.openqa.selenium.WebDriverException: Session [ce6539ba-fb37-464f-9b06-d36dadc66577] was terminated due to TIMEOUT
Command duration or timeout: 13 milliseconds
Build info: version: '2.52.0', revision: '4c2593cfc3689a7fcd7be52549167e5ccc93ad28', time: '2016-02-11 11:22:43'
System info: host: 'WLW7-TALLURYS', ip: '192.168.21.55', os.name: 'Windows 7', os.arch: 'amd64', os.version: '6.1', java.version: '1.8.0_40'
Driver info: org.openqa.selenium.remote.RemoteWebDriver
Capabilities [{applicationCacheEnabled=false, rotatable=false, chrome={userDataDir=C:\Users\LAVANT~1\AppData\Local\Temp\2\scoped_dir4700_20013}, takesHeapSnapshot=true, databaseEnabled=false, handlesAlerts=true, version=51.0.2704.84, platform=WIN8_1, browserConnectionEnabled=false, nativeEvents=true, acceptSslCerts=true, webdriver.remote.sessionid=ce6539ba-fb37-464f-9b06-d36dadc66577, locationContextEnabled=true, webStorageEnabled=true, browserName=chrome, takesScreenshot=true, javascriptEnabled=true, cssSelectorsEnabled=true}]
Session ID: ce6539ba-fb37-464f-9b06-d36dadc66577
	at sun.reflect.NativeConstructorAccessorImpl.newInstance0(Native Method)
	at sun.reflect.NativeConstructorAccessorImpl.newInstance(NativeConstructorAccessorImpl.java:62)
	at sun.reflect.DelegatingConstructorAccessorImpl.newInstance(DelegatingConstructorAccessorImpl.java:45)
	at java.lang.reflect.Constructor.newInstance(Constructor.java:422)
	at org.openqa.selenium.remote.ErrorHandler.createThrowable(ErrorHandler.java:206)
	at org.openqa.selenium.remote.ErrorHandler.throwIfResponseFailed(ErrorHandler.java:158)
	at org.openqa.selenium.remote.RemoteWebDriver.execute(RemoteWebDriver.java:678)
	at org.openqa.selenium.remote.RemoteWebDriver.execute(RemoteWebDriver.java:701)
	at org.openqa.selenium.remote.RemoteWebDriver.quit(RemoteWebDriver.java:526)
	at lavante.recovery.utilities.seleniumBaseClass.quitBrowser(seleniumBaseClass.java:72)
	at lavante.recovery.testsuites.SanityTestSuite.clean(SanityTestSuite.java:572)
Caused by: org.openqa.selenium.WebDriverException: Session [ce6539ba-fb37-464f-9b06-d36dadc66577] was terminated due to TIMEOUT
Build info: version: '2.52.0', revision: '4c2593cfc3689a7fcd7be52549167e5ccc93ad28', time: '2016-02-11 11:22:43'
System info: host: 'WLW7-TALLURYS', ip: '192.168.21.55', os.name: 'Windows 7', os.arch: 'amd64', os.version: '6.1', java.version: '1.8.0_40'
Driver info: driver.version: unknown
	at org.openqa.grid.internal.ActiveTestSessions.getExistingSession(ActiveTestSessions.java:105)
	at org.openqa.grid.internal.Registry.getExistingSession(Registry.java:425)
	at org.openqa.grid.web.servlet.handler.RequestHandler.getSession(RequestHandler.java:240)
	at org.openqa.grid.web.servlet.handler.RequestHandler.process(RequestHandler.java:120)
	at org.openqa.grid.web.servlet.DriverServlet.process(DriverServlet.java:83)
	at org.openqa.grid.web.servlet.DriverServlet.doDelete(DriverServlet.java:73)
	at javax.servlet.http.HttpServlet.service(HttpServlet.java:713)
	at javax.servlet.http.HttpServlet.service(HttpServlet.java:790)
	at org.seleniumhq.jetty9.servlet.ServletHolder.handle(ServletHolder.java:808)
	at org.seleniumhq.jetty9.servlet.ServletHandler.doHandle(ServletHandler.java:587)
	at org.seleniumhq.jetty9.server.session.SessionHandler.doHandle(SessionHandler.java:221)
	at org.seleniumhq.jetty9.server.handler.ContextHandler.doHandle(ContextHandler.java:1127)
	at org.seleniumhq.jetty9.servlet.ServletHandler.doScope(ServletHandler.java:515)
	at org.seleniumhq.jetty9.server.session.SessionHandler.doScope(SessionHandler.java:185)
	at org.seleniumhq.jetty9.server.handler.ContextHandler.doScope(ContextHandler.java:1061)
	at org.seleniumhq.jetty9.server.handler.ScopedHandler.handle(ScopedHandler.java:141)
	at org.seleniumhq.jetty9.server.handler.HandlerWrapper.handle(HandlerWrapper.java:97)
	at org.seleniumhq.jetty9.server.Server.handle(Server.java:499)
	at org.seleniumhq.jetty9.server.HttpChannel.handle(HttpChannel.java:310)
	at org.seleniumhq.jetty9.server.HttpConnection.onFillable(HttpConnection.java:257)
	at org.seleniumhq.jetty9.io.AbstractConnection$2.run(AbstractConnection.java:540)
	at org.seleniumhq.jetty9.util.thread.QueuedThreadPool.runJob(QueuedThreadPool.java:635)
	at org.seleniumhq.jetty9.util.thread.QueuedThreadPool$3.run(QueuedThreadPool.java:555)
	at java.lang.Thread.run(Unknown Source)
</failure>
  </testcase>
</testsuite>