<?xml version="1.0" encoding="UTF-8"?>
<testsuite name="TestSuite" time="394.512" tests="18" errors="0" skipped="0" failures="5">
  <properties>
    <property name="java.runtime.name" value="Java(TM) SE Runtime Environment"/>
    <property name="sun.boot.library.path" value="C:\Program Files\Java\jdk1.8.0_40\jre\bin"/>
    <property name="java.vm.version" value="25.40-b25"/>
    <property name="java.vm.vendor" value="Oracle Corporation"/>
    <property name="maven.multiModuleProjectDirectory" value="D:\Recovery_Auto_Workspace\Recovery_Automation"/>
    <property name="java.vendor.url" value="http://java.oracle.com/"/>
    <property name="path.separator" value=";"/>
    <property name="guice.disable.misplaced.annotation.check" value="true"/>
    <property name="java.vm.name" value="Java HotSpot(TM) 64-Bit Server VM"/>
    <property name="file.encoding.pkg" value="sun.io"/>
    <property name="user.script" value=""/>
    <property name="user.country" value="IN"/>
    <property name="sun.java.launcher" value="SUN_STANDARD"/>
    <property name="sun.os.patch.level" value="Service Pack 1"/>
    <property name="java.vm.specification.name" value="Java Virtual Machine Specification"/>
    <property name="user.dir" value="D:\Recovery_Auto_Workspace\Recovery_Automation"/>
    <property name="java.runtime.version" value="1.8.0_40-b26"/>
    <property name="java.awt.graphicsenv" value="sun.awt.Win32GraphicsEnvironment"/>
    <property name="java.endorsed.dirs" value="C:\Program Files\Java\jdk1.8.0_40\jre\lib\endorsed"/>
    <property name="os.arch" value="amd64"/>
    <property name="java.io.tmpdir" value="C:\Users\TALLUR~1.SRI\AppData\Local\Temp\"/>
    <property name="line.separator" value="&#10;"/>
    <property name="java.vm.specification.vendor" value="Oracle Corporation"/>
    <property name="user.variant" value=""/>
    <property name="os.name" value="Windows 7"/>
    <property name="classworlds.conf" value="D:\Recovery_Auto_Workspace\.metadata\.plugins\org.eclipse.m2e.launching\launches\m2conf3461607412734444129.tmp"/>
    <property name="sun.jnu.encoding" value="Cp1252"/>
    <property name="java.library.path" value="C:\Program Files\Java\jdk1.8.0_40\bin;C:\Windows\Sun\Java\bin;C:\Windows\system32;C:\Windows;C:/Program Files/Java/jdk1.8.0_40/bin/../jre/bin/server;C:/Program Files/Java/jdk1.8.0_40/bin/../jre/bin;C:/Program Files/Java/jdk1.8.0_40/bin/../jre/lib/amd64;C:\Program Files\Java\jdk1.8.0_40\bin;C:\Program Files\Java\jdk1.8.0_40\jre\bin;C:\ProgramData\Oracle\Java\javapath;C:\Program Files (x86)\Intel\iCLS Client\;C:\Program Files\Intel\iCLS Client\;C:\Windows\system32;C:\Windows;C:\Windows\System32\Wbem;C:\Windows\System32\WindowsPowerShell\v1.0\;C:\Program Files\Intel\WiFi\bin\;C:\Program Files\Common Files\Intel\WirelessCommon\;C:\Program Files\Intel\Intel(R) Management Engine Components\DAL;C:\Program Files (x86)\Intel\Intel(R) Management Engine Components\DAL;C:\Program Files\Intel\Intel(R) Management Engine Components\IPT;C:\Program Files (x86)\Intel\Intel(R) Management Engine Components\IPT;C:\Program Files\TortoiseSVN\bin;D:\Softwares\maven\apache-maven-3.0.4-bin\apache-maven-3.0.4\bin;C:\Program Files (x86)\Skype\Phone\;D:\Selenium_Softwares\eclipse-mars\eclipse-java-mars-R-win32-x86_64;;."/>
    <property name="java.specification.name" value="Java Platform API Specification"/>
    <property name="java.class.version" value="52.0"/>
    <property name="sun.management.compiler" value="HotSpot 64-Bit Tiered Compilers"/>
    <property name="os.version" value="6.1"/>
    <property name="user.home" value="C:\Users\tallury.srikanth"/>
    <property name="user.timezone" value="Asia/Calcutta"/>
    <property name="java.awt.printerjob" value="sun.awt.windows.WPrinterJob"/>
    <property name="java.specification.version" value="1.8"/>
    <property name="file.encoding" value="Cp1252"/>
    <property name="user.name" value="tallury.srikanth"/>
    <property name="java.class.path" value="/D:/Selenium_Softwares/eclipse-mars/eclipse-java-mars-R-win32-x86_64/plugins/org.eclipse.m2e.maven.runtime_1.6.2.20150902-0001/jars/plexus-classworlds-2.5.2.jar"/>
    <property name="java.vm.specification.version" value="1.8"/>
    <property name="sun.arch.data.model" value="64"/>
    <property name="java.home" value="C:\Program Files\Java\jdk1.8.0_40\jre"/>
    <property name="sun.java.command" value="org.codehaus.plexus.classworlds.launcher.Launcher -B test"/>
    <property name="java.specification.vendor" value="Oracle Corporation"/>
    <property name="user.language" value="en"/>
    <property name="awt.toolkit" value="sun.awt.windows.WToolkit"/>
    <property name="java.vm.info" value="mixed mode"/>
    <property name="java.version" value="1.8.0_40"/>
    <property name="java.ext.dirs" value="C:\Program Files\Java\jdk1.8.0_40\jre\lib\ext;C:\Windows\Sun\Java\lib\ext"/>
    <property name="sun.boot.class.path" value="C:\Program Files\Java\jdk1.8.0_40\jre\lib\resources.jar;C:\Program Files\Java\jdk1.8.0_40\jre\lib\rt.jar;C:\Program Files\Java\jdk1.8.0_40\jre\lib\sunrsasign.jar;C:\Program Files\Java\jdk1.8.0_40\jre\lib\jsse.jar;C:\Program Files\Java\jdk1.8.0_40\jre\lib\jce.jar;C:\Program Files\Java\jdk1.8.0_40\jre\lib\charsets.jar;C:\Program Files\Java\jdk1.8.0_40\jre\lib\jfr.jar;C:\Program Files\Java\jdk1.8.0_40\jre\classes"/>
    <property name="java.vendor" value="Oracle Corporation"/>
    <property name="maven.home" value="D:\Recovery_Auto_Workspace\Recovery_Automation\EMBEDDED"/>
    <property name="file.separator" value="\"/>
    <property name="java.vendor.url.bug" value="http://bugreport.sun.com/bugreport/"/>
    <property name="sun.cpu.endian" value="little"/>
    <property name="sun.io.unicode.encoding" value="UnicodeLittle"/>
    <property name="sun.desktop" value="windows"/>
    <property name="sun.cpu.isalist" value="amd64"/>
  </properties>
  <testcase name="verifyDashBoardClaims" classname="lavante.recovery.testsuites.SanityTestSuite" time="20.696"/>
  <testcase name="verifyDashBoardSupplier" classname="lavante.recovery.testsuites.SanityTestSuite" time="31.098"/>
  <testcase name="verifyDashBoardCompliance" classname="lavante.recovery.testsuites.SanityTestSuite" time="15.881"/>
  <testcase name="verifyauditOutboundPage" classname="lavante.recovery.testsuites.SanityTestSuite" time="20.352"/>
  <testcase name="verifyauditInboundPage" classname="lavante.recovery.testsuites.SanityTestSuite" time="13.706">
    <failure message="Fail: stale element reference: element is not attached to the page document&#10;  (Session info: chrome=51.0.2704.84)&#10;  (Driver info: chromedriver=2.9.248315,platform=Windows NT 6.3 x86_64) (WARNING: The server did not provide any stacktrace information)&#10;Command duration or timeout: 123 milliseconds&#10;For documentation on this error, please visit: http://seleniumhq.org/exceptions/stale_element_reference.html&#10;Build info: version: &apos;2.52.0&apos;, revision: &apos;4c2593c&apos;, time: &apos;2016-02-11 19:06:42&apos;&#10;System info: host: &apos;WSR12LAVAQA01&apos;, ip: &apos;192.168.21.81&apos;, os.name: &apos;Windows Server 2012 R2&apos;, os.arch: &apos;amd64&apos;, os.version: &apos;6.3&apos;, java.version: &apos;1.8.0_40&apos;&#10;Driver info: org.openqa.selenium.chrome.ChromeDriver&#10;Capabilities [{applicationCacheEnabled=false, rotatable=false, chrome={userDataDir=C:\Users\LAVANT~1\AppData\Local\Temp\2\scoped_dir3948_30094}, takesHeapSnapshot=true, databaseEnabled=false, handlesAlerts=true, version=51.0.2704.84, platform=WIN8_1, browserConnectionEnabled=false, nativeEvents=true, acceptSslCerts=true, locationContextEnabled=true, webStorageEnabled=true, browserName=chrome, takesScreenshot=true, javascriptEnabled=true, cssSelectorsEnabled=true}]&#10;Session ID: 23dcae4799d94800dc362099deb8842f&#10;Command duration or timeout: 2.04 seconds&#10;For documentation on this error, please visit: http://seleniumhq.org/exceptions/stale_element_reference.html&#10;Build info: version: &apos;2.52.0&apos;, revision: &apos;4c2593cfc3689a7fcd7be52549167e5ccc93ad28&apos;, time: &apos;2016-02-11 11:22:43&apos;&#10;System info: host: &apos;WLW7-TALLURYS&apos;, ip: &apos;192.168.2.92&apos;, os.name: &apos;Windows 7&apos;, os.arch: &apos;amd64&apos;, os.version: &apos;6.1&apos;, java.version: &apos;1.8.0_40&apos;&#10;Driver info: org.openqa.selenium.remote.RemoteWebDriver&#10;Capabilities [{applicationCacheEnabled=false, rotatable=false, chrome={userDataDir=C:\Users\LAVANT~1\AppData\Local\Temp\2\scoped_dir3948_30094}, takesHeapSnapshot=true, databaseEnabled=false, handlesAlerts=true, version=51.0.2704.84, platform=WIN8_1, browserConnectionEnabled=false, nativeEvents=true, acceptSslCerts=true, webdriver.remote.sessionid=e878acb0-5400-4b51-b1f9-95edfa0e6869, locationContextEnabled=true, webStorageEnabled=true, browserName=chrome, takesScreenshot=true, javascriptEnabled=true, cssSelectorsEnabled=true}]&#10;Session ID: e878acb0-5400-4b51-b1f9-95edfa0e6869" type="java.lang.AssertionError">java.lang.AssertionError: Fail: stale element reference: element is not attached to the page document
  (Session info: chrome=51.0.2704.84)
  (Driver info: chromedriver=2.9.248315,platform=Windows NT 6.3 x86_64) (WARNING: The server did not provide any stacktrace information)
Command duration or timeout: 123 milliseconds
For documentation on this error, please visit: http://seleniumhq.org/exceptions/stale_element_reference.html
Build info: version: '2.52.0', revision: '4c2593c', time: '2016-02-11 19:06:42'
System info: host: 'WSR12LAVAQA01', ip: '192.168.21.81', os.name: 'Windows Server 2012 R2', os.arch: 'amd64', os.version: '6.3', java.version: '1.8.0_40'
Driver info: org.openqa.selenium.chrome.ChromeDriver
Capabilities [{applicationCacheEnabled=false, rotatable=false, chrome={userDataDir=C:\Users\LAVANT~1\AppData\Local\Temp\2\scoped_dir3948_30094}, takesHeapSnapshot=true, databaseEnabled=false, handlesAlerts=true, version=51.0.2704.84, platform=WIN8_1, browserConnectionEnabled=false, nativeEvents=true, acceptSslCerts=true, locationContextEnabled=true, webStorageEnabled=true, browserName=chrome, takesScreenshot=true, javascriptEnabled=true, cssSelectorsEnabled=true}]
Session ID: 23dcae4799d94800dc362099deb8842f
Command duration or timeout: 2.04 seconds
For documentation on this error, please visit: http://seleniumhq.org/exceptions/stale_element_reference.html
Build info: version: '2.52.0', revision: '4c2593cfc3689a7fcd7be52549167e5ccc93ad28', time: '2016-02-11 11:22:43'
System info: host: 'WLW7-TALLURYS', ip: '192.168.2.92', os.name: 'Windows 7', os.arch: 'amd64', os.version: '6.1', java.version: '1.8.0_40'
Driver info: org.openqa.selenium.remote.RemoteWebDriver
Capabilities [{applicationCacheEnabled=false, rotatable=false, chrome={userDataDir=C:\Users\LAVANT~1\AppData\Local\Temp\2\scoped_dir3948_30094}, takesHeapSnapshot=true, databaseEnabled=false, handlesAlerts=true, version=51.0.2704.84, platform=WIN8_1, browserConnectionEnabled=false, nativeEvents=true, acceptSslCerts=true, webdriver.remote.sessionid=e878acb0-5400-4b51-b1f9-95edfa0e6869, locationContextEnabled=true, webStorageEnabled=true, browserName=chrome, takesScreenshot=true, javascriptEnabled=true, cssSelectorsEnabled=true}]
Session ID: e878acb0-5400-4b51-b1f9-95edfa0e6869
	at org.testng.Assert.fail(Assert.java:94)
	at lavante.recovery.utilities.Report.fail(Report.java:20)
	at lavante.recovery.utilities.seleniumBaseClass.verifyError(seleniumBaseClass.java:386)
	at lavante.recovery.pageobjects.Audit.AuditInboundPage.verifyVerificationsTable(AuditInboundPage.java:103)
	at lavante.recovery.testsuites.SanityTestSuite.verifyauditInboundPage(SanityTestSuite.java:163)
</failure>
    <system-out><![CDATA[Pass: 'inboundLink' is clicked
Pass: 'inboundLink' is displayed
Pass: 'inboundDocumentStatistics' is displayed
Pass: 'inboundDocumentSummary' is displayed
Pass: 'recognizedfax' is clicked
Pass: 'statements' is clicked
Pass: 'verifications' is clicked
Pass: 'statements' is displayed
Pass: 'verificationsTable' is displayed
Fail: stale element reference: element is not attached to the page document
  (Session info: chrome=51.0.2704.84)
  (Driver info: chromedriver=2.9.248315,platform=Windows NT 6.3 x86_64) (WARNING: The server did not provide any stacktrace information)
Command duration or timeout: 123 milliseconds
For documentation on this error, please visit: http://seleniumhq.org/exceptions/stale_element_reference.html
Build info: version: '2.52.0', revision: '4c2593c', time: '2016-02-11 19:06:42'
System info: host: 'WSR12LAVAQA01', ip: '192.168.21.81', os.name: 'Windows Server 2012 R2', os.arch: 'amd64', os.version: '6.3', java.version: '1.8.0_40'
Driver info: org.openqa.selenium.chrome.ChromeDriver
Capabilities [{applicationCacheEnabled=false, rotatable=false, chrome={userDataDir=C:\Users\LAVANT~1\AppData\Local\Temp\2\scoped_dir3948_30094}, takesHeapSnapshot=true, databaseEnabled=false, handlesAlerts=true, version=51.0.2704.84, platform=WIN8_1, browserConnectionEnabled=false, nativeEvents=true, acceptSslCerts=true, locationContextEnabled=true, webStorageEnabled=true, browserName=chrome, takesScreenshot=true, javascriptEnabled=true, cssSelectorsEnabled=true}]
Session ID: 23dcae4799d94800dc362099deb8842f
Command duration or timeout: 2.04 seconds
For documentation on this error, please visit: http://seleniumhq.org/exceptions/stale_element_reference.html
Build info: version: '2.52.0', revision: '4c2593cfc3689a7fcd7be52549167e5ccc93ad28', time: '2016-02-11 11:22:43'
System info: host: 'WLW7-TALLURYS', ip: '192.168.2.92', os.name: 'Windows 7', os.arch: 'amd64', os.version: '6.1', java.version: '1.8.0_40'
Driver info: org.openqa.selenium.remote.RemoteWebDriver
Capabilities [{applicationCacheEnabled=false, rotatable=false, chrome={userDataDir=C:\Users\LAVANT~1\AppData\Local\Temp\2\scoped_dir3948_30094}, takesHeapSnapshot=true, databaseEnabled=false, handlesAlerts=true, version=51.0.2704.84, platform=WIN8_1, browserConnectionEnabled=false, nativeEvents=true, acceptSslCerts=true, webdriver.remote.sessionid=e878acb0-5400-4b51-b1f9-95edfa0e6869, locationContextEnabled=true, webStorageEnabled=true, browserName=chrome, takesScreenshot=true, javascriptEnabled=true, cssSelectorsEnabled=true}]
Session ID: e878acb0-5400-4b51-b1f9-95edfa0e6869
]]></system-out>
  </testcase>
  <testcase name="verifycontactEntryPage" classname="lavante.recovery.testsuites.SanityTestSuite" time="7.426"/>
  <testcase name="verifyBatchingPage" classname="lavante.recovery.testsuites.SanityTestSuite" time="22.346"/>
  <testcase name="verifyInvoicePage" classname="lavante.recovery.testsuites.SanityTestSuite" time="20.797">
    <failure message="Fail: &apos;invoicesTable&apos; is not displayedno such element&#10;  (Session info: chrome=51.0.2704.84)&#10;  (Driver info: chromedriver=2.9.248315,platform=Windows NT 6.3 x86_64) (WARNING: The server did not provide any stacktrace information)&#10;Command duration or timeout: 10.06 seconds&#10;For documentation on this error, please visit: http://seleniumhq.org/exceptions/no_such_element.html&#10;Build info: version: &apos;2.52.0&apos;, revision: &apos;4c2593c&apos;, time: &apos;2016-02-11 19:06:42&apos;&#10;System info: host: &apos;WSR12LAVAQA01&apos;, ip: &apos;192.168.21.81&apos;, os.name: &apos;Windows Server 2012 R2&apos;, os.arch: &apos;amd64&apos;, os.version: &apos;6.3&apos;, java.version: &apos;1.8.0_40&apos;&#10;Driver info: org.openqa.selenium.chrome.ChromeDriver&#10;Capabilities [{applicationCacheEnabled=false, rotatable=false, chrome={userDataDir=C:\Users\LAVANT~1\AppData\Local\Temp\2\scoped_dir3948_30094}, takesHeapSnapshot=true, databaseEnabled=false, handlesAlerts=true, version=51.0.2704.84, platform=WIN8_1, browserConnectionEnabled=false, nativeEvents=true, acceptSslCerts=true, locationContextEnabled=true, webStorageEnabled=true, browserName=chrome, takesScreenshot=true, javascriptEnabled=true, cssSelectorsEnabled=true}]&#10;Session ID: 23dcae4799d94800dc362099deb8842f&#10;*** Element info: {Using=css selector, value=#Invoice_List tr td}&#10;Command duration or timeout: 10.26 seconds&#10;For documentation on this error, please visit: http://seleniumhq.org/exceptions/no_such_element.html&#10;Build info: version: &apos;2.52.0&apos;, revision: &apos;4c2593cfc3689a7fcd7be52549167e5ccc93ad28&apos;, time: &apos;2016-02-11 11:22:43&apos;&#10;System info: host: &apos;WLW7-TALLURYS&apos;, ip: &apos;192.168.2.92&apos;, os.name: &apos;Windows 7&apos;, os.arch: &apos;amd64&apos;, os.version: &apos;6.1&apos;, java.version: &apos;1.8.0_40&apos;&#10;Driver info: org.openqa.selenium.remote.RemoteWebDriver&#10;Capabilities [{applicationCacheEnabled=false, rotatable=false, chrome={userDataDir=C:\Users\LAVANT~1\AppData\Local\Temp\2\scoped_dir3948_30094}, takesHeapSnapshot=true, databaseEnabled=false, handlesAlerts=true, version=51.0.2704.84, platform=WIN8_1, browserConnectionEnabled=false, nativeEvents=true, acceptSslCerts=true, webdriver.remote.sessionid=e878acb0-5400-4b51-b1f9-95edfa0e6869, locationContextEnabled=true, webStorageEnabled=true, browserName=chrome, takesScreenshot=true, javascriptEnabled=true, cssSelectorsEnabled=true}]&#10;Session ID: e878acb0-5400-4b51-b1f9-95edfa0e6869&#10;*** Element info: {Using=css selector, value=#Invoice_List tr td}" type="java.lang.AssertionError">java.lang.AssertionError: Fail: 'invoicesTable' is not displayedno such element
  (Session info: chrome=51.0.2704.84)
  (Driver info: chromedriver=2.9.248315,platform=Windows NT 6.3 x86_64) (WARNING: The server did not provide any stacktrace information)
Command duration or timeout: 10.06 seconds
For documentation on this error, please visit: http://seleniumhq.org/exceptions/no_such_element.html
Build info: version: '2.52.0', revision: '4c2593c', time: '2016-02-11 19:06:42'
System info: host: 'WSR12LAVAQA01', ip: '192.168.21.81', os.name: 'Windows Server 2012 R2', os.arch: 'amd64', os.version: '6.3', java.version: '1.8.0_40'
Driver info: org.openqa.selenium.chrome.ChromeDriver
Capabilities [{applicationCacheEnabled=false, rotatable=false, chrome={userDataDir=C:\Users\LAVANT~1\AppData\Local\Temp\2\scoped_dir3948_30094}, takesHeapSnapshot=true, databaseEnabled=false, handlesAlerts=true, version=51.0.2704.84, platform=WIN8_1, browserConnectionEnabled=false, nativeEvents=true, acceptSslCerts=true, locationContextEnabled=true, webStorageEnabled=true, browserName=chrome, takesScreenshot=true, javascriptEnabled=true, cssSelectorsEnabled=true}]
Session ID: 23dcae4799d94800dc362099deb8842f
*** Element info: {Using=css selector, value=#Invoice_List tr td}
Command duration or timeout: 10.26 seconds
For documentation on this error, please visit: http://seleniumhq.org/exceptions/no_such_element.html
Build info: version: '2.52.0', revision: '4c2593cfc3689a7fcd7be52549167e5ccc93ad28', time: '2016-02-11 11:22:43'
System info: host: 'WLW7-TALLURYS', ip: '192.168.2.92', os.name: 'Windows 7', os.arch: 'amd64', os.version: '6.1', java.version: '1.8.0_40'
Driver info: org.openqa.selenium.remote.RemoteWebDriver
Capabilities [{applicationCacheEnabled=false, rotatable=false, chrome={userDataDir=C:\Users\LAVANT~1\AppData\Local\Temp\2\scoped_dir3948_30094}, takesHeapSnapshot=true, databaseEnabled=false, handlesAlerts=true, version=51.0.2704.84, platform=WIN8_1, browserConnectionEnabled=false, nativeEvents=true, acceptSslCerts=true, webdriver.remote.sessionid=e878acb0-5400-4b51-b1f9-95edfa0e6869, locationContextEnabled=true, webStorageEnabled=true, browserName=chrome, takesScreenshot=true, javascriptEnabled=true, cssSelectorsEnabled=true}]
Session ID: e878acb0-5400-4b51-b1f9-95edfa0e6869
*** Element info: {Using=css selector, value=#Invoice_List tr td}
	at org.testng.Assert.fail(Assert.java:94)
	at lavante.recovery.utilities.Report.fail(Report.java:20)
	at lavante.recovery.utilities.seleniumBaseClass.isDisplayed(seleniumBaseClass.java:216)
	at lavante.recovery.pageobjects.Audit.AuditInvoicePage.verifyinvoicesTable(AuditInvoicePage.java:28)
	at lavante.recovery.testsuites.SanityTestSuite.verifyInvoicePage(SanityTestSuite.java:278)
</failure>
    <system-out><![CDATA[Pass: 'invoiceLink' is clicked
Info: Switched successfully to frame :0
Fail: 'invoicesTable' is not displayedno such element
  (Session info: chrome=51.0.2704.84)
  (Driver info: chromedriver=2.9.248315,platform=Windows NT 6.3 x86_64) (WARNING: The server did not provide any stacktrace information)
Command duration or timeout: 10.06 seconds
For documentation on this error, please visit: http://seleniumhq.org/exceptions/no_such_element.html
Build info: version: '2.52.0', revision: '4c2593c', time: '2016-02-11 19:06:42'
System info: host: 'WSR12LAVAQA01', ip: '192.168.21.81', os.name: 'Windows Server 2012 R2', os.arch: 'amd64', os.version: '6.3', java.version: '1.8.0_40'
Driver info: org.openqa.selenium.chrome.ChromeDriver
Capabilities [{applicationCacheEnabled=false, rotatable=false, chrome={userDataDir=C:\Users\LAVANT~1\AppData\Local\Temp\2\scoped_dir3948_30094}, takesHeapSnapshot=true, databaseEnabled=false, handlesAlerts=true, version=51.0.2704.84, platform=WIN8_1, browserConnectionEnabled=false, nativeEvents=true, acceptSslCerts=true, locationContextEnabled=true, webStorageEnabled=true, browserName=chrome, takesScreenshot=true, javascriptEnabled=true, cssSelectorsEnabled=true}]
Session ID: 23dcae4799d94800dc362099deb8842f
*** Element info: {Using=css selector, value=#Invoice_List tr td}
Command duration or timeout: 10.26 seconds
For documentation on this error, please visit: http://seleniumhq.org/exceptions/no_such_element.html
Build info: version: '2.52.0', revision: '4c2593cfc3689a7fcd7be52549167e5ccc93ad28', time: '2016-02-11 11:22:43'
System info: host: 'WLW7-TALLURYS', ip: '192.168.2.92', os.name: 'Windows 7', os.arch: 'amd64', os.version: '6.1', java.version: '1.8.0_40'
Driver info: org.openqa.selenium.remote.RemoteWebDriver
Capabilities [{applicationCacheEnabled=false, rotatable=false, chrome={userDataDir=C:\Users\LAVANT~1\AppData\Local\Temp\2\scoped_dir3948_30094}, takesHeapSnapshot=true, databaseEnabled=false, handlesAlerts=true, version=51.0.2704.84, platform=WIN8_1, browserConnectionEnabled=false, nativeEvents=true, acceptSslCerts=true, webdriver.remote.sessionid=e878acb0-5400-4b51-b1f9-95edfa0e6869, locationContextEnabled=true, webStorageEnabled=true, browserName=chrome, takesScreenshot=true, javascriptEnabled=true, cssSelectorsEnabled=true}]
Session ID: e878acb0-5400-4b51-b1f9-95edfa0e6869
*** Element info: {Using=css selector, value=#Invoice_List tr td}
]]></system-out>
  </testcase>
  <testcase name="verifyPossibleDupesPage" classname="lavante.recovery.testsuites.SanityTestSuite" time="15.996">
    <failure message="Fail: &apos;possDupSummaryTable&apos; is not displayedno such element&#10;  (Session info: chrome=51.0.2704.84)&#10;  (Driver info: chromedriver=2.9.248315,platform=Windows NT 6.3 x86_64) (WARNING: The server did not provide any stacktrace information)&#10;Command duration or timeout: 10.07 seconds&#10;For documentation on this error, please visit: http://seleniumhq.org/exceptions/no_such_element.html&#10;Build info: version: &apos;2.52.0&apos;, revision: &apos;4c2593c&apos;, time: &apos;2016-02-11 19:06:42&apos;&#10;System info: host: &apos;WSR12LAVAQA01&apos;, ip: &apos;192.168.21.81&apos;, os.name: &apos;Windows Server 2012 R2&apos;, os.arch: &apos;amd64&apos;, os.version: &apos;6.3&apos;, java.version: &apos;1.8.0_40&apos;&#10;Driver info: org.openqa.selenium.chrome.ChromeDriver&#10;Capabilities [{applicationCacheEnabled=false, rotatable=false, chrome={userDataDir=C:\Users\LAVANT~1\AppData\Local\Temp\2\scoped_dir3948_30094}, takesHeapSnapshot=true, databaseEnabled=false, handlesAlerts=true, version=51.0.2704.84, platform=WIN8_1, browserConnectionEnabled=false, nativeEvents=true, acceptSslCerts=true, locationContextEnabled=true, webStorageEnabled=true, browserName=chrome, takesScreenshot=true, javascriptEnabled=true, cssSelectorsEnabled=true}]&#10;Session ID: 23dcae4799d94800dc362099deb8842f&#10;*** Element info: {Using=css selector, value=#possible_dup_summary tr td a}&#10;Command duration or timeout: 10.23 seconds&#10;For documentation on this error, please visit: http://seleniumhq.org/exceptions/no_such_element.html&#10;Build info: version: &apos;2.52.0&apos;, revision: &apos;4c2593cfc3689a7fcd7be52549167e5ccc93ad28&apos;, time: &apos;2016-02-11 11:22:43&apos;&#10;System info: host: &apos;WLW7-TALLURYS&apos;, ip: &apos;192.168.2.92&apos;, os.name: &apos;Windows 7&apos;, os.arch: &apos;amd64&apos;, os.version: &apos;6.1&apos;, java.version: &apos;1.8.0_40&apos;&#10;Driver info: org.openqa.selenium.remote.RemoteWebDriver&#10;Capabilities [{applicationCacheEnabled=false, rotatable=false, chrome={userDataDir=C:\Users\LAVANT~1\AppData\Local\Temp\2\scoped_dir3948_30094}, takesHeapSnapshot=true, databaseEnabled=false, handlesAlerts=true, version=51.0.2704.84, platform=WIN8_1, browserConnectionEnabled=false, nativeEvents=true, acceptSslCerts=true, webdriver.remote.sessionid=e878acb0-5400-4b51-b1f9-95edfa0e6869, locationContextEnabled=true, webStorageEnabled=true, browserName=chrome, takesScreenshot=true, javascriptEnabled=true, cssSelectorsEnabled=true}]&#10;Session ID: e878acb0-5400-4b51-b1f9-95edfa0e6869&#10;*** Element info: {Using=css selector, value=#possible_dup_summary tr td a}" type="java.lang.AssertionError">java.lang.AssertionError: Fail: 'possDupSummaryTable' is not displayedno such element
  (Session info: chrome=51.0.2704.84)
  (Driver info: chromedriver=2.9.248315,platform=Windows NT 6.3 x86_64) (WARNING: The server did not provide any stacktrace information)
Command duration or timeout: 10.07 seconds
For documentation on this error, please visit: http://seleniumhq.org/exceptions/no_such_element.html
Build info: version: '2.52.0', revision: '4c2593c', time: '2016-02-11 19:06:42'
System info: host: 'WSR12LAVAQA01', ip: '192.168.21.81', os.name: 'Windows Server 2012 R2', os.arch: 'amd64', os.version: '6.3', java.version: '1.8.0_40'
Driver info: org.openqa.selenium.chrome.ChromeDriver
Capabilities [{applicationCacheEnabled=false, rotatable=false, chrome={userDataDir=C:\Users\LAVANT~1\AppData\Local\Temp\2\scoped_dir3948_30094}, takesHeapSnapshot=true, databaseEnabled=false, handlesAlerts=true, version=51.0.2704.84, platform=WIN8_1, browserConnectionEnabled=false, nativeEvents=true, acceptSslCerts=true, locationContextEnabled=true, webStorageEnabled=true, browserName=chrome, takesScreenshot=true, javascriptEnabled=true, cssSelectorsEnabled=true}]
Session ID: 23dcae4799d94800dc362099deb8842f
*** Element info: {Using=css selector, value=#possible_dup_summary tr td a}
Command duration or timeout: 10.23 seconds
For documentation on this error, please visit: http://seleniumhq.org/exceptions/no_such_element.html
Build info: version: '2.52.0', revision: '4c2593cfc3689a7fcd7be52549167e5ccc93ad28', time: '2016-02-11 11:22:43'
System info: host: 'WLW7-TALLURYS', ip: '192.168.2.92', os.name: 'Windows 7', os.arch: 'amd64', os.version: '6.1', java.version: '1.8.0_40'
Driver info: org.openqa.selenium.remote.RemoteWebDriver
Capabilities [{applicationCacheEnabled=false, rotatable=false, chrome={userDataDir=C:\Users\LAVANT~1\AppData\Local\Temp\2\scoped_dir3948_30094}, takesHeapSnapshot=true, databaseEnabled=false, handlesAlerts=true, version=51.0.2704.84, platform=WIN8_1, browserConnectionEnabled=false, nativeEvents=true, acceptSslCerts=true, webdriver.remote.sessionid=e878acb0-5400-4b51-b1f9-95edfa0e6869, locationContextEnabled=true, webStorageEnabled=true, browserName=chrome, takesScreenshot=true, javascriptEnabled=true, cssSelectorsEnabled=true}]
Session ID: e878acb0-5400-4b51-b1f9-95edfa0e6869
*** Element info: {Using=css selector, value=#possible_dup_summary tr td a}
	at org.testng.Assert.fail(Assert.java:94)
	at lavante.recovery.utilities.Report.fail(Report.java:20)
	at lavante.recovery.utilities.seleniumBaseClass.isDisplayed(seleniumBaseClass.java:216)
	at lavante.recovery.pageobjects.Audit.AuditPossibleDupesPage.verifypossDupSummaryTable(AuditPossibleDupesPage.java:28)
	at lavante.recovery.testsuites.SanityTestSuite.verifyPossibleDupesPage(SanityTestSuite.java:311)
</failure>
    <system-out><![CDATA[Pass: 'possibleDupesLink' is clicked
Info: Switched successfully to frame :0
Fail: 'possDupSummaryTable' is not displayedno such element
  (Session info: chrome=51.0.2704.84)
  (Driver info: chromedriver=2.9.248315,platform=Windows NT 6.3 x86_64) (WARNING: The server did not provide any stacktrace information)
Command duration or timeout: 10.07 seconds
For documentation on this error, please visit: http://seleniumhq.org/exceptions/no_such_element.html
Build info: version: '2.52.0', revision: '4c2593c', time: '2016-02-11 19:06:42'
System info: host: 'WSR12LAVAQA01', ip: '192.168.21.81', os.name: 'Windows Server 2012 R2', os.arch: 'amd64', os.version: '6.3', java.version: '1.8.0_40'
Driver info: org.openqa.selenium.chrome.ChromeDriver
Capabilities [{applicationCacheEnabled=false, rotatable=false, chrome={userDataDir=C:\Users\LAVANT~1\AppData\Local\Temp\2\scoped_dir3948_30094}, takesHeapSnapshot=true, databaseEnabled=false, handlesAlerts=true, version=51.0.2704.84, platform=WIN8_1, browserConnectionEnabled=false, nativeEvents=true, acceptSslCerts=true, locationContextEnabled=true, webStorageEnabled=true, browserName=chrome, takesScreenshot=true, javascriptEnabled=true, cssSelectorsEnabled=true}]
Session ID: 23dcae4799d94800dc362099deb8842f
*** Element info: {Using=css selector, value=#possible_dup_summary tr td a}
Command duration or timeout: 10.23 seconds
For documentation on this error, please visit: http://seleniumhq.org/exceptions/no_such_element.html
Build info: version: '2.52.0', revision: '4c2593cfc3689a7fcd7be52549167e5ccc93ad28', time: '2016-02-11 11:22:43'
System info: host: 'WLW7-TALLURYS', ip: '192.168.2.92', os.name: 'Windows 7', os.arch: 'amd64', os.version: '6.1', java.version: '1.8.0_40'
Driver info: org.openqa.selenium.remote.RemoteWebDriver
Capabilities [{applicationCacheEnabled=false, rotatable=false, chrome={userDataDir=C:\Users\LAVANT~1\AppData\Local\Temp\2\scoped_dir3948_30094}, takesHeapSnapshot=true, databaseEnabled=false, handlesAlerts=true, version=51.0.2704.84, platform=WIN8_1, browserConnectionEnabled=false, nativeEvents=true, acceptSslCerts=true, webdriver.remote.sessionid=e878acb0-5400-4b51-b1f9-95edfa0e6869, locationContextEnabled=true, webStorageEnabled=true, browserName=chrome, takesScreenshot=true, javascriptEnabled=true, cssSelectorsEnabled=true}]
Session ID: e878acb0-5400-4b51-b1f9-95edfa0e6869
*** Element info: {Using=css selector, value=#possible_dup_summary tr td a}
]]></system-out>
  </testcase>
  <testcase name="verifySummaryPage" classname="lavante.recovery.testsuites.SanityTestSuite" time="11.523"/>
  <testcase name="verifyCheckRegistryPage" classname="lavante.recovery.testsuites.SanityTestSuite" time="4.822"/>
  <testcase name="verifyClaimsPage" classname="lavante.recovery.testsuites.SanityTestSuite" time="6.016"/>
  <testcase name="verifyReportsPage" classname="lavante.recovery.testsuites.SanityTestSuite" time="17.038">
    <failure message="Fail: &apos;runBtn&apos; is not displayed" type="java.lang.AssertionError">java.lang.AssertionError: Fail: 'runBtn' is not displayed
	at org.testng.Assert.fail(Assert.java:94)
	at lavante.recovery.utilities.Report.fail(Report.java:20)
	at lavante.recovery.utilities.seleniumBaseClass.click(seleniumBaseClass.java:198)
	at lavante.recovery.pageobjects.ReportsPage.verifyrunBtn(ReportsPage.java:54)
	at lavante.recovery.testsuites.SanityTestSuite.verifyReportsPage(SanityTestSuite.java:385)
</failure>
    <system-out><![CDATA[Pass: 'reportsLink' is clicked
Pass: 'clientLink' is clicked
Pass: 'clientReportLink' is clicked
Fail: 'runBtn' is not displayed
]]></system-out>
  </testcase>
  <testcase name="verifySetupPage" classname="lavante.recovery.testsuites.SanityTestSuite" time="20.251">
    <failure message="Fail: &apos;addNewBtn&apos; is not displayedstale element reference: element is not attached to the page document&#10;  (Session info: chrome=51.0.2704.84)&#10;  (Driver info: chromedriver=2.9.248315,platform=Windows NT 6.3 x86_64) (WARNING: The server did not provide any stacktrace information)&#10;Command duration or timeout: 8 milliseconds&#10;For documentation on this error, please visit: http://seleniumhq.org/exceptions/stale_element_reference.html&#10;Build info: version: &apos;2.52.0&apos;, revision: &apos;4c2593c&apos;, time: &apos;2016-02-11 19:06:42&apos;&#10;System info: host: &apos;WSR12LAVAQA01&apos;, ip: &apos;192.168.21.81&apos;, os.name: &apos;Windows Server 2012 R2&apos;, os.arch: &apos;amd64&apos;, os.version: &apos;6.3&apos;, java.version: &apos;1.8.0_40&apos;&#10;Driver info: org.openqa.selenium.chrome.ChromeDriver&#10;Capabilities [{applicationCacheEnabled=false, rotatable=false, chrome={userDataDir=C:\Users\LAVANT~1\AppData\Local\Temp\2\scoped_dir3948_30094}, takesHeapSnapshot=true, databaseEnabled=false, handlesAlerts=true, version=51.0.2704.84, platform=WIN8_1, browserConnectionEnabled=false, nativeEvents=true, acceptSslCerts=true, locationContextEnabled=true, webStorageEnabled=true, browserName=chrome, takesScreenshot=true, javascriptEnabled=true, cssSelectorsEnabled=true}]&#10;Session ID: 23dcae4799d94800dc362099deb8842f&#10;Command duration or timeout: 91 milliseconds&#10;For documentation on this error, please visit: http://seleniumhq.org/exceptions/stale_element_reference.html&#10;Build info: version: &apos;2.52.0&apos;, revision: &apos;4c2593cfc3689a7fcd7be52549167e5ccc93ad28&apos;, time: &apos;2016-02-11 11:22:43&apos;&#10;System info: host: &apos;WLW7-TALLURYS&apos;, ip: &apos;192.168.2.92&apos;, os.name: &apos;Windows 7&apos;, os.arch: &apos;amd64&apos;, os.version: &apos;6.1&apos;, java.version: &apos;1.8.0_40&apos;&#10;Driver info: org.openqa.selenium.remote.RemoteWebDriver&#10;Capabilities [{applicationCacheEnabled=false, rotatable=false, chrome={userDataDir=C:\Users\LAVANT~1\AppData\Local\Temp\2\scoped_dir3948_30094}, takesHeapSnapshot=true, databaseEnabled=false, handlesAlerts=true, version=51.0.2704.84, platform=WIN8_1, browserConnectionEnabled=false, nativeEvents=true, acceptSslCerts=true, webdriver.remote.sessionid=e878acb0-5400-4b51-b1f9-95edfa0e6869, locationContextEnabled=true, webStorageEnabled=true, browserName=chrome, takesScreenshot=true, javascriptEnabled=true, cssSelectorsEnabled=true}]&#10;Session ID: e878acb0-5400-4b51-b1f9-95edfa0e6869" type="java.lang.AssertionError">java.lang.AssertionError: Fail: 'addNewBtn' is not displayedstale element reference: element is not attached to the page document
  (Session info: chrome=51.0.2704.84)
  (Driver info: chromedriver=2.9.248315,platform=Windows NT 6.3 x86_64) (WARNING: The server did not provide any stacktrace information)
Command duration or timeout: 8 milliseconds
For documentation on this error, please visit: http://seleniumhq.org/exceptions/stale_element_reference.html
Build info: version: '2.52.0', revision: '4c2593c', time: '2016-02-11 19:06:42'
System info: host: 'WSR12LAVAQA01', ip: '192.168.21.81', os.name: 'Windows Server 2012 R2', os.arch: 'amd64', os.version: '6.3', java.version: '1.8.0_40'
Driver info: org.openqa.selenium.chrome.ChromeDriver
Capabilities [{applicationCacheEnabled=false, rotatable=false, chrome={userDataDir=C:\Users\LAVANT~1\AppData\Local\Temp\2\scoped_dir3948_30094}, takesHeapSnapshot=true, databaseEnabled=false, handlesAlerts=true, version=51.0.2704.84, platform=WIN8_1, browserConnectionEnabled=false, nativeEvents=true, acceptSslCerts=true, locationContextEnabled=true, webStorageEnabled=true, browserName=chrome, takesScreenshot=true, javascriptEnabled=true, cssSelectorsEnabled=true}]
Session ID: 23dcae4799d94800dc362099deb8842f
Command duration or timeout: 91 milliseconds
For documentation on this error, please visit: http://seleniumhq.org/exceptions/stale_element_reference.html
Build info: version: '2.52.0', revision: '4c2593cfc3689a7fcd7be52549167e5ccc93ad28', time: '2016-02-11 11:22:43'
System info: host: 'WLW7-TALLURYS', ip: '192.168.2.92', os.name: 'Windows 7', os.arch: 'amd64', os.version: '6.1', java.version: '1.8.0_40'
Driver info: org.openqa.selenium.remote.RemoteWebDriver
Capabilities [{applicationCacheEnabled=false, rotatable=false, chrome={userDataDir=C:\Users\LAVANT~1\AppData\Local\Temp\2\scoped_dir3948_30094}, takesHeapSnapshot=true, databaseEnabled=false, handlesAlerts=true, version=51.0.2704.84, platform=WIN8_1, browserConnectionEnabled=false, nativeEvents=true, acceptSslCerts=true, webdriver.remote.sessionid=e878acb0-5400-4b51-b1f9-95edfa0e6869, locationContextEnabled=true, webStorageEnabled=true, browserName=chrome, takesScreenshot=true, javascriptEnabled=true, cssSelectorsEnabled=true}]
Session ID: e878acb0-5400-4b51-b1f9-95edfa0e6869
	at org.testng.Assert.fail(Assert.java:94)
	at lavante.recovery.utilities.Report.fail(Report.java:20)
	at lavante.recovery.utilities.seleniumBaseClass.isDisplayed(seleniumBaseClass.java:216)
	at lavante.recovery.pageobjects.Configuration.Setup.AuditPage.verifyaddNewBtn(AuditPage.java:64)
	at lavante.recovery.testsuites.SanityTestSuite.verifySetupPage(SanityTestSuite.java:404)
</failure>
    <system-out><![CDATA[Pass: 'configurationLink' is clicked
Pass: 'setUpLink' is clicked
Pass: 'setUpAuditLink' is clicked
Fail: 'addNewBtn' is not displayedstale element reference: element is not attached to the page document
  (Session info: chrome=51.0.2704.84)
  (Driver info: chromedriver=2.9.248315,platform=Windows NT 6.3 x86_64) (WARNING: The server did not provide any stacktrace information)
Command duration or timeout: 8 milliseconds
For documentation on this error, please visit: http://seleniumhq.org/exceptions/stale_element_reference.html
Build info: version: '2.52.0', revision: '4c2593c', time: '2016-02-11 19:06:42'
System info: host: 'WSR12LAVAQA01', ip: '192.168.21.81', os.name: 'Windows Server 2012 R2', os.arch: 'amd64', os.version: '6.3', java.version: '1.8.0_40'
Driver info: org.openqa.selenium.chrome.ChromeDriver
Capabilities [{applicationCacheEnabled=false, rotatable=false, chrome={userDataDir=C:\Users\LAVANT~1\AppData\Local\Temp\2\scoped_dir3948_30094}, takesHeapSnapshot=true, databaseEnabled=false, handlesAlerts=true, version=51.0.2704.84, platform=WIN8_1, browserConnectionEnabled=false, nativeEvents=true, acceptSslCerts=true, locationContextEnabled=true, webStorageEnabled=true, browserName=chrome, takesScreenshot=true, javascriptEnabled=true, cssSelectorsEnabled=true}]
Session ID: 23dcae4799d94800dc362099deb8842f
Command duration or timeout: 91 milliseconds
For documentation on this error, please visit: http://seleniumhq.org/exceptions/stale_element_reference.html
Build info: version: '2.52.0', revision: '4c2593cfc3689a7fcd7be52549167e5ccc93ad28', time: '2016-02-11 11:22:43'
System info: host: 'WLW7-TALLURYS', ip: '192.168.2.92', os.name: 'Windows 7', os.arch: 'amd64', os.version: '6.1', java.version: '1.8.0_40'
Driver info: org.openqa.selenium.remote.RemoteWebDriver
Capabilities [{applicationCacheEnabled=false, rotatable=false, chrome={userDataDir=C:\Users\LAVANT~1\AppData\Local\Temp\2\scoped_dir3948_30094}, takesHeapSnapshot=true, databaseEnabled=false, handlesAlerts=true, version=51.0.2704.84, platform=WIN8_1, browserConnectionEnabled=false, nativeEvents=true, acceptSslCerts=true, webdriver.remote.sessionid=e878acb0-5400-4b51-b1f9-95edfa0e6869, locationContextEnabled=true, webStorageEnabled=true, browserName=chrome, takesScreenshot=true, javascriptEnabled=true, cssSelectorsEnabled=true}]
Session ID: e878acb0-5400-4b51-b1f9-95edfa0e6869
]]></system-out>
  </testcase>
  <testcase name="verifyHoldsAssignmentsPage" classname="lavante.recovery.testsuites.SanityTestSuite" time="37.009"/>
  <testcase name="verifyCreditsAssignmentsPage" classname="lavante.recovery.testsuites.SanityTestSuite" time="11.66"/>
  <testcase name="verifyStatementsAssignmentsPage" classname="lavante.recovery.testsuites.SanityTestSuite" time="76.654"/>
  <testcase name="verifyauditStatisticsAssignmentsPage" classname="lavante.recovery.testsuites.SanityTestSuite" time="41.241"/>
</testsuite>