<!DOCTYPE html PUBLIC "-//W3C//DTD XHTML 1.1//EN" "http://www.w3.org/TR/xhtml11/DTD/xhtml11.dtd">
<html xmlns="http://www.w3.org/1999/xhtml"><head><title>TestNG Report</title><style type="text/css">table {margin-bottom:10px;border-collapse:collapse;empty-cells:show}th,td {border:1px solid #009;padding:.25em .5em}th {vertical-align:bottom}td {vertical-align:top}table a {font-weight:bold}.stripe td {background-color: #E6EBF9}.num {text-align:right}.passedodd td {background-color: #3F3}.passedeven td {background-color: #0A0}.skippedodd td {background-color: #DDD}.skippedeven td {background-color: #CCC}.failedodd td,.attn {background-color: #F33}.failedeven td,.stripe .attn {background-color: #D00}.stacktrace {white-space:pre;font-family:monospace}.totop {font-size:85%;text-align:center;border-bottom:2px solid #000}</style></head><body><table><tr><th>Test</th><th># Passed</th><th># Skipped</th><th># Failed</th><th>Time (ms)</th><th>Included Groups</th><th>Excluded Groups</th></tr><tr><th colspan="7">Default suite</th></tr><tr><td><a href="#t0">Default test</a></td><td class="num">40</td><td class="num">0</td><td class="num attn">4</td><td class="num">865,847</td><td></td><td></td></tr></table><table><thead><tr><th>Class</th><th>Method</th><th>Start</th><th>Time (ms)</th></tr></thead><tbody><tr><th colspan="4">Default suite</th></tr></tbody><tbody id="t0"><tr><th colspan="4">Default test &#8212; failed</th></tr><tr class="failedeven"><td rowspan="4">lavante.recovery.testsuites.SanityTestSuite</td><td><a href="#m0">verifyDashBoardClaims</a></td><td rowspan="1">1469422947670</td><td rowspan="1">2540</td></tr><tr class="failedeven"><td><a href="#m1">verifyDashBoardCompliance</a></td><td rowspan="1">1469422978948</td><td rowspan="1">1885</td></tr><tr class="failedeven"><td><a href="#m2">verifyDashBoardSupplier</a></td><td rowspan="1">1469422950219</td><td rowspan="1">28720</td></tr><tr class="failedeven"><td><a href="#m3">verifyInvoicePage</a></td><td rowspan="1">1469423140415</td><td rowspan="1">21504</td></tr><tr><th colspan="4">Default test &#8212; passed</th></tr><tr class="passedeven"><td rowspan="40">lavante.recovery.testsuites.SanityTestSuite</td><td><a href="#m4">verifyAccountAuditGroupsPage</a></td><td rowspan="1">1469423401387</td><td rowspan="1">3178</td></tr><tr class="passedeven"><td><a href="#m5">verifyAccountNotificationPage</a></td><td rowspan="1">1469423404567</td><td rowspan="1">3981</td></tr><tr class="passedeven"><td><a href="#m6">verifyAccountPage</a></td><td rowspan="1">1469423389288</td><td rowspan="1">4777</td></tr><tr class="passedeven"><td><a href="#m7">verifyAccountUserGroupsPage</a></td><td rowspan="1">1469423397228</td><td rowspan="1">4158</td></tr><tr class="passedeven"><td><a href="#m8">verifyAccountUsersPage</a></td><td rowspan="1">1469423394066</td><td rowspan="1">3161</td></tr><tr class="passedeven"><td><a href="#m9">verifyAssignmentsPage</a></td><td rowspan="1">1469423465575</td><td rowspan="1">8073</td></tr><tr class="passedeven"><td><a href="#m10">verifyAuditLink</a></td><td rowspan="1">1469422980835</td><td rowspan="1">64299</td></tr><tr class="passedeven"><td><a href="#m11">verifyBackGroundJobsPage</a></td><td rowspan="1">1469423381912</td><td rowspan="1">7373</td></tr><tr class="passedeven"><td><a href="#m12">verifyBatchingPage</a></td><td rowspan="1">1469423119393</td><td rowspan="1">21018</td></tr><tr class="passedeven"><td><a href="#m13">verifyCheckRegistryPage</a></td><td rowspan="1">1469423197732</td><td rowspan="1">4548</td></tr><tr class="passedeven"><td><a href="#m14">verifyClaimsPage</a></td><td rowspan="1">1469423202281</td><td rowspan="1">10876</td></tr><tr class="passedeven"><td><a href="#m15">verifyConfigTab</a></td><td rowspan="1">1469423237210</td><td rowspan="1">4625</td></tr><tr class="passedeven"><td><a href="#m16">verifyCreditrejectionPage</a></td><td rowspan="1">1469423444596</td><td rowspan="1">6193</td></tr><tr class="passedeven"><td><a href="#m17">verifyCreditsAssignmentsPage</a></td><td rowspan="1">1469423506229</td><td rowspan="1">17192</td></tr><tr class="passedeven"><td><a href="#m18">verifyDashBoardLink</a></td><td rowspan="1">1469422732515</td><td rowspan="1">215141</td></tr><tr class="passedeven"><td><a href="#m19">verifyFaxJobsPage</a></td><td rowspan="1">1469423280767</td><td rowspan="1">101144</td></tr><tr class="passedeven"><td><a href="#m20">verifyFinContractDetailsPage</a></td><td rowspan="1">1469423412601</td><td rowspan="1">7564</td></tr><tr class="passedeven"><td><a href="#m21">verifyFinInvoicesPage</a></td><td rowspan="1">1469423411617</td><td rowspan="1">983</td></tr><tr class="passedeven"><td><a href="#m22">verifyFinancePage</a></td><td rowspan="1">1469423408548</td><td rowspan="1">3068</td></tr><tr class="passedeven"><td><a href="#m23">verifyHoldsAssignmentsPage</a></td><td rowspan="1">1469423488733</td><td rowspan="1">17495</td></tr><tr class="passedeven"><td><a href="#m24">verifyInvoicesPage</a></td><td rowspan="1">1469423213158</td><td rowspan="1">24052</td></tr><tr class="passedeven"><td><a href="#m25">verifyMailerRegistryPage</a></td><td rowspan="1">1469423458288</td><td rowspan="1">7284</td></tr><tr class="passedeven"><td><a href="#m26">verifyOthersFaxCommentsPage</a></td><td rowspan="1">1469423438619</td><td rowspan="1">5976</td></tr><tr class="passedeven"><td><a href="#m27">verifyOthersPage</a></td><td rowspan="1">1469423434711</td><td rowspan="1">3907</td></tr><tr class="passedeven"><td><a href="#m28">verifyPhoneExtensionPage</a></td><td rowspan="1">1469423450790</td><td rowspan="1">7498</td></tr><tr class="passedeven"><td><a href="#m29">verifyPossibleDupesPage</a></td><td rowspan="1">1469423161922</td><td rowspan="1">24946</td></tr><tr class="passedeven"><td><a href="#m30">verifySetupAuditPage</a></td><td rowspan="1">1469423246210</td><td rowspan="1">60</td></tr><tr class="passedeven"><td><a href="#m31">verifySetupBUPage</a></td><td rowspan="1">1469423254038</td><td rowspan="1">5146</td></tr><tr class="passedeven"><td><a href="#m32">verifySetupClientPage</a></td><td rowspan="1">1469423246272</td><td rowspan="1">7765</td></tr><tr class="passedeven"><td><a href="#m33">verifySetupManageCurrencyPage</a></td><td rowspan="1">1469423273764</td><td rowspan="1">7002</td></tr><tr class="passedeven"><td><a href="#m34">verifySetupPage</a></td><td rowspan="1">1469423241836</td><td rowspan="1">4373</td></tr><tr class="passedeven"><td><a href="#m35">verifySetupPreferencesPage</a></td><td rowspan="1">1469423259185</td><td rowspan="1">7146</td></tr><tr class="passedeven"><td><a href="#m36">verifySetupReqLetterPage</a></td><td rowspan="1">1469423266333</td><td rowspan="1">7431</td></tr><tr class="passedeven"><td><a href="#m37">verifyStatementsAssignmentsPage</a></td><td rowspan="1">1469423523421</td><td rowspan="1">41020</td></tr><tr class="passedeven"><td><a href="#m38">verifySummaryPage</a></td><td rowspan="1">1469423186869</td><td rowspan="1">10862</td></tr><tr class="passedeven"><td><a href="#m39">verifyUploadsPage</a></td><td rowspan="1">1469423420166</td><td rowspan="1">14544</td></tr><tr class="passedeven"><td><a href="#m40">verifyauditInboundPage</a></td><td rowspan="1">1469423053711</td><td rowspan="1">58961</td></tr><tr class="passedeven"><td><a href="#m41">verifyauditOutboundPage</a></td><td rowspan="1">1469423045136</td><td rowspan="1">8573</td></tr><tr class="passedeven"><td><a href="#m42">verifyauditStatisticsAssignmentsPage</a></td><td rowspan="1">1469423473649</td><td rowspan="1">15084</td></tr><tr class="passedeven"><td><a href="#m43">verifycontactEntryPage</a></td><td rowspan="1">1469423112680</td><td rowspan="1">6712</td></tr></tbody></table><h2>Default test</h2><h3 id="m0">lavante.recovery.testsuites.SanityTestSuite#verifyDashBoardClaims</h3><table class="result"><tr><th>Messages</th></tr><tr><td><div class="messages">Pass: &apos;openClaims&apos; is displayed<br/>Pass: https://recoveryqa39.lavante.com/recovery/claimDashboard.lvp#claims Page is working fine<br/>Fail: &apos;batchedClaimslink&apos; is not displayed<br/>To View Screenshot &lt;a href=&quot;file:///null/2016_25_Jul_10_32_29.png&quot;&gt;Click Here&lt;/a&gt;</div></td></tr><tr><th>Exception</th></tr><tr><td><div class="stacktrace">java.lang.AssertionError: Fail: &apos;batchedClaimslink&apos; is not displayed
	at org.testng.Assert.fail(Assert.java:94)
	at lavante.recovery.utilities.Report.fail(Report.java:23)
	at lavante.recovery.utilities.seleniumBaseClass.click(seleniumBaseClass.java:236)
	at lavante.recovery.pageobjects.DashBoard.ClaimsPage.verifyBatchedClaimsLink(ClaimsPage.java:46)
	at lavante.recovery.testsuites.SanityTestSuite.verifyDashBoardClaims(SanityTestSuite.java:74)
	at sun.reflect.NativeMethodAccessorImpl.invoke0(Native Method)
	at sun.reflect.NativeMethodAccessorImpl.invoke(NativeMethodAccessorImpl.java:62)
	at sun.reflect.DelegatingMethodAccessorImpl.invoke(DelegatingMethodAccessorImpl.java:43)
	at java.lang.reflect.Method.invoke(Method.java:497)
	at org.testng.internal.MethodInvocationHelper.invokeMethod(MethodInvocationHelper.java:86)
	at org.testng.internal.Invoker.invokeMethod(Invoker.java:646)
	at org.testng.internal.Invoker.invokeTestMethod(Invoker.java:823)
	at org.testng.internal.Invoker.invokeTestMethods(Invoker.java:1131)
	at org.testng.internal.TestMethodWorker.invokeTestMethods(TestMethodWorker.java:129)
	at org.testng.internal.TestMethodWorker.run(TestMethodWorker.java:112)
	at org.testng.TestRunner.privateRun(TestRunner.java:778)
	at org.testng.TestRunner.run(TestRunner.java:632)
	at org.testng.SuiteRunner.runTest(SuiteRunner.java:366)
	at org.testng.SuiteRunner.runSequentially(SuiteRunner.java:361)
	at org.testng.SuiteRunner.privateRun(SuiteRunner.java:319)
	at org.testng.SuiteRunner.run(SuiteRunner.java:268)
	at org.testng.SuiteRunnerWorker.runSuite(SuiteRunnerWorker.java:52)
	at org.testng.SuiteRunnerWorker.run(SuiteRunnerWorker.java:86)
	at org.testng.TestNG.runSuitesSequentially(TestNG.java:1225)
	at org.testng.TestNG.runSuitesLocally(TestNG.java:1150)
	at org.testng.TestNG.runSuites(TestNG.java:1075)
	at org.testng.TestNG.run(TestNG.java:1047)
	at org.testng.remote.AbstractRemoteTestNG.run(AbstractRemoteTestNG.java:126)
	at org.testng.remote.RemoteTestNG.initAndRun(RemoteTestNG.java:75)
	at org.testng.remote.RemoteTestNG.main(RemoteTestNG.java:46)
</div></td></tr></table><p class="totop"><a href="#summary">back to summary</a></p><h3 id="m1">lavante.recovery.testsuites.SanityTestSuite#verifyDashBoardCompliance</h3><table class="result"><tr><th>Messages</th></tr><tr><td><div class="messages">Pass: https://recoveryqa39.lavante.com/recovery/supplierDashboard.lvp#Credit Page is working fine<br/>Fail: &apos;complainceLink&apos; is not displayed<br/>To View Screenshot &lt;a href=&quot;file:///null/2016_25_Jul_10_33_00.png&quot;&gt;Click Here&lt;/a&gt;</div></td></tr><tr><th>Exception</th></tr><tr><td><div class="stacktrace">java.lang.AssertionError: Fail: &apos;complainceLink&apos; is not displayed
	at org.testng.Assert.fail(Assert.java:94)
	at lavante.recovery.utilities.Report.fail(Report.java:23)
	at lavante.recovery.utilities.seleniumBaseClass.click(seleniumBaseClass.java:236)
	at lavante.recovery.pageobjects.DashBoard.CompliancePage.verifycomplainceLink(CompliancePage.java:19)
	at lavante.recovery.testsuites.SanityTestSuite.verifyDashBoardCompliance(SanityTestSuite.java:123)
	at sun.reflect.NativeMethodAccessorImpl.invoke0(Native Method)
	at sun.reflect.NativeMethodAccessorImpl.invoke(NativeMethodAccessorImpl.java:62)
	at sun.reflect.DelegatingMethodAccessorImpl.invoke(DelegatingMethodAccessorImpl.java:43)
	at java.lang.reflect.Method.invoke(Method.java:497)
	at org.testng.internal.MethodInvocationHelper.invokeMethod(MethodInvocationHelper.java:86)
	at org.testng.internal.Invoker.invokeMethod(Invoker.java:646)
	at org.testng.internal.Invoker.invokeTestMethod(Invoker.java:823)
	at org.testng.internal.Invoker.invokeTestMethods(Invoker.java:1131)
	at org.testng.internal.TestMethodWorker.invokeTestMethods(TestMethodWorker.java:129)
	at org.testng.internal.TestMethodWorker.run(TestMethodWorker.java:112)
	at org.testng.TestRunner.privateRun(TestRunner.java:778)
	at org.testng.TestRunner.run(TestRunner.java:632)
	at org.testng.SuiteRunner.runTest(SuiteRunner.java:366)
	at org.testng.SuiteRunner.runSequentially(SuiteRunner.java:361)
	at org.testng.SuiteRunner.privateRun(SuiteRunner.java:319)
	at org.testng.SuiteRunner.run(SuiteRunner.java:268)
	at org.testng.SuiteRunnerWorker.runSuite(SuiteRunnerWorker.java:52)
	at org.testng.SuiteRunnerWorker.run(SuiteRunnerWorker.java:86)
	at org.testng.TestNG.runSuitesSequentially(TestNG.java:1225)
	at org.testng.TestNG.runSuitesLocally(TestNG.java:1150)
	at org.testng.TestNG.runSuites(TestNG.java:1075)
	at org.testng.TestNG.run(TestNG.java:1047)
	at org.testng.remote.AbstractRemoteTestNG.run(AbstractRemoteTestNG.java:126)
	at org.testng.remote.RemoteTestNG.initAndRun(RemoteTestNG.java:75)
	at org.testng.remote.RemoteTestNG.main(RemoteTestNG.java:46)
</div></td></tr></table><p class="totop"><a href="#summary">back to summary</a></p><h3 id="m2">lavante.recovery.testsuites.SanityTestSuite#verifyDashBoardSupplier</h3><table class="result"><tr><th>Messages</th></tr><tr><td><div class="messages">Pass: &apos;supplierLink&apos; is clicked</div></td></tr><tr><th>Exception</th></tr><tr><td><div class="stacktrace">org.openqa.selenium.StaleElementReferenceException: stale element reference: element is not attached to the page document
  (Session info: chrome=51.0.2704.106)
  (Driver info: chromedriver=2.14.313457 (3d645c400edf2e2c500566c9aa096063e707c9cf),platform=Windows NT 6.1 SP1 x86_64) (WARNING: The server did not provide any stacktrace information)
Command duration or timeout: 9 milliseconds
For documentation on this error, please visit: http://seleniumhq.org/exceptions/stale_element_reference.html
Build info: version: &apos;2.52.0&apos;, revision: &apos;4c2593cfc3689a7fcd7be52549167e5ccc93ad28&apos;, time: &apos;2016-02-11 11:22:43&apos;
System info: host: &apos;WLW7-TALLURYS&apos;, ip: &apos;192.168.21.55&apos;, os.name: &apos;Windows 7&apos;, os.arch: &apos;amd64&apos;, os.version: &apos;6.1&apos;, java.version: &apos;1.8.0_40&apos;
Driver info: org.openqa.selenium.chrome.ChromeDriver
Capabilities [{applicationCacheEnabled=false, rotatable=false, mobileEmulationEnabled=false, chrome={userDataDir=C:\Users\TALLUR~1.SRI\AppData\Local\Temp\scoped_dir8820_31152}, takesHeapSnapshot=true, databaseEnabled=false, handlesAlerts=true, version=51.0.2704.106, platform=XP, browserConnectionEnabled=false, nativeEvents=true, acceptSslCerts=true, locationContextEnabled=true, webStorageEnabled=true, browserName=chrome, takesScreenshot=true, javascriptEnabled=true, cssSelectorsEnabled=true}]
Session ID: c6bfff8c1041c3eaa51678effc105fce
	at sun.reflect.NativeConstructorAccessorImpl.newInstance0(Native Method)
	at sun.reflect.NativeConstructorAccessorImpl.newInstance(NativeConstructorAccessorImpl.java:62)
	at sun.reflect.DelegatingConstructorAccessorImpl.newInstance(DelegatingConstructorAccessorImpl.java:45)
	at java.lang.reflect.Constructor.newInstance(Constructor.java:422)
	at org.openqa.selenium.remote.ErrorHandler.createThrowable(ErrorHandler.java:206)
	at org.openqa.selenium.remote.ErrorHandler.throwIfResponseFailed(ErrorHandler.java:158)
	at org.openqa.selenium.remote.RemoteWebDriver.execute(RemoteWebDriver.java:678)
	at org.openqa.selenium.remote.RemoteWebElement.execute(RemoteWebElement.java:327)
	at org.openqa.selenium.remote.RemoteWebElement.isDisplayed(RemoteWebElement.java:368)
	at sun.reflect.NativeMethodAccessorImpl.invoke0(Native Method)
	at sun.reflect.NativeMethodAccessorImpl.invoke(NativeMethodAccessorImpl.java:62)
	at sun.reflect.DelegatingMethodAccessorImpl.invoke(DelegatingMethodAccessorImpl.java:43)
	at java.lang.reflect.Method.invoke(Method.java:497)
	at org.openqa.selenium.support.pagefactory.internal.LocatingElementHandler.invoke(LocatingElementHandler.java:51)
	at com.sun.proxy.$Proxy9.isDisplayed(Unknown Source)
	at org.openqa.selenium.support.ui.ExpectedConditions.elementIfVisible(ExpectedConditions.java:302)
	at org.openqa.selenium.support.ui.ExpectedConditions.access$100(ExpectedConditions.java:41)
	at org.openqa.selenium.support.ui.ExpectedConditions$10.apply(ExpectedConditions.java:288)
	at org.openqa.selenium.support.ui.ExpectedConditions$10.apply(ExpectedConditions.java:285)
	at org.openqa.selenium.support.ui.ExpectedConditions$23.apply(ExpectedConditions.java:696)
	at org.openqa.selenium.support.ui.ExpectedConditions$23.apply(ExpectedConditions.java:689)
	at org.openqa.selenium.support.ui.FluentWait.until(FluentWait.java:238)
	at lavante.recovery.utilities.seleniumBaseClass.ExplicitWaitforLinksClick(seleniumBaseClass.java:471)
	at lavante.recovery.pageobjects.DashBoard.SupplierPage.verifySupplierLink(SupplierPage.java:20)
	at lavante.recovery.testsuites.SanityTestSuite.verifyDashBoardSupplier(SanityTestSuite.java:91)
	at sun.reflect.NativeMethodAccessorImpl.invoke0(Native Method)
	at sun.reflect.NativeMethodAccessorImpl.invoke(NativeMethodAccessorImpl.java:62)
	at sun.reflect.DelegatingMethodAccessorImpl.invoke(DelegatingMethodAccessorImpl.java:43)
	at java.lang.reflect.Method.invoke(Method.java:497)
	at org.testng.internal.MethodInvocationHelper.invokeMethod(MethodInvocationHelper.java:86)
	at org.testng.internal.Invoker.invokeMethod(Invoker.java:646)
	at org.testng.internal.Invoker.invokeTestMethod(Invoker.java:823)
	at org.testng.internal.Invoker.invokeTestMethods(Invoker.java:1131)
	at org.testng.internal.TestMethodWorker.invokeTestMethods(TestMethodWorker.java:129)
	at org.testng.internal.TestMethodWorker.run(TestMethodWorker.java:112)
	at org.testng.TestRunner.privateRun(TestRunner.java:778)
	at org.testng.TestRunner.run(TestRunner.java:632)
	at org.testng.SuiteRunner.runTest(SuiteRunner.java:366)
	at org.testng.SuiteRunner.runSequentially(SuiteRunner.java:361)
	at org.testng.SuiteRunner.privateRun(SuiteRunner.java:319)
	at org.testng.SuiteRunner.run(SuiteRunner.java:268)
	at org.testng.SuiteRunnerWorker.runSuite(SuiteRunnerWorker.java:52)
	at org.testng.SuiteRunnerWorker.run(SuiteRunnerWorker.java:86)
	at org.testng.TestNG.runSuitesSequentially(TestNG.java:1225)
	at org.testng.TestNG.runSuitesLocally(TestNG.java:1150)
	at org.testng.TestNG.runSuites(TestNG.java:1075)
	at org.testng.TestNG.run(TestNG.java:1047)
	at org.testng.remote.AbstractRemoteTestNG.run(AbstractRemoteTestNG.java:126)
	at org.testng.remote.RemoteTestNG.initAndRun(RemoteTestNG.java:75)
	at org.testng.remote.RemoteTestNG.main(RemoteTestNG.java:46)
</div></td></tr></table><p class="totop"><a href="#summary">back to summary</a></p><h3 id="m3">lavante.recovery.testsuites.SanityTestSuite#verifyInvoicePage</h3><table class="result"><tr><th>Messages</th></tr><tr><td><div class="messages">Pass: &apos;invoiceLink&apos; is clicked<br/>Info: Switched successfully to frame :0<br/>Fail: &apos;invoicesTable&apos; is not displayedno such element
  (Session info: chrome=51.0.2704.106)
  (Driver info: chromedriver=2.14.313457 (3d645c400edf2e2c500566c9aa096063e707c9cf),platform=Windows NT 6.1 SP1 x86_64) (WARNING: The server did not provide any stacktrace information)
Command duration or timeout: 10.03 seconds
For documentation on this error, please visit: http://seleniumhq.org/exceptions/no_such_element.html
Build info: version: &apos;2.52.0&apos;, revision: &apos;4c2593cfc3689a7fcd7be52549167e5ccc93ad28&apos;, time: &apos;2016-02-11 11:22:43&apos;
System info: host: &apos;WLW7-TALLURYS&apos;, ip: &apos;192.168.21.55&apos;, os.name: &apos;Windows 7&apos;, os.arch: &apos;amd64&apos;, os.version: &apos;6.1&apos;, java.version: &apos;1.8.0_40&apos;
Driver info: org.openqa.selenium.chrome.ChromeDriver
Capabilities [{applicationCacheEnabled=false, rotatable=false, mobileEmulationEnabled=false, chrome={userDataDir=C:\Users\TALLUR~1.SRI\AppData\Local\Temp\scoped_dir8820_31152}, takesHeapSnapshot=true, databaseEnabled=false, handlesAlerts=true, version=51.0.2704.106, platform=XP, browserConnectionEnabled=false, nativeEvents=true, acceptSslCerts=true, locationContextEnabled=true, webStorageEnabled=true, browserName=chrome, takesScreenshot=true, javascriptEnabled=true, cssSelectorsEnabled=true}]
Session ID: c6bfff8c1041c3eaa51678effc105fce
*** Element info: {Using=css selector, value=#Invoice_List tr td}<br/>To View Screenshot &lt;a href=&quot;file:///null/2016_25_Jul_10_36_01.png&quot;&gt;Click Here&lt;/a&gt;</div></td></tr><tr><th>Exception</th></tr><tr><td><div class="stacktrace">java.lang.AssertionError: Fail: &apos;invoicesTable&apos; is not displayedno such element
  (Session info: chrome=51.0.2704.106)
  (Driver info: chromedriver=2.14.313457 (3d645c400edf2e2c500566c9aa096063e707c9cf),platform=Windows NT 6.1 SP1 x86_64) (WARNING: The server did not provide any stacktrace information)
Command duration or timeout: 10.03 seconds
For documentation on this error, please visit: http://seleniumhq.org/exceptions/no_such_element.html
Build info: version: &apos;2.52.0&apos;, revision: &apos;4c2593cfc3689a7fcd7be52549167e5ccc93ad28&apos;, time: &apos;2016-02-11 11:22:43&apos;
System info: host: &apos;WLW7-TALLURYS&apos;, ip: &apos;192.168.21.55&apos;, os.name: &apos;Windows 7&apos;, os.arch: &apos;amd64&apos;, os.version: &apos;6.1&apos;, java.version: &apos;1.8.0_40&apos;
Driver info: org.openqa.selenium.chrome.ChromeDriver
Capabilities [{applicationCacheEnabled=false, rotatable=false, mobileEmulationEnabled=false, chrome={userDataDir=C:\Users\TALLUR~1.SRI\AppData\Local\Temp\scoped_dir8820_31152}, takesHeapSnapshot=true, databaseEnabled=false, handlesAlerts=true, version=51.0.2704.106, platform=XP, browserConnectionEnabled=false, nativeEvents=true, acceptSslCerts=true, locationContextEnabled=true, webStorageEnabled=true, browserName=chrome, takesScreenshot=true, javascriptEnabled=true, cssSelectorsEnabled=true}]
Session ID: c6bfff8c1041c3eaa51678effc105fce
*** Element info: {Using=css selector, value=#Invoice_List tr td}
	at org.testng.Assert.fail(Assert.java:94)
	at lavante.recovery.utilities.Report.fail(Report.java:23)
	at lavante.recovery.utilities.seleniumBaseClass.isDisplayed(seleniumBaseClass.java:256)
	at lavante.recovery.pageobjects.Audit.AuditInvoicePage.verifyinvoicesTable(AuditInvoicePage.java:29)
	at lavante.recovery.testsuites.SanityTestSuite.verifyInvoicePage(SanityTestSuite.java:291)
	at sun.reflect.NativeMethodAccessorImpl.invoke0(Native Method)
	at sun.reflect.NativeMethodAccessorImpl.invoke(NativeMethodAccessorImpl.java:62)
	at sun.reflect.DelegatingMethodAccessorImpl.invoke(DelegatingMethodAccessorImpl.java:43)
	at java.lang.reflect.Method.invoke(Method.java:497)
	at org.testng.internal.MethodInvocationHelper.invokeMethod(MethodInvocationHelper.java:86)
	at org.testng.internal.Invoker.invokeMethod(Invoker.java:646)
	at org.testng.internal.Invoker.invokeTestMethod(Invoker.java:823)
	at org.testng.internal.Invoker.invokeTestMethods(Invoker.java:1131)
	at org.testng.internal.TestMethodWorker.invokeTestMethods(TestMethodWorker.java:129)
	at org.testng.internal.TestMethodWorker.run(TestMethodWorker.java:112)
	at org.testng.TestRunner.privateRun(TestRunner.java:778)
	at org.testng.TestRunner.run(TestRunner.java:632)
	at org.testng.SuiteRunner.runTest(SuiteRunner.java:366)
	at org.testng.SuiteRunner.runSequentially(SuiteRunner.java:361)
	at org.testng.SuiteRunner.privateRun(SuiteRunner.java:319)
	at org.testng.SuiteRunner.run(SuiteRunner.java:268)
	at org.testng.SuiteRunnerWorker.runSuite(SuiteRunnerWorker.java:52)
	at org.testng.SuiteRunnerWorker.run(SuiteRunnerWorker.java:86)
	at org.testng.TestNG.runSuitesSequentially(TestNG.java:1225)
	at org.testng.TestNG.runSuitesLocally(TestNG.java:1150)
	at org.testng.TestNG.runSuites(TestNG.java:1075)
	at org.testng.TestNG.run(TestNG.java:1047)
	at org.testng.remote.AbstractRemoteTestNG.run(AbstractRemoteTestNG.java:126)
	at org.testng.remote.RemoteTestNG.initAndRun(RemoteTestNG.java:75)
	at org.testng.remote.RemoteTestNG.main(RemoteTestNG.java:46)
</div></td></tr></table><p class="totop"><a href="#summary">back to summary</a></p><h3 id="m4">lavante.recovery.testsuites.SanityTestSuite#verifyAccountAuditGroupsPage</h3><table class="result"><tr><th>Messages</th></tr><tr><td><div class="messages">Pass: &apos;auditGroupsLink&apos; is clicked<br/>Pass: https://recoveryqa39.lavante.com/recovery/userGroupConfiguration.lvp Page is working fine<br/>Pass: &apos;auditGroupsTable&apos; is displayed<br/>Pass: &apos;addNewBtn&apos; is displayed</div></td></tr></table><p class="totop"><a href="#summary">back to summary</a></p><h3 id="m5">lavante.recovery.testsuites.SanityTestSuite#verifyAccountNotificationPage</h3><table class="result"><tr><th>Messages</th></tr><tr><td><div class="messages">Pass: &apos;notificationsLink&apos; is clicked<br/>Pass: https://recoveryqa39.lavante.com/recovery/auditGroupSetUp.lvp Page is working fine<br/>Pass: &apos;notificationsTable&apos; is displayed<br/>Pass: &apos;addNewBtn&apos; is displayed</div></td></tr></table><p class="totop"><a href="#summary">back to summary</a></p><h3 id="m6">lavante.recovery.testsuites.SanityTestSuite#verifyAccountPage</h3><table class="result"><tr><th>Messages</th></tr><tr><td><div class="messages">Pass: &apos;accountLink&apos; is clicked<br/>Pass: https://recoveryqa39.lavante.com/recovery/backgroundJobs.lvp Page is working fine</div></td></tr></table><p class="totop"><a href="#summary">back to summary</a></p><h3 id="m7">lavante.recovery.testsuites.SanityTestSuite#verifyAccountUserGroupsPage</h3><table class="result"><tr><th>Messages</th></tr><tr><td><div class="messages">Pass: &apos;userGroupsLink&apos; is clicked<br/>Pass: https://recoveryqa39.lavante.com/recovery/accountConfiguration.lvp Page is working fine<br/>Pass: &apos;userGroupsTable&apos; is displayed<br/>Pass: &apos;addNewBtn&apos; is displayed</div></td></tr></table><p class="totop"><a href="#summary">back to summary</a></p><h3 id="m8">lavante.recovery.testsuites.SanityTestSuite#verifyAccountUsersPage</h3><table class="result"><tr><th>Messages</th></tr><tr><td><div class="messages">Pass: &apos;usersListTable&apos; is displayed<br/>Pass: &apos;addNewBtn&apos; is displayed</div></td></tr></table><p class="totop"><a href="#summary">back to summary</a></p><h3 id="m9">lavante.recovery.testsuites.SanityTestSuite#verifyAssignmentsPage</h3><table class="result"><tr><th>Messages</th></tr><tr><td><div class="messages">Pass: &apos;assignmentsLink&apos; is clicked<br/>Pass: https://recoveryqa39.lavante.com/recovery/mailerRegistry.lvp Page is working fine</div></td></tr></table><p class="totop"><a href="#summary">back to summary</a></p><h3 id="m10">lavante.recovery.testsuites.SanityTestSuite#verifyAuditLink</h3><table class="result"><tr><th>Messages</th></tr><tr><td><div class="messages">Pass: &apos;auditLink&apos; is clicked<br/>Pass: https://recoveryqa39.lavante.com/recovery/supplierDashboard.lvp#Credit Page is working fine<br/>Pass: &apos;auditLink&apos; is displayed</div></td></tr></table><p class="totop"><a href="#summary">back to summary</a></p><h3 id="m11">lavante.recovery.testsuites.SanityTestSuite#verifyBackGroundJobsPage</h3><table class="result"><tr><th>Messages</th></tr><tr><td><div class="messages">Pass: &apos;backgroundJobsLink&apos; is clicked<br/>Pass: https://recoveryqa39.lavante.com/recovery/jobConfiguration.lvp Page is working fine<br/>Pass: &apos;backgroundJobsTable&apos; is displayed</div></td></tr></table><p class="totop"><a href="#summary">back to summary</a></p><h3 id="m12">lavante.recovery.testsuites.SanityTestSuite#verifyBatchingPage</h3><table class="result"><tr><th>Messages</th></tr><tr><td><div class="messages">Pass: &apos;batchingLink&apos; is clicked<br/>Pass: https://recoveryqa39.lavante.com/recovery/dataentry.lvp Page is working fine<br/>Info: Switched successfully to frame :0<br/>Pass: &apos;unBatchedCreditsTable&apos; is displayed<br/>Info: Switched successfully to frame :1<br/>Pass: &apos;batchedClaimsTable&apos; is displayed<br/>Info: Switched successfully to frame :2<br/>Pass: &apos;batchSummaryTable&apos; is displayed<br/>Info: Switched successfully to frame :3<br/>Pass: &apos;batchedDetailsTable&apos; is displayed</div></td></tr></table><p class="totop"><a href="#summary">back to summary</a></p><h3 id="m13">lavante.recovery.testsuites.SanityTestSuite#verifyCheckRegistryPage</h3><table class="result"><tr><th>Messages</th></tr><tr><td><div class="messages">Pass: &apos;chkRegLink&apos; is clicked<br/>Pass: https://recoveryqa39.lavante.com/recovery/auditSummary.lvp Page is working fine<br/>Pass: &apos;chkRegList&apos; is displayed<br/>Pass: &apos;addNewBtn&apos; is displayed</div></td></tr></table><p class="totop"><a href="#summary">back to summary</a></p><h3 id="m14">lavante.recovery.testsuites.SanityTestSuite#verifyClaimsPage</h3><table class="result"><tr><th>Messages</th></tr><tr><td><div class="messages">Pass: &apos;claimsLink&apos; is clicked<br/>Pass: https://recoveryqa39.lavante.com/recovery/checkRequest.lvp Page is working fine<br/>Pass: &apos;totalClaimsTable&apos; is displayed<br/>Pass: &apos;claimsListTable&apos; is displayed</div></td></tr></table><p class="totop"><a href="#summary">back to summary</a></p><h3 id="m15">lavante.recovery.testsuites.SanityTestSuite#verifyConfigTab</h3><table class="result"><tr><th>Messages</th></tr><tr><td><div class="messages">Pass: &apos;configurationLink&apos; is clicked<br/>Pass: https://recoveryqa39.lavante.com/recovery/invoice.lvp#refund Page is working fine</div></td></tr></table><p class="totop"><a href="#summary">back to summary</a></p><h3 id="m16">lavante.recovery.testsuites.SanityTestSuite#verifyCreditrejectionPage</h3><table class="result"><tr><th>Messages</th></tr><tr><td><div class="messages">Pass: &apos;othersCreditRejectionLink&apos; is clicked<br/>Pass: &apos;othersCreditRejectionTable&apos; is displayed<br/>Pass: &apos;addNewBtn&apos; is displayed</div></td></tr></table><p class="totop"><a href="#summary">back to summary</a></p><h3 id="m17">lavante.recovery.testsuites.SanityTestSuite#verifyCreditsAssignmentsPage</h3><table class="result"><tr><th>Messages</th></tr><tr><td><div class="messages">Pass: &apos;creditsLink&apos; is clicked<br/>Pass: https://recoveryqa39.lavante.com/recovery/holdAssignments.lvp Page is working fine<br/>Pass: &apos;creditsTable&apos; is displayed<br/>Pass: &apos;searchBtn&apos; is displayed</div></td></tr></table><p class="totop"><a href="#summary">back to summary</a></p><h3 id="m18">lavante.recovery.testsuites.SanityTestSuite#verifyDashBoardLink</h3><table class="result"><tr><th>Messages</th></tr><tr><td><div class="messages">Pass: &apos;dashBoardLink&apos; is displayed</div></td></tr></table><p class="totop"><a href="#summary">back to summary</a></p><h3 id="m19">lavante.recovery.testsuites.SanityTestSuite#verifyFaxJobsPage</h3><table class="result"><tr><th>Messages</th></tr><tr><td><div class="messages">Pass: &apos;configurationJobsLink&apos; is clicked<br/>Pass: https://recoveryqa39.lavante.com/recovery/manageCurrency.lvp Page is working fine<br/>Pass: &apos;faxJobsTable&apos; is displayed</div></td></tr></table><p class="totop"><a href="#summary">back to summary</a></p><h3 id="m20">lavante.recovery.testsuites.SanityTestSuite#verifyFinContractDetailsPage</h3><table class="result"><tr><th>Messages</th></tr><tr><td><div class="messages">Pass: &apos;finContractDetailsLink&apos; is clicked<br/>Pass: https://recoveryqa39.lavante.com/recovery/financeConfiguration.lvp Page is working fine<br/>Pass: &apos;finContractDetailsTable&apos; is displayed</div></td></tr></table><p class="totop"><a href="#summary">back to summary</a></p><h3 id="m21">lavante.recovery.testsuites.SanityTestSuite#verifyFinInvoicesPage</h3><table class="result"><tr><th>Messages</th></tr><tr><td><div class="messages">Pass: &apos;finInvoicesTable&apos; is displayed</div></td></tr></table><p class="totop"><a href="#summary">back to summary</a></p><h3 id="m22">lavante.recovery.testsuites.SanityTestSuite#verifyFinancePage</h3><table class="result"><tr><th>Messages</th></tr><tr><td><div class="messages">Pass: &apos;financeLink&apos; is clicked<br/>Pass: https://recoveryqa39.lavante.com/recovery/batchInvoiceNotification.lvp Page is working fine</div></td></tr></table><p class="totop"><a href="#summary">back to summary</a></p><h3 id="m23">lavante.recovery.testsuites.SanityTestSuite#verifyHoldsAssignmentsPage</h3><table class="result"><tr><th>Messages</th></tr><tr><td><div class="messages">Pass: &apos;holdsLink&apos; is clicked<br/>Pass: https://recoveryqa39.lavante.com/recovery/auditStastics.lvp Page is working fine<br/>Pass: &apos;holdsTable&apos; is displayed<br/>Pass: &apos;searchBtn&apos; is displayed</div></td></tr></table><p class="totop"><a href="#summary">back to summary</a></p><h3 id="m24">lavante.recovery.testsuites.SanityTestSuite#verifyInvoicesPage</h3><table class="result"><tr><th>Messages</th></tr><tr><td><div class="messages">Pass: &apos;invoicesLink&apos; is clicked<br/>Pass: &apos;invoiceSummaryTable&apos; is displayed<br/>Pass: &apos;invoiceSummaryDetailsTable&apos; is displayed<br/>Pass: &apos;invoicesCreditLink&apos; is clicked<br/>Pass: &apos;invoicesCreditTable&apos; is displayed<br/>Pass: &apos;invoicesVoidLink&apos; is clicked<br/>Pass: https://recoveryqa39.lavante.com/recovery/invoice.lvp#void Page is working fine<br/>Pass: &apos;invoicesRefundLink&apos; is clicked<br/>Pass: https://recoveryqa39.lavante.com/recovery/invoice.lvp#refund Page is working fine</div></td></tr></table><p class="totop"><a href="#summary">back to summary</a></p><h3 id="m25">lavante.recovery.testsuites.SanityTestSuite#verifyMailerRegistryPage</h3><table class="result"><tr><th>Messages</th></tr><tr><td><div class="messages">Pass: &apos;mailerRegistryLink&apos; is clicked<br/>Pass: https://recoveryqa39.lavante.com/recovery/phoneExtension.lvp Page is working fine<br/>Pass: &apos;mailerRegistryTable&apos; is displayed<br/>Pass: &apos;addNewBtn&apos; is displayed</div></td></tr></table><p class="totop"><a href="#summary">back to summary</a></p><h3 id="m26">lavante.recovery.testsuites.SanityTestSuite#verifyOthersFaxCommentsPage</h3><table class="result"><tr><th>Messages</th></tr><tr><td><div class="messages">Pass: &apos;othersFaxCommentsLink&apos; is clicked<br/>Pass: https://recoveryqa39.lavante.com/recovery/otherConfiguration.lvp Page is working fine<br/>Pass: &apos;othersFaxCommentsTable&apos; is displayed<br/>Pass: &apos;addNewBtn&apos; is displayed</div></td></tr></table><p class="totop"><a href="#summary">back to summary</a></p><h3 id="m27">lavante.recovery.testsuites.SanityTestSuite#verifyOthersPage</h3><table class="result"><tr><th>Messages</th></tr><tr><td><div class="messages">Pass: &apos;othersLink&apos; is clicked<br/>Pass: https://recoveryqa39.lavante.com/recovery/uploadConfiguration.lvp#credit_files Page is working fine</div></td></tr></table><p class="totop"><a href="#summary">back to summary</a></p><h3 id="m28">lavante.recovery.testsuites.SanityTestSuite#verifyPhoneExtensionPage</h3><table class="result"><tr><th>Messages</th></tr><tr><td><div class="messages">Pass: &apos;othersPhoneExtensionLink&apos; is clicked<br/>Pass: https://recoveryqa39.lavante.com/recovery/creditRejectionReason.lvp Page is working fine<br/>Pass: &apos;othersPhoneExtensionTable&apos; is displayed<br/>Pass: &apos;addNewBtn&apos; is displayed</div></td></tr></table><p class="totop"><a href="#summary">back to summary</a></p><h3 id="m29">lavante.recovery.testsuites.SanityTestSuite#verifyPossibleDupesPage</h3><table class="result"><tr><th>Messages</th></tr><tr><td><div class="messages">Pass: &apos;possibleDupesLink&apos; is clicked<br/>Pass: https://recoveryqa39.lavante.com/recovery/invoicingPage.lvp Page is working fine<br/>Info: Switched successfully to frame :0<br/>Pass: &apos;possDupSummaryTable&apos; is displayed<br/>Info: Switched successfully to frame :1<br/>Pass: &apos;preBatchTable&apos; is displayed<br/>Info: Switched successfully to frame :2<br/>Pass: &apos;postBatchTable&apos; is displayed<br/>Info: Switched successfully to frame :3<br/>Pass: &apos;possDupDetailsTable&apos; is displayed</div></td></tr></table><p class="totop"><a href="#summary">back to summary</a></p><h3 id="m30">lavante.recovery.testsuites.SanityTestSuite#verifySetupAuditPage</h3><table class="result"><tr><th>Messages</th></tr><tr><td><div class="messages">Pass: &apos;addNewBtn&apos; is displayed</div></td></tr></table><p class="totop"><a href="#summary">back to summary</a></p><h3 id="m31">lavante.recovery.testsuites.SanityTestSuite#verifySetupBUPage</h3><table class="result"><tr><th>Messages</th></tr><tr><td><div class="messages">Pass: &apos;businessUnitLink&apos; is clicked<br/>Pass: https://recoveryqa39.lavante.com/recovery/clientConfiguration.lvp Page is working fine<br/>Pass: &apos;businessUnitTable&apos; is displayed</div></td></tr></table><p class="totop"><a href="#summary">back to summary</a></p><h3 id="m32">lavante.recovery.testsuites.SanityTestSuite#verifySetupClientPage</h3><table class="result"><tr><th>Messages</th></tr><tr><td><div class="messages">Pass: &apos;clientLink&apos; is clicked<br/>Pass: https://recoveryqa39.lavante.com/recovery/configurationSetup.lvp Page is working fine<br/>Pass: &apos;clientTable&apos; is displayed</div></td></tr></table><p class="totop"><a href="#summary">back to summary</a></p><h3 id="m33">lavante.recovery.testsuites.SanityTestSuite#verifySetupManageCurrencyPage</h3><table class="result"><tr><th>Messages</th></tr><tr><td><div class="messages">Pass: &apos;manCurrencyLink&apos; is clicked<br/>Pass: https://recoveryqa39.lavante.com/recovery/requestLetters.lvp Page is working fine<br/>Pass: &apos;manageCurrencyTable&apos; is displayed</div></td></tr></table><p class="totop"><a href="#summary">back to summary</a></p><h3 id="m34">lavante.recovery.testsuites.SanityTestSuite#verifySetupPage</h3><table class="result"><tr><th>Messages</th></tr><tr><td><div class="messages">Pass: &apos;setUpLink&apos; is clicked<br/>Pass: https://recoveryqa39.lavante.com/recovery/configurationSetup.lvp Page is working fine</div></td></tr></table><p class="totop"><a href="#summary">back to summary</a></p><h3 id="m35">lavante.recovery.testsuites.SanityTestSuite#verifySetupPreferencesPage</h3><table class="result"><tr><th>Messages</th></tr><tr><td><div class="messages">Pass: &apos;preferencesLink&apos; is clicked<br/>Pass: https://recoveryqa39.lavante.com/recovery/businessUnit.lvp Page is working fine<br/>Pass: &apos;preferencesTable&apos; is displayed</div></td></tr></table><p class="totop"><a href="#summary">back to summary</a></p><h3 id="m36">lavante.recovery.testsuites.SanityTestSuite#verifySetupReqLetterPage</h3><table class="result"><tr><th>Messages</th></tr><tr><td><div class="messages">Pass: &apos;reqLetterLink&apos; is clicked<br/>Pass: https://recoveryqa39.lavante.com/recovery/automationConfiguration.lvp Page is working fine<br/>Pass: &apos;reqLetterTable&apos; is displayed</div></td></tr></table><p class="totop"><a href="#summary">back to summary</a></p><h3 id="m37">lavante.recovery.testsuites.SanityTestSuite#verifyStatementsAssignmentsPage</h3><table class="result"><tr><th>Messages</th></tr><tr><td><div class="messages">Pass: &apos;statementsLink&apos; is clicked<br/>Pass: https://recoveryqa39.lavante.com/recovery/creditAssignments.lvp Page is working fine<br/>Pass: &apos;statementsTable&apos; is displayed<br/>Pass: &apos;searchBtn&apos; is displayed</div></td></tr></table><p class="totop"><a href="#summary">back to summary</a></p><h3 id="m38">lavante.recovery.testsuites.SanityTestSuite#verifySummaryPage</h3><table class="result"><tr><th>Messages</th></tr><tr><td><div class="messages">Pass: &apos;summaryLink&apos; is clicked<br/>Pass: https://recoveryqa39.lavante.com/recovery/creditMatch.lvp Page is working fine<br/>Pass: &apos;currMonthTable&apos; is displayed<br/>Pass: &apos;custSummaryTable&apos; is displayed<br/>Pass: &apos;OutReachgrph&apos; is displayed<br/>Pass: &apos;statementProcessedgrph&apos; is displayed<br/>Pass: &apos;openClaimsBySpendGrph&apos; is displayed<br/>Pass: &apos;openClaimsByCountGrph&apos; is displayed<br/>Pass: &apos;subClaimsBySpendGrph&apos; is displayed<br/>Pass: &apos;subClaimsByCountGrph&apos; is displayed<br/>Pass: &apos;totalCreditsgrph&apos; is displayed</div></td></tr></table><p class="totop"><a href="#summary">back to summary</a></p><h3 id="m39">lavante.recovery.testsuites.SanityTestSuite#verifyUploadsPage</h3><table class="result"><tr><th>Messages</th></tr><tr><td><div class="messages">Pass: &apos;uploadsLink&apos; is clicked<br/>Pass: https://recoveryqa39.lavante.com/recovery/contractDetails.lvp Page is working fine<br/>Pass: &apos;uploadFilesTable&apos; is displayed<br/>Pass: &apos;templatesTable&apos; is displayed<br/>Pass: &apos;uploadSuppFilesLink&apos; is clicked<br/>Info: Switched successfully to frame :0<br/>Pass: &apos;uploadSuppFilesTable&apos; is displayed<br/>Pass: &apos;uploadReqLetterLink&apos; is clicked<br/>Info: Switched successfully to frame :1<br/>Pass: &apos;uploadReqLetterTable&apos; is displayed<br/>Pass: &apos;uploadCreditFileLink&apos; is clicked<br/>Info: Switched successfully to frame :2<br/>Pass: &apos;creditFilesTable&apos; is displayed</div></td></tr></table><p class="totop"><a href="#summary">back to summary</a></p><h3 id="m40">lavante.recovery.testsuites.SanityTestSuite#verifyauditInboundPage</h3><table class="result"><tr><th>Messages</th></tr><tr><td><div class="messages">Pass: &apos;inboundLink&apos; is clicked<br/>Pass: https://recoveryqa39.lavante.com/recovery/outbound.lvp Page is working fine<br/>Pass: &apos;inboundLink&apos; is displayed<br/>Pass: &apos;inboundDocumentStatistics&apos; is displayed<br/>Pass: &apos;inboundDocumentSummary&apos; is displayed<br/>Pass: &apos;recognizedfax&apos; is clicked<br/>Pass: https://recoveryqa39.lavante.com/recovery/inbound.lvp#recognized Page is working fine<br/>Pass: &apos;statements&apos; is clicked<br/>Pass: https://recoveryqa39.lavante.com/recovery/inbound.lvp#recognized Page is working fine<br/>Pass: &apos;verifications&apos; is clicked<br/>Pass: https://recoveryqa39.lavante.com/recovery/inbound.lvp#recognized Page is working fine<br/>Pass: &apos;statements&apos; is displayed<br/>Pass: &apos;verificationsTable&apos; is displayed<br/>Pass: &apos;checks&apos; is clicked<br/>Pass: https://recoveryqa39.lavante.com/recovery/inbound.lvp#recognized Page is working fine<br/>Pass: &apos;checksTable&apos; is displayed<br/>Pass: &apos;correspondence&apos; is clicked<br/>Pass: &apos;correspondenceTable&apos; is displayed<br/>Pass: &apos;duplicate&apos; is clicked<br/>Pass: https://recoveryqa39.lavante.com/recovery/inbound.lvp#recognized Page is working fine<br/>Pass: &apos;duplicateTable&apos; is displayed<br/>Pass: &apos;profiles&apos; is clicked<br/>Pass: https://recoveryqa39.lavante.com/recovery/inbound.lvp#recognized Page is working fine<br/>Pass: &apos;profilesTable&apos; is displayed<br/>Pass: &apos;unrecognizedfax&apos; is clicked<br/>Pass: https://recoveryqa39.lavante.com/recovery/inbound.lvp#unrecognized Page is working fine<br/>Pass: &apos;statements&apos; is clicked<br/>Pass: https://recoveryqa39.lavante.com/recovery/inbound.lvp#unrecognized Page is working fine<br/>Pass: &apos;verifications&apos; is clicked<br/>Pass: https://recoveryqa39.lavante.com/recovery/inbound.lvp#unrecognized Page is working fine<br/>Pass: &apos;statements&apos; is displayed<br/>Pass: &apos;verificationsTable&apos; is displayed<br/>Pass: &apos;checks&apos; is clicked<br/>Pass: https://recoveryqa39.lavante.com/recovery/inbound.lvp#unrecognized Page is working fine<br/>Pass: &apos;checksTable&apos; is displayed<br/>Pass: &apos;correspondence&apos; is clicked<br/>Pass: &apos;correspondenceTable&apos; is displayed<br/>Pass: &apos;duplicate&apos; is clicked<br/>Pass: https://recoveryqa39.lavante.com/recovery/inbound.lvp#unrecognized Page is working fine<br/>Pass: &apos;duplicateTable&apos; is displayed<br/>Pass: &apos;profiles&apos; is clicked<br/>Pass: https://recoveryqa39.lavante.com/recovery/inbound.lvp#unrecognized Page is working fine<br/>Pass: &apos;profilesTable&apos; is displayed<br/>Pass: &apos;dna&apos; is clicked<br/>Pass: https://recoveryqa39.lavante.com/recovery/inbound.lvp#DNA Page is working fine<br/>Pass: &apos;statements&apos; is clicked<br/>Pass: https://recoveryqa39.lavante.com/recovery/inbound.lvp#DNA Page is working fine<br/>Pass: &apos;verifications&apos; is clicked<br/>Pass: https://recoveryqa39.lavante.com/recovery/inbound.lvp#DNA Page is working fine<br/>Pass: &apos;statements&apos; is displayed<br/>Pass: &apos;verificationsTable&apos; is displayed<br/>Pass: &apos;checks&apos; is clicked<br/>Pass: https://recoveryqa39.lavante.com/recovery/inbound.lvp#DNA Page is working fine<br/>Pass: &apos;checksTable&apos; is displayed<br/>Pass: &apos;correspondence&apos; is clicked<br/>Pass: &apos;correspondenceTable&apos; is displayed<br/>Pass: &apos;duplicate&apos; is clicked<br/>Pass: https://recoveryqa39.lavante.com/recovery/inbound.lvp#DNA Page is working fine<br/>Pass: &apos;duplicateTable&apos; is displayed<br/>Pass: &apos;profiles&apos; is clicked<br/>Pass: https://recoveryqa39.lavante.com/recovery/inbound.lvp#DNA Page is working fine<br/>Pass: &apos;profilesTable&apos; is displayed</div></td></tr></table><p class="totop"><a href="#summary">back to summary</a></p><h3 id="m41">lavante.recovery.testsuites.SanityTestSuite#verifyauditOutboundPage</h3><table class="result"><tr><th>Messages</th></tr><tr><td><div class="messages">Pass: &apos;currentMonCredits&apos; is displayed<br/>Pass: &apos;auditContactDetails&apos; is displayed<br/>Pass: &apos;furureCreditsGrph&apos; is displayed<br/>Pass: &apos;claimHistoryGrph&apos; is clicked<br/>Pass: https://recoveryqa39.lavante.com/recovery/outbound.lvp Page is working fine<br/>Pass: &apos;claimHistoryGrph&apos; is displayed<br/>Pass: &apos;supplierStatus&apos; is displayed<br/>Pass: &apos;pendingCorrespondence&apos; is displayed</div></td></tr></table><p class="totop"><a href="#summary">back to summary</a></p><h3 id="m42">lavante.recovery.testsuites.SanityTestSuite#verifyauditStatisticsAssignmentsPage</h3><table class="result"><tr><th>Messages</th></tr><tr><td><div class="messages">Pass: &apos;auditStatsTable&apos; is displayed</div></td></tr></table><p class="totop"><a href="#summary">back to summary</a></p><h3 id="m43">lavante.recovery.testsuites.SanityTestSuite#verifycontactEntryPage</h3><table class="result"><tr><th>Messages</th></tr><tr><td><div class="messages">Pass: &apos;contactEntry&apos; is clicked<br/>Pass: https://recoveryqa39.lavante.com/recovery/inbound.lvp#DNA Page is working fine<br/>Pass: &apos;docQueueTable&apos; is displayed<br/>Pass: &apos;supDetailsTable&apos; is displayed<br/>Pass: &apos;docDetails&apos; is displayed</div></td></tr></table><p class="totop"><a href="#summary">back to summary</a></p></body></html>