<html>
<head>
<title>TestNG:  Default test</title>
<link href="../testng.css" rel="stylesheet" type="text/css" />
<link href="../my-testng.css" rel="stylesheet" type="text/css" />

<style type="text/css">
.log { display: none;} 
.stack-trace { display: none;} 
</style>
<script type="text/javascript">
<!--
function flip(e) {
  current = e.style.display;
  if (current == 'block') {
    e.style.display = 'none';
    return 0;
  }
  else {
    e.style.display = 'block';
    return 1;
  }
}

function toggleBox(szDivId, elem, msg1, msg2)
{
  var res = -1;  if (document.getElementById) {
    res = flip(document.getElementById(szDivId));
  }
  else if (document.all) {
    // this is the way old msie versions work
    res = flip(document.all[szDivId]);
  }
  if(elem) {
    if(res == 0) elem.innerHTML = msg1; else elem.innerHTML = msg2;
  }

}

function toggleAllBoxes() {
  if (document.getElementsByTagName) {
    d = document.getElementsByTagName('div');
    for (i = 0; i < d.length; i++) {
      if (d[i].className == 'log') {
        flip(d[i]);
      }
    }
  }
}

// -->
</script>

</head>
<body>
<h2 align='center'>Default test</h2><table border='1' align="center">
<tr>
<td>Tests passed/Failed/Skipped:</td><td>40/4/0</td>
</tr><tr>
<td>Started on:</td><td>Mon Jul 25 10:28:20 IST 2016</td>
</tr>
<tr><td>Total time:</td><td>865 seconds (865847 ms)</td>
</tr><tr>
<td>Included groups:</td><td></td>
</tr><tr>
<td>Excluded groups:</td><td></td>
</tr>
</table><p/>
<small><i>(Hover the method name to see the test class name)</i></small><p/>
<table width='100%' border='1' class='invocation-failed'>
<tr><td colspan='4' align='center'><b>FAILED TESTS</b></td></tr>
<tr><td><b>Test method</b></td>
<td width="30%"><b>Exception</b></td>
<td width="10%"><b>Time (seconds)</b></td>
<td><b>Instance</b></td>
</tr>
<tr>
<td title='lavante.recovery.testsuites.SanityTestSuite.verifyDashBoardClaims()'><b>verifyDashBoardClaims</b><br>Test class: lavante.recovery.testsuites.SanityTestSuite<br/>
<a href="#Output-769432223" onClick='toggleBox("Output-769432223", this, "Show output", "Hide output");'>Show output</a>

<a href="#Output-769432223" onClick="toggleAllBoxes();">Show all outputs</a>
<div class='log' id="Output-769432223">
Pass: 'openClaims' is displayed<br/>
Pass: https://recoveryqa39.lavante.com/recovery/claimDashboard.lvp#claims Page is working fine<br/>
Fail: 'batchedClaimslink' is not displayed<br/>
To View Screenshot <a href="file:///null/2016_25_Jul_10_32_29.png">Click Here</a><br/>
</div>
</td>
<td><div><pre>java.lang.AssertionError: Fail: &apos;batchedClaimslink&apos; is not displayed
	at org.testng.Assert.fail(Assert.java:94)
	at lavante.recovery.utilities.Report.fail(Report.java:23)
	at lavante.recovery.utilities.seleniumBaseClass.click(seleniumBaseClass.java:236)
	at lavante.recovery.pageobjects.DashBoard.ClaimsPage.verifyBatchedClaimsLink(ClaimsPage.java:46)
	at lavante.recovery.testsuites.SanityTestSuite.verifyDashBoardClaims(SanityTestSuite.java:74)
	at sun.reflect.NativeMethodAccessorImpl.invoke0(Native Method)
	at sun.reflect.NativeMethodAccessorImpl.invoke(NativeMethodAccessorImpl.java:62)
	at sun.reflect.DelegatingMethodAccessorImpl.invoke(DelegatingMethodAccessorImpl.java:43)
	at java.lang.reflect.Method.invoke(Method.java:497)
	at org.testng.internal.MethodInvocationHelper.invokeMethod(MethodInvocationHelper.java:86)
	at org.testng.internal.Invoker.invokeMethod(Invoker.java:646)
	at org.testng.internal.Invoker.invokeTestMethod(Invoker.java:823)
	at org.testng.internal.Invoker.invokeTestMethods(Invoker.java:1131)
	at org.testng.internal.TestMethodWorker.invokeTestMethods(TestMethodWorker.java:129)
	at org.testng.internal.TestMethodWorker.run(TestMethodWorker.java:112)
	at org.testng.TestRunner.privateRun(TestRunner.java:778)
	at org.testng.TestRunner.run(TestRunner.java:632)
	at org.testng.SuiteRunner.runTest(SuiteRunner.java:366)
	at org.testng.SuiteRunner.runSequentially(SuiteRunner.java:361)
	at org.testng.SuiteRunner.privateRun(SuiteRunner.java:319)
	at org.testng.SuiteRunner.run(SuiteRunner.java:268)
	at org.testng.SuiteRunnerWorker.runSuite(SuiteRunnerWorker.java:52)
	at org.testng.SuiteRunnerWorker.run(SuiteRunnerWorker.java:86)
	at org.testng.TestNG.runSuitesSequentially(TestNG.java:1225)
	at org.testng.TestNG.runSuitesLocally(TestNG.java:1150)
	at org.testng.TestNG.runSuites(TestNG.java:1075)
	at org.testng.TestNG.run(TestNG.java:1047)
	at org.testng.remote.AbstractRemoteTestNG.run(AbstractRemoteTestNG.java:126)
	at org.testng.remote.RemoteTestNG.initAndRun(RemoteTestNG.java:75)
	at org.testng.remote.RemoteTestNG.main(RemoteTestNG.java:46)
</pre></div><a href='#' onClick='toggleBox("stack-trace769432223", this, "Click to show all stack frames", "Click to hide stack frames")'>Click to show all stack frames</a>
<div class='stack-trace' id='stack-trace769432223'><pre>java.lang.AssertionError: Fail: &apos;batchedClaimslink&apos; is not displayed
	at org.testng.Assert.fail(Assert.java:94)
	at lavante.recovery.utilities.Report.fail(Report.java:23)
	at lavante.recovery.utilities.seleniumBaseClass.click(seleniumBaseClass.java:236)
	at lavante.recovery.pageobjects.DashBoard.ClaimsPage.verifyBatchedClaimsLink(ClaimsPage.java:46)
	at lavante.recovery.testsuites.SanityTestSuite.verifyDashBoardClaims(SanityTestSuite.java:74)
	at sun.reflect.NativeMethodAccessorImpl.invoke0(Native Method)
	at sun.reflect.NativeMethodAccessorImpl.invoke(NativeMethodAccessorImpl.java:62)
	at sun.reflect.DelegatingMethodAccessorImpl.invoke(DelegatingMethodAccessorImpl.java:43)
	at java.lang.reflect.Method.invoke(Method.java:497)
	at org.testng.internal.MethodInvocationHelper.invokeMethod(MethodInvocationHelper.java:86)
	at org.testng.internal.Invoker.invokeMethod(Invoker.java:646)
	at org.testng.internal.Invoker.invokeTestMethod(Invoker.java:823)
	at org.testng.internal.Invoker.invokeTestMethods(Invoker.java:1131)
	at org.testng.internal.TestMethodWorker.invokeTestMethods(TestMethodWorker.java:129)
	at org.testng.internal.TestMethodWorker.run(TestMethodWorker.java:112)
	at org.testng.TestRunner.privateRun(TestRunner.java:778)
	at org.testng.TestRunner.run(TestRunner.java:632)
	at org.testng.SuiteRunner.runTest(SuiteRunner.java:366)
	at org.testng.SuiteRunner.runSequentially(SuiteRunner.java:361)
	at org.testng.SuiteRunner.privateRun(SuiteRunner.java:319)
	at org.testng.SuiteRunner.run(SuiteRunner.java:268)
	at org.testng.SuiteRunnerWorker.runSuite(SuiteRunnerWorker.java:52)
	at org.testng.SuiteRunnerWorker.run(SuiteRunnerWorker.java:86)
	at org.testng.TestNG.runSuitesSequentially(TestNG.java:1225)
	at org.testng.TestNG.runSuitesLocally(TestNG.java:1150)
	at org.testng.TestNG.runSuites(TestNG.java:1075)
	at org.testng.TestNG.run(TestNG.java:1047)
	at org.testng.remote.AbstractRemoteTestNG.run(AbstractRemoteTestNG.java:126)
	at org.testng.remote.RemoteTestNG.initAndRun(RemoteTestNG.java:75)
	at org.testng.remote.RemoteTestNG.main(RemoteTestNG.java:46)
</pre></div></td>
<td>2</td>
<td>lavante.recovery.testsuites.SanityTestSuite@3f49dace</td></tr>
<tr>
<td title='lavante.recovery.testsuites.SanityTestSuite.verifyDashBoardCompliance()'><b>verifyDashBoardCompliance</b><br>Test class: lavante.recovery.testsuites.SanityTestSuite<br/>
<a href="#Output-519492428" onClick='toggleBox("Output-519492428", this, "Show output", "Hide output");'>Show output</a>

<a href="#Output-519492428" onClick="toggleAllBoxes();">Show all outputs</a>
<div class='log' id="Output-519492428">
Pass: https://recoveryqa39.lavante.com/recovery/supplierDashboard.lvp#Credit Page is working fine<br/>
Fail: 'complainceLink' is not displayed<br/>
To View Screenshot <a href="file:///null/2016_25_Jul_10_33_00.png">Click Here</a><br/>
</div>
</td>
<td><div><pre>java.lang.AssertionError: Fail: &apos;complainceLink&apos; is not displayed
	at org.testng.Assert.fail(Assert.java:94)
	at lavante.recovery.utilities.Report.fail(Report.java:23)
	at lavante.recovery.utilities.seleniumBaseClass.click(seleniumBaseClass.java:236)
	at lavante.recovery.pageobjects.DashBoard.CompliancePage.verifycomplainceLink(CompliancePage.java:19)
	at lavante.recovery.testsuites.SanityTestSuite.verifyDashBoardCompliance(SanityTestSuite.java:123)
	at sun.reflect.NativeMethodAccessorImpl.invoke0(Native Method)
	at sun.reflect.NativeMethodAccessorImpl.invoke(NativeMethodAccessorImpl.java:62)
	at sun.reflect.DelegatingMethodAccessorImpl.invoke(DelegatingMethodAccessorImpl.java:43)
	at java.lang.reflect.Method.invoke(Method.java:497)
	at org.testng.internal.MethodInvocationHelper.invokeMethod(MethodInvocationHelper.java:86)
	at org.testng.internal.Invoker.invokeMethod(Invoker.java:646)
	at org.testng.internal.Invoker.invokeTestMethod(Invoker.java:823)
	at org.testng.internal.Invoker.invokeTestMethods(Invoker.java:1131)
	at org.testng.internal.TestMethodWorker.invokeTestMethods(TestMethodWorker.java:129)
	at org.testng.internal.TestMethodWorker.run(TestMethodWorker.java:112)
	at org.testng.TestRunner.privateRun(TestRunner.java:778)
	at org.testng.TestRunner.run(TestRunner.java:632)
	at org.testng.SuiteRunner.runTest(SuiteRunner.java:366)
	at org.testng.SuiteRunner.runSequentially(SuiteRunner.java:361)
	at org.testng.SuiteRunner.privateRun(SuiteRunner.java:319)
	at org.testng.SuiteRunner.run(SuiteRunner.java:268)
	at org.testng.SuiteRunnerWorker.runSuite(SuiteRunnerWorker.java:52)
	at org.testng.SuiteRunnerWorker.run(SuiteRunnerWorker.java:86)
	at org.testng.TestNG.runSuitesSequentially(TestNG.java:1225)
	at org.testng.TestNG.runSuitesLocally(TestNG.java:1150)
	at org.testng.TestNG.runSuites(TestNG.java:1075)
	at org.testng.TestNG.run(TestNG.java:1047)
	at org.testng.remote.AbstractRemoteTestNG.run(AbstractRemoteTestNG.java:126)
	at org.testng.remote.RemoteTestNG.initAndRun(RemoteTestNG.java:75)
	at org.testng.remote.RemoteTestNG.main(RemoteTestNG.java:46)
</pre></div><a href='#' onClick='toggleBox("stack-trace519492428", this, "Click to show all stack frames", "Click to hide stack frames")'>Click to show all stack frames</a>
<div class='stack-trace' id='stack-trace519492428'><pre>java.lang.AssertionError: Fail: &apos;complainceLink&apos; is not displayed
	at org.testng.Assert.fail(Assert.java:94)
	at lavante.recovery.utilities.Report.fail(Report.java:23)
	at lavante.recovery.utilities.seleniumBaseClass.click(seleniumBaseClass.java:236)
	at lavante.recovery.pageobjects.DashBoard.CompliancePage.verifycomplainceLink(CompliancePage.java:19)
	at lavante.recovery.testsuites.SanityTestSuite.verifyDashBoardCompliance(SanityTestSuite.java:123)
	at sun.reflect.NativeMethodAccessorImpl.invoke0(Native Method)
	at sun.reflect.NativeMethodAccessorImpl.invoke(NativeMethodAccessorImpl.java:62)
	at sun.reflect.DelegatingMethodAccessorImpl.invoke(DelegatingMethodAccessorImpl.java:43)
	at java.lang.reflect.Method.invoke(Method.java:497)
	at org.testng.internal.MethodInvocationHelper.invokeMethod(MethodInvocationHelper.java:86)
	at org.testng.internal.Invoker.invokeMethod(Invoker.java:646)
	at org.testng.internal.Invoker.invokeTestMethod(Invoker.java:823)
	at org.testng.internal.Invoker.invokeTestMethods(Invoker.java:1131)
	at org.testng.internal.TestMethodWorker.invokeTestMethods(TestMethodWorker.java:129)
	at org.testng.internal.TestMethodWorker.run(TestMethodWorker.java:112)
	at org.testng.TestRunner.privateRun(TestRunner.java:778)
	at org.testng.TestRunner.run(TestRunner.java:632)
	at org.testng.SuiteRunner.runTest(SuiteRunner.java:366)
	at org.testng.SuiteRunner.runSequentially(SuiteRunner.java:361)
	at org.testng.SuiteRunner.privateRun(SuiteRunner.java:319)
	at org.testng.SuiteRunner.run(SuiteRunner.java:268)
	at org.testng.SuiteRunnerWorker.runSuite(SuiteRunnerWorker.java:52)
	at org.testng.SuiteRunnerWorker.run(SuiteRunnerWorker.java:86)
	at org.testng.TestNG.runSuitesSequentially(TestNG.java:1225)
	at org.testng.TestNG.runSuitesLocally(TestNG.java:1150)
	at org.testng.TestNG.runSuites(TestNG.java:1075)
	at org.testng.TestNG.run(TestNG.java:1047)
	at org.testng.remote.AbstractRemoteTestNG.run(AbstractRemoteTestNG.java:126)
	at org.testng.remote.RemoteTestNG.initAndRun(RemoteTestNG.java:75)
	at org.testng.remote.RemoteTestNG.main(RemoteTestNG.java:46)
</pre></div></td>
<td>1</td>
<td>lavante.recovery.testsuites.SanityTestSuite@3f49dace</td></tr>
<tr>
<td title='lavante.recovery.testsuites.SanityTestSuite.verifyDashBoardSupplier()'><b>verifyDashBoardSupplier</b><br>Test class: lavante.recovery.testsuites.SanityTestSuite<br/>
<a href="#Output-464224872" onClick='toggleBox("Output-464224872", this, "Show output", "Hide output");'>Show output</a>

<a href="#Output-464224872" onClick="toggleAllBoxes();">Show all outputs</a>
<div class='log' id="Output-464224872">
Pass: 'supplierLink' is clicked<br/>
</div>
</td>
<td><div><pre>org.openqa.selenium.StaleElementReferenceException: stale element reference: element is not attached to the page document
  (Session info: chrome=51.0.2704.106)
  (Driver info: chromedriver=2.14.313457 (3d645c400edf2e2c500566c9aa096063e707c9cf),platform=Windows NT 6.1 SP1 x86_64) (WARNING: The server did not provide any stacktrace information)
Command duration or timeout: 9 milliseconds
For documentation on this error, please visit: http://seleniumhq.org/exceptions/stale_element_reference.html
Build info: version: &apos;2.52.0&apos;, revision: &apos;4c2593cfc3689a7fcd7be52549167e5ccc93ad28&apos;, time: &apos;2016-02-11 11:22:43&apos;
System info: host: &apos;WLW7-TALLURYS&apos;, ip: &apos;192.168.21.55&apos;, os.name: &apos;Windows 7&apos;, os.arch: &apos;amd64&apos;, os.version: &apos;6.1&apos;, java.version: &apos;1.8.0_40&apos;
Driver info: org.openqa.selenium.chrome.ChromeDriver
Capabilities [{applicationCacheEnabled=false, rotatable=false, mobileEmulationEnabled=false, chrome={userDataDir=C:\Users\TALLUR~1.SRI\AppData\Local\Temp\scoped_dir8820_31152}, takesHeapSnapshot=true, databaseEnabled=false, handlesAlerts=true, version=51.0.2704.106, platform=XP, browserConnectionEnabled=false, nativeEvents=true, acceptSslCerts=true, locationContextEnabled=true, webStorageEnabled=true, browserName=chrome, takesScreenshot=true, javascriptEnabled=true, cssSelectorsEnabled=true}]
Session ID: c6bfff8c1041c3eaa51678effc105fce
	at sun.reflect.NativeConstructorAccessorImpl.newInstance0(Native Method)
	at sun.reflect.NativeConstructorAccessorImpl.newInstance(NativeConstructorAccessorImpl.java:62)
	at sun.reflect.DelegatingConstructorAccessorImpl.newInstance(DelegatingConstructorAccessorImpl.java:45)
	at java.lang.reflect.Constructor.newInstance(Constructor.java:422)
	at org.openqa.selenium.remote.ErrorHandler.createThrowable(ErrorHandler.java:206)
	at org.openqa.selenium.remote.ErrorHandler.throwIfResponseFailed(ErrorHandler.java:158)
	at org.openqa.selenium.remote.RemoteWebDriver.execute(RemoteWebDriver.java:678)
	at org.openqa.selenium.remote.RemoteWebElement.execute(RemoteWebElement.java:327)
	at org.openqa.selenium.remote.RemoteWebElement.isDisplayed(RemoteWebElement.java:368)
	at sun.reflect.NativeMethodAccessorImpl.invoke0(Native Method)
	at sun.reflect.NativeMethodAccessorImpl.invoke(NativeMethodAccessorImpl.java:62)
	at sun.reflect.DelegatingMethodAccessorImpl.invoke(DelegatingMethodAccessorImpl.java:43)
	at java.lang.reflect.Method.invoke(Method.java:497)
	at org.openqa.selenium.support.pagefactory.internal.LocatingElementHandler.invoke(LocatingElementHandler.java:51)
	at com.sun.proxy.$Proxy9.isDisplayed(Unknown Source)
	at org.openqa.selenium.support.ui.ExpectedConditions.elementIfVisible(ExpectedConditions.java:302)
	at org.openqa.selenium.support.ui.ExpectedConditions.access$100(ExpectedConditions.java:41)
	at org.openqa.selenium.support.ui.ExpectedConditions$10.apply(ExpectedConditions.java:288)
	at org.openqa.selenium.support.ui.ExpectedConditions$10.apply(ExpectedConditions.java:285)
	at org.openqa.selenium.support.ui.ExpectedConditions$23.apply(ExpectedConditions.java:696)
	at org.openqa.selenium.support.ui.ExpectedConditions$23.apply(ExpectedConditions.java:689)
	at org.openqa.selenium.support.ui.FluentWait.until(FluentWait.java:238)
	at lavante.recovery.utilities.seleniumBaseClass.ExplicitWaitforLinksClick(seleniumBaseClass.java:471)
	at lavante.recovery.pageobjects.DashBoard.SupplierPage.verifySupplierLink(SupplierPage.java:20)
	at lavante.recovery.testsuites.SanityTestSuite.verifyDashBoardSupplier(SanityTestSuite.java:91)
	at sun.reflect.NativeMethodAccessorImpl.invoke0(Native Method)
	at sun.reflect.NativeMethodAccessorImpl.invoke(NativeMethodAccessorImpl.java:62)
	at sun.reflect.DelegatingMethodAccessorImpl.invoke(DelegatingMethodAccessorImpl.java:43)
	at java.lang.reflect.Method.invoke(Method.java:497)
	at org.testng.internal.MethodInvocationHelper.invokeMethod(MethodInvocationHelper.java:86)
	at org.testng.internal.Invoker.invokeMethod(Invoker.java:646)
	at org.testng.internal.Invoker.invokeTestMethod(Invoker.java:823)
	at org.testng.internal.Invoker.invokeTestMethods(Invoker.java:1131)
	at org.testng.internal.TestMethodWorker.invokeTestMethods(TestMethodWorker.java:129)
	at org.testng.internal.TestMethodWorker.run(TestMethodWorker.java:112)
	at org.testng.TestRunner.privateRun(TestRunner.java:778)
	at org.testng.TestRunner.run(TestRunner.java:632)
	at org.testng.SuiteRunner.runTest(SuiteRunner.java:366)
	at org.testng.SuiteRunner.runSequentially(SuiteRunner.java:361)
	at org.testng.SuiteRunner.privateRun(SuiteRunner.java:319)
	at org.testng.SuiteRunner.run(SuiteRunner.java:268)
	at org.testng.SuiteRunnerWorker.runSuite(SuiteRunnerWorker.java:52)
	at org.testng.SuiteRunnerWorker.run(SuiteRunnerWorker.java:86)
	at org.testng.TestNG.runSuitesSequentially(TestNG.java:1225)
	at org.testng.TestNG.runSuitesLocally(TestNG.java:1150)
	at org.testng.TestNG.runSuites(TestNG.java:1075)
	at org.testng.TestNG.run(TestNG.java:1047)
	at org.testng.remote.AbstractRemoteTestNG.run(AbstractRemoteTestNG.java:126)
	at org.testng.remote.RemoteTestNG.initAndRun(RemoteTestNG.java:75)
	at org.testng.remote.RemoteTestNG.main(RemoteTestNG.java:46)
</pre></div><a href='#' onClick='toggleBox("stack-trace464224872", this, "Click to show all stack frames", "Click to hide stack frames")'>Click to show all stack frames</a>
<div class='stack-trace' id='stack-trace464224872'><pre>org.openqa.selenium.StaleElementReferenceException: stale element reference: element is not attached to the page document
  (Session info: chrome=51.0.2704.106)
  (Driver info: chromedriver=2.14.313457 (3d645c400edf2e2c500566c9aa096063e707c9cf),platform=Windows NT 6.1 SP1 x86_64) (WARNING: The server did not provide any stacktrace information)
Command duration or timeout: 9 milliseconds
For documentation on this error, please visit: http://seleniumhq.org/exceptions/stale_element_reference.html
Build info: version: &apos;2.52.0&apos;, revision: &apos;4c2593cfc3689a7fcd7be52549167e5ccc93ad28&apos;, time: &apos;2016-02-11 11:22:43&apos;
System info: host: &apos;WLW7-TALLURYS&apos;, ip: &apos;192.168.21.55&apos;, os.name: &apos;Windows 7&apos;, os.arch: &apos;amd64&apos;, os.version: &apos;6.1&apos;, java.version: &apos;1.8.0_40&apos;
Driver info: org.openqa.selenium.chrome.ChromeDriver
Capabilities [{applicationCacheEnabled=false, rotatable=false, mobileEmulationEnabled=false, chrome={userDataDir=C:\Users\TALLUR~1.SRI\AppData\Local\Temp\scoped_dir8820_31152}, takesHeapSnapshot=true, databaseEnabled=false, handlesAlerts=true, version=51.0.2704.106, platform=XP, browserConnectionEnabled=false, nativeEvents=true, acceptSslCerts=true, locationContextEnabled=true, webStorageEnabled=true, browserName=chrome, takesScreenshot=true, javascriptEnabled=true, cssSelectorsEnabled=true}]
Session ID: c6bfff8c1041c3eaa51678effc105fce
	at sun.reflect.NativeConstructorAccessorImpl.newInstance0(Native Method)
	at sun.reflect.NativeConstructorAccessorImpl.newInstance(NativeConstructorAccessorImpl.java:62)
	at sun.reflect.DelegatingConstructorAccessorImpl.newInstance(DelegatingConstructorAccessorImpl.java:45)
	at java.lang.reflect.Constructor.newInstance(Constructor.java:422)
	at org.openqa.selenium.remote.ErrorHandler.createThrowable(ErrorHandler.java:206)
	at org.openqa.selenium.remote.ErrorHandler.throwIfResponseFailed(ErrorHandler.java:158)
	at org.openqa.selenium.remote.RemoteWebDriver.execute(RemoteWebDriver.java:678)
	at org.openqa.selenium.remote.RemoteWebElement.execute(RemoteWebElement.java:327)
	at org.openqa.selenium.remote.RemoteWebElement.isDisplayed(RemoteWebElement.java:368)
	at sun.reflect.NativeMethodAccessorImpl.invoke0(Native Method)
	at sun.reflect.NativeMethodAccessorImpl.invoke(NativeMethodAccessorImpl.java:62)
	at sun.reflect.DelegatingMethodAccessorImpl.invoke(DelegatingMethodAccessorImpl.java:43)
	at java.lang.reflect.Method.invoke(Method.java:497)
	at org.openqa.selenium.support.pagefactory.internal.LocatingElementHandler.invoke(LocatingElementHandler.java:51)
	at com.sun.proxy.$Proxy9.isDisplayed(Unknown Source)
	at org.openqa.selenium.support.ui.ExpectedConditions.elementIfVisible(ExpectedConditions.java:302)
	at org.openqa.selenium.support.ui.ExpectedConditions.access$100(ExpectedConditions.java:41)
	at org.openqa.selenium.support.ui.ExpectedConditions$10.apply(ExpectedConditions.java:288)
	at org.openqa.selenium.support.ui.ExpectedConditions$10.apply(ExpectedConditions.java:285)
	at org.openqa.selenium.support.ui.ExpectedConditions$23.apply(ExpectedConditions.java:696)
	at org.openqa.selenium.support.ui.ExpectedConditions$23.apply(ExpectedConditions.java:689)
	at org.openqa.selenium.support.ui.FluentWait.until(FluentWait.java:238)
	at lavante.recovery.utilities.seleniumBaseClass.ExplicitWaitforLinksClick(seleniumBaseClass.java:471)
	at lavante.recovery.pageobjects.DashBoard.SupplierPage.verifySupplierLink(SupplierPage.java:20)
	at lavante.recovery.testsuites.SanityTestSuite.verifyDashBoardSupplier(SanityTestSuite.java:91)
	at sun.reflect.NativeMethodAccessorImpl.invoke0(Native Method)
	at sun.reflect.NativeMethodAccessorImpl.invoke(NativeMethodAccessorImpl.java:62)
	at sun.reflect.DelegatingMethodAccessorImpl.invoke(DelegatingMethodAccessorImpl.java:43)
	at java.lang.reflect.Method.invoke(Method.java:497)
	at org.testng.internal.MethodInvocationHelper.invokeMethod(MethodInvocationHelper.java:86)
	at org.testng.internal.Invoker.invokeMethod(Invoker.java:646)
	at org.testng.internal.Invoker.invokeTestMethod(Invoker.java:823)
	at org.testng.internal.Invoker.invokeTestMethods(Invoker.java:1131)
	at org.testng.internal.TestMethodWorker.invokeTestMethods(TestMethodWorker.java:129)
	at org.testng.internal.TestMethodWorker.run(TestMethodWorker.java:112)
	at org.testng.TestRunner.privateRun(TestRunner.java:778)
	at org.testng.TestRunner.run(TestRunner.java:632)
	at org.testng.SuiteRunner.runTest(SuiteRunner.java:366)
	at org.testng.SuiteRunner.runSequentially(SuiteRunner.java:361)
	at org.testng.SuiteRunner.privateRun(SuiteRunner.java:319)
	at org.testng.SuiteRunner.run(SuiteRunner.java:268)
	at org.testng.SuiteRunnerWorker.runSuite(SuiteRunnerWorker.java:52)
	at org.testng.SuiteRunnerWorker.run(SuiteRunnerWorker.java:86)
	at org.testng.TestNG.runSuitesSequentially(TestNG.java:1225)
	at org.testng.TestNG.runSuitesLocally(TestNG.java:1150)
	at org.testng.TestNG.runSuites(TestNG.java:1075)
	at org.testng.TestNG.run(TestNG.java:1047)
	at org.testng.remote.AbstractRemoteTestNG.run(AbstractRemoteTestNG.java:126)
	at org.testng.remote.RemoteTestNG.initAndRun(RemoteTestNG.java:75)
	at org.testng.remote.RemoteTestNG.main(RemoteTestNG.java:46)
</pre></div></td>
<td>28</td>
<td>lavante.recovery.testsuites.SanityTestSuite@3f49dace</td></tr>
<tr>
<td title='lavante.recovery.testsuites.SanityTestSuite.verifyInvoicePage()'><b>verifyInvoicePage</b><br>Test class: lavante.recovery.testsuites.SanityTestSuite<br/>
<a href="#Output-1066513687" onClick='toggleBox("Output-1066513687", this, "Show output", "Hide output");'>Show output</a>

<a href="#Output-1066513687" onClick="toggleAllBoxes();">Show all outputs</a>
<div class='log' id="Output-1066513687">
Pass: 'invoiceLink' is clicked<br/>
Info: Switched successfully to frame :0<br/>
Fail: 'invoicesTable' is not displayedno such element
  (Session info: chrome=51.0.2704.106)
  (Driver info: chromedriver=2.14.313457 (3d645c400edf2e2c500566c9aa096063e707c9cf),platform=Windows NT 6.1 SP1 x86_64) (WARNING: The server did not provide any stacktrace information)
Command duration or timeout: 10.03 seconds
For documentation on this error, please visit: http://seleniumhq.org/exceptions/no_such_element.html
Build info: version: '2.52.0', revision: '4c2593cfc3689a7fcd7be52549167e5ccc93ad28', time: '2016-02-11 11:22:43'
System info: host: 'WLW7-TALLURYS', ip: '192.168.21.55', os.name: 'Windows 7', os.arch: 'amd64', os.version: '6.1', java.version: '1.8.0_40'
Driver info: org.openqa.selenium.chrome.ChromeDriver
Capabilities [{applicationCacheEnabled=false, rotatable=false, mobileEmulationEnabled=false, chrome={userDataDir=C:\Users\TALLUR~1.SRI\AppData\Local\Temp\scoped_dir8820_31152}, takesHeapSnapshot=true, databaseEnabled=false, handlesAlerts=true, version=51.0.2704.106, platform=XP, browserConnectionEnabled=false, nativeEvents=true, acceptSslCerts=true, locationContextEnabled=true, webStorageEnabled=true, browserName=chrome, takesScreenshot=true, javascriptEnabled=true, cssSelectorsEnabled=true}]
Session ID: c6bfff8c1041c3eaa51678effc105fce
*** Element info: {Using=css selector, value=#Invoice_List tr td}<br/>
To View Screenshot <a href="file:///null/2016_25_Jul_10_36_01.png">Click Here</a><br/>
</div>
</td>
<td><div><pre>java.lang.AssertionError: Fail: &apos;invoicesTable&apos; is not displayedno such element
  (Session info: chrome=51.0.2704.106)
  (Driver info: chromedriver=2.14.313457 (3d645c400edf2e2c500566c9aa096063e707c9cf),platform=Windows NT 6.1 SP1 x86_64) (WARNING: The server did not provide any stacktrace information)
Command duration or timeout: 10.03 seconds
For documentation on this error, please visit: http://seleniumhq.org/exceptions/no_such_element.html
Build info: version: &apos;2.52.0&apos;, revision: &apos;4c2593cfc3689a7fcd7be52549167e5ccc93ad28&apos;, time: &apos;2016-02-11 11:22:43&apos;
System info: host: &apos;WLW7-TALLURYS&apos;, ip: &apos;192.168.21.55&apos;, os.name: &apos;Windows 7&apos;, os.arch: &apos;amd64&apos;, os.version: &apos;6.1&apos;, java.version: &apos;1.8.0_40&apos;
Driver info: org.openqa.selenium.chrome.ChromeDriver
Capabilities [{applicationCacheEnabled=false, rotatable=false, mobileEmulationEnabled=false, chrome={userDataDir=C:\Users\TALLUR~1.SRI\AppData\Local\Temp\scoped_dir8820_31152}, takesHeapSnapshot=true, databaseEnabled=false, handlesAlerts=true, version=51.0.2704.106, platform=XP, browserConnectionEnabled=false, nativeEvents=true, acceptSslCerts=true, locationContextEnabled=true, webStorageEnabled=true, browserName=chrome, takesScreenshot=true, javascriptEnabled=true, cssSelectorsEnabled=true}]
Session ID: c6bfff8c1041c3eaa51678effc105fce
*** Element info: {Using=css selector, value=#Invoice_List tr td}
	at org.testng.Assert.fail(Assert.java:94)
	at lavante.recovery.utilities.Report.fail(Report.java:23)
	at lavante.recovery.utilities.seleniumBaseClass.isDisplayed(seleniumBaseClass.java:256)
	at lavante.recovery.pageobjects.Audit.AuditInvoicePage.verifyinvoicesTable(AuditInvoicePage.java:29)
	at lavante.recovery.testsuites.SanityTestSuite.verifyInvoicePage(SanityTestSuite.java:291)
	at sun.reflect.NativeMethodAccessorImpl.invoke0(Native Method)
	at sun.reflect.NativeMethodAccessorImpl.invoke(NativeMethodAccessorImpl.java:62)
	at sun.reflect.DelegatingMethodAccessorImpl.invoke(DelegatingMethodAccessorImpl.java:43)
	at java.lang.reflect.Method.invoke(Method.java:497)
	at org.testng.internal.MethodInvocationHelper.invokeMethod(MethodInvocationHelper.java:86)
	at org.testng.internal.Invoker.invokeMethod(Invoker.java:646)
	at org.testng.internal.Invoker.invokeTestMethod(Invoker.java:823)
	at org.testng.internal.Invoker.invokeTestMethods(Invoker.java:1131)
	at org.testng.internal.TestMethodWorker.invokeTestMethods(TestMethodWorker.java:129)
	at org.testng.internal.TestMethodWorker.run(TestMethodWorker.java:112)
	at org.testng.TestRunner.privateRun(TestRunner.java:778)
	at org.testng.TestRunner.run(TestRunner.java:632)
	at org.testng.SuiteRunner.runTest(SuiteRunner.java:366)
	at org.testng.SuiteRunner.runSequentially(SuiteRunner.java:361)
	at org.testng.SuiteRunner.privateRun(SuiteRunner.java:319)
	at org.testng.SuiteRunner.run(SuiteRunner.java:268)
	at org.testng.SuiteRunnerWorker.runSuite(SuiteRunnerWorker.java:52)
	at org.testng.SuiteRunnerWorker.run(SuiteRunnerWorker.java:86)
	at org.testng.TestNG.runSuitesSequentially(TestNG.java:1225)
	at org.testng.TestNG.runSuitesLocally(TestNG.java:1150)
	at org.testng.TestNG.runSuites(TestNG.java:1075)
	at org.testng.TestNG.run(TestNG.java:1047)
	at org.testng.remote.AbstractRemoteTestNG.run(AbstractRemoteTestNG.java:126)
	at org.testng.remote.RemoteTestNG.initAndRun(RemoteTestNG.java:75)
	at org.testng.remote.RemoteTestNG.main(RemoteTestNG.java:46)
</pre></div><a href='#' onClick='toggleBox("stack-trace1066513687", this, "Click to show all stack frames", "Click to hide stack frames")'>Click to show all stack frames</a>
<div class='stack-trace' id='stack-trace1066513687'><pre>java.lang.AssertionError: Fail: &apos;invoicesTable&apos; is not displayedno such element
  (Session info: chrome=51.0.2704.106)
  (Driver info: chromedriver=2.14.313457 (3d645c400edf2e2c500566c9aa096063e707c9cf),platform=Windows NT 6.1 SP1 x86_64) (WARNING: The server did not provide any stacktrace information)
Command duration or timeout: 10.03 seconds
For documentation on this error, please visit: http://seleniumhq.org/exceptions/no_such_element.html
Build info: version: &apos;2.52.0&apos;, revision: &apos;4c2593cfc3689a7fcd7be52549167e5ccc93ad28&apos;, time: &apos;2016-02-11 11:22:43&apos;
System info: host: &apos;WLW7-TALLURYS&apos;, ip: &apos;192.168.21.55&apos;, os.name: &apos;Windows 7&apos;, os.arch: &apos;amd64&apos;, os.version: &apos;6.1&apos;, java.version: &apos;1.8.0_40&apos;
Driver info: org.openqa.selenium.chrome.ChromeDriver
Capabilities [{applicationCacheEnabled=false, rotatable=false, mobileEmulationEnabled=false, chrome={userDataDir=C:\Users\TALLUR~1.SRI\AppData\Local\Temp\scoped_dir8820_31152}, takesHeapSnapshot=true, databaseEnabled=false, handlesAlerts=true, version=51.0.2704.106, platform=XP, browserConnectionEnabled=false, nativeEvents=true, acceptSslCerts=true, locationContextEnabled=true, webStorageEnabled=true, browserName=chrome, takesScreenshot=true, javascriptEnabled=true, cssSelectorsEnabled=true}]
Session ID: c6bfff8c1041c3eaa51678effc105fce
*** Element info: {Using=css selector, value=#Invoice_List tr td}
	at org.testng.Assert.fail(Assert.java:94)
	at lavante.recovery.utilities.Report.fail(Report.java:23)
	at lavante.recovery.utilities.seleniumBaseClass.isDisplayed(seleniumBaseClass.java:256)
	at lavante.recovery.pageobjects.Audit.AuditInvoicePage.verifyinvoicesTable(AuditInvoicePage.java:29)
	at lavante.recovery.testsuites.SanityTestSuite.verifyInvoicePage(SanityTestSuite.java:291)
	at sun.reflect.NativeMethodAccessorImpl.invoke0(Native Method)
	at sun.reflect.NativeMethodAccessorImpl.invoke(NativeMethodAccessorImpl.java:62)
	at sun.reflect.DelegatingMethodAccessorImpl.invoke(DelegatingMethodAccessorImpl.java:43)
	at java.lang.reflect.Method.invoke(Method.java:497)
	at org.testng.internal.MethodInvocationHelper.invokeMethod(MethodInvocationHelper.java:86)
	at org.testng.internal.Invoker.invokeMethod(Invoker.java:646)
	at org.testng.internal.Invoker.invokeTestMethod(Invoker.java:823)
	at org.testng.internal.Invoker.invokeTestMethods(Invoker.java:1131)
	at org.testng.internal.TestMethodWorker.invokeTestMethods(TestMethodWorker.java:129)
	at org.testng.internal.TestMethodWorker.run(TestMethodWorker.java:112)
	at org.testng.TestRunner.privateRun(TestRunner.java:778)
	at org.testng.TestRunner.run(TestRunner.java:632)
	at org.testng.SuiteRunner.runTest(SuiteRunner.java:366)
	at org.testng.SuiteRunner.runSequentially(SuiteRunner.java:361)
	at org.testng.SuiteRunner.privateRun(SuiteRunner.java:319)
	at org.testng.SuiteRunner.run(SuiteRunner.java:268)
	at org.testng.SuiteRunnerWorker.runSuite(SuiteRunnerWorker.java:52)
	at org.testng.SuiteRunnerWorker.run(SuiteRunnerWorker.java:86)
	at org.testng.TestNG.runSuitesSequentially(TestNG.java:1225)
	at org.testng.TestNG.runSuitesLocally(TestNG.java:1150)
	at org.testng.TestNG.runSuites(TestNG.java:1075)
	at org.testng.TestNG.run(TestNG.java:1047)
	at org.testng.remote.AbstractRemoteTestNG.run(AbstractRemoteTestNG.java:126)
	at org.testng.remote.RemoteTestNG.initAndRun(RemoteTestNG.java:75)
	at org.testng.remote.RemoteTestNG.main(RemoteTestNG.java:46)
</pre></div></td>
<td>21</td>
<td>lavante.recovery.testsuites.SanityTestSuite@3f49dace</td></tr>
</table><p>
<table width='100%' border='1' class='invocation-passed'>
<tr><td colspan='4' align='center'><b>PASSED TESTS</b></td></tr>
<tr><td><b>Test method</b></td>
<td width="30%"><b>Exception</b></td>
<td width="10%"><b>Time (seconds)</b></td>
<td><b>Instance</b></td>
</tr>
<tr>
<td title='lavante.recovery.testsuites.SanityTestSuite.verifyAccountAuditGroupsPage()'><b>verifyAccountAuditGroupsPage</b><br>Test class: lavante.recovery.testsuites.SanityTestSuite<br/>
<a href="#Output-858818438" onClick='toggleBox("Output-858818438", this, "Show output", "Hide output");'>Show output</a>

<a href="#Output-858818438" onClick="toggleAllBoxes();">Show all outputs</a>
<div class='log' id="Output-858818438">
Pass: 'auditGroupsLink' is clicked<br/>
Pass: https://recoveryqa39.lavante.com/recovery/userGroupConfiguration.lvp Page is working fine<br/>
Pass: 'auditGroupsTable' is displayed<br/>
Pass: 'addNewBtn' is displayed<br/>
</div>
</td>
<td></td>
<td>3</td>
<td>lavante.recovery.testsuites.SanityTestSuite@3f49dace</td></tr>
<tr>
<td title='lavante.recovery.testsuites.SanityTestSuite.verifyAccountNotificationPage()'><b>verifyAccountNotificationPage</b><br>Test class: lavante.recovery.testsuites.SanityTestSuite<br/>
<a href="#Output-1850042097" onClick='toggleBox("Output-1850042097", this, "Show output", "Hide output");'>Show output</a>

<a href="#Output-1850042097" onClick="toggleAllBoxes();">Show all outputs</a>
<div class='log' id="Output-1850042097">
Pass: 'notificationsLink' is clicked<br/>
Pass: https://recoveryqa39.lavante.com/recovery/auditGroupSetUp.lvp Page is working fine<br/>
Pass: 'notificationsTable' is displayed<br/>
Pass: 'addNewBtn' is displayed<br/>
</div>
</td>
<td></td>
<td>3</td>
<td>lavante.recovery.testsuites.SanityTestSuite@3f49dace</td></tr>
<tr>
<td title='lavante.recovery.testsuites.SanityTestSuite.verifyAccountPage()'><b>verifyAccountPage</b><br>Test class: lavante.recovery.testsuites.SanityTestSuite<br/>
<a href="#Output-861623840" onClick='toggleBox("Output-861623840", this, "Show output", "Hide output");'>Show output</a>

<a href="#Output-861623840" onClick="toggleAllBoxes();">Show all outputs</a>
<div class='log' id="Output-861623840">
Pass: 'accountLink' is clicked<br/>
Pass: https://recoveryqa39.lavante.com/recovery/backgroundJobs.lvp Page is working fine<br/>
</div>
</td>
<td></td>
<td>4</td>
<td>lavante.recovery.testsuites.SanityTestSuite@3f49dace</td></tr>
<tr>
<td title='lavante.recovery.testsuites.SanityTestSuite.verifyAccountUserGroupsPage()'><b>verifyAccountUserGroupsPage</b><br>Test class: lavante.recovery.testsuites.SanityTestSuite<br/>
<a href="#Output-421637524" onClick='toggleBox("Output-421637524", this, "Show output", "Hide output");'>Show output</a>

<a href="#Output-421637524" onClick="toggleAllBoxes();">Show all outputs</a>
<div class='log' id="Output-421637524">
Pass: 'userGroupsLink' is clicked<br/>
Pass: https://recoveryqa39.lavante.com/recovery/accountConfiguration.lvp Page is working fine<br/>
Pass: 'userGroupsTable' is displayed<br/>
Pass: 'addNewBtn' is displayed<br/>
</div>
</td>
<td></td>
<td>4</td>
<td>lavante.recovery.testsuites.SanityTestSuite@3f49dace</td></tr>
<tr>
<td title='lavante.recovery.testsuites.SanityTestSuite.verifyAccountUsersPage()'><b>verifyAccountUsersPage</b><br>Test class: lavante.recovery.testsuites.SanityTestSuite<br/>
<a href="#Output-977674685" onClick='toggleBox("Output-977674685", this, "Show output", "Hide output");'>Show output</a>

<a href="#Output-977674685" onClick="toggleAllBoxes();">Show all outputs</a>
<div class='log' id="Output-977674685">
Pass: 'usersListTable' is displayed<br/>
Pass: 'addNewBtn' is displayed<br/>
</div>
</td>
<td></td>
<td>3</td>
<td>lavante.recovery.testsuites.SanityTestSuite@3f49dace</td></tr>
<tr>
<td title='lavante.recovery.testsuites.SanityTestSuite.verifyAssignmentsPage()'><b>verifyAssignmentsPage</b><br>Test class: lavante.recovery.testsuites.SanityTestSuite<br/>
<a href="#Output-1574029810" onClick='toggleBox("Output-1574029810", this, "Show output", "Hide output");'>Show output</a>

<a href="#Output-1574029810" onClick="toggleAllBoxes();">Show all outputs</a>
<div class='log' id="Output-1574029810">
Pass: 'assignmentsLink' is clicked<br/>
Pass: https://recoveryqa39.lavante.com/recovery/mailerRegistry.lvp Page is working fine<br/>
</div>
</td>
<td></td>
<td>8</td>
<td>lavante.recovery.testsuites.SanityTestSuite@3f49dace</td></tr>
<tr>
<td title='lavante.recovery.testsuites.SanityTestSuite.verifyAuditLink()'><b>verifyAuditLink</b><br>Test class: lavante.recovery.testsuites.SanityTestSuite<br/>
<a href="#Output-706895319" onClick='toggleBox("Output-706895319", this, "Show output", "Hide output");'>Show output</a>

<a href="#Output-706895319" onClick="toggleAllBoxes();">Show all outputs</a>
<div class='log' id="Output-706895319">
Pass: 'auditLink' is clicked<br/>
Pass: https://recoveryqa39.lavante.com/recovery/supplierDashboard.lvp#Credit Page is working fine<br/>
Pass: 'auditLink' is displayed<br/>
</div>
</td>
<td></td>
<td>64</td>
<td>lavante.recovery.testsuites.SanityTestSuite@3f49dace</td></tr>
<tr>
<td title='lavante.recovery.testsuites.SanityTestSuite.verifyBackGroundJobsPage()'><b>verifyBackGroundJobsPage</b><br>Test class: lavante.recovery.testsuites.SanityTestSuite<br/>
<a href="#Output-1828868503" onClick='toggleBox("Output-1828868503", this, "Show output", "Hide output");'>Show output</a>

<a href="#Output-1828868503" onClick="toggleAllBoxes();">Show all outputs</a>
<div class='log' id="Output-1828868503">
Pass: 'backgroundJobsLink' is clicked<br/>
Pass: https://recoveryqa39.lavante.com/recovery/jobConfiguration.lvp Page is working fine<br/>
Pass: 'backgroundJobsTable' is displayed<br/>
</div>
</td>
<td></td>
<td>7</td>
<td>lavante.recovery.testsuites.SanityTestSuite@3f49dace</td></tr>
<tr>
<td title='lavante.recovery.testsuites.SanityTestSuite.verifyBatchingPage()'><b>verifyBatchingPage</b><br>Test class: lavante.recovery.testsuites.SanityTestSuite<br/>
<a href="#Output-776484396" onClick='toggleBox("Output-776484396", this, "Show output", "Hide output");'>Show output</a>

<a href="#Output-776484396" onClick="toggleAllBoxes();">Show all outputs</a>
<div class='log' id="Output-776484396">
Pass: 'batchingLink' is clicked<br/>
Pass: https://recoveryqa39.lavante.com/recovery/dataentry.lvp Page is working fine<br/>
Info: Switched successfully to frame :0<br/>
Pass: 'unBatchedCreditsTable' is displayed<br/>
Info: Switched successfully to frame :1<br/>
Pass: 'batchedClaimsTable' is displayed<br/>
Info: Switched successfully to frame :2<br/>
Pass: 'batchSummaryTable' is displayed<br/>
Info: Switched successfully to frame :3<br/>
Pass: 'batchedDetailsTable' is displayed<br/>
</div>
</td>
<td></td>
<td>21</td>
<td>lavante.recovery.testsuites.SanityTestSuite@3f49dace</td></tr>
<tr>
<td title='lavante.recovery.testsuites.SanityTestSuite.verifyCheckRegistryPage()'><b>verifyCheckRegistryPage</b><br>Test class: lavante.recovery.testsuites.SanityTestSuite<br/>
<a href="#Output-238564722" onClick='toggleBox("Output-238564722", this, "Show output", "Hide output");'>Show output</a>

<a href="#Output-238564722" onClick="toggleAllBoxes();">Show all outputs</a>
<div class='log' id="Output-238564722">
Pass: 'chkRegLink' is clicked<br/>
Pass: https://recoveryqa39.lavante.com/recovery/auditSummary.lvp Page is working fine<br/>
Pass: 'chkRegList' is displayed<br/>
Pass: 'addNewBtn' is displayed<br/>
</div>
</td>
<td></td>
<td>4</td>
<td>lavante.recovery.testsuites.SanityTestSuite@3f49dace</td></tr>
<tr>
<td title='lavante.recovery.testsuites.SanityTestSuite.verifyClaimsPage()'><b>verifyClaimsPage</b><br>Test class: lavante.recovery.testsuites.SanityTestSuite<br/>
<a href="#Output-893591815" onClick='toggleBox("Output-893591815", this, "Show output", "Hide output");'>Show output</a>

<a href="#Output-893591815" onClick="toggleAllBoxes();">Show all outputs</a>
<div class='log' id="Output-893591815">
Pass: 'claimsLink' is clicked<br/>
Pass: https://recoveryqa39.lavante.com/recovery/checkRequest.lvp Page is working fine<br/>
Pass: 'totalClaimsTable' is displayed<br/>
Pass: 'claimsListTable' is displayed<br/>
</div>
</td>
<td></td>
<td>10</td>
<td>lavante.recovery.testsuites.SanityTestSuite@3f49dace</td></tr>
<tr>
<td title='lavante.recovery.testsuites.SanityTestSuite.verifyConfigTab()'><b>verifyConfigTab</b><br>Test class: lavante.recovery.testsuites.SanityTestSuite<br/>
<a href="#Output-586358252" onClick='toggleBox("Output-586358252", this, "Show output", "Hide output");'>Show output</a>

<a href="#Output-586358252" onClick="toggleAllBoxes();">Show all outputs</a>
<div class='log' id="Output-586358252">
Pass: 'configurationLink' is clicked<br/>
Pass: https://recoveryqa39.lavante.com/recovery/invoice.lvp#refund Page is working fine<br/>
</div>
</td>
<td></td>
<td>4</td>
<td>lavante.recovery.testsuites.SanityTestSuite@3f49dace</td></tr>
<tr>
<td title='lavante.recovery.testsuites.SanityTestSuite.verifyCreditrejectionPage()'><b>verifyCreditrejectionPage</b><br>Test class: lavante.recovery.testsuites.SanityTestSuite<br/>
<a href="#Output-1722570594" onClick='toggleBox("Output-1722570594", this, "Show output", "Hide output");'>Show output</a>

<a href="#Output-1722570594" onClick="toggleAllBoxes();">Show all outputs</a>
<div class='log' id="Output-1722570594">
Pass: 'othersCreditRejectionLink' is clicked<br/>
Pass: 'othersCreditRejectionTable' is displayed<br/>
Pass: 'addNewBtn' is displayed<br/>
</div>
</td>
<td></td>
<td>6</td>
<td>lavante.recovery.testsuites.SanityTestSuite@3f49dace</td></tr>
<tr>
<td title='lavante.recovery.testsuites.SanityTestSuite.verifyCreditsAssignmentsPage()'><b>verifyCreditsAssignmentsPage</b><br>Test class: lavante.recovery.testsuites.SanityTestSuite<br/>
<a href="#Output-87060781" onClick='toggleBox("Output-87060781", this, "Show output", "Hide output");'>Show output</a>

<a href="#Output-87060781" onClick="toggleAllBoxes();">Show all outputs</a>
<div class='log' id="Output-87060781">
Pass: 'creditsLink' is clicked<br/>
Pass: https://recoveryqa39.lavante.com/recovery/holdAssignments.lvp Page is working fine<br/>
Pass: 'creditsTable' is displayed<br/>
Pass: 'searchBtn' is displayed<br/>
</div>
</td>
<td></td>
<td>17</td>
<td>lavante.recovery.testsuites.SanityTestSuite@3f49dace</td></tr>
<tr>
<td title='lavante.recovery.testsuites.SanityTestSuite.verifyDashBoardLink()'><b>verifyDashBoardLink</b><br>Test class: lavante.recovery.testsuites.SanityTestSuite<br/>
<a href="#Output-14183023" onClick='toggleBox("Output-14183023", this, "Show output", "Hide output");'>Show output</a>

<a href="#Output-14183023" onClick="toggleAllBoxes();">Show all outputs</a>
<div class='log' id="Output-14183023">
Pass: 'dashBoardLink' is displayed<br/>
</div>
</td>
<td></td>
<td>215</td>
<td>lavante.recovery.testsuites.SanityTestSuite@3f49dace</td></tr>
<tr>
<td title='lavante.recovery.testsuites.SanityTestSuite.verifyFaxJobsPage()'><b>verifyFaxJobsPage</b><br>Test class: lavante.recovery.testsuites.SanityTestSuite<br/>
<a href="#Output-1388563249" onClick='toggleBox("Output-1388563249", this, "Show output", "Hide output");'>Show output</a>

<a href="#Output-1388563249" onClick="toggleAllBoxes();">Show all outputs</a>
<div class='log' id="Output-1388563249">
Pass: 'configurationJobsLink' is clicked<br/>
Pass: https://recoveryqa39.lavante.com/recovery/manageCurrency.lvp Page is working fine<br/>
Pass: 'faxJobsTable' is displayed<br/>
</div>
</td>
<td></td>
<td>101</td>
<td>lavante.recovery.testsuites.SanityTestSuite@3f49dace</td></tr>
<tr>
<td title='lavante.recovery.testsuites.SanityTestSuite.verifyFinContractDetailsPage()'><b>verifyFinContractDetailsPage</b><br>Test class: lavante.recovery.testsuites.SanityTestSuite<br/>
<a href="#Output-1631119258" onClick='toggleBox("Output-1631119258", this, "Show output", "Hide output");'>Show output</a>

<a href="#Output-1631119258" onClick="toggleAllBoxes();">Show all outputs</a>
<div class='log' id="Output-1631119258">
Pass: 'finContractDetailsLink' is clicked<br/>
Pass: https://recoveryqa39.lavante.com/recovery/financeConfiguration.lvp Page is working fine<br/>
Pass: 'finContractDetailsTable' is displayed<br/>
</div>
</td>
<td></td>
<td>7</td>
<td>lavante.recovery.testsuites.SanityTestSuite@3f49dace</td></tr>
<tr>
<td title='lavante.recovery.testsuites.SanityTestSuite.verifyFinInvoicesPage()'><b>verifyFinInvoicesPage</b><br>Test class: lavante.recovery.testsuites.SanityTestSuite<br/>
<a href="#Output-75470648" onClick='toggleBox("Output-75470648", this, "Show output", "Hide output");'>Show output</a>

<a href="#Output-75470648" onClick="toggleAllBoxes();">Show all outputs</a>
<div class='log' id="Output-75470648">
Pass: 'finInvoicesTable' is displayed<br/>
</div>
</td>
<td></td>
<td>0</td>
<td>lavante.recovery.testsuites.SanityTestSuite@3f49dace</td></tr>
<tr>
<td title='lavante.recovery.testsuites.SanityTestSuite.verifyFinancePage()'><b>verifyFinancePage</b><br>Test class: lavante.recovery.testsuites.SanityTestSuite<br/>
<a href="#Output-534666530" onClick='toggleBox("Output-534666530", this, "Show output", "Hide output");'>Show output</a>

<a href="#Output-534666530" onClick="toggleAllBoxes();">Show all outputs</a>
<div class='log' id="Output-534666530">
Pass: 'financeLink' is clicked<br/>
Pass: https://recoveryqa39.lavante.com/recovery/batchInvoiceNotification.lvp Page is working fine<br/>
</div>
</td>
<td></td>
<td>3</td>
<td>lavante.recovery.testsuites.SanityTestSuite@3f49dace</td></tr>
<tr>
<td title='lavante.recovery.testsuites.SanityTestSuite.verifyHoldsAssignmentsPage()'><b>verifyHoldsAssignmentsPage</b><br>Test class: lavante.recovery.testsuites.SanityTestSuite<br/>
<a href="#Output-1668910247" onClick='toggleBox("Output-1668910247", this, "Show output", "Hide output");'>Show output</a>

<a href="#Output-1668910247" onClick="toggleAllBoxes();">Show all outputs</a>
<div class='log' id="Output-1668910247">
Pass: 'holdsLink' is clicked<br/>
Pass: https://recoveryqa39.lavante.com/recovery/auditStastics.lvp Page is working fine<br/>
Pass: 'holdsTable' is displayed<br/>
Pass: 'searchBtn' is displayed<br/>
</div>
</td>
<td></td>
<td>17</td>
<td>lavante.recovery.testsuites.SanityTestSuite@3f49dace</td></tr>
<tr>
<td title='lavante.recovery.testsuites.SanityTestSuite.verifyInvoicesPage()'><b>verifyInvoicesPage</b><br>Test class: lavante.recovery.testsuites.SanityTestSuite<br/>
<a href="#Output-166454155" onClick='toggleBox("Output-166454155", this, "Show output", "Hide output");'>Show output</a>

<a href="#Output-166454155" onClick="toggleAllBoxes();">Show all outputs</a>
<div class='log' id="Output-166454155">
Pass: 'invoicesLink' is clicked<br/>
Pass: 'invoiceSummaryTable' is displayed<br/>
Pass: 'invoiceSummaryDetailsTable' is displayed<br/>
Pass: 'invoicesCreditLink' is clicked<br/>
Pass: 'invoicesCreditTable' is displayed<br/>
Pass: 'invoicesVoidLink' is clicked<br/>
Pass: https://recoveryqa39.lavante.com/recovery/invoice.lvp#void Page is working fine<br/>
Pass: 'invoicesRefundLink' is clicked<br/>
Pass: https://recoveryqa39.lavante.com/recovery/invoice.lvp#refund Page is working fine<br/>
</div>
</td>
<td></td>
<td>24</td>
<td>lavante.recovery.testsuites.SanityTestSuite@3f49dace</td></tr>
<tr>
<td title='lavante.recovery.testsuites.SanityTestSuite.verifyMailerRegistryPage()'><b>verifyMailerRegistryPage</b><br>Test class: lavante.recovery.testsuites.SanityTestSuite<br/>
<a href="#Output-1916904573" onClick='toggleBox("Output-1916904573", this, "Show output", "Hide output");'>Show output</a>

<a href="#Output-1916904573" onClick="toggleAllBoxes();">Show all outputs</a>
<div class='log' id="Output-1916904573">
Pass: 'mailerRegistryLink' is clicked<br/>
Pass: https://recoveryqa39.lavante.com/recovery/phoneExtension.lvp Page is working fine<br/>
Pass: 'mailerRegistryTable' is displayed<br/>
Pass: 'addNewBtn' is displayed<br/>
</div>
</td>
<td></td>
<td>7</td>
<td>lavante.recovery.testsuites.SanityTestSuite@3f49dace</td></tr>
<tr>
<td title='lavante.recovery.testsuites.SanityTestSuite.verifyOthersFaxCommentsPage()'><b>verifyOthersFaxCommentsPage</b><br>Test class: lavante.recovery.testsuites.SanityTestSuite<br/>
<a href="#Output-229995302" onClick='toggleBox("Output-229995302", this, "Show output", "Hide output");'>Show output</a>

<a href="#Output-229995302" onClick="toggleAllBoxes();">Show all outputs</a>
<div class='log' id="Output-229995302">
Pass: 'othersFaxCommentsLink' is clicked<br/>
Pass: https://recoveryqa39.lavante.com/recovery/otherConfiguration.lvp Page is working fine<br/>
Pass: 'othersFaxCommentsTable' is displayed<br/>
Pass: 'addNewBtn' is displayed<br/>
</div>
</td>
<td></td>
<td>5</td>
<td>lavante.recovery.testsuites.SanityTestSuite@3f49dace</td></tr>
<tr>
<td title='lavante.recovery.testsuites.SanityTestSuite.verifyOthersPage()'><b>verifyOthersPage</b><br>Test class: lavante.recovery.testsuites.SanityTestSuite<br/>
<a href="#Output-5395829" onClick='toggleBox("Output-5395829", this, "Show output", "Hide output");'>Show output</a>

<a href="#Output-5395829" onClick="toggleAllBoxes();">Show all outputs</a>
<div class='log' id="Output-5395829">
Pass: 'othersLink' is clicked<br/>
Pass: https://recoveryqa39.lavante.com/recovery/uploadConfiguration.lvp#credit_files Page is working fine<br/>
</div>
</td>
<td></td>
<td>3</td>
<td>lavante.recovery.testsuites.SanityTestSuite@3f49dace</td></tr>
<tr>
<td title='lavante.recovery.testsuites.SanityTestSuite.verifyPhoneExtensionPage()'><b>verifyPhoneExtensionPage</b><br>Test class: lavante.recovery.testsuites.SanityTestSuite<br/>
<a href="#Output-948115224" onClick='toggleBox("Output-948115224", this, "Show output", "Hide output");'>Show output</a>

<a href="#Output-948115224" onClick="toggleAllBoxes();">Show all outputs</a>
<div class='log' id="Output-948115224">
Pass: 'othersPhoneExtensionLink' is clicked<br/>
Pass: https://recoveryqa39.lavante.com/recovery/creditRejectionReason.lvp Page is working fine<br/>
Pass: 'othersPhoneExtensionTable' is displayed<br/>
Pass: 'addNewBtn' is displayed<br/>
</div>
</td>
<td></td>
<td>7</td>
<td>lavante.recovery.testsuites.SanityTestSuite@3f49dace</td></tr>
<tr>
<td title='lavante.recovery.testsuites.SanityTestSuite.verifyPossibleDupesPage()'><b>verifyPossibleDupesPage</b><br>Test class: lavante.recovery.testsuites.SanityTestSuite<br/>
<a href="#Output-565839681" onClick='toggleBox("Output-565839681", this, "Show output", "Hide output");'>Show output</a>

<a href="#Output-565839681" onClick="toggleAllBoxes();">Show all outputs</a>
<div class='log' id="Output-565839681">
Pass: 'possibleDupesLink' is clicked<br/>
Pass: https://recoveryqa39.lavante.com/recovery/invoicingPage.lvp Page is working fine<br/>
Info: Switched successfully to frame :0<br/>
Pass: 'possDupSummaryTable' is displayed<br/>
Info: Switched successfully to frame :1<br/>
Pass: 'preBatchTable' is displayed<br/>
Info: Switched successfully to frame :2<br/>
Pass: 'postBatchTable' is displayed<br/>
Info: Switched successfully to frame :3<br/>
Pass: 'possDupDetailsTable' is displayed<br/>
</div>
</td>
<td></td>
<td>24</td>
<td>lavante.recovery.testsuites.SanityTestSuite@3f49dace</td></tr>
<tr>
<td title='lavante.recovery.testsuites.SanityTestSuite.verifySetupAuditPage()'><b>verifySetupAuditPage</b><br>Test class: lavante.recovery.testsuites.SanityTestSuite<br/>
<a href="#Output-693267461" onClick='toggleBox("Output-693267461", this, "Show output", "Hide output");'>Show output</a>

<a href="#Output-693267461" onClick="toggleAllBoxes();">Show all outputs</a>
<div class='log' id="Output-693267461">
Pass: 'addNewBtn' is displayed<br/>
</div>
</td>
<td></td>
<td>0</td>
<td>lavante.recovery.testsuites.SanityTestSuite@3f49dace</td></tr>
<tr>
<td title='lavante.recovery.testsuites.SanityTestSuite.verifySetupBUPage()'><b>verifySetupBUPage</b><br>Test class: lavante.recovery.testsuites.SanityTestSuite<br/>
<a href="#Output-1118840610" onClick='toggleBox("Output-1118840610", this, "Show output", "Hide output");'>Show output</a>

<a href="#Output-1118840610" onClick="toggleAllBoxes();">Show all outputs</a>
<div class='log' id="Output-1118840610">
Pass: 'businessUnitLink' is clicked<br/>
Pass: https://recoveryqa39.lavante.com/recovery/clientConfiguration.lvp Page is working fine<br/>
Pass: 'businessUnitTable' is displayed<br/>
</div>
</td>
<td></td>
<td>5</td>
<td>lavante.recovery.testsuites.SanityTestSuite@3f49dace</td></tr>
<tr>
<td title='lavante.recovery.testsuites.SanityTestSuite.verifySetupClientPage()'><b>verifySetupClientPage</b><br>Test class: lavante.recovery.testsuites.SanityTestSuite<br/>
<a href="#Output-93054696" onClick='toggleBox("Output-93054696", this, "Show output", "Hide output");'>Show output</a>

<a href="#Output-93054696" onClick="toggleAllBoxes();">Show all outputs</a>
<div class='log' id="Output-93054696">
Pass: 'clientLink' is clicked<br/>
Pass: https://recoveryqa39.lavante.com/recovery/configurationSetup.lvp Page is working fine<br/>
Pass: 'clientTable' is displayed<br/>
</div>
</td>
<td></td>
<td>7</td>
<td>lavante.recovery.testsuites.SanityTestSuite@3f49dace</td></tr>
<tr>
<td title='lavante.recovery.testsuites.SanityTestSuite.verifySetupManageCurrencyPage()'><b>verifySetupManageCurrencyPage</b><br>Test class: lavante.recovery.testsuites.SanityTestSuite<br/>
<a href="#Output-1477637771" onClick='toggleBox("Output-1477637771", this, "Show output", "Hide output");'>Show output</a>

<a href="#Output-1477637771" onClick="toggleAllBoxes();">Show all outputs</a>
<div class='log' id="Output-1477637771">
Pass: 'manCurrencyLink' is clicked<br/>
Pass: https://recoveryqa39.lavante.com/recovery/requestLetters.lvp Page is working fine<br/>
Pass: 'manageCurrencyTable' is displayed<br/>
</div>
</td>
<td></td>
<td>7</td>
<td>lavante.recovery.testsuites.SanityTestSuite@3f49dace</td></tr>
<tr>
<td title='lavante.recovery.testsuites.SanityTestSuite.verifySetupPage()'><b>verifySetupPage</b><br>Test class: lavante.recovery.testsuites.SanityTestSuite<br/>
<a href="#Output-2131597042" onClick='toggleBox("Output-2131597042", this, "Show output", "Hide output");'>Show output</a>

<a href="#Output-2131597042" onClick="toggleAllBoxes();">Show all outputs</a>
<div class='log' id="Output-2131597042">
Pass: 'setUpLink' is clicked<br/>
Pass: https://recoveryqa39.lavante.com/recovery/configurationSetup.lvp Page is working fine<br/>
</div>
</td>
<td></td>
<td>4</td>
<td>lavante.recovery.testsuites.SanityTestSuite@3f49dace</td></tr>
<tr>
<td title='lavante.recovery.testsuites.SanityTestSuite.verifySetupPreferencesPage()'><b>verifySetupPreferencesPage</b><br>Test class: lavante.recovery.testsuites.SanityTestSuite<br/>
<a href="#Output-2048013503" onClick='toggleBox("Output-2048013503", this, "Show output", "Hide output");'>Show output</a>

<a href="#Output-2048013503" onClick="toggleAllBoxes();">Show all outputs</a>
<div class='log' id="Output-2048013503">
Pass: 'preferencesLink' is clicked<br/>
Pass: https://recoveryqa39.lavante.com/recovery/businessUnit.lvp Page is working fine<br/>
Pass: 'preferencesTable' is displayed<br/>
</div>
</td>
<td></td>
<td>7</td>
<td>lavante.recovery.testsuites.SanityTestSuite@3f49dace</td></tr>
<tr>
<td title='lavante.recovery.testsuites.SanityTestSuite.verifySetupReqLetterPage()'><b>verifySetupReqLetterPage</b><br>Test class: lavante.recovery.testsuites.SanityTestSuite<br/>
<a href="#Output-966966167" onClick='toggleBox("Output-966966167", this, "Show output", "Hide output");'>Show output</a>

<a href="#Output-966966167" onClick="toggleAllBoxes();">Show all outputs</a>
<div class='log' id="Output-966966167">
Pass: 'reqLetterLink' is clicked<br/>
Pass: https://recoveryqa39.lavante.com/recovery/automationConfiguration.lvp Page is working fine<br/>
Pass: 'reqLetterTable' is displayed<br/>
</div>
</td>
<td></td>
<td>7</td>
<td>lavante.recovery.testsuites.SanityTestSuite@3f49dace</td></tr>
<tr>
<td title='lavante.recovery.testsuites.SanityTestSuite.verifyStatementsAssignmentsPage()'><b>verifyStatementsAssignmentsPage</b><br>Test class: lavante.recovery.testsuites.SanityTestSuite<br/>
<a href="#Output-23880693" onClick='toggleBox("Output-23880693", this, "Show output", "Hide output");'>Show output</a>

<a href="#Output-23880693" onClick="toggleAllBoxes();">Show all outputs</a>
<div class='log' id="Output-23880693">
Pass: 'statementsLink' is clicked<br/>
Pass: https://recoveryqa39.lavante.com/recovery/creditAssignments.lvp Page is working fine<br/>
Pass: 'statementsTable' is displayed<br/>
Pass: 'searchBtn' is displayed<br/>
</div>
</td>
<td></td>
<td>41</td>
<td>lavante.recovery.testsuites.SanityTestSuite@3f49dace</td></tr>
<tr>
<td title='lavante.recovery.testsuites.SanityTestSuite.verifySummaryPage()'><b>verifySummaryPage</b><br>Test class: lavante.recovery.testsuites.SanityTestSuite<br/>
<a href="#Output-2052435819" onClick='toggleBox("Output-2052435819", this, "Show output", "Hide output");'>Show output</a>

<a href="#Output-2052435819" onClick="toggleAllBoxes();">Show all outputs</a>
<div class='log' id="Output-2052435819">
Pass: 'summaryLink' is clicked<br/>
Pass: https://recoveryqa39.lavante.com/recovery/creditMatch.lvp Page is working fine<br/>
Pass: 'currMonthTable' is displayed<br/>
Pass: 'custSummaryTable' is displayed<br/>
Pass: 'OutReachgrph' is displayed<br/>
Pass: 'statementProcessedgrph' is displayed<br/>
Pass: 'openClaimsBySpendGrph' is displayed<br/>
Pass: 'openClaimsByCountGrph' is displayed<br/>
Pass: 'subClaimsBySpendGrph' is displayed<br/>
Pass: 'subClaimsByCountGrph' is displayed<br/>
Pass: 'totalCreditsgrph' is displayed<br/>
</div>
</td>
<td></td>
<td>10</td>
<td>lavante.recovery.testsuites.SanityTestSuite@3f49dace</td></tr>
<tr>
<td title='lavante.recovery.testsuites.SanityTestSuite.verifyUploadsPage()'><b>verifyUploadsPage</b><br>Test class: lavante.recovery.testsuites.SanityTestSuite<br/>
<a href="#Output-1866229258" onClick='toggleBox("Output-1866229258", this, "Show output", "Hide output");'>Show output</a>

<a href="#Output-1866229258" onClick="toggleAllBoxes();">Show all outputs</a>
<div class='log' id="Output-1866229258">
Pass: 'uploadsLink' is clicked<br/>
Pass: https://recoveryqa39.lavante.com/recovery/contractDetails.lvp Page is working fine<br/>
Pass: 'uploadFilesTable' is displayed<br/>
Pass: 'templatesTable' is displayed<br/>
Pass: 'uploadSuppFilesLink' is clicked<br/>
Info: Switched successfully to frame :0<br/>
Pass: 'uploadSuppFilesTable' is displayed<br/>
Pass: 'uploadReqLetterLink' is clicked<br/>
Info: Switched successfully to frame :1<br/>
Pass: 'uploadReqLetterTable' is displayed<br/>
Pass: 'uploadCreditFileLink' is clicked<br/>
Info: Switched successfully to frame :2<br/>
Pass: 'creditFilesTable' is displayed<br/>
</div>
</td>
<td></td>
<td>14</td>
<td>lavante.recovery.testsuites.SanityTestSuite@3f49dace</td></tr>
<tr>
<td title='lavante.recovery.testsuites.SanityTestSuite.verifyauditInboundPage()'><b>verifyauditInboundPage</b><br>Test class: lavante.recovery.testsuites.SanityTestSuite<br/>
<a href="#Output-443721024" onClick='toggleBox("Output-443721024", this, "Show output", "Hide output");'>Show output</a>

<a href="#Output-443721024" onClick="toggleAllBoxes();">Show all outputs</a>
<div class='log' id="Output-443721024">
Pass: 'inboundLink' is clicked<br/>
Pass: https://recoveryqa39.lavante.com/recovery/outbound.lvp Page is working fine<br/>
Pass: 'inboundLink' is displayed<br/>
Pass: 'inboundDocumentStatistics' is displayed<br/>
Pass: 'inboundDocumentSummary' is displayed<br/>
Pass: 'recognizedfax' is clicked<br/>
Pass: https://recoveryqa39.lavante.com/recovery/inbound.lvp#recognized Page is working fine<br/>
Pass: 'statements' is clicked<br/>
Pass: https://recoveryqa39.lavante.com/recovery/inbound.lvp#recognized Page is working fine<br/>
Pass: 'verifications' is clicked<br/>
Pass: https://recoveryqa39.lavante.com/recovery/inbound.lvp#recognized Page is working fine<br/>
Pass: 'statements' is displayed<br/>
Pass: 'verificationsTable' is displayed<br/>
Pass: 'checks' is clicked<br/>
Pass: https://recoveryqa39.lavante.com/recovery/inbound.lvp#recognized Page is working fine<br/>
Pass: 'checksTable' is displayed<br/>
Pass: 'correspondence' is clicked<br/>
Pass: 'correspondenceTable' is displayed<br/>
Pass: 'duplicate' is clicked<br/>
Pass: https://recoveryqa39.lavante.com/recovery/inbound.lvp#recognized Page is working fine<br/>
Pass: 'duplicateTable' is displayed<br/>
Pass: 'profiles' is clicked<br/>
Pass: https://recoveryqa39.lavante.com/recovery/inbound.lvp#recognized Page is working fine<br/>
Pass: 'profilesTable' is displayed<br/>
Pass: 'unrecognizedfax' is clicked<br/>
Pass: https://recoveryqa39.lavante.com/recovery/inbound.lvp#unrecognized Page is working fine<br/>
Pass: 'statements' is clicked<br/>
Pass: https://recoveryqa39.lavante.com/recovery/inbound.lvp#unrecognized Page is working fine<br/>
Pass: 'verifications' is clicked<br/>
Pass: https://recoveryqa39.lavante.com/recovery/inbound.lvp#unrecognized Page is working fine<br/>
Pass: 'statements' is displayed<br/>
Pass: 'verificationsTable' is displayed<br/>
Pass: 'checks' is clicked<br/>
Pass: https://recoveryqa39.lavante.com/recovery/inbound.lvp#unrecognized Page is working fine<br/>
Pass: 'checksTable' is displayed<br/>
Pass: 'correspondence' is clicked<br/>
Pass: 'correspondenceTable' is displayed<br/>
Pass: 'duplicate' is clicked<br/>
Pass: https://recoveryqa39.lavante.com/recovery/inbound.lvp#unrecognized Page is working fine<br/>
Pass: 'duplicateTable' is displayed<br/>
Pass: 'profiles' is clicked<br/>
Pass: https://recoveryqa39.lavante.com/recovery/inbound.lvp#unrecognized Page is working fine<br/>
Pass: 'profilesTable' is displayed<br/>
Pass: 'dna' is clicked<br/>
Pass: https://recoveryqa39.lavante.com/recovery/inbound.lvp#DNA Page is working fine<br/>
Pass: 'statements' is clicked<br/>
Pass: https://recoveryqa39.lavante.com/recovery/inbound.lvp#DNA Page is working fine<br/>
Pass: 'verifications' is clicked<br/>
Pass: https://recoveryqa39.lavante.com/recovery/inbound.lvp#DNA Page is working fine<br/>
Pass: 'statements' is displayed<br/>
Pass: 'verificationsTable' is displayed<br/>
Pass: 'checks' is clicked<br/>
Pass: https://recoveryqa39.lavante.com/recovery/inbound.lvp#DNA Page is working fine<br/>
Pass: 'checksTable' is displayed<br/>
Pass: 'correspondence' is clicked<br/>
Pass: 'correspondenceTable' is displayed<br/>
Pass: 'duplicate' is clicked<br/>
Pass: https://recoveryqa39.lavante.com/recovery/inbound.lvp#DNA Page is working fine<br/>
Pass: 'duplicateTable' is displayed<br/>
Pass: 'profiles' is clicked<br/>
Pass: https://recoveryqa39.lavante.com/recovery/inbound.lvp#DNA Page is working fine<br/>
Pass: 'profilesTable' is displayed<br/>
</div>
</td>
<td></td>
<td>58</td>
<td>lavante.recovery.testsuites.SanityTestSuite@3f49dace</td></tr>
<tr>
<td title='lavante.recovery.testsuites.SanityTestSuite.verifyauditOutboundPage()'><b>verifyauditOutboundPage</b><br>Test class: lavante.recovery.testsuites.SanityTestSuite<br/>
<a href="#Output-1550228904" onClick='toggleBox("Output-1550228904", this, "Show output", "Hide output");'>Show output</a>

<a href="#Output-1550228904" onClick="toggleAllBoxes();">Show all outputs</a>
<div class='log' id="Output-1550228904">
Pass: 'currentMonCredits' is displayed<br/>
Pass: 'auditContactDetails' is displayed<br/>
Pass: 'furureCreditsGrph' is displayed<br/>
Pass: 'claimHistoryGrph' is clicked<br/>
Pass: https://recoveryqa39.lavante.com/recovery/outbound.lvp Page is working fine<br/>
Pass: 'claimHistoryGrph' is displayed<br/>
Pass: 'supplierStatus' is displayed<br/>
Pass: 'pendingCorrespondence' is displayed<br/>
</div>
</td>
<td></td>
<td>8</td>
<td>lavante.recovery.testsuites.SanityTestSuite@3f49dace</td></tr>
<tr>
<td title='lavante.recovery.testsuites.SanityTestSuite.verifyauditStatisticsAssignmentsPage()'><b>verifyauditStatisticsAssignmentsPage</b><br>Test class: lavante.recovery.testsuites.SanityTestSuite<br/>
<a href="#Output-1963075870" onClick='toggleBox("Output-1963075870", this, "Show output", "Hide output");'>Show output</a>

<a href="#Output-1963075870" onClick="toggleAllBoxes();">Show all outputs</a>
<div class='log' id="Output-1963075870">
Pass: 'auditStatsTable' is displayed<br/>
</div>
</td>
<td></td>
<td>15</td>
<td>lavante.recovery.testsuites.SanityTestSuite@3f49dace</td></tr>
<tr>
<td title='lavante.recovery.testsuites.SanityTestSuite.verifycontactEntryPage()'><b>verifycontactEntryPage</b><br>Test class: lavante.recovery.testsuites.SanityTestSuite<br/>
<a href="#Output-895766599" onClick='toggleBox("Output-895766599", this, "Show output", "Hide output");'>Show output</a>

<a href="#Output-895766599" onClick="toggleAllBoxes();">Show all outputs</a>
<div class='log' id="Output-895766599">
Pass: 'contactEntry' is clicked<br/>
Pass: https://recoveryqa39.lavante.com/recovery/inbound.lvp#DNA Page is working fine<br/>
Pass: 'docQueueTable' is displayed<br/>
Pass: 'supDetailsTable' is displayed<br/>
Pass: 'docDetails' is displayed<br/>
</div>
</td>
<td></td>
<td>6</td>
<td>lavante.recovery.testsuites.SanityTestSuite@3f49dace</td></tr>
</table><p>
</body>
</html>