-------------------------------------------------------------------------------
Test set: TestSuite
-------------------------------------------------------------------------------
Tests run: 63, Failures: 3, Errors: 0, Skipped: 60, Time elapsed: 66.653 sec <<< FAILURE! - in TestSuite
preCondition(lavante.recovery.testsuites.SanityTestSuite)  Time elapsed: 29.522 sec  <<< FAILURE!
java.lang.AssertionError: Fail: Application is not Launched.no such element
  (Session info: chrome=51.0.2704.79)
  (Driver info: chromedriver=2.9.248315,platform=Windows NT 6.3 x86_64) (WARNING: The server did not provide any stacktrace information)
Command duration or timeout: 260 milliseconds
For documentation on this error, please visit: http://seleniumhq.org/exceptions/no_such_element.html
Build info: version: '2.52.0', revision: '4c2593c', time: '2016-02-11 19:06:42'
System info: host: 'WSR12LAVAQA01', ip: '192.168.21.81', os.name: 'Windows Server 2012 R2', os.arch: 'amd64', os.version: '6.3', java.version: '1.8.0_40'
Driver info: org.openqa.selenium.chrome.ChromeDriver
Capabilities [{applicationCacheEnabled=false, rotatable=false, chrome={userDataDir=C:\Users\LAVANT~1\AppData\Local\Temp\2\scoped_dir4760_28149}, takesHeapSnapshot=true, databaseEnabled=false, handlesAlerts=true, version=51.0.2704.79, platform=WIN8_1, browserConnectionEnabled=false, nativeEvents=true, acceptSslCerts=true, locationContextEnabled=true, webStorageEnabled=true, browserName=chrome, takesScreenshot=true, javascriptEnabled=true, cssSelectorsEnabled=true}]
Session ID: 960a552b039dafca7d8dee0bbd53ae00
*** Element info: {Using=name, value=overridelink}
Command duration or timeout: 2.24 seconds
For documentation on this error, please visit: http://seleniumhq.org/exceptions/no_such_element.html
Build info: version: '2.52.0', revision: '4c2593cfc3689a7fcd7be52549167e5ccc93ad28', time: '2016-02-11 11:22:43'
System info: host: 'WLW7-TALLURYS', ip: '192.168.21.55', os.name: 'Windows 7', os.arch: 'amd64', os.version: '6.1', java.version: '1.8.0_40'
Driver info: org.openqa.selenium.remote.RemoteWebDriver
Capabilities [{applicationCacheEnabled=false, rotatable=false, chrome={userDataDir=C:\Users\LAVANT~1\AppData\Local\Temp\2\scoped_dir4760_28149}, takesHeapSnapshot=true, databaseEnabled=false, handlesAlerts=true, version=51.0.2704.79, platform=WIN8_1, browserConnectionEnabled=false, nativeEvents=true, acceptSslCerts=true, webdriver.remote.sessionid=16ef2de9-ba81-4ca5-94ba-bae42cc44911, locationContextEnabled=true, webStorageEnabled=true, browserName=chrome, takesScreenshot=true, javascriptEnabled=true, cssSelectorsEnabled=true}]
Session ID: 16ef2de9-ba81-4ca5-94ba-bae42cc44911
*** Element info: {Using=name, value=overridelink}
	at org.testng.Assert.fail(Assert.java:94)
	at lavante.recovery.utilities.Report.fail(Report.java:20)
	at lavante.recovery.utilities.seleniumBaseClass.launchAppThroughPOM(seleniumBaseClass.java:128)
	at lavante.recovery.testsuites.SanityTestSuite.preCondition(SanityTestSuite.java:31)

preCondition(lavante.recovery.testsuites.SanityTestSuite)  Time elapsed: 6.552 sec  <<< FAILURE!
org.openqa.selenium.NoSuchElementException: Unable to find element with css selector == div[style*='block'] [title*='close'] (WARNING: The server did not provide any stacktrace information)
Command duration or timeout: 10.23 seconds
For documentation on this error, please visit: http://seleniumhq.org/exceptions/no_such_element.html
Build info: version: '2.52.0', revision: '4c2593c', time: '2016-02-11 19:06:42'
System info: host: 'WSR12LAVAQA02', ip: '192.168.21.80', os.name: 'Windows Server 2012 R2', os.arch: 'amd64', os.version: '6.3', java.version: '1.8.0_40'
Driver info: org.openqa.selenium.ie.InternetExplorerDriver
Capabilities [{browserAttachTimeout=0, enablePersistentHover=false, ie.forceCreateProcessApi=false, ie.usePerProcessProxy=false, ignoreZoomSetting=true, handlesAlerts=true, version=11, platform=WINDOWS, nativeEvents=false, ie.ensureCleanSession=false, elementScrollBehavior=0, ie.browserCommandLineSwitches=, requireWindowFocus=false, browserName=internet explorer, initialBrowserUrl=http://localhost:39070/, takesScreenshot=true, javascriptEnabled=true, ignoreProtectedModeSettings=true, enableElementCacheCleanup=true, cssSelectorsEnabled=true, unexpectedAlertBehaviour=dismiss}]
Session ID: ddaf21f4-fd0c-4fd0-975d-8256a985f217
*** Element info: {Using=css selector, value=div[style*='block'] [title*='close']}
Command duration or timeout: 10.42 seconds
For documentation on this error, please visit: http://seleniumhq.org/exceptions/no_such_element.html
Build info: version: '2.52.0', revision: '4c2593cfc3689a7fcd7be52549167e5ccc93ad28', time: '2016-02-11 11:22:43'
System info: host: 'WLW7-TALLURYS', ip: '192.168.21.55', os.name: 'Windows 7', os.arch: 'amd64', os.version: '6.1', java.version: '1.8.0_40'
Driver info: org.openqa.selenium.remote.RemoteWebDriver
Capabilities [{browserAttachTimeout=0, enablePersistentHover=false, ie.forceCreateProcessApi=false, ie.usePerProcessProxy=false, ignoreZoomSetting=true, handlesAlerts=true, version=11, platform=WINDOWS, nativeEvents=false, ie.ensureCleanSession=false, elementScrollBehavior=0, ie.browserCommandLineSwitches=, webdriver.remote.sessionid=a1a5f858-3142-4896-88e8-7c1a0f0bf556, requireWindowFocus=false, browserName=internet explorer, initialBrowserUrl=http://localhost:39070/, takesScreenshot=true, javascriptEnabled=true, ignoreProtectedModeSettings=true, enableElementCacheCleanup=true, cssSelectorsEnabled=true, unexpectedAlertBehaviour=dismiss}]
Session ID: a1a5f858-3142-4896-88e8-7c1a0f0bf556
*** Element info: {Using=css selector, value=div[style*='block'] [title*='close']}
	at org.openqa.selenium.remote.ErrorHandler.throwIfResponseFailed(ErrorHandler.java:138)
	at org.openqa.selenium.remote.RemoteWebDriver.execute(RemoteWebDriver.java:678)
	at org.openqa.selenium.remote.RemoteWebDriver.findElement(RemoteWebDriver.java:363)
	at org.openqa.selenium.remote.RemoteWebDriver.findElementByCssSelector(RemoteWebDriver.java:492)
	at org.openqa.selenium.By$ByCssSelector.findElement(By.java:430)
	at org.openqa.selenium.remote.RemoteWebDriver.findElement(RemoteWebDriver.java:355)
	at org.openqa.selenium.support.pagefactory.DefaultElementLocator.findElement(DefaultElementLocator.java:69)
	at org.openqa.selenium.support.pagefactory.internal.LocatingElementHandler.invoke(LocatingElementHandler.java:38)
	at com.sun.proxy.$Proxy6.isDisplayed(Unknown Source)
	at lavante.recovery.pageobjects.HomePage.verifyBrowserStartPopUp(HomePage.java:28)
	at lavante.recovery.testsuites.SanityTestSuite.preCondition(SanityTestSuite.java:46)
Caused by: org.openqa.selenium.NoSuchElementException: Unable to find element with css selector == div[style*='block'] [title*='close'] (WARNING: The server did not provide any stacktrace information)
Command duration or timeout: 10.23 seconds
For documentation on this error, please visit: http://seleniumhq.org/exceptions/no_such_element.html
Build info: version: '2.52.0', revision: '4c2593c', time: '2016-02-11 19:06:42'
System info: host: 'WSR12LAVAQA02', ip: '192.168.21.80', os.name: 'Windows Server 2012 R2', os.arch: 'amd64', os.version: '6.3', java.version: '1.8.0_40'
Driver info: org.openqa.selenium.ie.InternetExplorerDriver
Capabilities [{browserAttachTimeout=0, enablePersistentHover=false, ie.forceCreateProcessApi=false, ie.usePerProcessProxy=false, ignoreZoomSetting=true, handlesAlerts=true, version=11, platform=WINDOWS, nativeEvents=false, ie.ensureCleanSession=false, elementScrollBehavior=0, ie.browserCommandLineSwitches=, requireWindowFocus=false, browserName=internet explorer, initialBrowserUrl=http://localhost:39070/, takesScreenshot=true, javascriptEnabled=true, ignoreProtectedModeSettings=true, enableElementCacheCleanup=true, cssSelectorsEnabled=true, unexpectedAlertBehaviour=dismiss}]
Session ID: ddaf21f4-fd0c-4fd0-975d-8256a985f217
*** Element info: {Using=css selector, value=div[style*='block'] [title*='close']}
For documentation on this error, please visit: http://seleniumhq.org/exceptions/no_such_element.html
Build info: version: '2.52.0', revision: '4c2593cfc3689a7fcd7be52549167e5ccc93ad28', time: '2016-02-11 11:22:43'
System info: host: 'WLW7-TALLURYS', ip: '192.168.21.55', os.name: 'Windows 7', os.arch: 'amd64', os.version: '6.1', java.version: '1.8.0_40'
Driver info: driver.version: EventFiringWebDriver
	at sun.reflect.GeneratedConstructorAccessor19.newInstance(Unknown Source)
	at sun.reflect.DelegatingConstructorAccessorImpl.newInstance(Unknown Source)
	at java.lang.reflect.Constructor.newInstance(Unknown Source)
	at org.openqa.selenium.remote.ErrorHandler.createThrowable(ErrorHandler.java:206)
	at org.openqa.selenium.remote.ErrorHandler.throwIfResponseFailed(ErrorHandler.java:158)
	at org.openqa.selenium.remote.RemoteWebDriver.execute(RemoteWebDriver.java:678)
	at org.openqa.selenium.remote.RemoteWebDriver.findElement(RemoteWebDriver.java:363)
	at org.openqa.selenium.remote.RemoteWebDriver.findElementByCssSelector(RemoteWebDriver.java:492)
	at org.openqa.selenium.By$ByCssSelector.findElement(By.java:430)
	at org.openqa.selenium.remote.RemoteWebDriver.findElement(RemoteWebDriver.java:355)
	at sun.reflect.GeneratedMethodAccessor8.invoke(Unknown Source)
	at sun.reflect.DelegatingMethodAccessorImpl.invoke(Unknown Source)
	at java.lang.reflect.Method.invoke(Unknown Source)
	at org.openqa.selenium.support.events.EventFiringWebDriver$2.invoke(EventFiringWebDriver.java:103)
	at com.sun.proxy.$Proxy1.findElement(Unknown Source)
	at org.openqa.selenium.support.events.EventFiringWebDriver.findElement(EventFiringWebDriver.java:188)
	at org.openqa.selenium.remote.server.handler.FindElement.call(FindElement.java:48)
	at org.openqa.selenium.remote.server.handler.FindElement.call(FindElement.java:1)
	at java.util.concurrent.FutureTask.run(Unknown Source)
	at org.openqa.selenium.remote.server.DefaultSession$1.run(DefaultSession.java:176)
	at java.util.concurrent.ThreadPoolExecutor.runWorker(Unknown Source)
	at java.util.concurrent.ThreadPoolExecutor$Worker.run(Unknown Source)
	at java.lang.Thread.run(Unknown Source)

preCondition(lavante.recovery.testsuites.SanityTestSuite)  Time elapsed: 30.347 sec  <<< FAILURE!
java.lang.AssertionError: Fail: Application is not Launched.Unable to connect to host 127.0.0.1 on port 7055 after 45000 ms. Firefox console output:

Command duration or timeout: 65.44 seconds
Build info: version: '2.52.0', revision: '4c2593cfc3689a7fcd7be52549167e5ccc93ad28', time: '2016-02-11 11:22:43'
System info: host: 'WLW7-TALLURYS', ip: '192.168.21.55', os.name: 'Windows 7', os.arch: 'amd64', os.version: '6.1', java.version: '1.8.0_40'
Driver info: org.openqa.selenium.remote.RemoteWebDriver
	at org.testng.Assert.fail(Assert.java:94)
	at lavante.recovery.utilities.Report.fail(Report.java:20)
	at lavante.recovery.utilities.seleniumBaseClass.launchAppThroughPOM(seleniumBaseClass.java:128)
	at lavante.recovery.testsuites.SanityTestSuite.preCondition(SanityTestSuite.java:31)

